Sun, 24 Sep 2017 14:05:43 INFO Get char: 耀
Sun, 24 Sep 2017 14:05:43 INFO Get char: 老
Sun, 24 Sep 2017 14:05:44 INFO -- username: 正派的老小姐, id: 6064229019
Sun, 24 Sep 2017 14:05:44 INFO -- username: 正派的老小姐, id: 6064229019
Sun, 24 Sep 2017 14:05:44 INFO Get char: 考
Sun, 24 Sep 2017 14:05:45 INFO Get char: 耄
Sun, 24 Sep 2017 14:05:46 INFO Get char: 者
Sun, 24 Sep 2017 14:05:47 INFO -- username: 或者说你倩儿爷现在正在转运, id: 2691652767
Sun, 24 Sep 2017 14:05:47 INFO -- username: 或者说你倩儿爷现在正在转运, id: 2691652767
Sun, 24 Sep 2017 14:05:47 INFO Get char: 耆
Sun, 24 Sep 2017 14:05:48 INFO Get char: 耇
Sun, 24 Sep 2017 14:05:48 INFO Get char: 耋
Sun, 24 Sep 2017 14:05:49 INFO Get char: 而
Sun, 24 Sep 2017 14:05:50 INFO -- username: Samamtha因爱而爱, id: 2120944895
Sun, 24 Sep 2017 14:05:50 INFO -- username: Samamtha因爱而爱, id: 2120944895
Sun, 24 Sep 2017 14:05:50 INFO Get char: 耍
Sun, 24 Sep 2017 14:05:50 INFO Get char: 耏
Sun, 24 Sep 2017 14:05:51 INFO Get char: 耐
Sun, 24 Sep 2017 14:05:52 INFO Get char: 耑
Sun, 24 Sep 2017 14:05:52 INFO Get char: 耒
Sun, 24 Sep 2017 14:05:53 INFO Get char: 耔
Sun, 24 Sep 2017 14:05:53 INFO Get char: 耕
Sun, 24 Sep 2017 14:05:54 INFO -- username: 晴耕雨读2014, id: 6097095424
Sun, 24 Sep 2017 14:05:54 INFO -- username: 暮读晨耕, id: 1618385593
Sun, 24 Sep 2017 14:05:54 INFO -- username: 暮读晨耕, id: 1618385593
Sun, 24 Sep 2017 14:05:54 INFO Get char: 耖
Sun, 24 Sep 2017 14:05:55 INFO Get char: 耗
Sun, 24 Sep 2017 14:05:55 INFO Get char: 耘
Sun, 24 Sep 2017 14:05:56 INFO Get char: 耙
Sun, 24 Sep 2017 14:05:56 INFO Get char: 耜
Sun, 24 Sep 2017 14:05:57 INFO Get char: 耠
Sun, 24 Sep 2017 14:05:58 INFO Get char: 耢
Sun, 24 Sep 2017 14:05:59 INFO Get char: 耤
Sun, 24 Sep 2017 14:05:59 INFO Get char: 耥
Sun, 24 Sep 2017 14:06:00 INFO Get char: 耦
Sun, 24 Sep 2017 14:06:01 INFO Get char: 耧
Sun, 24 Sep 2017 14:06:01 INFO Get char: 耨
Sun, 24 Sep 2017 14:06:02 INFO Get char: 耩
Sun, 24 Sep 2017 14:06:03 INFO Get char: 耪
Sun, 24 Sep 2017 14:06:03 INFO Get char: 耰
Sun, 24 Sep 2017 14:06:04 INFO Get char: 耱
Sun, 24 Sep 2017 14:06:04 INFO Get char: 耳
Sun, 24 Sep 2017 14:06:06 INFO -- username: 火耳开, id: 3306027837
Sun, 24 Sep 2017 14:06:06 INFO -- username: 火耳开, id: 3306027837
Sun, 24 Sep 2017 14:06:06 INFO Get char: 耵
Sun, 24 Sep 2017 14:06:07 INFO Get char: 耶
Sun, 24 Sep 2017 14:06:08 INFO Get char: 耷
Sun, 24 Sep 2017 14:06:09 INFO Get char: 耸
Sun, 24 Sep 2017 14:06:11 INFO Get char: 耻
Sun, 24 Sep 2017 14:06:11 INFO Get char: 耽
Sun, 24 Sep 2017 14:06:12 INFO Get char: 耿
Sun, 24 Sep 2017 14:06:13 INFO -- username: 耿直的减肥少年现在是成年人, id: 2251735757
Sun, 24 Sep 2017 14:06:13 INFO -- username: 耿直的减肥少年现在是成年人, id: 2251735757
Sun, 24 Sep 2017 14:06:13 INFO Get char: 聂
Sun, 24 Sep 2017 14:06:14 INFO Get char: 聃
Sun, 24 Sep 2017 14:06:15 INFO Get char: 聆
Sun, 24 Sep 2017 14:06:16 INFO Get char: 聊
Sun, 24 Sep 2017 14:06:16 INFO Get char: 聋
Sun, 24 Sep 2017 14:06:17 INFO Get char: 职
Sun, 24 Sep 2017 14:06:17 INFO Get char: 聍
Sun, 24 Sep 2017 14:06:18 INFO Get char: 聒
Sun, 24 Sep 2017 14:06:19 INFO Get char: 联
Sun, 24 Sep 2017 14:06:20 INFO -- username: 德州扑克联盟, id: 5634446530
Sun, 24 Sep 2017 14:06:20 INFO -- username: 胖猪猪鸡排联盟, id: 5652450379
Sun, 24 Sep 2017 14:06:20 INFO -- username: 就不愿意透露姓名的曼联名宿, id: 3090633737
Sun, 24 Sep 2017 14:06:20 INFO -- username: 就不愿意透露姓名的曼联名宿, id: 3090633737
Sun, 24 Sep 2017 14:06:20 INFO Get char: 聘
Sun, 24 Sep 2017 14:06:20 INFO Get char: 聚
Sun, 24 Sep 2017 14:06:21 INFO Get char: 聩
Sun, 24 Sep 2017 14:06:21 INFO Get char: 聪
Sun, 24 Sep 2017 14:06:22 INFO Get char: 聱
Sun, 24 Sep 2017 14:06:22 INFO Get char: 聿
Sun, 24 Sep 2017 14:06:22 INFO Get char: 肃
Sun, 24 Sep 2017 14:06:23 INFO Get char: 肄
Sun, 24 Sep 2017 14:06:23 INFO Get char: 肆
Sun, 24 Sep 2017 14:06:24 INFO -- username: 肆玖城西, id: 3850624361
Sun, 24 Sep 2017 14:06:24 INFO -- username: 肆玖城西, id: 3850624361
Sun, 24 Sep 2017 14:06:24 INFO Get char: 肇
Sun, 24 Sep 2017 14:06:25 INFO Get char: 肉
Sun, 24 Sep 2017 14:06:26 INFO -- username: 一盘泓烧肉, id: 1623036787
Sun, 24 Sep 2017 14:06:26 INFO -- username: 妮妮是个肉肉, id: 1811091640
Sun, 24 Sep 2017 14:06:26 INFO -- username: 大大酱牛肉面, id: 6337509979
Sun, 24 Sep 2017 14:06:26 INFO -- username: 我是杨小肉yst, id: 6091302441
Sun, 24 Sep 2017 14:06:26 INFO -- username: 小二来一块上好的五花肉, id: 6284225803
Sun, 24 Sep 2017 14:06:26 INFO -- username: 小二来一块上好的五花肉, id: 6284225803
Sun, 24 Sep 2017 14:06:26 INFO Get char: 肋
Sun, 24 Sep 2017 14:06:27 INFO Get char: 肌
Sun, 24 Sep 2017 14:06:27 INFO Get char: 肓
Sun, 24 Sep 2017 14:06:28 INFO Get char: 肖
Sun, 24 Sep 2017 14:06:29 INFO -- username: 肖丽GD, id: 5872579309
Sun, 24 Sep 2017 14:06:29 INFO -- username: Super肖凤祥-, id: 5856256425
Sun, 24 Sep 2017 14:06:29 INFO -- username: Super肖凤祥-, id: 5856256425
Sun, 24 Sep 2017 14:06:29 INFO Get char: 肘
Sun, 24 Sep 2017 14:06:30 INFO Get char: 肚
Sun, 24 Sep 2017 14:06:30 INFO Get char: 肛
Sun, 24 Sep 2017 14:06:31 INFO Get char: 肝
Sun, 24 Sep 2017 14:06:31 INFO Get char: 肟
Sun, 24 Sep 2017 14:06:32 INFO Get char: 肠
Sun, 24 Sep 2017 14:06:32 INFO Get char: 股
Sun, 24 Sep 2017 14:06:34 INFO -- username: 大石爱屁股, id: 5522031785
Sun, 24 Sep 2017 14:06:34 INFO -- username: 大石爱屁股, id: 5522031785
Sun, 24 Sep 2017 14:06:34 INFO Get char: 肢
Sun, 24 Sep 2017 14:06:34 INFO Get char: 肤
Sun, 24 Sep 2017 14:06:35 INFO -- username: AT嫣嫣护肤, id: 5617921039
Sun, 24 Sep 2017 14:06:35 INFO -- username: suny高端有机护肤馆, id: 2506483081
Sun, 24 Sep 2017 14:06:35 INFO -- username: suny高端有机护肤馆, id: 2506483081
Sun, 24 Sep 2017 14:06:35 INFO Get char: 肥
Sun, 24 Sep 2017 14:06:37 INFO -- username: 耿直的减肥少年现在是成年人, id: 2251735757
Sun, 24 Sep 2017 14:06:37 INFO -- username: 肥仔仔JL, id: 5591095681
Sun, 24 Sep 2017 14:06:37 INFO -- username: 重口味肥狒狒, id: 6140433165
Sun, 24 Sep 2017 14:06:37 INFO -- username: 开始减肥的小张, id: 3127631225
Sun, 24 Sep 2017 14:06:37 INFO -- username: 房勇连_肥兔, id: 2608658172
Sun, 24 Sep 2017 14:06:37 INFO -- username: 阿酱的减肥日记, id: 6032387365
Sun, 24 Sep 2017 14:06:37 INFO -- username: 耿直的减肥少年现在是成年人, id: 2251735757
Sun, 24 Sep 2017 14:06:37 INFO -- username: 耿直的减肥少年现在是成年人, id: 2251735757
Sun, 24 Sep 2017 14:06:37 INFO Get char: 肩
Sun, 24 Sep 2017 14:06:39 INFO -- username: 纵使短发及肩我还是我, id: 2562909447
Sun, 24 Sep 2017 14:06:39 INFO -- username: 纵使短发及肩我还是我, id: 2562909447
Sun, 24 Sep 2017 14:06:39 INFO Get char: 肪
Sun, 24 Sep 2017 14:06:40 INFO Get char: 肫
Sun, 24 Sep 2017 14:06:40 INFO Get char: 肭
Sun, 24 Sep 2017 14:06:40 INFO Get char: 肮
Sun, 24 Sep 2017 14:06:41 INFO Get char: 肯
Sun, 24 Sep 2017 14:06:42 INFO Get char: 肱
Sun, 24 Sep 2017 14:06:43 INFO Get char: 育
Sun, 24 Sep 2017 14:06:44 INFO -- username: 斑马教育-王永乐, id: 1561701355
Sun, 24 Sep 2017 14:06:44 INFO -- username: 斑马教育-王永乐, id: 1561701355
Sun, 24 Sep 2017 14:06:44 INFO Get char: 肴
Sun, 24 Sep 2017 14:06:45 INFO Get char: 肷
Sun, 24 Sep 2017 14:06:45 INFO Get char: 肸
Sun, 24 Sep 2017 14:06:46 INFO Get char: 肺
Sun, 24 Sep 2017 14:06:46 INFO Get char: 肼
Sun, 24 Sep 2017 14:06:47 INFO Get char: 肽
Sun, 24 Sep 2017 14:06:48 INFO Get char: 肾
Sun, 24 Sep 2017 14:06:49 INFO Get char: 肿
Sun, 24 Sep 2017 14:06:49 INFO Get char: 胀
Sun, 24 Sep 2017 14:06:50 INFO Get char: 胁
Sun, 24 Sep 2017 14:06:50 INFO Get char: 胂
Sun, 24 Sep 2017 14:06:51 INFO Get char: 胃
Sun, 24 Sep 2017 14:06:51 INFO Get char: 胄
Sun, 24 Sep 2017 14:06:52 INFO Get char: 胆
Sun, 24 Sep 2017 14:06:52 INFO Get char: 胈
Sun, 24 Sep 2017 14:06:53 INFO Get char: 背
Sun, 24 Sep 2017 14:06:54 INFO -- username: 喝醉了迩背我, id: 2117089995
Sun, 24 Sep 2017 14:06:54 INFO -- username: 喝醉了迩背我, id: 2117089995
Sun, 24 Sep 2017 14:06:54 INFO Get char: 胍
Sun, 24 Sep 2017 14:06:55 INFO Get char: 胎
Sun, 24 Sep 2017 14:06:55 INFO Get char: 胖
Sun, 24 Sep 2017 14:06:57 INFO -- username: 胖猪猪鸡排联盟, id: 5652450379
Sun, 24 Sep 2017 14:06:57 INFO -- username: 胖之前, id: 2199243733
Sun, 24 Sep 2017 14:06:57 INFO -- username: 胖嘟嘟的仙女, id: 5656275853
Sun, 24 Sep 2017 14:06:57 INFO -- username: 翟家小胖妞, id: 3059894255
Sun, 24 Sep 2017 14:06:57 INFO -- username: 妞妞家的胖熊, id: 5405397696
Sun, 24 Sep 2017 14:06:57 INFO -- username: 爱读书的小胖妞, id: 5833996915
Sun, 24 Sep 2017 14:06:57 INFO -- username: 爱读书的小胖妞, id: 5833996915
Sun, 24 Sep 2017 14:06:57 INFO Get char: 胗
Sun, 24 Sep 2017 14:06:57 INFO Get char: 胙
Sun, 24 Sep 2017 14:06:58 INFO Get char: 胚
Sun, 24 Sep 2017 14:06:59 INFO Get char: 胛
Sun, 24 Sep 2017 14:07:00 INFO Get char: 胜
Sun, 24 Sep 2017 14:07:00 INFO Get char: 胝
Sun, 24 Sep 2017 14:07:01 INFO Get char: 胞
Sun, 24 Sep 2017 14:07:02 INFO Get char: 胠
Sun, 24 Sep 2017 14:07:02 INFO Get char: 胡
Sun, 24 Sep 2017 14:07:03 INFO Get char: 胣
Sun, 24 Sep 2017 14:07:03 INFO Get char: 胤
Sun, 24 Sep 2017 14:07:04 INFO Get char: 胥
Sun, 24 Sep 2017 14:07:04 INFO Get char: 胧
Sun, 24 Sep 2017 14:07:05 INFO Get char: 胨
Sun, 24 Sep 2017 14:07:05 INFO Get char: 胩
Sun, 24 Sep 2017 14:07:06 INFO Get char: 胪
Sun, 24 Sep 2017 14:07:07 INFO Get char: 胫
Sun, 24 Sep 2017 14:07:08 INFO Get char: 胬
Sun, 24 Sep 2017 14:07:09 INFO Get char: 胭
Sun, 24 Sep 2017 14:07:09 INFO Get char: 胯
Sun, 24 Sep 2017 14:07:10 INFO Get char: 胰
Sun, 24 Sep 2017 14:07:11 INFO Get char: 胱
Sun, 24 Sep 2017 14:07:11 INFO Get char: 胲
Sun, 24 Sep 2017 14:07:12 INFO Get char: 胳
Sun, 24 Sep 2017 14:07:12 INFO Get char: 胴
Sun, 24 Sep 2017 14:07:13 INFO Get char: 胶
Sun, 24 Sep 2017 14:07:13 INFO Get char: 胸
Sun, 24 Sep 2017 14:07:15 INFO -- username: YOMILLY悦美励女神范胸器, id: 2315453222
Sun, 24 Sep 2017 14:07:15 INFO -- username: YOMILLY悦美励女神范胸器, id: 2315453222
Sun, 24 Sep 2017 14:07:15 INFO Get char: 胺
Sun, 24 Sep 2017 14:07:16 INFO Get char: 胼
Sun, 24 Sep 2017 14:07:16 INFO Get char: 能
Sun, 24 Sep 2017 14:07:17 INFO -- username: 若情能自控要心何用, id: 5404014312
Sun, 24 Sep 2017 14:07:17 INFO -- username: 穿鞋小能手, id: 1994356454
Sun, 24 Sep 2017 14:07:17 INFO -- username: 马大哈再不能哈哈哈, id: 2386278391
Sun, 24 Sep 2017 14:07:17 INFO -- username: 往事不堪回味--只能一路向前, id: 2014772044
Sun, 24 Sep 2017 14:07:17 INFO -- username: 往事不堪回味--只能一路向前, id: 2014772044
Sun, 24 Sep 2017 14:07:17 INFO Get char: 脂
Sun, 24 Sep 2017 14:07:18 INFO Get char: 脆
Sun, 24 Sep 2017 14:07:19 INFO -- username: 脆皮_花生, id: 2965857273
Sun, 24 Sep 2017 14:07:19 INFO -- username: 脆皮_花生, id: 2965857273
Sun, 24 Sep 2017 14:07:19 INFO Get char: 脉
Sun, 24 Sep 2017 14:07:20 INFO Get char: 脊
Sun, 24 Sep 2017 14:07:20 INFO Get char: 脍
Sun, 24 Sep 2017 14:07:21 INFO Get char: 脎
Sun, 24 Sep 2017 14:07:22 INFO Get char: 脏
