Mon, 25 Sep 2017 06:37:18 INFO Personal uid: 1750762053, name: 奇儿妈妈
Mon, 25 Sep 2017 06:37:18 INFO -- Personal pageId: 1005051750762053
Mon, 25 Sep 2017 06:37:18 INFO ---- Get Personal Info
Mon, 25 Sep 2017 06:37:19 INFO ---- Get Personal Fans
Mon, 25 Sep 2017 06:37:19 INFO ------ Personal Fans Page: 1
Mon, 25 Sep 2017 06:37:20 INFO ------ Personal Fans Page: 2
Mon, 25 Sep 2017 06:37:21 INFO ------ Personal Fans Page: 3
Mon, 25 Sep 2017 06:37:22 INFO ------ Personal Fans Page: 4
Mon, 25 Sep 2017 06:37:22 INFO ------ Personal Fans Page: 5
Mon, 25 Sep 2017 06:37:23 INFO ------ Personal Fans Page: 6
Mon, 25 Sep 2017 06:37:23 INFO ------ Personal Fans Page: 7
Mon, 25 Sep 2017 06:37:24 INFO ------ Personal Fans Page: 8
Mon, 25 Sep 2017 06:37:25 INFO ------ Personal Fans Page: 9
Mon, 25 Sep 2017 06:37:25 INFO ------ Personal Fans Page: 10
Mon, 25 Sep 2017 06:37:26 INFO ------ Personal Fans Page: 11
Mon, 25 Sep 2017 06:37:27 INFO ------ Personal Fans Page: 12
Mon, 25 Sep 2017 06:37:27 INFO ------ Personal Fans Page: 13
Mon, 25 Sep 2017 06:37:28 INFO ------ Personal Fans Page: 14
Mon, 25 Sep 2017 06:37:29 INFO ------ Personal Fans Page: 15
Mon, 25 Sep 2017 06:37:29 INFO ------ Personal Fans Page: 16
Mon, 25 Sep 2017 06:37:30 INFO ------ Personal Fans Page: 17
Mon, 25 Sep 2017 06:37:30 INFO ------ Personal Fans Page: 18
Mon, 25 Sep 2017 06:37:31 INFO ------ Personal Fans Page: 19
Mon, 25 Sep 2017 06:37:32 INFO ------ Personal Fans Page: 20
Mon, 25 Sep 2017 06:37:32 INFO ------ Personal Fans Page: 21
Mon, 25 Sep 2017 06:37:33 INFO ------ Personal Fans Page: 22
Mon, 25 Sep 2017 06:37:33 INFO ------ Personal Fans Page: 23
Mon, 25 Sep 2017 06:37:34 INFO ------ Personal Fans Page: 24
Mon, 25 Sep 2017 06:37:35 INFO ------ Personal Fans Page: 25
Mon, 25 Sep 2017 06:37:36 INFO ------ Personal Fans Page: 26
Mon, 25 Sep 2017 06:37:36 INFO ------ Personal Fans Page: 27
Mon, 25 Sep 2017 06:37:38 INFO ------ Personal Fans Page: 28
Mon, 25 Sep 2017 06:37:38 INFO ------ Personal Fans Page: 29
Mon, 25 Sep 2017 06:37:39 INFO ------ Personal Fans Page: 30
Mon, 25 Sep 2017 06:37:40 INFO ------ Personal Fans Page: 31
Mon, 25 Sep 2017 06:37:41 INFO ------ Personal Fans Page: 32
Mon, 25 Sep 2017 06:37:41 INFO ------ Personal Fans Page: 33
Mon, 25 Sep 2017 06:37:42 INFO ------ Personal Fans Page: 34
Mon, 25 Sep 2017 06:37:43 INFO ------ Personal Fans Page: 35
Mon, 25 Sep 2017 06:37:43 INFO ------ Personal Fans Page: 36
Mon, 25 Sep 2017 06:37:44 INFO ------ Personal Fans Page: 37
Mon, 25 Sep 2017 06:37:45 INFO ------ Personal Fans Page: 38
Mon, 25 Sep 2017 06:37:46 INFO ------ Personal Fans Page: 39
Mon, 25 Sep 2017 06:37:47 INFO ------ Personal Fans Page: 40
Mon, 25 Sep 2017 06:37:48 INFO ------ Personal Fans Page: 41
Mon, 25 Sep 2017 06:37:49 INFO ------ Personal Fans Page: 42
Mon, 25 Sep 2017 06:37:49 INFO ------ Personal Fans Page: 43
Mon, 25 Sep 2017 06:37:50 INFO ------ Personal Fans Page: 44
Mon, 25 Sep 2017 06:37:51 INFO ------ Personal Fans Page: 45
Mon, 25 Sep 2017 06:37:52 INFO ------ Personal Fans Page: 46
Mon, 25 Sep 2017 06:37:53 INFO ------ Personal Fans Page: 47
Mon, 25 Sep 2017 06:37:54 INFO ------ Personal Fans Page: 48
Mon, 25 Sep 2017 06:37:54 INFO ------ Personal Fans Page: 49
Mon, 25 Sep 2017 06:37:55 INFO ------ Personal Fans Page: 50
Mon, 25 Sep 2017 06:37:56 INFO ------ Personal Fans Page: 51
Mon, 25 Sep 2017 06:37:56 INFO ------ Personal Fans Page: 52
Mon, 25 Sep 2017 06:37:57 INFO ------ Personal Fans Page: 53
Mon, 25 Sep 2017 06:37:58 INFO ------ Personal Fans Page: 54
Mon, 25 Sep 2017 06:37:59 INFO ------ Personal Fans Page: 55
Mon, 25 Sep 2017 06:38:00 INFO ------ Personal Fans Page: 56
Mon, 25 Sep 2017 06:38:00 INFO ------ Personal Fans Page: 57
Mon, 25 Sep 2017 06:38:02 INFO ------ Personal Fans Page: 58
Mon, 25 Sep 2017 06:38:02 INFO ------ Personal Fans Page: 59
Mon, 25 Sep 2017 06:38:04 INFO ------ Personal Fans Page: 60
Mon, 25 Sep 2017 06:38:05 INFO ------ Personal Fans Page: 61
Mon, 25 Sep 2017 06:38:05 INFO ------ Personal Fans Page: 62
Mon, 25 Sep 2017 06:38:06 INFO ------ Personal Fans Page: 63
Mon, 25 Sep 2017 06:38:07 INFO ------ Personal Fans Page: 64
Mon, 25 Sep 2017 06:38:08 INFO ------ Personal Fans Page: 65
Mon, 25 Sep 2017 06:38:09 INFO ------ Personal Fans Page: 66
Mon, 25 Sep 2017 06:38:10 INFO ------ Personal Fans Page: 67
Mon, 25 Sep 2017 06:38:11 INFO ------ Personal Fans Page: 68
Mon, 25 Sep 2017 06:38:12 INFO ------ Personal Fans Page: 69
Mon, 25 Sep 2017 06:38:12 INFO ------ Personal Fans Page: 70
Mon, 25 Sep 2017 06:38:13 INFO ------ Personal Fans Page: 71
Mon, 25 Sep 2017 06:38:14 INFO ------ Personal Fans Page: 72
Mon, 25 Sep 2017 06:38:14 INFO ------ Personal Fans Page: 73
Mon, 25 Sep 2017 06:38:15 INFO ------ Personal Fans Page: 74
Mon, 25 Sep 2017 06:38:16 INFO ------ Personal Fans Page: 75
Mon, 25 Sep 2017 06:38:17 INFO ------ Personal Fans Page: 76
Mon, 25 Sep 2017 06:38:18 INFO ------ Personal Fans Page: 77
Mon, 25 Sep 2017 06:38:19 INFO ------ Personal Fans Page: 78
Mon, 25 Sep 2017 06:38:20 INFO ------ Personal Fans Page: 79
Mon, 25 Sep 2017 06:38:21 INFO ------ Personal Fans Page: 80
Mon, 25 Sep 2017 06:38:21 INFO ------ Personal Fans Page: 81
Mon, 25 Sep 2017 06:38:22 INFO ------ Personal Fans Page: 82
Mon, 25 Sep 2017 06:38:23 INFO ------ Personal Fans Page: 83
Mon, 25 Sep 2017 06:38:24 INFO ------ Personal Fans Page: 84
Mon, 25 Sep 2017 06:38:24 INFO ------ Personal Fans Page: 85
Mon, 25 Sep 2017 06:38:25 INFO ------ Personal Fans Page: 86
Mon, 25 Sep 2017 06:38:26 INFO Personal uid: 1750793141, name: 880122an
Mon, 25 Sep 2017 06:38:26 INFO -- Personal pageId: 1005051750793141
Mon, 25 Sep 2017 06:38:26 INFO ---- Get Personal Info
Mon, 25 Sep 2017 06:38:27 INFO ---- Get Personal Fans
Mon, 25 Sep 2017 06:38:27 INFO ------ Personal Fans Page: 1
Mon, 25 Sep 2017 06:38:28 INFO ------ Personal Fans Page: 2
Mon, 25 Sep 2017 06:38:29 INFO ------ Personal Fans Page: 3
Mon, 25 Sep 2017 06:38:29 INFO ------ Personal Fans Page: 4
Mon, 25 Sep 2017 06:38:30 INFO ------ Personal Fans Page: 5
Mon, 25 Sep 2017 06:38:31 INFO ------ Personal Fans Page: 6
Mon, 25 Sep 2017 06:38:31 INFO ------ Personal Fans Page: 7
Mon, 25 Sep 2017 06:38:32 INFO ------ Personal Fans Page: 8
Mon, 25 Sep 2017 06:38:32 INFO ------ Personal Fans Page: 9
Mon, 25 Sep 2017 06:38:33 INFO ------ Personal Fans Page: 10
Mon, 25 Sep 2017 06:38:34 INFO ------ Personal Fans Page: 11
Mon, 25 Sep 2017 06:38:34 INFO ------ Personal Fans Page: 12
Mon, 25 Sep 2017 06:38:35 INFO ------ Personal Fans Page: 13
Mon, 25 Sep 2017 06:38:36 INFO ------ Personal Fans Page: 14
Mon, 25 Sep 2017 06:38:36 INFO ------ Personal Fans Page: 15
Mon, 25 Sep 2017 06:38:37 INFO ------ Personal Fans Page: 16
Mon, 25 Sep 2017 06:38:38 INFO ------ Personal Fans Page: 17
Mon, 25 Sep 2017 06:38:38 INFO ------ Personal Fans Page: 18
Mon, 25 Sep 2017 06:38:39 INFO ------ Personal Fans Page: 19
Mon, 25 Sep 2017 06:38:39 INFO ------ Personal Fans Page: 20
Mon, 25 Sep 2017 06:38:40 INFO ------ Personal Fans Page: 21
Mon, 25 Sep 2017 06:38:41 INFO ------ Personal Fans Page: 22
Mon, 25 Sep 2017 06:38:41 INFO ------ Personal Fans Page: 23
Mon, 25 Sep 2017 06:38:42 INFO ------ Personal Fans Page: 24
Mon, 25 Sep 2017 06:38:43 INFO ------ Personal Fans Page: 25
Mon, 25 Sep 2017 06:38:44 INFO ------ Personal Fans Page: 26
Mon, 25 Sep 2017 06:38:44 INFO ------ Personal Fans Page: 27
Mon, 25 Sep 2017 06:38:45 INFO ------ Personal Fans Page: 28
Mon, 25 Sep 2017 06:38:46 INFO ------ Personal Fans Page: 29
Mon, 25 Sep 2017 06:38:47 INFO ------ Personal Fans Page: 30
Mon, 25 Sep 2017 06:38:48 INFO ------ Personal Fans Page: 31
Mon, 25 Sep 2017 06:38:49 INFO ------ Personal Fans Page: 32
Mon, 25 Sep 2017 06:38:49 INFO ------ Personal Fans Page: 33
Mon, 25 Sep 2017 06:38:50 INFO ------ Personal Fans Page: 34
Mon, 25 Sep 2017 06:38:51 INFO ------ Personal Fans Page: 35
Mon, 25 Sep 2017 06:38:52 INFO ------ Personal Fans Page: 36
Mon, 25 Sep 2017 06:38:53 INFO ------ Personal Fans Page: 37
Mon, 25 Sep 2017 06:38:54 INFO ------ Personal Fans Page: 38
Mon, 25 Sep 2017 06:38:55 INFO ------ Personal Fans Page: 39
Mon, 25 Sep 2017 06:38:56 INFO ------ Personal Fans Page: 40
Mon, 25 Sep 2017 06:38:56 INFO ------ Personal Fans Page: 41
Mon, 25 Sep 2017 06:38:57 INFO ------ Personal Fans Page: 42
Mon, 25 Sep 2017 06:38:58 INFO ------ Personal Fans Page: 43
Mon, 25 Sep 2017 06:38:59 INFO ------ Personal Fans Page: 44
Mon, 25 Sep 2017 06:39:00 INFO ------ Personal Fans Page: 45
Mon, 25 Sep 2017 06:39:00 INFO ------ Personal Fans Page: 46
Mon, 25 Sep 2017 06:39:01 INFO ------ Personal Fans Page: 47
Mon, 25 Sep 2017 06:39:02 INFO ------ Personal Fans Page: 48
Mon, 25 Sep 2017 06:39:02 INFO Personal uid: 1750810292, name: 一个大元宝喂
Mon, 25 Sep 2017 06:39:03 INFO -- Personal pageId: 1005051750810292
Mon, 25 Sep 2017 06:39:03 INFO ---- Get Personal Info
Mon, 25 Sep 2017 06:39:05 INFO ---- Get Personal Fans
Mon, 25 Sep 2017 06:39:05 INFO ------ Personal Fans Page: 1
Mon, 25 Sep 2017 06:39:06 INFO ------ Personal Fans Page: 2
Mon, 25 Sep 2017 06:39:06 INFO ------ Personal Fans Page: 3
Mon, 25 Sep 2017 06:39:07 INFO ------ Personal Fans Page: 4
Mon, 25 Sep 2017 06:39:08 INFO ------ Personal Fans Page: 5
Mon, 25 Sep 2017 06:39:08 INFO ------ Personal Fans Page: 6
Mon, 25 Sep 2017 06:39:09 INFO ------ Personal Fans Page: 7
Mon, 25 Sep 2017 06:39:10 INFO ------ Personal Fans Page: 8
Mon, 25 Sep 2017 06:39:10 INFO ------ Personal Fans Page: 9
Mon, 25 Sep 2017 06:39:11 INFO ------ Personal Fans Page: 10
Mon, 25 Sep 2017 06:39:11 INFO ------ Personal Fans Page: 11
Mon, 25 Sep 2017 06:39:12 INFO ------ Personal Fans Page: 12
Mon, 25 Sep 2017 06:39:12 INFO ------ Personal Fans Page: 13
Mon, 25 Sep 2017 06:39:13 INFO ------ Personal Fans Page: 14
Mon, 25 Sep 2017 06:39:14 INFO ------ Personal Fans Page: 15
Mon, 25 Sep 2017 06:39:14 INFO ------ Personal Fans Page: 16
Mon, 25 Sep 2017 06:39:16 INFO ------ Personal Fans Page: 17
Mon, 25 Sep 2017 06:39:16 INFO ------ Personal Fans Page: 18
Mon, 25 Sep 2017 06:39:17 INFO ------ Personal Fans Page: 19
Mon, 25 Sep 2017 06:39:18 INFO ------ Personal Fans Page: 20
Mon, 25 Sep 2017 06:39:18 INFO Personal uid: 1751651201, name: 你的嘉嘉掉了
Mon, 25 Sep 2017 06:39:19 INFO -- Personal pageId: 1005051751651201
Mon, 25 Sep 2017 06:39:19 INFO ---- Get Personal Info
Mon, 25 Sep 2017 06:39:20 INFO ---- Get Personal Fans
Mon, 25 Sep 2017 06:39:20 INFO ------ Personal Fans Page: 1
Mon, 25 Sep 2017 06:39:21 INFO ------ Personal Fans Page: 2
Mon, 25 Sep 2017 06:39:22 INFO ------ Personal Fans Page: 3
Mon, 25 Sep 2017 06:39:22 INFO ------ Personal Fans Page: 4
Mon, 25 Sep 2017 06:39:23 INFO ------ Personal Fans Page: 5
Mon, 25 Sep 2017 06:39:23 INFO ------ Personal Fans Page: 6
Mon, 25 Sep 2017 06:39:24 INFO ------ Personal Fans Page: 7
Mon, 25 Sep 2017 06:39:24 INFO ------ Personal Fans Page: 8
Mon, 25 Sep 2017 06:39:25 INFO ------ Personal Fans Page: 9
Mon, 25 Sep 2017 06:39:26 INFO ------ Personal Fans Page: 10
Mon, 25 Sep 2017 06:39:27 INFO ------ Personal Fans Page: 11
Mon, 25 Sep 2017 06:39:28 INFO ------ Personal Fans Page: 12
Mon, 25 Sep 2017 06:39:29 INFO ------ Personal Fans Page: 13
Mon, 25 Sep 2017 06:39:29 INFO ------ Personal Fans Page: 14
Mon, 25 Sep 2017 06:39:30 INFO ------ Personal Fans Page: 15
Mon, 25 Sep 2017 06:39:30 INFO ------ Personal Fans Page: 16
Mon, 25 Sep 2017 06:39:31 INFO ------ Personal Fans Page: 17
Mon, 25 Sep 2017 06:39:32 INFO ------ Personal Fans Page: 18
Mon, 25 Sep 2017 06:39:32 INFO Personal uid: 1751844882, name: 飞和丽丽
Mon, 25 Sep 2017 06:39:34 INFO -- Personal pageId: 1005051751844882
Mon, 25 Sep 2017 06:39:34 INFO ---- Get Personal Info
Mon, 25 Sep 2017 06:39:35 INFO ---- Get Personal Fans
Mon, 25 Sep 2017 06:39:35 INFO ------ Personal Fans Page: 1
Mon, 25 Sep 2017 06:39:36 INFO ------ Personal Fans Page: 2
Mon, 25 Sep 2017 06:39:37 INFO ------ Personal Fans Page: 3
Mon, 25 Sep 2017 06:39:37 INFO ------ Personal Fans Page: 4
Mon, 25 Sep 2017 06:39:38 INFO ------ Personal Fans Page: 5
Mon, 25 Sep 2017 06:39:39 INFO ------ Personal Fans Page: 6
Mon, 25 Sep 2017 06:39:40 INFO ------ Personal Fans Page: 7
Mon, 25 Sep 2017 06:39:41 INFO ------ Personal Fans Page: 8
Mon, 25 Sep 2017 06:39:41 INFO ------ Personal Fans Page: 9
Mon, 25 Sep 2017 06:39:42 INFO ------ Personal Fans Page: 10
Mon, 25 Sep 2017 06:39:43 INFO ------ Personal Fans Page: 11
Mon, 25 Sep 2017 06:39:43 INFO ------ Personal Fans Page: 12
Mon, 25 Sep 2017 06:39:44 INFO ------ Personal Fans Page: 13
Mon, 25 Sep 2017 06:39:45 INFO ------ Personal Fans Page: 14
Mon, 25 Sep 2017 06:39:46 INFO ------ Personal Fans Page: 15
Mon, 25 Sep 2017 06:39:46 INFO ------ Personal Fans Page: 16
Mon, 25 Sep 2017 06:39:47 INFO ------ Personal Fans Page: 17
Mon, 25 Sep 2017 06:39:48 INFO ------ Personal Fans Page: 18
Mon, 25 Sep 2017 06:39:49 INFO ------ Personal Fans Page: 19
Mon, 25 Sep 2017 06:39:49 INFO ------ Personal Fans Page: 20
Mon, 25 Sep 2017 06:39:50 INFO ------ Personal Fans Page: 21
Mon, 25 Sep 2017 06:39:51 INFO ------ Personal Fans Page: 22
Mon, 25 Sep 2017 06:39:51 INFO ------ Personal Fans Page: 23
Mon, 25 Sep 2017 06:39:52 INFO Personal uid: 1752090593, name: 楠楠小鱼yu
Mon, 25 Sep 2017 06:39:53 INFO -- Personal pageId: 1005051752090593
Mon, 25 Sep 2017 06:39:53 INFO ---- Get Personal Info
Mon, 25 Sep 2017 06:39:54 INFO ---- Get Personal Fans
Mon, 25 Sep 2017 06:39:54 INFO ------ Personal Fans Page: 1
Mon, 25 Sep 2017 06:39:55 INFO ------ Personal Fans Page: 2
Mon, 25 Sep 2017 06:39:56 INFO ------ Personal Fans Page: 3
Mon, 25 Sep 2017 06:39:56 INFO ------ Personal Fans Page: 4
Mon, 25 Sep 2017 06:39:57 INFO ------ Personal Fans Page: 5
Mon, 25 Sep 2017 06:39:58 INFO ------ Personal Fans Page: 6
Mon, 25 Sep 2017 06:39:58 INFO ------ Personal Fans Page: 7
Mon, 25 Sep 2017 06:39:59 INFO ------ Personal Fans Page: 8
Mon, 25 Sep 2017 06:40:00 INFO ------ Personal Fans Page: 9
Mon, 25 Sep 2017 06:40:01 INFO ------ Personal Fans Page: 10
Mon, 25 Sep 2017 06:40:02 INFO ------ Personal Fans Page: 11
Mon, 25 Sep 2017 06:40:03 INFO ------ Personal Fans Page: 12
Mon, 25 Sep 2017 06:40:03 INFO ------ Personal Fans Page: 13
Mon, 25 Sep 2017 06:40:04 INFO ------ Personal Fans Page: 14
Mon, 25 Sep 2017 06:40:04 INFO ------ Personal Fans Page: 15
Mon, 25 Sep 2017 06:40:05 INFO ------ Personal Fans Page: 16
Mon, 25 Sep 2017 06:40:06 INFO ------ Personal Fans Page: 17
Mon, 25 Sep 2017 06:40:07 INFO ------ Personal Fans Page: 18
Mon, 25 Sep 2017 06:40:07 INFO ------ Personal Fans Page: 19
Mon, 25 Sep 2017 06:40:08 INFO ------ Personal Fans Page: 20
Mon, 25 Sep 2017 06:40:09 INFO ------ Personal Fans Page: 21
Mon, 25 Sep 2017 06:40:10 INFO ------ Personal Fans Page: 22
Mon, 25 Sep 2017 06:40:10 INFO ------ Personal Fans Page: 23
Mon, 25 Sep 2017 06:40:11 INFO ------ Personal Fans Page: 24
Mon, 25 Sep 2017 06:40:12 INFO ------ Personal Fans Page: 25
Mon, 25 Sep 2017 06:40:12 INFO ------ Personal Fans Page: 26
Mon, 25 Sep 2017 06:40:13 INFO ------ Personal Fans Page: 27
Mon, 25 Sep 2017 06:40:14 INFO ------ Personal Fans Page: 28
Mon, 25 Sep 2017 06:40:14 INFO ------ Personal Fans Page: 29
Mon, 25 Sep 2017 06:40:15 INFO ------ Personal Fans Page: 30
Mon, 25 Sep 2017 06:40:15 INFO ------ Personal Fans Page: 31
Mon, 25 Sep 2017 06:40:16 INFO ------ Personal Fans Page: 32
Mon, 25 Sep 2017 06:40:17 INFO ------ Personal Fans Page: 33
Mon, 25 Sep 2017 06:40:18 INFO ------ Personal Fans Page: 34
Mon, 25 Sep 2017 06:40:18 INFO ------ Personal Fans Page: 35
Mon, 25 Sep 2017 06:40:19 INFO ------ Personal Fans Page: 36
Mon, 25 Sep 2017 06:40:20 INFO ------ Personal Fans Page: 37
Mon, 25 Sep 2017 06:40:20 INFO ------ Personal Fans Page: 38
Mon, 25 Sep 2017 06:40:21 INFO ------ Personal Fans Page: 39
Mon, 25 Sep 2017 06:40:22 INFO ------ Personal Fans Page: 40
Mon, 25 Sep 2017 06:40:22 INFO ------ Personal Fans Page: 41
Mon, 25 Sep 2017 06:40:23 INFO ------ Personal Fans Page: 42
Mon, 25 Sep 2017 06:40:24 INFO ------ Personal Fans Page: 43
Mon, 25 Sep 2017 06:40:25 INFO ------ Personal Fans Page: 44
Mon, 25 Sep 2017 06:40:25 INFO ------ Personal Fans Page: 45
Mon, 25 Sep 2017 06:40:26 INFO ------ Personal Fans Page: 46
Mon, 25 Sep 2017 06:40:27 INFO ------ Personal Fans Page: 47
Mon, 25 Sep 2017 06:40:28 INFO ------ Personal Fans Page: 48
Mon, 25 Sep 2017 06:40:29 INFO ------ Personal Fans Page: 49
Mon, 25 Sep 2017 06:40:30 INFO ------ Personal Fans Page: 50
Mon, 25 Sep 2017 06:40:31 INFO ------ Personal Fans Page: 51
Mon, 25 Sep 2017 06:40:32 INFO ------ Personal Fans Page: 52
Mon, 25 Sep 2017 06:40:32 INFO ------ Personal Fans Page: 53
Mon, 25 Sep 2017 06:40:33 INFO ------ Personal Fans Page: 54
Mon, 25 Sep 2017 06:40:33 INFO ------ Personal Fans Page: 55
Mon, 25 Sep 2017 06:40:34 INFO ------ Personal Fans Page: 56
Mon, 25 Sep 2017 06:40:35 INFO ------ Personal Fans Page: 57
Mon, 25 Sep 2017 06:40:36 INFO ------ Personal Fans Page: 58
Mon, 25 Sep 2017 06:40:36 INFO ------ Personal Fans Page: 59
Mon, 25 Sep 2017 06:40:37 INFO ------ Personal Fans Page: 60
Mon, 25 Sep 2017 06:40:38 INFO ------ Personal Fans Page: 61
Mon, 25 Sep 2017 06:40:38 INFO ------ Personal Fans Page: 62
Mon, 25 Sep 2017 06:40:39 INFO ------ Personal Fans Page: 63
Mon, 25 Sep 2017 06:40:40 INFO ------ Personal Fans Page: 64
Mon, 25 Sep 2017 06:40:41 INFO ------ Personal Fans Page: 65
Mon, 25 Sep 2017 06:40:42 INFO ------ Personal Fans Page: 66
Mon, 25 Sep 2017 06:40:42 INFO ------ Personal Fans Page: 67
Mon, 25 Sep 2017 06:40:43 INFO ------ Personal Fans Page: 68
Mon, 25 Sep 2017 06:40:44 INFO ------ Personal Fans Page: 69
Mon, 25 Sep 2017 06:40:45 INFO ------ Personal Fans Page: 70
Mon, 25 Sep 2017 06:40:45 INFO ------ Personal Fans Page: 71
Mon, 25 Sep 2017 06:40:46 INFO ------ Personal Fans Page: 72
Mon, 25 Sep 2017 06:40:47 INFO ------ Personal Fans Page: 73
Mon, 25 Sep 2017 06:40:48 INFO ------ Personal Fans Page: 74
Mon, 25 Sep 2017 06:40:49 INFO ------ Personal Fans Page: 75
Mon, 25 Sep 2017 06:40:50 INFO ------ Personal Fans Page: 76
Mon, 25 Sep 2017 06:40:51 INFO ------ Personal Fans Page: 77
Mon, 25 Sep 2017 06:40:51 INFO ------ Personal Fans Page: 78
Mon, 25 Sep 2017 06:40:52 INFO ------ Personal Fans Page: 79
Mon, 25 Sep 2017 06:40:52 INFO ------ Personal Fans Page: 80
Mon, 25 Sep 2017 06:40:53 INFO ------ Personal Fans Page: 81
Mon, 25 Sep 2017 06:40:54 INFO ------ Personal Fans Page: 82
Mon, 25 Sep 2017 06:40:54 INFO ------ Personal Fans Page: 83
Mon, 25 Sep 2017 06:40:55 INFO ------ Personal Fans Page: 84
Mon, 25 Sep 2017 06:40:56 INFO ------ Personal Fans Page: 85
Mon, 25 Sep 2017 06:40:56 INFO ------ Personal Fans Page: 86
Mon, 25 Sep 2017 06:40:57 INFO ------ Personal Fans Page: 87
Mon, 25 Sep 2017 06:40:59 INFO ------ Personal Fans Page: 88
Mon, 25 Sep 2017 06:41:00 INFO ------ Personal Fans Page: 89
Mon, 25 Sep 2017 06:41:00 INFO ------ Personal Fans Page: 90
Mon, 25 Sep 2017 06:41:01 INFO ------ Personal Fans Page: 91
Mon, 25 Sep 2017 06:41:02 INFO ------ Personal Fans Page: 92
Mon, 25 Sep 2017 06:41:03 INFO ------ Personal Fans Page: 93
Mon, 25 Sep 2017 06:41:04 INFO ------ Personal Fans Page: 94
Mon, 25 Sep 2017 06:41:04 INFO ------ Personal Fans Page: 95
Mon, 25 Sep 2017 06:41:05 INFO ------ Personal Fans Page: 96
Mon, 25 Sep 2017 06:41:06 INFO ------ Personal Fans Page: 97
Mon, 25 Sep 2017 06:41:07 INFO ------ Personal Fans Page: 98
Mon, 25 Sep 2017 06:41:08 INFO ------ Personal Fans Page: 99
Mon, 25 Sep 2017 06:41:09 INFO ------ Personal Fans Page: 100
Mon, 25 Sep 2017 06:41:09 INFO ------ Personal Fans Page: 101
Mon, 25 Sep 2017 06:41:10 INFO ------ Personal Fans Page: 102
Mon, 25 Sep 2017 06:41:11 INFO ------ Personal Fans Page: 103
Mon, 25 Sep 2017 06:41:11 INFO ------ Personal Fans Page: 104
Mon, 25 Sep 2017 06:41:12 INFO Personal uid: 1752475192, name: 孙晓兰
Mon, 25 Sep 2017 06:41:13 INFO -- Personal pageId: 1005051752475192
Mon, 25 Sep 2017 06:41:13 INFO ---- Get Personal Info
Mon, 25 Sep 2017 06:41:14 INFO ---- Get Personal Fans
Mon, 25 Sep 2017 06:41:14 INFO ------ Personal Fans Page: 1
Mon, 25 Sep 2017 06:41:15 INFO ------ Personal Fans Page: 2
Mon, 25 Sep 2017 06:41:16 INFO ------ Personal Fans Page: 3
Mon, 25 Sep 2017 06:41:16 INFO ------ Personal Fans Page: 4
Mon, 25 Sep 2017 06:41:17 INFO ------ Personal Fans Page: 5
Mon, 25 Sep 2017 06:41:18 INFO ------ Personal Fans Page: 6
Mon, 25 Sep 2017 06:41:18 INFO ------ Personal Fans Page: 7
Mon, 25 Sep 2017 06:41:19 INFO ------ Personal Fans Page: 8
Mon, 25 Sep 2017 06:41:19 INFO ------ Personal Fans Page: 9
Mon, 25 Sep 2017 06:41:20 INFO ------ Personal Fans Page: 10
Mon, 25 Sep 2017 06:41:21 INFO ------ Personal Fans Page: 11
Mon, 25 Sep 2017 06:41:22 INFO ------ Personal Fans Page: 12
Mon, 25 Sep 2017 06:41:22 INFO ------ Personal Fans Page: 13
Mon, 25 Sep 2017 06:41:23 INFO ------ Personal Fans Page: 14
Mon, 25 Sep 2017 06:41:24 INFO Personal uid: 1752755675, name: 北斗依依
Mon, 25 Sep 2017 06:41:24 INFO -- Personal pageId: 1005051752755675
Mon, 25 Sep 2017 06:41:24 INFO ---- Get Personal Info
Mon, 25 Sep 2017 06:41:26 INFO ---- Get Personal Fans
Mon, 25 Sep 2017 06:41:26 INFO ------ Personal Fans Page: 1
Mon, 25 Sep 2017 06:41:27 INFO ------ Personal Fans Page: 2
Mon, 25 Sep 2017 06:41:27 INFO ------ Personal Fans Page: 3
Mon, 25 Sep 2017 06:41:28 INFO ------ Personal Fans Page: 4
Mon, 25 Sep 2017 06:41:29 INFO ------ Personal Fans Page: 5
Mon, 25 Sep 2017 06:41:29 INFO ------ Personal Fans Page: 6
Mon, 25 Sep 2017 06:41:30 INFO ------ Personal Fans Page: 7
Mon, 25 Sep 2017 06:41:30 INFO ------ Personal Fans Page: 8
Mon, 25 Sep 2017 06:41:31 INFO ------ Personal Fans Page: 9
Mon, 25 Sep 2017 06:41:32 INFO ------ Personal Fans Page: 10
Mon, 25 Sep 2017 06:41:33 INFO ------ Personal Fans Page: 11
Mon, 25 Sep 2017 06:41:33 INFO ------ Personal Fans Page: 12
Mon, 25 Sep 2017 06:41:34 INFO ------ Personal Fans Page: 13
Mon, 25 Sep 2017 06:41:35 INFO ------ Personal Fans Page: 14
Mon, 25 Sep 2017 06:41:35 INFO ------ Personal Fans Page: 15
Mon, 25 Sep 2017 06:41:36 INFO ------ Personal Fans Page: 16
Mon, 25 Sep 2017 06:41:37 INFO ------ Personal Fans Page: 17
Mon, 25 Sep 2017 06:41:38 INFO ------ Personal Fans Page: 18
Mon, 25 Sep 2017 06:41:39 INFO ------ Personal Fans Page: 19
Mon, 25 Sep 2017 06:41:39 INFO ------ Personal Fans Page: 20
Mon, 25 Sep 2017 06:41:40 INFO ------ Personal Fans Page: 21
Mon, 25 Sep 2017 06:41:40 INFO ------ Personal Fans Page: 22
Mon, 25 Sep 2017 06:41:41 INFO ------ Personal Fans Page: 23
Mon, 25 Sep 2017 06:41:42 INFO ------ Personal Fans Page: 24
Mon, 25 Sep 2017 06:41:42 INFO ------ Personal Fans Page: 25
Mon, 25 Sep 2017 06:41:43 INFO ------ Personal Fans Page: 26
Mon, 25 Sep 2017 06:41:43 INFO ------ Personal Fans Page: 27
Mon, 25 Sep 2017 06:41:44 INFO ------ Personal Fans Page: 28
Mon, 25 Sep 2017 06:41:45 INFO ------ Personal Fans Page: 29
Mon, 25 Sep 2017 06:41:45 INFO ------ Personal Fans Page: 30
Mon, 25 Sep 2017 06:41:46 INFO ------ Personal Fans Page: 31
Mon, 25 Sep 2017 06:41:46 INFO ------ Personal Fans Page: 32
Mon, 25 Sep 2017 06:41:47 INFO ------ Personal Fans Page: 33
Mon, 25 Sep 2017 06:41:48 INFO ------ Personal Fans Page: 34
Mon, 25 Sep 2017 06:41:48 INFO ------ Personal Fans Page: 35
Mon, 25 Sep 2017 06:41:49 INFO ------ Personal Fans Page: 36
Mon, 25 Sep 2017 06:41:49 INFO ------ Personal Fans Page: 37
Mon, 25 Sep 2017 06:41:50 INFO ------ Personal Fans Page: 38
Mon, 25 Sep 2017 06:41:51 INFO ------ Personal Fans Page: 39
Mon, 25 Sep 2017 06:41:52 INFO ------ Personal Fans Page: 40
Mon, 25 Sep 2017 06:41:53 INFO ------ Personal Fans Page: 41
Mon, 25 Sep 2017 06:41:53 INFO ------ Personal Fans Page: 42
Mon, 25 Sep 2017 06:41:54 INFO ------ Personal Fans Page: 43
Mon, 25 Sep 2017 06:41:55 INFO ------ Personal Fans Page: 44
Mon, 25 Sep 2017 06:41:55 INFO ------ Personal Fans Page: 45
Mon, 25 Sep 2017 06:41:56 INFO ------ Personal Fans Page: 46
Mon, 25 Sep 2017 06:41:56 INFO ------ Personal Fans Page: 47
Mon, 25 Sep 2017 06:41:57 INFO ------ Personal Fans Page: 48
Mon, 25 Sep 2017 06:41:58 INFO ------ Personal Fans Page: 49
Mon, 25 Sep 2017 06:41:59 INFO ------ Personal Fans Page: 50
Mon, 25 Sep 2017 06:42:00 INFO ------ Personal Fans Page: 51
Mon, 25 Sep 2017 06:42:00 INFO ------ Personal Fans Page: 52
Mon, 25 Sep 2017 06:42:01 INFO ------ Personal Fans Page: 53
Mon, 25 Sep 2017 06:42:02 INFO ------ Personal Fans Page: 54
Mon, 25 Sep 2017 06:42:02 INFO ------ Personal Fans Page: 55
Mon, 25 Sep 2017 06:42:03 INFO ------ Personal Fans Page: 56
Mon, 25 Sep 2017 06:42:04 INFO ------ Personal Fans Page: 57
Mon, 25 Sep 2017 06:42:04 INFO ------ Personal Fans Page: 58
Mon, 25 Sep 2017 06:42:05 INFO ------ Personal Fans Page: 59
Mon, 25 Sep 2017 06:42:06 INFO ------ Personal Fans Page: 60
Mon, 25 Sep 2017 06:42:06 INFO Personal uid: 1752781724, name: 走的不夠專注
Mon, 25 Sep 2017 06:42:06 INFO -- Personal pageId: 1005051752781724
Mon, 25 Sep 2017 06:42:06 INFO ---- Get Personal Info
Mon, 25 Sep 2017 06:42:07 INFO ---- Get Personal Fans
Mon, 25 Sep 2017 06:42:07 INFO ------ Personal Fans Page: 1
Mon, 25 Sep 2017 06:42:08 INFO ------ Personal Fans Page: 2
Mon, 25 Sep 2017 06:42:09 INFO ------ Personal Fans Page: 3
Mon, 25 Sep 2017 06:42:10 INFO ------ Personal Fans Page: 4
Mon, 25 Sep 2017 06:42:10 INFO ------ Personal Fans Page: 5
Mon, 25 Sep 2017 06:42:11 INFO ------ Personal Fans Page: 6
Mon, 25 Sep 2017 06:42:12 INFO ------ Personal Fans Page: 7
Mon, 25 Sep 2017 06:42:12 INFO ------ Personal Fans Page: 8
Mon, 25 Sep 2017 06:42:13 INFO ------ Personal Fans Page: 9
Mon, 25 Sep 2017 06:42:13 INFO ------ Personal Fans Page: 10
Mon, 25 Sep 2017 06:42:14 INFO ------ Personal Fans Page: 11
Mon, 25 Sep 2017 06:42:15 INFO ------ Personal Fans Page: 12
Mon, 25 Sep 2017 06:42:15 INFO ------ Personal Fans Page: 13
Mon, 25 Sep 2017 06:42:16 INFO ------ Personal Fans Page: 14
Mon, 25 Sep 2017 06:42:17 INFO ------ Personal Fans Page: 15
Mon, 25 Sep 2017 06:42:17 INFO ------ Personal Fans Page: 16
Mon, 25 Sep 2017 06:42:18 INFO ------ Personal Fans Page: 17
Mon, 25 Sep 2017 06:42:19 INFO ------ Personal Fans Page: 18
Mon, 25 Sep 2017 06:42:20 INFO ------ Personal Fans Page: 19
Mon, 25 Sep 2017 06:42:21 INFO ------ Personal Fans Page: 20
Mon, 25 Sep 2017 06:42:21 INFO ------ Personal Fans Page: 21
Mon, 25 Sep 2017 06:42:22 INFO ------ Personal Fans Page: 22
Mon, 25 Sep 2017 06:42:23 INFO ------ Personal Fans Page: 23
Mon, 25 Sep 2017 06:42:24 INFO ------ Personal Fans Page: 24
Mon, 25 Sep 2017 06:42:24 INFO ------ Personal Fans Page: 25
Mon, 25 Sep 2017 06:42:25 INFO ------ Personal Fans Page: 26
Mon, 25 Sep 2017 06:42:26 INFO ------ Personal Fans Page: 27
Mon, 25 Sep 2017 06:42:27 INFO ------ Personal Fans Page: 28
Mon, 25 Sep 2017 06:42:28 INFO ------ Personal Fans Page: 29
Mon, 25 Sep 2017 06:42:28 INFO ------ Personal Fans Page: 30
Mon, 25 Sep 2017 06:42:29 INFO ------ Personal Fans Page: 31
Mon, 25 Sep 2017 06:42:30 INFO ------ Personal Fans Page: 32
Mon, 25 Sep 2017 06:42:30 INFO ------ Personal Fans Page: 33
Mon, 25 Sep 2017 06:42:31 INFO ------ Personal Fans Page: 34
Mon, 25 Sep 2017 06:42:32 INFO ------ Personal Fans Page: 35
Mon, 25 Sep 2017 06:42:33 INFO ------ Personal Fans Page: 36
Mon, 25 Sep 2017 06:42:34 INFO ------ Personal Fans Page: 37
Mon, 25 Sep 2017 06:42:35 INFO ------ Personal Fans Page: 38
Mon, 25 Sep 2017 06:42:36 INFO ------ Personal Fans Page: 39
Mon, 25 Sep 2017 06:42:37 INFO ------ Personal Fans Page: 40
Mon, 25 Sep 2017 06:42:38 INFO ------ Personal Fans Page: 41
Mon, 25 Sep 2017 06:42:40 INFO ------ Personal Fans Page: 42
Mon, 25 Sep 2017 06:42:40 INFO ------ Personal Fans Page: 43
Mon, 25 Sep 2017 06:42:41 INFO ------ Personal Fans Page: 44
Mon, 25 Sep 2017 06:42:43 INFO ------ Personal Fans Page: 45
Mon, 25 Sep 2017 06:42:44 INFO ------ Personal Fans Page: 46
Mon, 25 Sep 2017 06:42:45 INFO ------ Personal Fans Page: 47
Mon, 25 Sep 2017 06:42:45 INFO ------ Personal Fans Page: 48
Mon, 25 Sep 2017 06:42:46 INFO ------ Personal Fans Page: 49
Mon, 25 Sep 2017 06:42:47 INFO ------ Personal Fans Page: 50
Mon, 25 Sep 2017 06:42:48 INFO ------ Personal Fans Page: 51
Mon, 25 Sep 2017 06:42:48 INFO Personal uid: 1753017077, name: 维维的微博
Mon, 25 Sep 2017 06:42:49 INFO -- Personal pageId: 1005051753017077
Mon, 25 Sep 2017 06:42:49 INFO ---- Get Personal Info
Mon, 25 Sep 2017 06:42:50 INFO ---- Get Personal Fans
Mon, 25 Sep 2017 06:42:50 INFO ------ Personal Fans Page: 1
Mon, 25 Sep 2017 06:42:51 INFO ------ Personal Fans Page: 2
Mon, 25 Sep 2017 06:42:51 INFO ------ Personal Fans Page: 3
Mon, 25 Sep 2017 06:42:52 INFO ------ Personal Fans Page: 4
Mon, 25 Sep 2017 06:42:53 INFO ------ Personal Fans Page: 5
Mon, 25 Sep 2017 06:42:53 INFO ------ Personal Fans Page: 6
Mon, 25 Sep 2017 06:42:54 INFO ------ Personal Fans Page: 7
Mon, 25 Sep 2017 06:42:55 INFO ------ Personal Fans Page: 8
Mon, 25 Sep 2017 06:42:55 INFO ------ Personal Fans Page: 9
Mon, 25 Sep 2017 06:42:56 INFO ------ Personal Fans Page: 10
Mon, 25 Sep 2017 06:42:57 INFO ------ Personal Fans Page: 11
Mon, 25 Sep 2017 06:42:57 INFO ------ Personal Fans Page: 12
Mon, 25 Sep 2017 06:42:58 INFO ------ Personal Fans Page: 13
Mon, 25 Sep 2017 06:42:59 INFO ------ Personal Fans Page: 14
Mon, 25 Sep 2017 06:43:00 INFO ------ Personal Fans Page: 15
Mon, 25 Sep 2017 06:43:01 INFO ------ Personal Fans Page: 16
Mon, 25 Sep 2017 06:43:01 INFO ------ Personal Fans Page: 17
Mon, 25 Sep 2017 06:43:02 INFO ------ Personal Fans Page: 18
Mon, 25 Sep 2017 06:43:03 INFO ------ Personal Fans Page: 19
Mon, 25 Sep 2017 06:43:03 INFO Personal uid: 1753212083, name: -宸光-
Mon, 25 Sep 2017 06:43:04 INFO -- Personal pageId: 1005051753212083
Mon, 25 Sep 2017 06:43:04 INFO ---- Get Personal Info
Mon, 25 Sep 2017 06:43:05 INFO ---- Get Personal Fans
Mon, 25 Sep 2017 06:43:05 INFO ------ Personal Fans Page: 1
Mon, 25 Sep 2017 06:43:05 INFO ------ Personal Fans Page: 2
Mon, 25 Sep 2017 06:43:06 INFO ------ Personal Fans Page: 3
Mon, 25 Sep 2017 06:43:07 INFO ------ Personal Fans Page: 4
Mon, 25 Sep 2017 06:43:07 INFO ------ Personal Fans Page: 5
Mon, 25 Sep 2017 06:43:08 INFO ------ Personal Fans Page: 6
Mon, 25 Sep 2017 06:43:08 INFO ------ Personal Fans Page: 7
Mon, 25 Sep 2017 06:43:09 INFO ------ Personal Fans Page: 8
Mon, 25 Sep 2017 06:43:10 INFO ------ Personal Fans Page: 9
Mon, 25 Sep 2017 06:43:10 INFO ------ Personal Fans Page: 10
Mon, 25 Sep 2017 06:43:11 INFO ------ Personal Fans Page: 11
Mon, 25 Sep 2017 06:43:11 INFO ------ Personal Fans Page: 12
Mon, 25 Sep 2017 06:43:12 INFO ------ Personal Fans Page: 13
Mon, 25 Sep 2017 06:43:13 INFO ------ Personal Fans Page: 14
Mon, 25 Sep 2017 06:43:13 INFO ------ Personal Fans Page: 15
Mon, 25 Sep 2017 06:43:14 INFO ------ Personal Fans Page: 16
Mon, 25 Sep 2017 06:43:15 INFO ------ Personal Fans Page: 17
Mon, 25 Sep 2017 06:43:16 INFO ------ Personal Fans Page: 18
Mon, 25 Sep 2017 06:43:17 INFO ------ Personal Fans Page: 19
Mon, 25 Sep 2017 06:43:18 INFO ------ Personal Fans Page: 20
Mon, 25 Sep 2017 06:43:18 INFO ------ Personal Fans Page: 21
Mon, 25 Sep 2017 06:43:19 INFO ------ Personal Fans Page: 22
Mon, 25 Sep 2017 06:43:20 INFO ------ Personal Fans Page: 23
Mon, 25 Sep 2017 06:43:20 INFO ------ Personal Fans Page: 24
Mon, 25 Sep 2017 06:43:21 INFO ------ Personal Fans Page: 25
Mon, 25 Sep 2017 06:43:22 INFO ------ Personal Fans Page: 26
Mon, 25 Sep 2017 06:43:22 INFO ------ Personal Fans Page: 27
Mon, 25 Sep 2017 06:43:23 INFO ------ Personal Fans Page: 28
Mon, 25 Sep 2017 06:43:24 INFO Personal uid: 1756365741, name: Lily苏噢
Mon, 25 Sep 2017 06:43:26 INFO -- Personal pageId: 1005051756365741
Mon, 25 Sep 2017 06:43:26 INFO ---- Get Personal Info
Mon, 25 Sep 2017 06:43:26 INFO ---- Get Personal Fans
Mon, 25 Sep 2017 06:43:26 INFO ------ Personal Fans Page: 1
Mon, 25 Sep 2017 06:43:27 INFO ------ Personal Fans Page: 2
Mon, 25 Sep 2017 06:43:28 INFO ------ Personal Fans Page: 3
Mon, 25 Sep 2017 06:43:29 INFO ------ Personal Fans Page: 4
Mon, 25 Sep 2017 06:43:29 INFO ------ Personal Fans Page: 5
Mon, 25 Sep 2017 06:43:30 INFO ------ Personal Fans Page: 6
Mon, 25 Sep 2017 06:43:31 INFO ------ Personal Fans Page: 7
Mon, 25 Sep 2017 06:43:32 INFO ------ Personal Fans Page: 8
Mon, 25 Sep 2017 06:43:32 INFO ------ Personal Fans Page: 9
Mon, 25 Sep 2017 06:43:33 INFO ------ Personal Fans Page: 10
Mon, 25 Sep 2017 06:43:34 INFO ------ Personal Fans Page: 11
Mon, 25 Sep 2017 06:43:34 INFO Personal uid: 1756734277, name: 黑铁时代的绿毛水怪
Mon, 25 Sep 2017 06:43:35 INFO -- Personal pageId: 1005051756734277
Mon, 25 Sep 2017 06:43:35 INFO ---- Get Personal Info
Mon, 25 Sep 2017 06:43:35 INFO ---- Get Personal Fans
Mon, 25 Sep 2017 06:43:35 INFO ------ Personal Fans Page: 1
Mon, 25 Sep 2017 06:43:37 INFO ------ Personal Fans Page: 2
Mon, 25 Sep 2017 06:43:37 INFO ------ Personal Fans Page: 3
Mon, 25 Sep 2017 06:43:38 INFO ------ Personal Fans Page: 4
Mon, 25 Sep 2017 06:43:39 INFO ------ Personal Fans Page: 5
Mon, 25 Sep 2017 06:43:40 INFO ------ Personal Fans Page: 6
Mon, 25 Sep 2017 06:43:40 INFO ------ Personal Fans Page: 7
Mon, 25 Sep 2017 06:43:41 INFO ------ Personal Fans Page: 8
Mon, 25 Sep 2017 06:43:42 INFO ------ Personal Fans Page: 9
Mon, 25 Sep 2017 06:43:42 INFO ------ Personal Fans Page: 10
Mon, 25 Sep 2017 06:43:43 INFO ------ Personal Fans Page: 11
Mon, 25 Sep 2017 06:43:44 INFO ------ Personal Fans Page: 12
Mon, 25 Sep 2017 06:43:44 INFO ------ Personal Fans Page: 13
Mon, 25 Sep 2017 06:43:45 INFO ------ Personal Fans Page: 14
Mon, 25 Sep 2017 06:43:45 INFO ------ Personal Fans Page: 15
Mon, 25 Sep 2017 06:43:46 INFO ------ Personal Fans Page: 16
Mon, 25 Sep 2017 06:43:47 INFO ------ Personal Fans Page: 17
Mon, 25 Sep 2017 06:43:47 INFO ------ Personal Fans Page: 18
Mon, 25 Sep 2017 06:43:48 INFO ------ Personal Fans Page: 19
Mon, 25 Sep 2017 06:43:49 INFO ------ Personal Fans Page: 20
Mon, 25 Sep 2017 06:43:49 INFO ------ Personal Fans Page: 21
Mon, 25 Sep 2017 06:43:50 INFO ------ Personal Fans Page: 22
Mon, 25 Sep 2017 06:43:51 INFO ------ Personal Fans Page: 23
Mon, 25 Sep 2017 06:43:52 INFO ------ Personal Fans Page: 24
Mon, 25 Sep 2017 06:43:52 INFO ------ Personal Fans Page: 25
Mon, 25 Sep 2017 06:43:53 INFO ------ Personal Fans Page: 26
Mon, 25 Sep 2017 06:43:53 INFO ------ Personal Fans Page: 27
Mon, 25 Sep 2017 06:43:54 INFO ------ Personal Fans Page: 28
Mon, 25 Sep 2017 06:43:55 INFO ------ Personal Fans Page: 29
Mon, 25 Sep 2017 06:43:55 INFO ------ Personal Fans Page: 30
Mon, 25 Sep 2017 06:43:56 INFO ------ Personal Fans Page: 31
Mon, 25 Sep 2017 06:43:56 INFO ------ Personal Fans Page: 32
Mon, 25 Sep 2017 06:43:57 INFO ------ Personal Fans Page: 33
Mon, 25 Sep 2017 06:43:58 INFO ------ Personal Fans Page: 34
Mon, 25 Sep 2017 06:43:58 INFO ------ Personal Fans Page: 35
Mon, 25 Sep 2017 06:43:59 INFO ------ Personal Fans Page: 36
Mon, 25 Sep 2017 06:44:00 INFO ------ Personal Fans Page: 37
Mon, 25 Sep 2017 06:44:00 INFO ------ Personal Fans Page: 38
Mon, 25 Sep 2017 06:44:01 INFO ------ Personal Fans Page: 39
Mon, 25 Sep 2017 06:44:02 INFO ------ Personal Fans Page: 40
Mon, 25 Sep 2017 06:44:03 INFO ------ Personal Fans Page: 41
Mon, 25 Sep 2017 06:44:03 INFO ------ Personal Fans Page: 42
Mon, 25 Sep 2017 06:44:04 INFO ------ Personal Fans Page: 43
Mon, 25 Sep 2017 06:44:05 INFO ------ Personal Fans Page: 44
Mon, 25 Sep 2017 06:44:05 INFO ------ Personal Fans Page: 45
Mon, 25 Sep 2017 06:44:06 INFO Personal uid: 1757477043, name: AnQi王安琪
Mon, 25 Sep 2017 06:44:07 INFO -- Personal pageId: 1005051757477043
Mon, 25 Sep 2017 06:44:07 INFO ---- Get Personal Info
Mon, 25 Sep 2017 06:44:07 INFO ---- Get Personal Fans
Mon, 25 Sep 2017 06:44:07 INFO ------ Personal Fans Page: 1
Mon, 25 Sep 2017 06:44:08 INFO ------ Personal Fans Page: 2
Mon, 25 Sep 2017 06:44:09 INFO ------ Personal Fans Page: 3
Mon, 25 Sep 2017 06:44:09 INFO ------ Personal Fans Page: 4
Mon, 25 Sep 2017 06:44:10 INFO ------ Personal Fans Page: 5
Mon, 25 Sep 2017 06:44:10 INFO ------ Personal Fans Page: 6
Mon, 25 Sep 2017 06:44:11 INFO ------ Personal Fans Page: 7
Mon, 25 Sep 2017 06:44:11 INFO ------ Personal Fans Page: 8
Mon, 25 Sep 2017 06:44:12 INFO ------ Personal Fans Page: 9
Mon, 25 Sep 2017 06:44:13 INFO ------ Personal Fans Page: 10
Mon, 25 Sep 2017 06:44:13 INFO ------ Personal Fans Page: 11
Mon, 25 Sep 2017 06:44:14 INFO ------ Personal Fans Page: 12
Mon, 25 Sep 2017 06:44:15 INFO ------ Personal Fans Page: 13
Mon, 25 Sep 2017 06:44:16 INFO ------ Personal Fans Page: 14
Mon, 25 Sep 2017 06:44:16 INFO ------ Personal Fans Page: 15
Mon, 25 Sep 2017 06:44:17 INFO ------ Personal Fans Page: 16
Mon, 25 Sep 2017 06:44:18 INFO ------ Personal Fans Page: 17
Mon, 25 Sep 2017 06:44:19 INFO ------ Personal Fans Page: 18
Mon, 25 Sep 2017 06:44:20 INFO ------ Personal Fans Page: 19
Mon, 25 Sep 2017 06:44:21 INFO ------ Personal Fans Page: 20
Mon, 25 Sep 2017 06:44:21 INFO ------ Personal Fans Page: 21
Mon, 25 Sep 2017 06:44:22 INFO ------ Personal Fans Page: 22
Mon, 25 Sep 2017 06:44:22 INFO ------ Personal Fans Page: 23
Mon, 25 Sep 2017 06:44:23 INFO Personal uid: 1757505781, name: Q_Y_TANG
Mon, 25 Sep 2017 06:44:24 INFO -- Personal pageId: 1005051757505781
Mon, 25 Sep 2017 06:44:24 INFO ---- Get Personal Info
Mon, 25 Sep 2017 06:44:24 INFO ---- Get Personal Fans
Mon, 25 Sep 2017 06:44:24 INFO ------ Personal Fans Page: 1
Mon, 25 Sep 2017 06:44:25 INFO ------ Personal Fans Page: 2
Mon, 25 Sep 2017 06:44:26 INFO ------ Personal Fans Page: 3
Mon, 25 Sep 2017 06:44:27 INFO ------ Personal Fans Page: 4
Mon, 25 Sep 2017 06:44:27 INFO ------ Personal Fans Page: 5
Mon, 25 Sep 2017 06:44:27 INFO ------ Personal Fans Page: 6
Mon, 25 Sep 2017 06:44:28 INFO ------ Personal Fans Page: 7
Mon, 25 Sep 2017 06:44:29 INFO ------ Personal Fans Page: 8
Mon, 25 Sep 2017 06:44:29 INFO ------ Personal Fans Page: 9
Mon, 25 Sep 2017 06:44:30 INFO ------ Personal Fans Page: 10
Mon, 25 Sep 2017 06:44:31 INFO ------ Personal Fans Page: 11
Mon, 25 Sep 2017 06:44:31 INFO ------ Personal Fans Page: 12
Mon, 25 Sep 2017 06:44:32 INFO ------ Personal Fans Page: 13
Mon, 25 Sep 2017 06:44:33 INFO ------ Personal Fans Page: 14
Mon, 25 Sep 2017 06:44:34 INFO ------ Personal Fans Page: 15
Mon, 25 Sep 2017 06:44:34 INFO ------ Personal Fans Page: 16
Mon, 25 Sep 2017 06:44:35 INFO ------ Personal Fans Page: 17
Mon, 25 Sep 2017 06:44:36 INFO ------ Personal Fans Page: 18
Mon, 25 Sep 2017 06:44:36 INFO ------ Personal Fans Page: 19
Mon, 25 Sep 2017 06:44:37 INFO ------ Personal Fans Page: 20
Mon, 25 Sep 2017 06:44:38 INFO ------ Personal Fans Page: 21
Mon, 25 Sep 2017 06:44:38 INFO Personal uid: 1757596917, name: 伽不好姐姐
Mon, 25 Sep 2017 06:44:39 INFO -- Personal pageId: 1005051757596917
Mon, 25 Sep 2017 06:44:39 INFO ---- Get Personal Info
Mon, 25 Sep 2017 06:44:39 INFO ---- Get Personal Fans
Mon, 25 Sep 2017 06:44:39 INFO ------ Personal Fans Page: 1
Mon, 25 Sep 2017 06:44:40 INFO ------ Personal Fans Page: 2
Mon, 25 Sep 2017 06:44:40 INFO ------ Personal Fans Page: 3
Mon, 25 Sep 2017 06:44:41 INFO ------ Personal Fans Page: 4
Mon, 25 Sep 2017 06:44:41 INFO ------ Personal Fans Page: 5
Mon, 25 Sep 2017 06:44:42 INFO ------ Personal Fans Page: 6
Mon, 25 Sep 2017 06:44:43 INFO ------ Personal Fans Page: 7
Mon, 25 Sep 2017 06:44:43 INFO ------ Personal Fans Page: 8
Mon, 25 Sep 2017 06:44:44 INFO ------ Personal Fans Page: 9
Mon, 25 Sep 2017 06:44:45 INFO ------ Personal Fans Page: 10
Mon, 25 Sep 2017 06:44:46 INFO Personal uid: 1757965515, name: Zzzzzz冷暖自知
Mon, 25 Sep 2017 06:44:46 INFO -- Personal pageId: 1005051757965515
Mon, 25 Sep 2017 06:44:46 INFO ---- Get Personal Info
Mon, 25 Sep 2017 06:44:47 INFO ---- Get Personal Fans
Mon, 25 Sep 2017 06:44:47 INFO ------ Personal Fans Page: 1
Mon, 25 Sep 2017 06:44:47 INFO ------ Personal Fans Page: 2
Mon, 25 Sep 2017 06:44:48 INFO ------ Personal Fans Page: 3
Mon, 25 Sep 2017 06:44:49 INFO ------ Personal Fans Page: 4
Mon, 25 Sep 2017 06:44:49 INFO ------ Personal Fans Page: 5
Mon, 25 Sep 2017 06:44:50 INFO Personal uid: 1758277411, name: Llane_W
Mon, 25 Sep 2017 06:44:51 INFO -- Personal pageId: 1005051758277411
Mon, 25 Sep 2017 06:44:51 INFO ---- Get Personal Info
Mon, 25 Sep 2017 06:44:51 INFO ---- Get Personal Fans
Mon, 25 Sep 2017 06:44:51 INFO ------ Personal Fans Page: 1
Mon, 25 Sep 2017 06:44:52 INFO ------ Personal Fans Page: 2
Mon, 25 Sep 2017 06:44:52 INFO ------ Personal Fans Page: 3
Mon, 25 Sep 2017 06:44:53 INFO ------ Personal Fans Page: 4
Mon, 25 Sep 2017 06:44:54 INFO Personal uid: 1758679355, name: 让被爱者幸福
Mon, 25 Sep 2017 06:44:54 INFO -- Personal pageId: 1005051758679355
Mon, 25 Sep 2017 06:44:54 INFO ---- Get Personal Info
Mon, 25 Sep 2017 06:44:54 INFO ---- Get Personal Fans
Mon, 25 Sep 2017 06:44:54 INFO ------ Personal Fans Page: 1
Mon, 25 Sep 2017 06:44:56 INFO ------ Personal Fans Page: 2
Mon, 25 Sep 2017 06:44:56 INFO ------ Personal Fans Page: 3
Mon, 25 Sep 2017 06:44:57 INFO ------ Personal Fans Page: 4
Mon, 25 Sep 2017 06:44:58 INFO ------ Personal Fans Page: 5
Mon, 25 Sep 2017 06:44:59 INFO ------ Personal Fans Page: 6
Mon, 25 Sep 2017 06:45:00 INFO ------ Personal Fans Page: 7
Mon, 25 Sep 2017 06:45:01 INFO ------ Personal Fans Page: 8
Mon, 25 Sep 2017 06:45:01 INFO ------ Personal Fans Page: 9
Mon, 25 Sep 2017 06:45:02 INFO ------ Personal Fans Page: 10
Mon, 25 Sep 2017 06:45:03 INFO ------ Personal Fans Page: 11
Mon, 25 Sep 2017 06:45:04 INFO ------ Personal Fans Page: 12
Mon, 25 Sep 2017 06:45:05 INFO ------ Personal Fans Page: 13
Mon, 25 Sep 2017 06:45:06 INFO ------ Personal Fans Page: 14
Mon, 25 Sep 2017 06:45:06 INFO ------ Personal Fans Page: 15
Mon, 25 Sep 2017 06:45:08 INFO ------ Personal Fans Page: 16
Mon, 25 Sep 2017 06:45:08 INFO ------ Personal Fans Page: 17
Mon, 25 Sep 2017 06:45:09 INFO ------ Personal Fans Page: 18
Mon, 25 Sep 2017 06:45:10 INFO ------ Personal Fans Page: 19
Mon, 25 Sep 2017 06:45:10 INFO ------ Personal Fans Page: 20
Mon, 25 Sep 2017 06:45:11 INFO ------ Personal Fans Page: 21
Mon, 25 Sep 2017 06:45:12 INFO Personal uid: 1758999293, name: 李阁1215
Mon, 25 Sep 2017 06:45:13 INFO -- Personal pageId: 1005051758999293
Mon, 25 Sep 2017 06:45:13 INFO ---- Get Personal Info
Mon, 25 Sep 2017 06:45:13 INFO ---- Get Personal Fans
Mon, 25 Sep 2017 06:45:13 INFO ------ Personal Fans Page: 1
Mon, 25 Sep 2017 06:45:14 INFO ------ Personal Fans Page: 2
Mon, 25 Sep 2017 06:45:15 INFO ------ Personal Fans Page: 3
Mon, 25 Sep 2017 06:45:15 INFO ------ Personal Fans Page: 4
Mon, 25 Sep 2017 06:45:16 INFO ------ Personal Fans Page: 5
Mon, 25 Sep 2017 06:45:17 INFO ------ Personal Fans Page: 6
Mon, 25 Sep 2017 06:45:17 INFO ------ Personal Fans Page: 7
Mon, 25 Sep 2017 06:45:18 INFO ------ Personal Fans Page: 8
Mon, 25 Sep 2017 06:45:19 INFO ------ Personal Fans Page: 9
Mon, 25 Sep 2017 06:45:19 INFO ------ Personal Fans Page: 10
Mon, 25 Sep 2017 06:45:20 INFO ------ Personal Fans Page: 11
Mon, 25 Sep 2017 06:45:21 INFO ------ Personal Fans Page: 12
Mon, 25 Sep 2017 06:45:21 INFO ------ Personal Fans Page: 13
Mon, 25 Sep 2017 06:45:22 INFO ------ Personal Fans Page: 14
Mon, 25 Sep 2017 06:45:23 INFO ------ Personal Fans Page: 15
Mon, 25 Sep 2017 06:45:23 INFO ------ Personal Fans Page: 16
Mon, 25 Sep 2017 06:45:24 INFO ------ Personal Fans Page: 17
Mon, 25 Sep 2017 06:45:25 INFO ------ Personal Fans Page: 18
Mon, 25 Sep 2017 06:45:26 INFO ------ Personal Fans Page: 19
Mon, 25 Sep 2017 06:45:26 INFO ------ Personal Fans Page: 20
Mon, 25 Sep 2017 06:45:27 INFO ------ Personal Fans Page: 21
Mon, 25 Sep 2017 06:45:28 INFO Personal uid: 1759799477, name: 草味
Mon, 25 Sep 2017 06:45:29 INFO -- Personal pageId: 1005051759799477
Mon, 25 Sep 2017 06:45:29 INFO ---- Get Personal Info
Mon, 25 Sep 2017 06:45:30 INFO ---- Get Personal Fans
Mon, 25 Sep 2017 06:45:30 INFO ------ Personal Fans Page: 1
Mon, 25 Sep 2017 06:45:31 INFO ------ Personal Fans Page: 2
Mon, 25 Sep 2017 06:45:31 INFO ------ Personal Fans Page: 3
Mon, 25 Sep 2017 06:45:32 INFO ------ Personal Fans Page: 4
Mon, 25 Sep 2017 06:45:33 INFO ------ Personal Fans Page: 5
Mon, 25 Sep 2017 06:45:33 INFO Personal uid: 1759977915, name: 小骄傲的晴天
Mon, 25 Sep 2017 06:45:35 INFO -- Personal pageId: 1005051759977915
Mon, 25 Sep 2017 06:45:35 INFO ---- Get Personal Info
Mon, 25 Sep 2017 06:45:35 INFO ---- Get Personal Fans
Mon, 25 Sep 2017 06:45:35 INFO ------ Personal Fans Page: 1
Mon, 25 Sep 2017 06:45:36 INFO ------ Personal Fans Page: 2
Mon, 25 Sep 2017 06:45:36 INFO ------ Personal Fans Page: 3
Mon, 25 Sep 2017 06:45:37 INFO ------ Personal Fans Page: 4
Mon, 25 Sep 2017 06:45:37 INFO ------ Personal Fans Page: 5
Mon, 25 Sep 2017 06:45:38 INFO ------ Personal Fans Page: 6
Mon, 25 Sep 2017 06:45:39 INFO ------ Personal Fans Page: 7
Mon, 25 Sep 2017 06:45:39 INFO ------ Personal Fans Page: 8
Mon, 25 Sep 2017 06:45:40 INFO ------ Personal Fans Page: 9
Mon, 25 Sep 2017 06:45:41 INFO ------ Personal Fans Page: 10
Mon, 25 Sep 2017 06:45:41 INFO ------ Personal Fans Page: 11
Mon, 25 Sep 2017 06:45:42 INFO ------ Personal Fans Page: 12
Mon, 25 Sep 2017 06:45:44 INFO ------ Personal Fans Page: 13
Mon, 25 Sep 2017 06:45:44 INFO Personal uid: 1760386341, name: Rita亚儿
Mon, 25 Sep 2017 06:45:45 INFO -- Personal pageId: 1005051760386341
Mon, 25 Sep 2017 06:45:45 INFO ---- Get Personal Info
Mon, 25 Sep 2017 06:45:46 INFO ---- Get Personal Fans
Mon, 25 Sep 2017 06:45:46 INFO ------ Personal Fans Page: 1
Mon, 25 Sep 2017 06:45:46 INFO ------ Personal Fans Page: 2
Mon, 25 Sep 2017 06:45:47 INFO ------ Personal Fans Page: 3
Mon, 25 Sep 2017 06:45:48 INFO ------ Personal Fans Page: 4
Mon, 25 Sep 2017 06:45:48 INFO ------ Personal Fans Page: 5
Mon, 25 Sep 2017 06:45:49 INFO ------ Personal Fans Page: 6
Mon, 25 Sep 2017 06:45:50 INFO ------ Personal Fans Page: 7
Mon, 25 Sep 2017 06:45:50 INFO ------ Personal Fans Page: 8
Mon, 25 Sep 2017 06:45:51 INFO ------ Personal Fans Page: 9
Mon, 25 Sep 2017 06:45:52 INFO ------ Personal Fans Page: 10
Mon, 25 Sep 2017 06:45:53 INFO ------ Personal Fans Page: 11
Mon, 25 Sep 2017 06:45:54 INFO ------ Personal Fans Page: 12
Mon, 25 Sep 2017 06:45:55 INFO ------ Personal Fans Page: 13
Mon, 25 Sep 2017 06:45:56 INFO ------ Personal Fans Page: 14
Mon, 25 Sep 2017 06:45:57 INFO ------ Personal Fans Page: 15
Mon, 25 Sep 2017 06:45:58 INFO ------ Personal Fans Page: 16
Mon, 25 Sep 2017 06:45:58 INFO ------ Personal Fans Page: 17
Mon, 25 Sep 2017 06:45:59 INFO Personal uid: 1760463922, name: 鱼fishstarfish
Mon, 25 Sep 2017 06:46:00 INFO -- Personal pageId: 1005051760463922
Mon, 25 Sep 2017 06:46:00 INFO ---- Get Personal Info
Mon, 25 Sep 2017 06:46:00 INFO ---- Get Personal Fans
Mon, 25 Sep 2017 06:46:00 INFO ------ Personal Fans Page: 1
Mon, 25 Sep 2017 06:46:01 INFO ------ Personal Fans Page: 2
Mon, 25 Sep 2017 06:46:02 INFO ------ Personal Fans Page: 3
Mon, 25 Sep 2017 06:46:03 INFO ------ Personal Fans Page: 4
Mon, 25 Sep 2017 06:46:03 INFO ------ Personal Fans Page: 5
Mon, 25 Sep 2017 06:46:04 INFO ------ Personal Fans Page: 6
Mon, 25 Sep 2017 06:46:04 INFO ------ Personal Fans Page: 7
Mon, 25 Sep 2017 06:46:05 INFO ------ Personal Fans Page: 8
Mon, 25 Sep 2017 06:46:06 INFO ------ Personal Fans Page: 9
Mon, 25 Sep 2017 06:46:06 INFO ------ Personal Fans Page: 10
Mon, 25 Sep 2017 06:46:07 INFO ------ Personal Fans Page: 11
Mon, 25 Sep 2017 06:46:08 INFO ------ Personal Fans Page: 12
Mon, 25 Sep 2017 06:46:08 INFO ------ Personal Fans Page: 13
Mon, 25 Sep 2017 06:46:09 INFO ------ Personal Fans Page: 14
Mon, 25 Sep 2017 06:46:09 INFO ------ Personal Fans Page: 15
Mon, 25 Sep 2017 06:46:10 INFO ------ Personal Fans Page: 16
Mon, 25 Sep 2017 06:46:11 INFO ------ Personal Fans Page: 17
Mon, 25 Sep 2017 06:46:12 INFO ------ Personal Fans Page: 18
Mon, 25 Sep 2017 06:46:13 INFO ------ Personal Fans Page: 19
Mon, 25 Sep 2017 06:46:13 INFO ------ Personal Fans Page: 20
Mon, 25 Sep 2017 06:46:14 INFO ------ Personal Fans Page: 21
Mon, 25 Sep 2017 06:46:14 INFO ------ Personal Fans Page: 22
Mon, 25 Sep 2017 06:46:15 INFO ------ Personal Fans Page: 23
Mon, 25 Sep 2017 06:46:16 INFO ------ Personal Fans Page: 24
Mon, 25 Sep 2017 06:46:16 INFO ------ Personal Fans Page: 25
Mon, 25 Sep 2017 06:46:17 INFO ------ Personal Fans Page: 26
Mon, 25 Sep 2017 06:46:17 INFO ------ Personal Fans Page: 27
Mon, 25 Sep 2017 06:46:18 INFO ------ Personal Fans Page: 28
Mon, 25 Sep 2017 06:46:19 INFO ------ Personal Fans Page: 29
Mon, 25 Sep 2017 06:46:19 INFO ------ Personal Fans Page: 30
Mon, 25 Sep 2017 06:46:20 INFO ------ Personal Fans Page: 31
Mon, 25 Sep 2017 06:46:21 INFO ------ Personal Fans Page: 32
Mon, 25 Sep 2017 06:46:22 INFO ------ Personal Fans Page: 33
Mon, 25 Sep 2017 06:46:22 INFO ------ Personal Fans Page: 34
Mon, 25 Sep 2017 06:46:23 INFO ------ Personal Fans Page: 35
Mon, 25 Sep 2017 06:46:24 INFO ------ Personal Fans Page: 36
Mon, 25 Sep 2017 06:46:24 INFO ------ Personal Fans Page: 37
Mon, 25 Sep 2017 06:46:25 INFO ------ Personal Fans Page: 38
Mon, 25 Sep 2017 06:46:26 INFO ------ Personal Fans Page: 39
Mon, 25 Sep 2017 06:46:26 INFO ------ Personal Fans Page: 40
Mon, 25 Sep 2017 06:46:27 INFO ------ Personal Fans Page: 41
Mon, 25 Sep 2017 06:46:28 INFO ------ Personal Fans Page: 42
Mon, 25 Sep 2017 06:46:28 INFO ------ Personal Fans Page: 43
Mon, 25 Sep 2017 06:46:29 INFO ------ Personal Fans Page: 44
Mon, 25 Sep 2017 06:46:29 INFO ------ Personal Fans Page: 45
Mon, 25 Sep 2017 06:46:30 INFO ------ Personal Fans Page: 46
Mon, 25 Sep 2017 06:46:31 INFO ------ Personal Fans Page: 47
Mon, 25 Sep 2017 06:46:31 INFO ------ Personal Fans Page: 48
Mon, 25 Sep 2017 06:46:32 INFO ------ Personal Fans Page: 49
Mon, 25 Sep 2017 06:46:33 INFO ------ Personal Fans Page: 50
Mon, 25 Sep 2017 06:46:34 INFO ------ Personal Fans Page: 51
Mon, 25 Sep 2017 06:46:34 INFO ------ Personal Fans Page: 52
Mon, 25 Sep 2017 06:46:35 INFO ------ Personal Fans Page: 53
Mon, 25 Sep 2017 06:46:36 INFO Personal uid: 1760786194, name: 荆小多
Mon, 25 Sep 2017 06:46:36 INFO -- Personal pageId: 1005051760786194
Mon, 25 Sep 2017 06:46:36 INFO ---- Get Personal Info
Mon, 25 Sep 2017 06:46:37 INFO ---- Get Personal Fans
Mon, 25 Sep 2017 06:46:37 INFO ------ Personal Fans Page: 1
Mon, 25 Sep 2017 06:46:38 INFO ------ Personal Fans Page: 2
Mon, 25 Sep 2017 06:46:39 INFO ------ Personal Fans Page: 3
Mon, 25 Sep 2017 06:46:39 INFO ------ Personal Fans Page: 4
Mon, 25 Sep 2017 06:46:40 INFO ------ Personal Fans Page: 5
Mon, 25 Sep 2017 06:46:40 INFO ------ Personal Fans Page: 6
Mon, 25 Sep 2017 06:46:41 INFO ------ Personal Fans Page: 7
Mon, 25 Sep 2017 06:46:42 INFO ------ Personal Fans Page: 8
Mon, 25 Sep 2017 06:46:42 INFO ------ Personal Fans Page: 9
Mon, 25 Sep 2017 06:46:43 INFO ------ Personal Fans Page: 10
Mon, 25 Sep 2017 06:46:44 INFO ------ Personal Fans Page: 11
Mon, 25 Sep 2017 06:46:45 INFO ------ Personal Fans Page: 12
Mon, 25 Sep 2017 06:46:45 INFO ------ Personal Fans Page: 13
Mon, 25 Sep 2017 06:46:46 INFO Personal uid: 1760936745, name: 木子丁
Mon, 25 Sep 2017 06:46:47 INFO -- Personal pageId: 1005051760936745
Mon, 25 Sep 2017 06:46:47 INFO ---- Get Personal Info
Mon, 25 Sep 2017 06:46:49 INFO ---- Get Personal Fans
Mon, 25 Sep 2017 06:46:49 INFO ------ Personal Fans Page: 1
Mon, 25 Sep 2017 06:46:50 INFO ------ Personal Fans Page: 2
Mon, 25 Sep 2017 06:46:50 INFO ------ Personal Fans Page: 3
Mon, 25 Sep 2017 06:46:51 INFO ------ Personal Fans Page: 4
Mon, 25 Sep 2017 06:46:51 INFO ------ Personal Fans Page: 5
Mon, 25 Sep 2017 06:46:52 INFO ------ Personal Fans Page: 6
Mon, 25 Sep 2017 06:46:53 INFO ------ Personal Fans Page: 7
Mon, 25 Sep 2017 06:46:54 INFO ------ Personal Fans Page: 8
Mon, 25 Sep 2017 06:46:55 INFO ------ Personal Fans Page: 9
Mon, 25 Sep 2017 06:46:56 INFO ------ Personal Fans Page: 10
Mon, 25 Sep 2017 06:46:56 INFO ------ Personal Fans Page: 11
Mon, 25 Sep 2017 06:46:57 INFO ------ Personal Fans Page: 12
Mon, 25 Sep 2017 06:46:58 INFO ------ Personal Fans Page: 13
Mon, 25 Sep 2017 06:46:59 INFO ------ Personal Fans Page: 14
Mon, 25 Sep 2017 06:46:59 INFO ------ Personal Fans Page: 15
Mon, 25 Sep 2017 06:47:00 INFO ------ Personal Fans Page: 16
Mon, 25 Sep 2017 06:47:00 INFO ------ Personal Fans Page: 17
Mon, 25 Sep 2017 06:47:01 INFO Personal uid: 1760949047, name: __smile·
Mon, 25 Sep 2017 06:47:02 INFO -- Personal pageId: 1005051760949047
Mon, 25 Sep 2017 06:47:02 INFO ---- Get Personal Info
Mon, 25 Sep 2017 06:47:03 INFO ---- Get Personal Fans
Mon, 25 Sep 2017 06:47:03 INFO ------ Personal Fans Page: 1
Mon, 25 Sep 2017 06:47:04 INFO ------ Personal Fans Page: 2
Mon, 25 Sep 2017 06:47:05 INFO ------ Personal Fans Page: 3
Mon, 25 Sep 2017 06:47:05 INFO ------ Personal Fans Page: 4
Mon, 25 Sep 2017 06:47:06 INFO ------ Personal Fans Page: 5
Mon, 25 Sep 2017 06:47:07 INFO ------ Personal Fans Page: 6
Mon, 25 Sep 2017 06:47:07 INFO ------ Personal Fans Page: 7
Mon, 25 Sep 2017 06:47:08 INFO ------ Personal Fans Page: 8
Mon, 25 Sep 2017 06:47:09 INFO ------ Personal Fans Page: 9
Mon, 25 Sep 2017 06:47:09 INFO ------ Personal Fans Page: 10
Mon, 25 Sep 2017 06:47:10 INFO ------ Personal Fans Page: 11
Mon, 25 Sep 2017 06:47:11 INFO Personal uid: 1761544360, name: 紾靉覓
Mon, 25 Sep 2017 06:47:13 INFO -- Personal pageId: 1005051761544360
Mon, 25 Sep 2017 06:47:13 INFO ---- Get Personal Info
Mon, 25 Sep 2017 06:47:15 INFO ---- Get Personal Fans
Mon, 25 Sep 2017 06:47:15 INFO ------ Personal Fans Page: 1
Mon, 25 Sep 2017 06:47:16 INFO ------ Personal Fans Page: 2
Mon, 25 Sep 2017 06:47:16 INFO ------ Personal Fans Page: 3
Mon, 25 Sep 2017 06:47:17 INFO ------ Personal Fans Page: 4
Mon, 25 Sep 2017 06:47:18 INFO ------ Personal Fans Page: 5
Mon, 25 Sep 2017 06:47:18 INFO ------ Personal Fans Page: 6
Mon, 25 Sep 2017 06:47:19 INFO ------ Personal Fans Page: 7
Mon, 25 Sep 2017 06:47:20 INFO ------ Personal Fans Page: 8
Mon, 25 Sep 2017 06:47:20 INFO ------ Personal Fans Page: 9
Mon, 25 Sep 2017 06:47:21 INFO Personal uid: 1761772620, name: BR想要的东西永远买不完
Mon, 25 Sep 2017 06:47:21 INFO -- Personal pageId: 1005051761772620
Mon, 25 Sep 2017 06:47:21 INFO ---- Get Personal Info
Mon, 25 Sep 2017 06:47:23 INFO ---- Get Personal Fans
Mon, 25 Sep 2017 06:47:23 INFO ------ Personal Fans Page: 1
Mon, 25 Sep 2017 06:47:23 INFO ------ Personal Fans Page: 2
Mon, 25 Sep 2017 06:47:24 INFO ------ Personal Fans Page: 3
Mon, 25 Sep 2017 06:47:24 INFO ------ Personal Fans Page: 4
Mon, 25 Sep 2017 06:47:25 INFO ------ Personal Fans Page: 5
Mon, 25 Sep 2017 06:47:25 INFO ------ Personal Fans Page: 6
Mon, 25 Sep 2017 06:47:26 INFO ------ Personal Fans Page: 7
Mon, 25 Sep 2017 06:47:27 INFO ------ Personal Fans Page: 8
Mon, 25 Sep 2017 06:47:27 INFO ------ Personal Fans Page: 9
Mon, 25 Sep 2017 06:47:28 INFO ------ Personal Fans Page: 10
Mon, 25 Sep 2017 06:47:29 INFO ------ Personal Fans Page: 11
Mon, 25 Sep 2017 06:47:30 INFO ------ Personal Fans Page: 12
Mon, 25 Sep 2017 06:47:31 INFO ------ Personal Fans Page: 13
Mon, 25 Sep 2017 06:47:31 INFO ------ Personal Fans Page: 14
Mon, 25 Sep 2017 06:47:32 INFO ------ Personal Fans Page: 15
Mon, 25 Sep 2017 06:47:32 INFO ------ Personal Fans Page: 16
Mon, 25 Sep 2017 06:47:33 INFO Personal uid: 1761781734, name: 璃爱熙
Mon, 25 Sep 2017 06:47:34 INFO -- Personal pageId: 1005051761781734
Mon, 25 Sep 2017 06:47:34 INFO ---- Get Personal Info
Mon, 25 Sep 2017 06:47:35 INFO ---- Get Personal Fans
Mon, 25 Sep 2017 06:47:35 INFO ------ Personal Fans Page: 1
Mon, 25 Sep 2017 06:47:36 INFO ------ Personal Fans Page: 2
Mon, 25 Sep 2017 06:47:37 INFO ------ Personal Fans Page: 3
Mon, 25 Sep 2017 06:47:37 INFO ------ Personal Fans Page: 4
Mon, 25 Sep 2017 06:47:38 INFO ------ Personal Fans Page: 5
Mon, 25 Sep 2017 06:47:38 INFO ------ Personal Fans Page: 6
Mon, 25 Sep 2017 06:47:39 INFO ------ Personal Fans Page: 7
Mon, 25 Sep 2017 06:47:40 INFO ------ Personal Fans Page: 8
Mon, 25 Sep 2017 06:47:40 INFO ------ Personal Fans Page: 9
Mon, 25 Sep 2017 06:47:41 INFO ------ Personal Fans Page: 10
Mon, 25 Sep 2017 06:47:42 INFO ------ Personal Fans Page: 11
Mon, 25 Sep 2017 06:47:42 INFO ------ Personal Fans Page: 12
Mon, 25 Sep 2017 06:47:43 INFO ------ Personal Fans Page: 13
Mon, 25 Sep 2017 06:47:44 INFO ------ Personal Fans Page: 14
Mon, 25 Sep 2017 06:47:45 INFO ------ Personal Fans Page: 15
Mon, 25 Sep 2017 06:47:46 INFO ------ Personal Fans Page: 16
Mon, 25 Sep 2017 06:47:47 INFO ------ Personal Fans Page: 17
Mon, 25 Sep 2017 06:47:47 INFO ------ Personal Fans Page: 18
Mon, 25 Sep 2017 06:47:48 INFO ------ Personal Fans Page: 19
Mon, 25 Sep 2017 06:47:49 INFO ------ Personal Fans Page: 20
Mon, 25 Sep 2017 06:47:50 INFO ------ Personal Fans Page: 21
Mon, 25 Sep 2017 06:47:50 INFO ------ Personal Fans Page: 22
Mon, 25 Sep 2017 06:47:52 INFO ------ Personal Fans Page: 23
Mon, 25 Sep 2017 06:47:52 INFO ------ Personal Fans Page: 24
Mon, 25 Sep 2017 06:47:53 INFO ------ Personal Fans Page: 25
Mon, 25 Sep 2017 06:47:54 INFO ------ Personal Fans Page: 26
Mon, 25 Sep 2017 06:47:54 INFO ------ Personal Fans Page: 27
Mon, 25 Sep 2017 06:47:55 INFO ------ Personal Fans Page: 28
Mon, 25 Sep 2017 06:47:55 INFO ------ Personal Fans Page: 29
Mon, 25 Sep 2017 06:47:56 INFO ------ Personal Fans Page: 30
Mon, 25 Sep 2017 06:47:57 INFO ------ Personal Fans Page: 31
Mon, 25 Sep 2017 06:47:57 INFO ------ Personal Fans Page: 32
Mon, 25 Sep 2017 06:47:58 INFO ------ Personal Fans Page: 33
Mon, 25 Sep 2017 06:47:59 INFO ------ Personal Fans Page: 34
Mon, 25 Sep 2017 06:47:59 INFO ------ Personal Fans Page: 35
Mon, 25 Sep 2017 06:48:00 INFO ------ Personal Fans Page: 36
Mon, 25 Sep 2017 06:48:01 INFO ------ Personal Fans Page: 37
Mon, 25 Sep 2017 06:48:01 INFO ------ Personal Fans Page: 38
Mon, 25 Sep 2017 06:48:02 INFO Personal uid: 1762662227, name: SJ乔伊
Mon, 25 Sep 2017 06:48:03 INFO -- Personal pageId: 1005051762662227
Mon, 25 Sep 2017 06:48:03 INFO ---- Get Personal Info
Mon, 25 Sep 2017 06:48:04 INFO ---- Get Personal Fans
Mon, 25 Sep 2017 06:48:04 INFO ------ Personal Fans Page: 1
Mon, 25 Sep 2017 06:48:05 INFO ------ Personal Fans Page: 2
Mon, 25 Sep 2017 06:48:06 INFO ------ Personal Fans Page: 3
Mon, 25 Sep 2017 06:48:06 INFO ------ Personal Fans Page: 4
Mon, 25 Sep 2017 06:48:07 INFO ------ Personal Fans Page: 5
Mon, 25 Sep 2017 06:48:08 INFO ------ Personal Fans Page: 6
Mon, 25 Sep 2017 06:48:08 INFO ------ Personal Fans Page: 7
Mon, 25 Sep 2017 06:48:09 INFO ------ Personal Fans Page: 8
Mon, 25 Sep 2017 06:48:10 INFO ------ Personal Fans Page: 9
Mon, 25 Sep 2017 06:48:11 INFO ------ Personal Fans Page: 10
Mon, 25 Sep 2017 06:48:11 INFO ------ Personal Fans Page: 11
Mon, 25 Sep 2017 06:48:12 INFO ------ Personal Fans Page: 12
Mon, 25 Sep 2017 06:48:13 INFO ------ Personal Fans Page: 13
Mon, 25 Sep 2017 06:48:14 INFO ------ Personal Fans Page: 14
Mon, 25 Sep 2017 06:48:14 INFO Personal uid: 1762771463, name: TheSmellBeforeRain
Mon, 25 Sep 2017 06:48:15 INFO -- Personal pageId: 1005051762771463
Mon, 25 Sep 2017 06:48:15 INFO ---- Get Personal Info
Mon, 25 Sep 2017 06:48:16 INFO ---- Get Personal Fans
Mon, 25 Sep 2017 06:48:16 INFO ------ Personal Fans Page: 1
Mon, 25 Sep 2017 06:48:17 INFO ------ Personal Fans Page: 2
Mon, 25 Sep 2017 06:48:17 INFO ------ Personal Fans Page: 3
Mon, 25 Sep 2017 06:48:18 INFO ------ Personal Fans Page: 4
Mon, 25 Sep 2017 06:48:19 INFO ------ Personal Fans Page: 5
Mon, 25 Sep 2017 06:48:19 INFO ------ Personal Fans Page: 6
Mon, 25 Sep 2017 06:48:20 INFO ------ Personal Fans Page: 7
Mon, 25 Sep 2017 06:48:21 INFO ------ Personal Fans Page: 8
Mon, 25 Sep 2017 06:48:21 INFO ------ Personal Fans Page: 9
Mon, 25 Sep 2017 06:48:22 INFO ------ Personal Fans Page: 10
Mon, 25 Sep 2017 06:48:23 INFO ------ Personal Fans Page: 11
Mon, 25 Sep 2017 06:48:24 INFO Personal uid: 1763416660, name: iceFiFi
Mon, 25 Sep 2017 06:48:24 INFO -- Personal pageId: 1005051763416660
Mon, 25 Sep 2017 06:48:24 INFO ---- Get Personal Info
Mon, 25 Sep 2017 06:48:25 INFO ---- Get Personal Fans
Mon, 25 Sep 2017 06:48:25 INFO ------ Personal Fans Page: 1
Mon, 25 Sep 2017 06:48:26 INFO ------ Personal Fans Page: 2
Mon, 25 Sep 2017 06:48:27 INFO ------ Personal Fans Page: 3
Mon, 25 Sep 2017 06:48:28 INFO ------ Personal Fans Page: 4
Mon, 25 Sep 2017 06:48:28 INFO ------ Personal Fans Page: 5
Mon, 25 Sep 2017 06:48:29 INFO ------ Personal Fans Page: 6
Mon, 25 Sep 2017 06:48:30 INFO ------ Personal Fans Page: 7
Mon, 25 Sep 2017 06:48:31 INFO ------ Personal Fans Page: 8
Mon, 25 Sep 2017 06:48:32 INFO ------ Personal Fans Page: 9
Mon, 25 Sep 2017 06:48:33 INFO ------ Personal Fans Page: 10
Mon, 25 Sep 2017 06:48:33 INFO ------ Personal Fans Page: 11
Mon, 25 Sep 2017 06:48:34 INFO ------ Personal Fans Page: 12
Mon, 25 Sep 2017 06:48:35 INFO ------ Personal Fans Page: 13
Mon, 25 Sep 2017 06:48:35 INFO ------ Personal Fans Page: 14
Mon, 25 Sep 2017 06:48:36 INFO ------ Personal Fans Page: 15
Mon, 25 Sep 2017 06:48:37 INFO ------ Personal Fans Page: 16
Mon, 25 Sep 2017 06:48:38 INFO ------ Personal Fans Page: 17
Mon, 25 Sep 2017 06:48:39 INFO ------ Personal Fans Page: 18
Mon, 25 Sep 2017 06:48:42 INFO ------ Personal Fans Page: 19
Mon, 25 Sep 2017 06:48:42 INFO ------ Personal Fans Page: 20
Mon, 25 Sep 2017 06:48:43 INFO ------ Personal Fans Page: 21
Mon, 25 Sep 2017 06:48:44 INFO ------ Personal Fans Page: 22
Mon, 25 Sep 2017 06:48:45 INFO Personal uid: 1763641994, name: 兔子BB
Mon, 25 Sep 2017 06:48:45 INFO -- Personal pageId: 1005051763641994
Mon, 25 Sep 2017 06:48:45 INFO ---- Get Personal Info
Mon, 25 Sep 2017 06:48:47 INFO ---- Get Personal Fans
Mon, 25 Sep 2017 06:48:47 INFO ------ Personal Fans Page: 1
Mon, 25 Sep 2017 06:48:48 INFO ------ Personal Fans Page: 2
Mon, 25 Sep 2017 06:48:48 INFO ------ Personal Fans Page: 3
Mon, 25 Sep 2017 06:48:49 INFO ------ Personal Fans Page: 4
Mon, 25 Sep 2017 06:48:50 INFO ------ Personal Fans Page: 5
Mon, 25 Sep 2017 06:48:51 INFO ------ Personal Fans Page: 6
Mon, 25 Sep 2017 06:48:51 INFO ------ Personal Fans Page: 7
Mon, 25 Sep 2017 06:48:52 INFO ------ Personal Fans Page: 8
Mon, 25 Sep 2017 06:48:52 INFO ------ Personal Fans Page: 9
Mon, 25 Sep 2017 06:48:53 INFO ------ Personal Fans Page: 10
Mon, 25 Sep 2017 06:48:53 INFO ------ Personal Fans Page: 11
Mon, 25 Sep 2017 06:48:54 INFO ------ Personal Fans Page: 12
Mon, 25 Sep 2017 06:48:55 INFO ------ Personal Fans Page: 13
Mon, 25 Sep 2017 06:48:55 INFO ------ Personal Fans Page: 14
Mon, 25 Sep 2017 06:48:56 INFO ------ Personal Fans Page: 15
Mon, 25 Sep 2017 06:48:57 INFO ------ Personal Fans Page: 16
Mon, 25 Sep 2017 06:48:58 INFO ------ Personal Fans Page: 17
Mon, 25 Sep 2017 06:48:59 INFO ------ Personal Fans Page: 18
Mon, 25 Sep 2017 06:48:59 INFO ------ Personal Fans Page: 19
Mon, 25 Sep 2017 06:49:00 INFO ------ Personal Fans Page: 20
Mon, 25 Sep 2017 06:49:00 INFO ------ Personal Fans Page: 21
Mon, 25 Sep 2017 06:49:01 INFO ------ Personal Fans Page: 22
Mon, 25 Sep 2017 06:49:01 INFO ------ Personal Fans Page: 23
Mon, 25 Sep 2017 06:49:02 INFO Personal uid: 1764108051, name: 墨上蜻蜓
Mon, 25 Sep 2017 06:49:03 INFO -- Personal pageId: 1005051764108051
Mon, 25 Sep 2017 06:49:03 INFO ---- Get Personal Info
Mon, 25 Sep 2017 06:49:04 INFO ---- Get Personal Fans
Mon, 25 Sep 2017 06:49:04 INFO ------ Personal Fans Page: 1
Mon, 25 Sep 2017 06:49:05 INFO ------ Personal Fans Page: 2
Mon, 25 Sep 2017 06:49:06 INFO ------ Personal Fans Page: 3
Mon, 25 Sep 2017 06:49:06 INFO ------ Personal Fans Page: 4
Mon, 25 Sep 2017 06:49:07 INFO ------ Personal Fans Page: 5
Mon, 25 Sep 2017 06:49:07 INFO ------ Personal Fans Page: 6
Mon, 25 Sep 2017 06:49:08 INFO ------ Personal Fans Page: 7
Mon, 25 Sep 2017 06:49:09 INFO ------ Personal Fans Page: 8
Mon, 25 Sep 2017 06:49:10 INFO ------ Personal Fans Page: 9
Mon, 25 Sep 2017 06:49:10 INFO ------ Personal Fans Page: 10
Mon, 25 Sep 2017 06:49:11 INFO ------ Personal Fans Page: 11
Mon, 25 Sep 2017 06:49:11 INFO ------ Personal Fans Page: 12
Mon, 25 Sep 2017 06:49:12 INFO ------ Personal Fans Page: 13
Mon, 25 Sep 2017 06:49:13 INFO ------ Personal Fans Page: 14
Mon, 25 Sep 2017 06:49:13 INFO ------ Personal Fans Page: 15
Mon, 25 Sep 2017 06:49:14 INFO ------ Personal Fans Page: 16
Mon, 25 Sep 2017 06:49:15 INFO ------ Personal Fans Page: 17
Mon, 25 Sep 2017 06:49:15 INFO ------ Personal Fans Page: 18
Mon, 25 Sep 2017 06:49:16 INFO ------ Personal Fans Page: 19
Mon, 25 Sep 2017 06:49:17 INFO ------ Personal Fans Page: 20
Mon, 25 Sep 2017 06:49:17 INFO ------ Personal Fans Page: 21
Mon, 25 Sep 2017 06:49:18 INFO ------ Personal Fans Page: 22
Mon, 25 Sep 2017 06:49:19 INFO ------ Personal Fans Page: 23
Mon, 25 Sep 2017 06:49:20 INFO ------ Personal Fans Page: 24
Mon, 25 Sep 2017 06:49:20 INFO ------ Personal Fans Page: 25
Mon, 25 Sep 2017 06:49:21 INFO ------ Personal Fans Page: 26
Mon, 25 Sep 2017 06:49:21 INFO ------ Personal Fans Page: 27
Mon, 25 Sep 2017 06:49:22 INFO ------ Personal Fans Page: 28
Mon, 25 Sep 2017 06:49:23 INFO ------ Personal Fans Page: 29
Mon, 25 Sep 2017 06:49:24 INFO ------ Personal Fans Page: 30
Mon, 25 Sep 2017 06:49:24 INFO ------ Personal Fans Page: 31
Mon, 25 Sep 2017 06:49:25 INFO ------ Personal Fans Page: 32
Mon, 25 Sep 2017 06:49:26 INFO ------ Personal Fans Page: 33
Mon, 25 Sep 2017 06:49:26 INFO ------ Personal Fans Page: 34
Mon, 25 Sep 2017 06:49:27 INFO ------ Personal Fans Page: 35
Mon, 25 Sep 2017 06:49:28 INFO ------ Personal Fans Page: 36
Mon, 25 Sep 2017 06:49:28 INFO ------ Personal Fans Page: 37
Mon, 25 Sep 2017 06:49:29 INFO ------ Personal Fans Page: 38
Mon, 25 Sep 2017 06:49:30 INFO ------ Personal Fans Page: 39
Mon, 25 Sep 2017 06:49:30 INFO ------ Personal Fans Page: 40
Mon, 25 Sep 2017 06:49:31 INFO ------ Personal Fans Page: 41
Mon, 25 Sep 2017 06:49:32 INFO ------ Personal Fans Page: 42
Mon, 25 Sep 2017 06:49:32 INFO ------ Personal Fans Page: 43
Mon, 25 Sep 2017 06:49:33 INFO Personal uid: 1764154481, name: 牛小雨_抢注
Mon, 25 Sep 2017 06:49:33 INFO -- Personal pageId: 1005051764154481
Mon, 25 Sep 2017 06:49:33 INFO ---- Get Personal Info
Mon, 25 Sep 2017 06:49:34 INFO ---- Get Personal Fans
Mon, 25 Sep 2017 06:49:34 INFO ------ Personal Fans Page: 1
Mon, 25 Sep 2017 06:49:36 INFO ------ Personal Fans Page: 2
Mon, 25 Sep 2017 06:49:36 INFO ------ Personal Fans Page: 3
Mon, 25 Sep 2017 06:49:37 INFO ------ Personal Fans Page: 4
Mon, 25 Sep 2017 06:49:37 INFO ------ Personal Fans Page: 5
Mon, 25 Sep 2017 06:49:38 INFO ------ Personal Fans Page: 6
Mon, 25 Sep 2017 06:49:39 INFO ------ Personal Fans Page: 7
Mon, 25 Sep 2017 06:49:39 INFO ------ Personal Fans Page: 8
Mon, 25 Sep 2017 06:49:40 INFO ------ Personal Fans Page: 9
Mon, 25 Sep 2017 06:49:40 INFO ------ Personal Fans Page: 10
Mon, 25 Sep 2017 06:49:41 INFO ------ Personal Fans Page: 11
Mon, 25 Sep 2017 06:49:42 INFO ------ Personal Fans Page: 12
Mon, 25 Sep 2017 06:49:43 INFO ------ Personal Fans Page: 13
Mon, 25 Sep 2017 06:49:44 INFO ------ Personal Fans Page: 14
Mon, 25 Sep 2017 06:49:44 INFO ------ Personal Fans Page: 15
Mon, 25 Sep 2017 06:49:45 INFO ------ Personal Fans Page: 16
Mon, 25 Sep 2017 06:49:46 INFO ------ Personal Fans Page: 17
Mon, 25 Sep 2017 06:49:47 INFO Personal uid: 1764352063, name: 特肥的俩娃妈简称特妈
Mon, 25 Sep 2017 06:49:47 INFO -- Personal pageId: 1005051764352063
Mon, 25 Sep 2017 06:49:47 INFO ---- Get Personal Info
Mon, 25 Sep 2017 06:49:49 INFO ---- Get Personal Fans
Mon, 25 Sep 2017 06:49:49 INFO ------ Personal Fans Page: 1
Mon, 25 Sep 2017 06:49:49 INFO ------ Personal Fans Page: 2
Mon, 25 Sep 2017 06:49:50 INFO ------ Personal Fans Page: 3
Mon, 25 Sep 2017 06:49:51 INFO ------ Personal Fans Page: 4
Mon, 25 Sep 2017 06:49:51 INFO ------ Personal Fans Page: 5
Mon, 25 Sep 2017 06:49:52 INFO ------ Personal Fans Page: 6
Mon, 25 Sep 2017 06:49:53 INFO ------ Personal Fans Page: 7
Mon, 25 Sep 2017 06:49:53 INFO ------ Personal Fans Page: 8
Mon, 25 Sep 2017 06:49:54 INFO ------ Personal Fans Page: 9
Mon, 25 Sep 2017 06:49:55 INFO ------ Personal Fans Page: 10
Mon, 25 Sep 2017 06:49:55 INFO ------ Personal Fans Page: 11
Mon, 25 Sep 2017 06:49:56 INFO ------ Personal Fans Page: 12
Mon, 25 Sep 2017 06:49:56 INFO ------ Personal Fans Page: 13
Mon, 25 Sep 2017 06:49:57 INFO ------ Personal Fans Page: 14
Mon, 25 Sep 2017 06:49:58 INFO ------ Personal Fans Page: 15
Mon, 25 Sep 2017 06:49:58 INFO ------ Personal Fans Page: 16
Mon, 25 Sep 2017 06:49:59 INFO ------ Personal Fans Page: 17
Mon, 25 Sep 2017 06:49:59 INFO ------ Personal Fans Page: 18
Mon, 25 Sep 2017 06:50:00 INFO ------ Personal Fans Page: 19
Mon, 25 Sep 2017 06:50:01 INFO ------ Personal Fans Page: 20
Mon, 25 Sep 2017 06:50:01 INFO ------ Personal Fans Page: 21
Mon, 25 Sep 2017 06:50:02 INFO ------ Personal Fans Page: 22
Mon, 25 Sep 2017 06:50:02 INFO ------ Personal Fans Page: 23
Mon, 25 Sep 2017 06:50:03 INFO ------ Personal Fans Page: 24
Mon, 25 Sep 2017 06:50:04 INFO ------ Personal Fans Page: 25
Mon, 25 Sep 2017 06:50:05 INFO ------ Personal Fans Page: 26
Mon, 25 Sep 2017 06:50:05 INFO ------ Personal Fans Page: 27
Mon, 25 Sep 2017 06:50:06 INFO ------ Personal Fans Page: 28
Mon, 25 Sep 2017 06:50:07 INFO ------ Personal Fans Page: 29
Mon, 25 Sep 2017 06:50:07 INFO ------ Personal Fans Page: 30
Mon, 25 Sep 2017 06:50:08 INFO ------ Personal Fans Page: 31
