Sun, 24 Sep 2017 22:51:26 INFO Personal uid: 5768315778, name: 一个小奶酪
Sun, 24 Sep 2017 22:51:27 INFO -- Personal pageId: 1005055768315778
Sun, 24 Sep 2017 22:51:27 INFO ---- Get Personal Info
Sun, 24 Sep 2017 22:51:28 INFO ---- Get Personal Fans
Sun, 24 Sep 2017 22:51:28 INFO ------ Personal Fans Page: 1
Sun, 24 Sep 2017 22:51:30 INFO ------ Personal Fans Page: 2
Sun, 24 Sep 2017 22:51:30 INFO ------ Personal Fans Page: 3
Sun, 24 Sep 2017 22:51:31 INFO ------ Personal Fans Page: 4
Sun, 24 Sep 2017 22:51:32 INFO Personal uid: 5770233790, name: 611xss
Sun, 24 Sep 2017 22:51:34 INFO -- Personal pageId: 1005055770233790
Sun, 24 Sep 2017 22:51:34 INFO ---- Get Personal Info
Sun, 24 Sep 2017 22:51:35 INFO ---- Get Personal Fans
Sun, 24 Sep 2017 22:51:35 INFO ------ Personal Fans Page: 1
Sun, 24 Sep 2017 22:51:36 INFO ------ Personal Fans Page: 2
Sun, 24 Sep 2017 22:51:37 INFO ------ Personal Fans Page: 3
Sun, 24 Sep 2017 22:51:38 INFO ------ Personal Fans Page: 4
Sun, 24 Sep 2017 22:51:39 INFO ------ Personal Fans Page: 5
Sun, 24 Sep 2017 22:51:40 INFO ------ Personal Fans Page: 6
Sun, 24 Sep 2017 22:51:41 INFO ------ Personal Fans Page: 7
Sun, 24 Sep 2017 22:51:42 INFO ------ Personal Fans Page: 8
Sun, 24 Sep 2017 22:51:42 INFO ------ Personal Fans Page: 9
Sun, 24 Sep 2017 22:51:43 INFO ------ Personal Fans Page: 10
Sun, 24 Sep 2017 22:51:44 INFO ------ Personal Fans Page: 11
Sun, 24 Sep 2017 22:51:45 INFO ------ Personal Fans Page: 12
Sun, 24 Sep 2017 22:51:48 INFO Personal uid: 5770740735, name: Mani蒋红
Sun, 24 Sep 2017 22:51:49 INFO -- Personal pageId: 1005055770740735
Sun, 24 Sep 2017 22:51:49 INFO ---- Get Personal Info
Sun, 24 Sep 2017 22:51:50 INFO ---- Get Personal Fans
Sun, 24 Sep 2017 22:51:50 INFO ------ Personal Fans Page: 1
Sun, 24 Sep 2017 22:51:51 INFO ------ Personal Fans Page: 2
Sun, 24 Sep 2017 22:51:52 INFO ------ Personal Fans Page: 3
Sun, 24 Sep 2017 22:51:54 INFO ------ Personal Fans Page: 4
Sun, 24 Sep 2017 22:51:56 INFO ------ Personal Fans Page: 5
Sun, 24 Sep 2017 22:51:58 INFO ------ Personal Fans Page: 6
Sun, 24 Sep 2017 22:51:59 INFO ------ Personal Fans Page: 7
Sun, 24 Sep 2017 22:52:00 INFO Personal uid: 5770895213, name: 唐三啊啊啊
Sun, 24 Sep 2017 22:52:02 INFO -- Personal pageId: 1005055770895213
Sun, 24 Sep 2017 22:52:02 INFO ---- Get Personal Info
Sun, 24 Sep 2017 22:52:03 INFO ---- Get Personal Fans
Sun, 24 Sep 2017 22:52:03 INFO ------ Personal Fans Page: 1
Sun, 24 Sep 2017 22:52:04 INFO ------ Personal Fans Page: 2
Sun, 24 Sep 2017 22:52:06 INFO ------ Personal Fans Page: 3
Sun, 24 Sep 2017 22:52:07 INFO ------ Personal Fans Page: 4
Sun, 24 Sep 2017 22:52:08 INFO ------ Personal Fans Page: 5
Sun, 24 Sep 2017 22:52:09 INFO ------ Personal Fans Page: 6
Sun, 24 Sep 2017 22:52:10 INFO ------ Personal Fans Page: 7
Sun, 24 Sep 2017 22:52:12 INFO ------ Personal Fans Page: 8
Sun, 24 Sep 2017 22:52:14 INFO ------ Personal Fans Page: 9
Sun, 24 Sep 2017 22:52:17 INFO ------ Personal Fans Page: 10
Sun, 24 Sep 2017 22:52:19 INFO ------ Personal Fans Page: 11
Sun, 24 Sep 2017 22:52:20 INFO ------ Personal Fans Page: 12
Sun, 24 Sep 2017 22:52:21 INFO ------ Personal Fans Page: 13
Sun, 24 Sep 2017 22:52:24 INFO ------ Personal Fans Page: 14
Sun, 24 Sep 2017 22:52:26 INFO ------ Personal Fans Page: 15
Sun, 24 Sep 2017 22:52:28 INFO ------ Personal Fans Page: 16
Sun, 24 Sep 2017 22:52:29 INFO ------ Personal Fans Page: 17
Sun, 24 Sep 2017 22:52:30 INFO ------ Personal Fans Page: 18
Sun, 24 Sep 2017 22:52:31 INFO ------ Personal Fans Page: 19
Sun, 24 Sep 2017 22:52:32 INFO Personal uid: 5771013852, name: 用户5771013852
Sun, 24 Sep 2017 22:52:34 INFO -- Personal pageId: 1005055771013852
Sun, 24 Sep 2017 22:52:34 INFO ---- Get Personal Info
Sun, 24 Sep 2017 22:52:35 INFO ---- Get Personal Fans
Sun, 24 Sep 2017 22:52:35 INFO ------ Personal Fans Page: 1
Sun, 24 Sep 2017 22:52:36 INFO ------ Personal Fans Page: 2
Sun, 24 Sep 2017 22:52:37 INFO ------ Personal Fans Page: 3
Sun, 24 Sep 2017 22:52:39 INFO ------ Personal Fans Page: 4
Sun, 24 Sep 2017 22:52:40 INFO ------ Personal Fans Page: 5
Sun, 24 Sep 2017 22:52:41 INFO ------ Personal Fans Page: 6
Sun, 24 Sep 2017 22:52:43 INFO ------ Personal Fans Page: 7
Sun, 24 Sep 2017 22:52:46 INFO ------ Personal Fans Page: 8
Sun, 24 Sep 2017 22:52:48 INFO ------ Personal Fans Page: 9
Sun, 24 Sep 2017 22:52:49 INFO ------ Personal Fans Page: 10
Sun, 24 Sep 2017 22:52:51 INFO ------ Personal Fans Page: 11
Sun, 24 Sep 2017 22:52:52 INFO ------ Personal Fans Page: 12
Sun, 24 Sep 2017 22:52:55 INFO ------ Personal Fans Page: 13
Sun, 24 Sep 2017 22:52:56 INFO ------ Personal Fans Page: 14
Sun, 24 Sep 2017 22:52:57 INFO ------ Personal Fans Page: 15
Sun, 24 Sep 2017 22:52:59 INFO ------ Personal Fans Page: 16
Sun, 24 Sep 2017 22:53:00 INFO ------ Personal Fans Page: 17
Sun, 24 Sep 2017 22:53:02 INFO Personal uid: 5771786755, name: 风一般的建筑狗
Sun, 24 Sep 2017 22:53:04 INFO -- Personal pageId: 1005055771786755
Sun, 24 Sep 2017 22:53:04 INFO ---- Get Personal Info
Sun, 24 Sep 2017 22:53:06 INFO ---- Get Personal Fans
Sun, 24 Sep 2017 22:53:06 INFO ------ Personal Fans Page: 1
Sun, 24 Sep 2017 22:53:07 INFO ------ Personal Fans Page: 2
Sun, 24 Sep 2017 22:53:09 INFO ------ Personal Fans Page: 3
Sun, 24 Sep 2017 22:53:10 INFO ------ Personal Fans Page: 4
Sun, 24 Sep 2017 22:53:11 INFO ------ Personal Fans Page: 5
Sun, 24 Sep 2017 22:53:12 INFO ------ Personal Fans Page: 6
Sun, 24 Sep 2017 22:53:13 INFO ------ Personal Fans Page: 7
Sun, 24 Sep 2017 22:53:14 INFO ------ Personal Fans Page: 8
Sun, 24 Sep 2017 22:53:15 INFO ------ Personal Fans Page: 9
Sun, 24 Sep 2017 22:53:16 INFO Personal uid: 5772766837, name: 泡泡_20170
Sun, 24 Sep 2017 22:53:18 INFO -- Personal pageId: 1005055772766837
Sun, 24 Sep 2017 22:53:18 INFO ---- Get Personal Info
Sun, 24 Sep 2017 22:53:19 INFO ---- Get Personal Fans
Sun, 24 Sep 2017 22:53:19 INFO ------ Personal Fans Page: 1
Sun, 24 Sep 2017 22:53:20 INFO ------ Personal Fans Page: 2
Sun, 24 Sep 2017 22:53:21 INFO ------ Personal Fans Page: 3
Sun, 24 Sep 2017 22:53:22 INFO ------ Personal Fans Page: 4
Sun, 24 Sep 2017 22:53:23 INFO ------ Personal Fans Page: 5
Sun, 24 Sep 2017 22:53:24 INFO ------ Personal Fans Page: 6
Sun, 24 Sep 2017 22:53:25 INFO Personal uid: 5774957109, name: 妞妞小可爱baby
Sun, 24 Sep 2017 22:53:26 INFO -- Personal pageId: 1005055774957109
Sun, 24 Sep 2017 22:53:26 INFO ---- Get Personal Info
Sun, 24 Sep 2017 22:53:27 INFO ---- Get Personal Fans
Sun, 24 Sep 2017 22:53:27 INFO ------ Personal Fans Page: 1
Sun, 24 Sep 2017 22:53:29 INFO ------ Personal Fans Page: 2
Sun, 24 Sep 2017 22:53:29 INFO ------ Personal Fans Page: 3
Sun, 24 Sep 2017 22:53:30 INFO ------ Personal Fans Page: 4
Sun, 24 Sep 2017 22:53:31 INFO ------ Personal Fans Page: 5
Sun, 24 Sep 2017 22:53:32 INFO ------ Personal Fans Page: 6
Sun, 24 Sep 2017 22:53:33 INFO ------ Personal Fans Page: 7
Sun, 24 Sep 2017 22:53:34 INFO ------ Personal Fans Page: 8
Sun, 24 Sep 2017 22:53:35 INFO ------ Personal Fans Page: 9
Sun, 24 Sep 2017 22:53:37 INFO ------ Personal Fans Page: 10
Sun, 24 Sep 2017 22:53:38 INFO ------ Personal Fans Page: 11
Sun, 24 Sep 2017 22:53:39 INFO ------ Personal Fans Page: 12
Sun, 24 Sep 2017 22:53:41 INFO ------ Personal Fans Page: 13
Sun, 24 Sep 2017 22:53:42 INFO ------ Personal Fans Page: 14
Sun, 24 Sep 2017 22:53:43 INFO ------ Personal Fans Page: 15
Sun, 24 Sep 2017 22:53:45 INFO ------ Personal Fans Page: 16
Sun, 24 Sep 2017 22:53:46 INFO ------ Personal Fans Page: 17
Sun, 24 Sep 2017 22:53:47 INFO ------ Personal Fans Page: 18
Sun, 24 Sep 2017 22:53:48 INFO ------ Personal Fans Page: 19
Sun, 24 Sep 2017 22:53:49 INFO ------ Personal Fans Page: 20
Sun, 24 Sep 2017 22:53:50 INFO ------ Personal Fans Page: 21
Sun, 24 Sep 2017 22:53:50 INFO Personal uid: 5776345101, name: 酸菜不太辣
Sun, 24 Sep 2017 22:53:51 INFO -- Personal pageId: 1005055776345101
Sun, 24 Sep 2017 22:53:51 INFO ---- Get Personal Info
Sun, 24 Sep 2017 22:53:53 INFO ---- Get Personal Fans
Sun, 24 Sep 2017 22:53:53 INFO ------ Personal Fans Page: 1
Sun, 24 Sep 2017 22:53:54 INFO ------ Personal Fans Page: 2
Sun, 24 Sep 2017 22:53:55 INFO ------ Personal Fans Page: 3
Sun, 24 Sep 2017 22:53:56 INFO ------ Personal Fans Page: 4
Sun, 24 Sep 2017 22:53:57 INFO ------ Personal Fans Page: 5
Sun, 24 Sep 2017 22:53:58 INFO ------ Personal Fans Page: 6
Sun, 24 Sep 2017 22:53:59 INFO ------ Personal Fans Page: 7
Sun, 24 Sep 2017 22:54:00 INFO ------ Personal Fans Page: 8
Sun, 24 Sep 2017 22:54:01 INFO ------ Personal Fans Page: 9
Sun, 24 Sep 2017 22:54:01 INFO ------ Personal Fans Page: 10
Sun, 24 Sep 2017 22:54:02 INFO ------ Personal Fans Page: 11
Sun, 24 Sep 2017 22:54:03 INFO ------ Personal Fans Page: 12
Sun, 24 Sep 2017 22:54:04 INFO ------ Personal Fans Page: 13
Sun, 24 Sep 2017 22:54:06 INFO ------ Personal Fans Page: 14
Sun, 24 Sep 2017 22:54:07 INFO ------ Personal Fans Page: 15
Sun, 24 Sep 2017 22:54:07 INFO ------ Personal Fans Page: 16
Sun, 24 Sep 2017 22:54:08 INFO ------ Personal Fans Page: 17
Sun, 24 Sep 2017 22:54:09 INFO ------ Personal Fans Page: 18
Sun, 24 Sep 2017 22:54:10 INFO ------ Personal Fans Page: 19
Sun, 24 Sep 2017 22:54:10 INFO Personal uid: 5777350690, name: A-卡恩
Sun, 24 Sep 2017 22:54:12 INFO -- Personal pageId: 1005055777350690
Sun, 24 Sep 2017 22:54:12 INFO ---- Get Personal Info
Sun, 24 Sep 2017 22:54:13 INFO ---- Get Personal Fans
Sun, 24 Sep 2017 22:54:13 INFO ------ Personal Fans Page: 1
Sun, 24 Sep 2017 22:54:14 INFO ------ Personal Fans Page: 2
Sun, 24 Sep 2017 22:54:15 INFO ------ Personal Fans Page: 3
Sun, 24 Sep 2017 22:54:16 INFO ------ Personal Fans Page: 4
Sun, 24 Sep 2017 22:54:16 INFO ------ Personal Fans Page: 5
Sun, 24 Sep 2017 22:54:17 INFO ------ Personal Fans Page: 6
Sun, 24 Sep 2017 22:54:18 INFO ------ Personal Fans Page: 7
Sun, 24 Sep 2017 22:54:19 INFO ------ Personal Fans Page: 8
Sun, 24 Sep 2017 22:54:20 INFO ------ Personal Fans Page: 9
Sun, 24 Sep 2017 22:54:21 INFO ------ Personal Fans Page: 10
Sun, 24 Sep 2017 22:54:23 INFO ------ Personal Fans Page: 11
Sun, 24 Sep 2017 22:54:24 INFO ------ Personal Fans Page: 12
Sun, 24 Sep 2017 22:54:25 INFO Personal uid: 5778527674, name: QgMONSTER
Sun, 24 Sep 2017 22:54:25 INFO -- Personal pageId: 1005055778527674
Sun, 24 Sep 2017 22:54:25 INFO ---- Get Personal Info
Sun, 24 Sep 2017 22:54:26 INFO ---- Get Personal Fans
Sun, 24 Sep 2017 22:54:26 INFO ------ Personal Fans Page: 1
Sun, 24 Sep 2017 22:54:27 INFO ------ Personal Fans Page: 2
Sun, 24 Sep 2017 22:54:28 INFO ------ Personal Fans Page: 3
Sun, 24 Sep 2017 22:54:29 INFO ------ Personal Fans Page: 4
Sun, 24 Sep 2017 22:54:30 INFO ------ Personal Fans Page: 5
Sun, 24 Sep 2017 22:54:31 INFO ------ Personal Fans Page: 6
Sun, 24 Sep 2017 22:54:32 INFO ------ Personal Fans Page: 7
Sun, 24 Sep 2017 22:54:33 INFO ------ Personal Fans Page: 8
Sun, 24 Sep 2017 22:54:33 INFO ------ Personal Fans Page: 9
Sun, 24 Sep 2017 22:54:34 INFO ------ Personal Fans Page: 10
Sun, 24 Sep 2017 22:54:35 INFO Personal uid: 5778904290, name: 朵咩咩baby王艺璇
Sun, 24 Sep 2017 22:54:37 INFO -- Personal pageId: 1005055778904290
Sun, 24 Sep 2017 22:54:37 INFO ---- Get Personal Info
Sun, 24 Sep 2017 22:54:38 INFO ---- Get Personal Fans
Sun, 24 Sep 2017 22:54:38 INFO ------ Personal Fans Page: 1
Sun, 24 Sep 2017 22:54:39 INFO ------ Personal Fans Page: 2
Sun, 24 Sep 2017 22:54:40 INFO ------ Personal Fans Page: 3
Sun, 24 Sep 2017 22:54:40 INFO ------ Personal Fans Page: 4
Sun, 24 Sep 2017 22:54:41 INFO ------ Personal Fans Page: 5
Sun, 24 Sep 2017 22:54:42 INFO ------ Personal Fans Page: 6
Sun, 24 Sep 2017 22:54:43 INFO ------ Personal Fans Page: 7
Sun, 24 Sep 2017 22:54:44 INFO ------ Personal Fans Page: 8
Sun, 24 Sep 2017 22:54:45 INFO Personal uid: 5779351371, name: 月影日漩
Sun, 24 Sep 2017 22:54:47 INFO -- Personal pageId: 1005055779351371
Sun, 24 Sep 2017 22:54:47 INFO ---- Get Personal Info
Sun, 24 Sep 2017 22:54:48 INFO ---- Get Personal Fans
Sun, 24 Sep 2017 22:54:48 INFO ------ Personal Fans Page: 1
Sun, 24 Sep 2017 22:54:49 INFO ------ Personal Fans Page: 2
Sun, 24 Sep 2017 22:54:50 INFO ------ Personal Fans Page: 3
Sun, 24 Sep 2017 22:54:50 INFO ------ Personal Fans Page: 4
Sun, 24 Sep 2017 22:54:51 INFO Personal uid: 5779429506, name: 李板子
Sun, 24 Sep 2017 22:54:52 INFO -- Personal pageId: 1005055779429506
Sun, 24 Sep 2017 22:54:52 INFO ---- Get Personal Info
Sun, 24 Sep 2017 22:54:53 INFO ---- Get Personal Fans
Sun, 24 Sep 2017 22:54:53 INFO ------ Personal Fans Page: 1
Sun, 24 Sep 2017 22:54:54 INFO ------ Personal Fans Page: 2
Sun, 24 Sep 2017 22:54:55 INFO ------ Personal Fans Page: 3
Sun, 24 Sep 2017 22:54:56 INFO ------ Personal Fans Page: 4
Sun, 24 Sep 2017 22:54:57 INFO ------ Personal Fans Page: 5
Sun, 24 Sep 2017 22:54:58 INFO ------ Personal Fans Page: 6
Sun, 24 Sep 2017 22:54:59 INFO ------ Personal Fans Page: 7
Sun, 24 Sep 2017 22:55:00 INFO ------ Personal Fans Page: 8
Sun, 24 Sep 2017 22:55:01 INFO ------ Personal Fans Page: 9
Sun, 24 Sep 2017 22:55:02 INFO ------ Personal Fans Page: 10
Sun, 24 Sep 2017 22:55:03 INFO Personal uid: 5780011401, name: 你的笑没人能比我知道96599
Sun, 24 Sep 2017 22:55:04 INFO -- Personal pageId: 1005055780011401
Sun, 24 Sep 2017 22:55:04 INFO ---- Get Personal Info
Sun, 24 Sep 2017 22:55:05 INFO ---- Get Personal Fans
Sun, 24 Sep 2017 22:55:05 INFO ------ Personal Fans Page: 1
Sun, 24 Sep 2017 22:55:07 INFO ------ Personal Fans Page: 2
Sun, 24 Sep 2017 22:55:08 INFO ------ Personal Fans Page: 3
Sun, 24 Sep 2017 22:55:09 INFO ------ Personal Fans Page: 4
Sun, 24 Sep 2017 22:55:10 INFO ------ Personal Fans Page: 5
Sun, 24 Sep 2017 22:55:11 INFO ------ Personal Fans Page: 6
Sun, 24 Sep 2017 22:55:11 INFO ------ Personal Fans Page: 7
Sun, 24 Sep 2017 22:55:12 INFO ------ Personal Fans Page: 8
Sun, 24 Sep 2017 22:55:13 INFO Personal uid: 5782341953, name: HsuChiahui許佳輝
Sun, 24 Sep 2017 22:55:14 INFO -- Personal pageId: 1005055782341953
Sun, 24 Sep 2017 22:55:14 INFO ---- Get Personal Info
Sun, 24 Sep 2017 22:55:15 INFO ---- Get Personal Fans
Sun, 24 Sep 2017 22:55:15 INFO ------ Personal Fans Page: 1
Sun, 24 Sep 2017 22:55:16 INFO ------ Personal Fans Page: 2
Sun, 24 Sep 2017 22:55:18 INFO ------ Personal Fans Page: 3
Sun, 24 Sep 2017 22:55:19 INFO ------ Personal Fans Page: 4
Sun, 24 Sep 2017 22:55:20 INFO ------ Personal Fans Page: 5
Sun, 24 Sep 2017 22:55:21 INFO ------ Personal Fans Page: 6
Sun, 24 Sep 2017 22:55:22 INFO ------ Personal Fans Page: 7
Sun, 24 Sep 2017 22:55:22 INFO ------ Personal Fans Page: 8
Sun, 24 Sep 2017 22:55:23 INFO ------ Personal Fans Page: 9
Sun, 24 Sep 2017 22:55:24 INFO ------ Personal Fans Page: 10
Sun, 24 Sep 2017 22:55:25 INFO ------ Personal Fans Page: 11
Sun, 24 Sep 2017 22:55:26 INFO ------ Personal Fans Page: 12
Sun, 24 Sep 2017 22:55:27 INFO ------ Personal Fans Page: 13
Sun, 24 Sep 2017 22:55:28 INFO ------ Personal Fans Page: 14
Sun, 24 Sep 2017 22:55:29 INFO ------ Personal Fans Page: 15
Sun, 24 Sep 2017 22:55:30 INFO ------ Personal Fans Page: 16
Sun, 24 Sep 2017 22:55:30 INFO ------ Personal Fans Page: 17
Sun, 24 Sep 2017 22:55:32 INFO ------ Personal Fans Page: 18
Sun, 24 Sep 2017 22:55:32 INFO ------ Personal Fans Page: 19
Sun, 24 Sep 2017 22:55:34 INFO ------ Personal Fans Page: 20
Sun, 24 Sep 2017 22:55:35 INFO ------ Personal Fans Page: 21
Sun, 24 Sep 2017 22:55:36 INFO ------ Personal Fans Page: 22
Sun, 24 Sep 2017 22:55:37 INFO ------ Personal Fans Page: 23
Sun, 24 Sep 2017 22:55:38 INFO ------ Personal Fans Page: 24
Sun, 24 Sep 2017 22:55:38 INFO ------ Personal Fans Page: 25
Sun, 24 Sep 2017 22:55:40 INFO ------ Personal Fans Page: 26
Sun, 24 Sep 2017 22:55:41 INFO ------ Personal Fans Page: 27
Sun, 24 Sep 2017 22:55:42 INFO ------ Personal Fans Page: 28
Sun, 24 Sep 2017 22:55:43 INFO ------ Personal Fans Page: 29
Sun, 24 Sep 2017 22:55:44 INFO ------ Personal Fans Page: 30
Sun, 24 Sep 2017 22:55:45 INFO ------ Personal Fans Page: 31
Sun, 24 Sep 2017 22:55:46 INFO ------ Personal Fans Page: 32
Sun, 24 Sep 2017 22:55:47 INFO ------ Personal Fans Page: 33
Sun, 24 Sep 2017 22:55:49 INFO ------ Personal Fans Page: 34
Sun, 24 Sep 2017 22:55:50 INFO ------ Personal Fans Page: 35
Sun, 24 Sep 2017 22:55:51 INFO ------ Personal Fans Page: 36
Sun, 24 Sep 2017 22:55:52 INFO ------ Personal Fans Page: 37
Sun, 24 Sep 2017 22:55:52 INFO ------ Personal Fans Page: 38
Sun, 24 Sep 2017 22:55:54 INFO ------ Personal Fans Page: 39
Sun, 24 Sep 2017 22:55:55 INFO ------ Personal Fans Page: 40
Sun, 24 Sep 2017 22:55:56 INFO ------ Personal Fans Page: 41
Sun, 24 Sep 2017 22:55:57 INFO ------ Personal Fans Page: 42
Sun, 24 Sep 2017 22:55:58 INFO ------ Personal Fans Page: 43
Sun, 24 Sep 2017 22:55:59 INFO ------ Personal Fans Page: 44
Sun, 24 Sep 2017 22:56:00 INFO ------ Personal Fans Page: 45
Sun, 24 Sep 2017 22:56:01 INFO ------ Personal Fans Page: 46
Sun, 24 Sep 2017 22:56:02 INFO ------ Personal Fans Page: 47
Sun, 24 Sep 2017 22:56:03 INFO ------ Personal Fans Page: 48
Sun, 24 Sep 2017 22:56:04 INFO ------ Personal Fans Page: 49
Sun, 24 Sep 2017 22:56:05 INFO ------ Personal Fans Page: 50
Sun, 24 Sep 2017 22:56:06 INFO ------ Personal Fans Page: 51
Sun, 24 Sep 2017 22:56:07 INFO ------ Personal Fans Page: 52
Sun, 24 Sep 2017 22:56:08 INFO ------ Personal Fans Page: 53
Sun, 24 Sep 2017 22:56:09 INFO ------ Personal Fans Page: 54
Sun, 24 Sep 2017 22:56:10 INFO ------ Personal Fans Page: 55
Sun, 24 Sep 2017 22:56:11 INFO ------ Personal Fans Page: 56
Sun, 24 Sep 2017 22:56:13 INFO ------ Personal Fans Page: 57
Sun, 24 Sep 2017 22:56:14 INFO ------ Personal Fans Page: 58
Sun, 24 Sep 2017 22:56:16 INFO ------ Personal Fans Page: 59
Sun, 24 Sep 2017 22:56:17 INFO ------ Personal Fans Page: 60
Sun, 24 Sep 2017 22:56:18 INFO ------ Personal Fans Page: 61
Sun, 24 Sep 2017 22:56:19 INFO ------ Personal Fans Page: 62
Sun, 24 Sep 2017 22:56:19 INFO ------ Personal Fans Page: 63
Sun, 24 Sep 2017 22:56:20 INFO ------ Personal Fans Page: 64
Sun, 24 Sep 2017 22:56:21 INFO ------ Personal Fans Page: 65
Sun, 24 Sep 2017 22:56:22 INFO ------ Personal Fans Page: 66
Sun, 24 Sep 2017 22:56:23 INFO ------ Personal Fans Page: 67
Sun, 24 Sep 2017 22:56:23 INFO ------ Personal Fans Page: 68
Sun, 24 Sep 2017 22:56:25 INFO ------ Personal Fans Page: 69
Sun, 24 Sep 2017 22:56:26 INFO ------ Personal Fans Page: 70
Sun, 24 Sep 2017 22:56:27 INFO ------ Personal Fans Page: 71
Sun, 24 Sep 2017 22:56:28 INFO ------ Personal Fans Page: 72
Sun, 24 Sep 2017 22:56:28 INFO ------ Personal Fans Page: 73
Sun, 24 Sep 2017 22:56:29 INFO ------ Personal Fans Page: 74
Sun, 24 Sep 2017 22:56:30 INFO ------ Personal Fans Page: 75
Sun, 24 Sep 2017 22:56:31 INFO ------ Personal Fans Page: 76
Sun, 24 Sep 2017 22:56:32 INFO ------ Personal Fans Page: 77
Sun, 24 Sep 2017 22:56:33 INFO ------ Personal Fans Page: 78
Sun, 24 Sep 2017 22:56:33 INFO ------ Personal Fans Page: 79
Sun, 24 Sep 2017 22:56:34 INFO ------ Personal Fans Page: 80
Sun, 24 Sep 2017 22:56:35 INFO ------ Personal Fans Page: 81
Sun, 24 Sep 2017 22:56:36 INFO ------ Personal Fans Page: 82
Sun, 24 Sep 2017 22:56:37 INFO ------ Personal Fans Page: 83
Sun, 24 Sep 2017 22:56:38 INFO ------ Personal Fans Page: 84
Sun, 24 Sep 2017 22:56:39 INFO ------ Personal Fans Page: 85
Sun, 24 Sep 2017 22:56:40 INFO ------ Personal Fans Page: 86
Sun, 24 Sep 2017 22:56:41 INFO ------ Personal Fans Page: 87
Sun, 24 Sep 2017 22:56:42 INFO ------ Personal Fans Page: 88
Sun, 24 Sep 2017 22:56:43 INFO ------ Personal Fans Page: 89
Sun, 24 Sep 2017 22:56:44 INFO ------ Personal Fans Page: 90
Sun, 24 Sep 2017 22:56:45 INFO ------ Personal Fans Page: 91
Sun, 24 Sep 2017 22:56:46 INFO ------ Personal Fans Page: 92
Sun, 24 Sep 2017 22:56:47 INFO ------ Personal Fans Page: 93
Sun, 24 Sep 2017 22:56:48 INFO ------ Personal Fans Page: 94
Sun, 24 Sep 2017 22:56:49 INFO ------ Personal Fans Page: 95
Sun, 24 Sep 2017 22:56:50 INFO ------ Personal Fans Page: 96
Sun, 24 Sep 2017 22:56:50 INFO ------ Personal Fans Page: 97
Sun, 24 Sep 2017 22:56:51 INFO ------ Personal Fans Page: 98
Sun, 24 Sep 2017 22:56:52 INFO ------ Personal Fans Page: 99
Sun, 24 Sep 2017 22:56:53 INFO ------ Personal Fans Page: 100
Sun, 24 Sep 2017 22:56:54 INFO ------ Personal Fans Page: 101
Sun, 24 Sep 2017 22:56:55 INFO ------ Personal Fans Page: 102
Sun, 24 Sep 2017 22:56:56 INFO ------ Personal Fans Page: 103
Sun, 24 Sep 2017 22:56:56 INFO ------ Personal Fans Page: 104
Sun, 24 Sep 2017 22:56:57 INFO ------ Personal Fans Page: 105
Sun, 24 Sep 2017 22:56:58 INFO ------ Personal Fans Page: 106
Sun, 24 Sep 2017 22:56:59 INFO ------ Personal Fans Page: 107
Sun, 24 Sep 2017 22:57:00 INFO ------ Personal Fans Page: 108
Sun, 24 Sep 2017 22:57:01 INFO ------ Personal Fans Page: 109
Sun, 24 Sep 2017 22:57:02 INFO ------ Personal Fans Page: 110
Sun, 24 Sep 2017 22:57:03 INFO ------ Personal Fans Page: 111
Sun, 24 Sep 2017 22:57:04 INFO ------ Personal Fans Page: 112
Sun, 24 Sep 2017 22:57:06 INFO ------ Personal Fans Page: 113
Sun, 24 Sep 2017 22:57:07 INFO ------ Personal Fans Page: 114
Sun, 24 Sep 2017 22:57:08 INFO ------ Personal Fans Page: 115
Sun, 24 Sep 2017 22:57:09 INFO ------ Personal Fans Page: 116
Sun, 24 Sep 2017 22:57:09 INFO ------ Personal Fans Page: 117
Sun, 24 Sep 2017 22:57:10 INFO ------ Personal Fans Page: 118
Sun, 24 Sep 2017 22:57:11 INFO ------ Personal Fans Page: 119
Sun, 24 Sep 2017 22:57:13 INFO ------ Personal Fans Page: 120
Sun, 24 Sep 2017 22:57:13 INFO ------ Personal Fans Page: 121
Sun, 24 Sep 2017 22:57:14 INFO ------ Personal Fans Page: 122
Sun, 24 Sep 2017 22:57:15 INFO ------ Personal Fans Page: 123
Sun, 24 Sep 2017 22:57:17 INFO ------ Personal Fans Page: 124
Sun, 24 Sep 2017 22:57:18 INFO ------ Personal Fans Page: 125
Sun, 24 Sep 2017 22:57:18 INFO ------ Personal Fans Page: 126
Sun, 24 Sep 2017 22:57:19 INFO ------ Personal Fans Page: 127
Sun, 24 Sep 2017 22:57:21 INFO ------ Personal Fans Page: 128
Sun, 24 Sep 2017 22:57:22 INFO ------ Personal Fans Page: 129
Sun, 24 Sep 2017 22:57:23 INFO ------ Personal Fans Page: 130
Sun, 24 Sep 2017 22:57:24 INFO ------ Personal Fans Page: 131
Sun, 24 Sep 2017 22:57:26 INFO ------ Personal Fans Page: 132
Sun, 24 Sep 2017 22:57:27 INFO ------ Personal Fans Page: 133
Sun, 24 Sep 2017 22:57:28 INFO ------ Personal Fans Page: 134
Sun, 24 Sep 2017 22:57:29 INFO ------ Personal Fans Page: 135
Sun, 24 Sep 2017 22:57:30 INFO ------ Personal Fans Page: 136
Sun, 24 Sep 2017 22:57:30 INFO ------ Personal Fans Page: 137
Sun, 24 Sep 2017 22:57:32 INFO ------ Personal Fans Page: 138
Sun, 24 Sep 2017 22:57:33 INFO ------ Personal Fans Page: 139
Sun, 24 Sep 2017 22:57:33 INFO ------ Personal Fans Page: 140
Sun, 24 Sep 2017 22:57:34 INFO ------ Personal Fans Page: 141
Sun, 24 Sep 2017 22:57:35 INFO ------ Personal Fans Page: 142
Sun, 24 Sep 2017 22:57:36 INFO ------ Personal Fans Page: 143
Sun, 24 Sep 2017 22:57:37 INFO ------ Personal Fans Page: 144
Sun, 24 Sep 2017 22:57:38 INFO ------ Personal Fans Page: 145
Sun, 24 Sep 2017 22:57:39 INFO ------ Personal Fans Page: 146
Sun, 24 Sep 2017 22:57:40 INFO ------ Personal Fans Page: 147
Sun, 24 Sep 2017 22:57:41 INFO ------ Personal Fans Page: 148
Sun, 24 Sep 2017 22:57:42 INFO ------ Personal Fans Page: 149
Sun, 24 Sep 2017 22:57:42 INFO ------ Personal Fans Page: 150
Sun, 24 Sep 2017 22:57:43 INFO ------ Personal Fans Page: 151
Sun, 24 Sep 2017 22:57:44 INFO ------ Personal Fans Page: 152
Sun, 24 Sep 2017 22:57:45 INFO ------ Personal Fans Page: 153
Sun, 24 Sep 2017 22:57:46 INFO Personal uid: 5784844420, name: ML-V
Sun, 24 Sep 2017 22:57:48 INFO -- Personal pageId: 1005055784844420
Sun, 24 Sep 2017 22:57:48 INFO ---- Get Personal Info
Sun, 24 Sep 2017 22:57:49 INFO ---- Get Personal Fans
Sun, 24 Sep 2017 22:57:49 INFO ------ Personal Fans Page: 1
Sun, 24 Sep 2017 22:57:50 INFO ------ Personal Fans Page: 2
Sun, 24 Sep 2017 22:57:50 INFO ------ Personal Fans Page: 3
Sun, 24 Sep 2017 22:57:51 INFO ------ Personal Fans Page: 4
Sun, 24 Sep 2017 22:57:52 INFO ------ Personal Fans Page: 5
Sun, 24 Sep 2017 22:57:53 INFO ------ Personal Fans Page: 6
Sun, 24 Sep 2017 22:57:54 INFO ------ Personal Fans Page: 7
Sun, 24 Sep 2017 22:57:55 INFO ------ Personal Fans Page: 8
Sun, 24 Sep 2017 22:57:55 INFO Personal uid: 5785050324, name: 男孩IIIO
Sun, 24 Sep 2017 22:57:56 INFO -- Personal pageId: 1005055785050324
Sun, 24 Sep 2017 22:57:56 INFO ---- Get Personal Info
Sun, 24 Sep 2017 22:57:57 INFO ---- Get Personal Fans
Sun, 24 Sep 2017 22:57:57 INFO ------ Personal Fans Page: 1
Sun, 24 Sep 2017 22:57:58 INFO ------ Personal Fans Page: 2
Sun, 24 Sep 2017 22:57:59 INFO ------ Personal Fans Page: 3
Sun, 24 Sep 2017 22:58:00 INFO Personal uid: 5785186947, name: 懒西瓜
Sun, 24 Sep 2017 22:58:02 INFO -- Personal pageId: 1005055785186947
Sun, 24 Sep 2017 22:58:02 INFO ---- Get Personal Info
Sun, 24 Sep 2017 22:58:03 INFO ---- Get Personal Fans
Sun, 24 Sep 2017 22:58:03 INFO ------ Personal Fans Page: 1
Sun, 24 Sep 2017 22:58:04 INFO ------ Personal Fans Page: 2
Sun, 24 Sep 2017 22:58:05 INFO ------ Personal Fans Page: 3
Sun, 24 Sep 2017 22:58:06 INFO ------ Personal Fans Page: 4
Sun, 24 Sep 2017 22:58:07 INFO ------ Personal Fans Page: 5
Sun, 24 Sep 2017 22:58:08 INFO ------ Personal Fans Page: 6
Sun, 24 Sep 2017 22:58:09 INFO ------ Personal Fans Page: 7
Sun, 24 Sep 2017 22:58:10 INFO ------ Personal Fans Page: 8
Sun, 24 Sep 2017 22:58:11 INFO ------ Personal Fans Page: 9
Sun, 24 Sep 2017 22:58:12 INFO ------ Personal Fans Page: 10
Sun, 24 Sep 2017 22:58:12 INFO ------ Personal Fans Page: 11
Sun, 24 Sep 2017 22:58:13 INFO ------ Personal Fans Page: 12
Sun, 24 Sep 2017 22:58:14 INFO ------ Personal Fans Page: 13
Sun, 24 Sep 2017 22:58:15 INFO ------ Personal Fans Page: 14
Sun, 24 Sep 2017 22:58:16 INFO ------ Personal Fans Page: 15
Sun, 24 Sep 2017 22:58:17 INFO ------ Personal Fans Page: 16
Sun, 24 Sep 2017 22:58:19 INFO ------ Personal Fans Page: 17
Sun, 24 Sep 2017 22:58:20 INFO ------ Personal Fans Page: 18
Sun, 24 Sep 2017 22:58:21 INFO ------ Personal Fans Page: 19
Sun, 24 Sep 2017 22:58:21 INFO ------ Personal Fans Page: 20
Sun, 24 Sep 2017 22:58:22 INFO ------ Personal Fans Page: 21
Sun, 24 Sep 2017 22:58:23 INFO ------ Personal Fans Page: 22
Sun, 24 Sep 2017 22:58:24 INFO ------ Personal Fans Page: 23
Sun, 24 Sep 2017 22:58:25 INFO ------ Personal Fans Page: 24
Sun, 24 Sep 2017 22:58:26 INFO ------ Personal Fans Page: 25
Sun, 24 Sep 2017 22:58:27 INFO ------ Personal Fans Page: 26
Sun, 24 Sep 2017 22:58:27 INFO Personal uid: 5785495520, name: 用户5785495520
Sun, 24 Sep 2017 22:58:29 INFO -- Personal pageId: 1005055785495520
Sun, 24 Sep 2017 22:58:29 INFO ---- Get Personal Info
Sun, 24 Sep 2017 22:58:30 INFO ---- Get Personal Fans
Sun, 24 Sep 2017 22:58:30 INFO ------ Personal Fans Page: 1
Sun, 24 Sep 2017 22:58:31 INFO ------ Personal Fans Page: 2
Sun, 24 Sep 2017 22:58:32 INFO ------ Personal Fans Page: 3
Sun, 24 Sep 2017 22:58:33 INFO Personal uid: 5786355154, name: 这破微博
Sun, 24 Sep 2017 22:58:34 INFO -- Personal pageId: 1005055786355154
Sun, 24 Sep 2017 22:58:34 INFO ---- Get Personal Info
Sun, 24 Sep 2017 22:58:35 INFO ---- Get Personal Fans
Sun, 24 Sep 2017 22:58:35 INFO ------ Personal Fans Page: 1
Sun, 24 Sep 2017 22:58:36 INFO ------ Personal Fans Page: 2
Sun, 24 Sep 2017 22:58:37 INFO ------ Personal Fans Page: 3
Sun, 24 Sep 2017 22:58:38 INFO ------ Personal Fans Page: 4
Sun, 24 Sep 2017 22:58:39 INFO ------ Personal Fans Page: 5
Sun, 24 Sep 2017 22:58:40 INFO ------ Personal Fans Page: 6
Sun, 24 Sep 2017 22:58:41 INFO ------ Personal Fans Page: 7
Sun, 24 Sep 2017 22:58:42 INFO ------ Personal Fans Page: 8
Sun, 24 Sep 2017 22:58:42 INFO ------ Personal Fans Page: 9
Sun, 24 Sep 2017 22:58:43 INFO ------ Personal Fans Page: 10
Sun, 24 Sep 2017 22:58:44 INFO Personal uid: 5786539222, name: freya016
Sun, 24 Sep 2017 22:58:46 INFO -- Personal pageId: 1005055786539222
Sun, 24 Sep 2017 22:58:46 INFO ---- Get Personal Info
Sun, 24 Sep 2017 22:58:47 INFO ---- Get Personal Fans
Sun, 24 Sep 2017 22:58:47 INFO ------ Personal Fans Page: 1
Sun, 24 Sep 2017 22:58:48 INFO ------ Personal Fans Page: 2
Sun, 24 Sep 2017 22:58:49 INFO ------ Personal Fans Page: 3
Sun, 24 Sep 2017 22:58:50 INFO ------ Personal Fans Page: 4
Sun, 24 Sep 2017 22:58:50 INFO ------ Personal Fans Page: 5
Sun, 24 Sep 2017 22:58:51 INFO ------ Personal Fans Page: 6
Sun, 24 Sep 2017 22:58:52 INFO ------ Personal Fans Page: 7
Sun, 24 Sep 2017 22:58:53 INFO ------ Personal Fans Page: 8
Sun, 24 Sep 2017 22:58:54 INFO ------ Personal Fans Page: 9
Sun, 24 Sep 2017 22:58:55 INFO ------ Personal Fans Page: 10
Sun, 24 Sep 2017 22:58:56 INFO ------ Personal Fans Page: 11
Sun, 24 Sep 2017 22:58:57 INFO ------ Personal Fans Page: 12
Sun, 24 Sep 2017 22:58:57 INFO ------ Personal Fans Page: 13
Sun, 24 Sep 2017 22:58:58 INFO ------ Personal Fans Page: 14
Sun, 24 Sep 2017 22:58:59 INFO ------ Personal Fans Page: 15
Sun, 24 Sep 2017 22:58:59 INFO Personal uid: 5786835068, name: 吃货家竣妈
Sun, 24 Sep 2017 22:59:00 INFO -- Personal pageId: 1005055786835068
Sun, 24 Sep 2017 22:59:00 INFO ---- Get Personal Info
Sun, 24 Sep 2017 22:59:01 INFO ---- Get Personal Fans
Sun, 24 Sep 2017 22:59:01 INFO ------ Personal Fans Page: 1
Sun, 24 Sep 2017 22:59:03 INFO ------ Personal Fans Page: 2
Sun, 24 Sep 2017 22:59:04 INFO ------ Personal Fans Page: 3
Sun, 24 Sep 2017 22:59:04 INFO ------ Personal Fans Page: 4
Sun, 24 Sep 2017 22:59:05 INFO ------ Personal Fans Page: 5
Sun, 24 Sep 2017 22:59:06 INFO ------ Personal Fans Page: 6
Sun, 24 Sep 2017 22:59:07 INFO ------ Personal Fans Page: 7
Sun, 24 Sep 2017 22:59:08 INFO ------ Personal Fans Page: 8
Sun, 24 Sep 2017 22:59:08 INFO ------ Personal Fans Page: 9
Sun, 24 Sep 2017 22:59:09 INFO Personal uid: 5788966879, name: __小小小宝
Sun, 24 Sep 2017 22:59:10 INFO -- Personal pageId: 1005055788966879
Sun, 24 Sep 2017 22:59:10 INFO ---- Get Personal Info
Sun, 24 Sep 2017 22:59:11 INFO ---- Get Personal Fans
Sun, 24 Sep 2017 22:59:11 INFO ------ Personal Fans Page: 1
Sun, 24 Sep 2017 22:59:12 INFO ------ Personal Fans Page: 2
Sun, 24 Sep 2017 22:59:13 INFO ------ Personal Fans Page: 3
Sun, 24 Sep 2017 22:59:14 INFO ------ Personal Fans Page: 4
Sun, 24 Sep 2017 22:59:15 INFO ------ Personal Fans Page: 5
Sun, 24 Sep 2017 22:59:16 INFO ------ Personal Fans Page: 6
Sun, 24 Sep 2017 22:59:17 INFO ------ Personal Fans Page: 7
Sun, 24 Sep 2017 22:59:17 INFO ------ Personal Fans Page: 8
Sun, 24 Sep 2017 22:59:18 INFO ------ Personal Fans Page: 9
Sun, 24 Sep 2017 22:59:19 INFO ------ Personal Fans Page: 10
Sun, 24 Sep 2017 22:59:20 INFO ------ Personal Fans Page: 11
Sun, 24 Sep 2017 22:59:21 INFO ------ Personal Fans Page: 12
Sun, 24 Sep 2017 22:59:22 INFO Personal uid: 5789457584, name: 妤颖miss
Sun, 24 Sep 2017 22:59:22 INFO -- Personal pageId: 1005055789457584
Sun, 24 Sep 2017 22:59:22 INFO ---- Get Personal Info
Sun, 24 Sep 2017 22:59:23 INFO ---- Get Personal Fans
Sun, 24 Sep 2017 22:59:23 INFO ------ Personal Fans Page: 1
Sun, 24 Sep 2017 22:59:25 INFO ------ Personal Fans Page: 2
Sun, 24 Sep 2017 22:59:25 INFO ------ Personal Fans Page: 3
Sun, 24 Sep 2017 22:59:26 INFO ------ Personal Fans Page: 4
Sun, 24 Sep 2017 22:59:27 INFO ------ Personal Fans Page: 5
Sun, 24 Sep 2017 22:59:28 INFO ------ Personal Fans Page: 6
Sun, 24 Sep 2017 22:59:29 INFO Personal uid: 5790184089, name: 我与悲
Sun, 24 Sep 2017 22:59:30 INFO -- Personal pageId: 1005055790184089
Sun, 24 Sep 2017 22:59:30 INFO ---- Get Personal Info
Sun, 24 Sep 2017 22:59:31 INFO ---- Get Personal Fans
Sun, 24 Sep 2017 22:59:31 INFO ------ Personal Fans Page: 1
Sun, 24 Sep 2017 22:59:32 INFO ------ Personal Fans Page: 2
Sun, 24 Sep 2017 22:59:33 INFO ------ Personal Fans Page: 3
Sun, 24 Sep 2017 22:59:34 INFO ------ Personal Fans Page: 4
Sun, 24 Sep 2017 22:59:35 INFO ------ Personal Fans Page: 5
Sun, 24 Sep 2017 22:59:36 INFO ------ Personal Fans Page: 6
Sun, 24 Sep 2017 22:59:36 INFO ------ Personal Fans Page: 7
Sun, 24 Sep 2017 22:59:37 INFO ------ Personal Fans Page: 8
Sun, 24 Sep 2017 22:59:38 INFO ------ Personal Fans Page: 9
Sun, 24 Sep 2017 22:59:40 INFO ------ Personal Fans Page: 10
Sun, 24 Sep 2017 22:59:41 INFO ------ Personal Fans Page: 11
Sun, 24 Sep 2017 22:59:41 INFO ------ Personal Fans Page: 12
Sun, 24 Sep 2017 22:59:42 INFO ------ Personal Fans Page: 13
Sun, 24 Sep 2017 22:59:43 INFO ------ Personal Fans Page: 14
Sun, 24 Sep 2017 22:59:44 INFO ------ Personal Fans Page: 15
Sun, 24 Sep 2017 22:59:45 INFO ------ Personal Fans Page: 16
Sun, 24 Sep 2017 22:59:46 INFO ------ Personal Fans Page: 17
Sun, 24 Sep 2017 22:59:47 INFO ------ Personal Fans Page: 18
Sun, 24 Sep 2017 22:59:48 INFO ------ Personal Fans Page: 19
Sun, 24 Sep 2017 22:59:49 INFO Personal uid: 5790488652, name: youth125
Sun, 24 Sep 2017 22:59:50 INFO -- Personal pageId: 1005055790488652
Sun, 24 Sep 2017 22:59:50 INFO ---- Get Personal Info
Sun, 24 Sep 2017 22:59:51 INFO ---- Get Personal Fans
Sun, 24 Sep 2017 22:59:51 INFO ------ Personal Fans Page: 1
Sun, 24 Sep 2017 22:59:52 INFO ------ Personal Fans Page: 2
Sun, 24 Sep 2017 22:59:53 INFO ------ Personal Fans Page: 3
Sun, 24 Sep 2017 22:59:54 INFO ------ Personal Fans Page: 4
Sun, 24 Sep 2017 22:59:54 INFO ------ Personal Fans Page: 5
Sun, 24 Sep 2017 22:59:55 INFO ------ Personal Fans Page: 6
Sun, 24 Sep 2017 22:59:57 INFO ------ Personal Fans Page: 7
Sun, 24 Sep 2017 22:59:57 INFO ------ Personal Fans Page: 8
Sun, 24 Sep 2017 22:59:58 INFO ------ Personal Fans Page: 9
Sun, 24 Sep 2017 22:59:59 INFO ------ Personal Fans Page: 10
Sun, 24 Sep 2017 23:00:00 INFO ------ Personal Fans Page: 11
Sun, 24 Sep 2017 23:00:01 INFO ------ Personal Fans Page: 12
Sun, 24 Sep 2017 23:00:01 INFO ------ Personal Fans Page: 13
Sun, 24 Sep 2017 23:00:03 INFO ------ Personal Fans Page: 14
Sun, 24 Sep 2017 23:00:04 INFO ------ Personal Fans Page: 15
Sun, 24 Sep 2017 23:00:05 INFO ------ Personal Fans Page: 16
Sun, 24 Sep 2017 23:00:05 INFO ------ Personal Fans Page: 17
Sun, 24 Sep 2017 23:00:06 INFO Personal uid: 5790605970, name: 咿呀-M
Sun, 24 Sep 2017 23:00:08 INFO -- Personal pageId: 1005055790605970
Sun, 24 Sep 2017 23:00:08 INFO ---- Get Personal Info
Sun, 24 Sep 2017 23:00:09 INFO ---- Get Personal Fans
Sun, 24 Sep 2017 23:00:09 INFO ------ Personal Fans Page: 1
Sun, 24 Sep 2017 23:00:10 INFO ------ Personal Fans Page: 2
Sun, 24 Sep 2017 23:00:11 INFO ------ Personal Fans Page: 3
Sun, 24 Sep 2017 23:00:12 INFO ------ Personal Fans Page: 4
Sun, 24 Sep 2017 23:00:13 INFO ------ Personal Fans Page: 5
Sun, 24 Sep 2017 23:00:13 INFO ------ Personal Fans Page: 6
Sun, 24 Sep 2017 23:00:14 INFO ------ Personal Fans Page: 7
Sun, 24 Sep 2017 23:00:15 INFO ------ Personal Fans Page: 8
Sun, 24 Sep 2017 23:00:16 INFO ------ Personal Fans Page: 9
Sun, 24 Sep 2017 23:00:17 INFO ------ Personal Fans Page: 10
Sun, 24 Sep 2017 23:00:17 INFO ------ Personal Fans Page: 11
Sun, 24 Sep 2017 23:00:18 INFO ------ Personal Fans Page: 12
Sun, 24 Sep 2017 23:00:19 INFO ------ Personal Fans Page: 13
Sun, 24 Sep 2017 23:00:20 INFO ------ Personal Fans Page: 14
Sun, 24 Sep 2017 23:00:20 INFO ------ Personal Fans Page: 15
Sun, 24 Sep 2017 23:00:21 INFO ------ Personal Fans Page: 16
Sun, 24 Sep 2017 23:00:22 INFO ------ Personal Fans Page: 17
Sun, 24 Sep 2017 23:00:23 INFO ------ Personal Fans Page: 18
Sun, 24 Sep 2017 23:00:23 INFO ------ Personal Fans Page: 19
Sun, 24 Sep 2017 23:00:25 INFO ------ Personal Fans Page: 20
Sun, 24 Sep 2017 23:00:25 INFO ------ Personal Fans Page: 21
Sun, 24 Sep 2017 23:00:26 INFO ------ Personal Fans Page: 22
Sun, 24 Sep 2017 23:00:28 INFO ------ Personal Fans Page: 23
Sun, 24 Sep 2017 23:00:28 INFO ------ Personal Fans Page: 24
Sun, 24 Sep 2017 23:00:29 INFO Personal uid: 5791049392, name: HH最佳损友hh
Sun, 24 Sep 2017 23:00:31 INFO -- Personal pageId: 1005055791049392
Sun, 24 Sep 2017 23:00:31 INFO ---- Get Personal Info
Sun, 24 Sep 2017 23:00:32 INFO ---- Get Personal Fans
Sun, 24 Sep 2017 23:00:32 INFO ------ Personal Fans Page: 1
Sun, 24 Sep 2017 23:00:33 INFO ------ Personal Fans Page: 2
Sun, 24 Sep 2017 23:00:34 INFO ------ Personal Fans Page: 3
Sun, 24 Sep 2017 23:00:36 INFO ------ Personal Fans Page: 4
Sun, 24 Sep 2017 23:00:36 INFO Personal uid: 5792622457, name: XXIAOWENYONG
Sun, 24 Sep 2017 23:00:38 INFO -- Personal pageId: 1005055792622457
Sun, 24 Sep 2017 23:00:38 INFO ---- Get Personal Info
Sun, 24 Sep 2017 23:00:39 INFO ---- Get Personal Fans
Sun, 24 Sep 2017 23:00:39 INFO ------ Personal Fans Page: 1
Sun, 24 Sep 2017 23:00:40 INFO ------ Personal Fans Page: 2
Sun, 24 Sep 2017 23:00:41 INFO ------ Personal Fans Page: 3
Sun, 24 Sep 2017 23:00:42 INFO ------ Personal Fans Page: 4
Sun, 24 Sep 2017 23:00:43 INFO ------ Personal Fans Page: 5
Sun, 24 Sep 2017 23:00:44 INFO ------ Personal Fans Page: 6
Sun, 24 Sep 2017 23:00:44 INFO ------ Personal Fans Page: 7
Sun, 24 Sep 2017 23:00:45 INFO ------ Personal Fans Page: 8
Sun, 24 Sep 2017 23:00:46 INFO ------ Personal Fans Page: 9
Sun, 24 Sep 2017 23:00:47 INFO ------ Personal Fans Page: 10
Sun, 24 Sep 2017 23:00:48 INFO ------ Personal Fans Page: 11
Sun, 24 Sep 2017 23:00:48 INFO ------ Personal Fans Page: 12
Sun, 24 Sep 2017 23:00:49 INFO ------ Personal Fans Page: 13
Sun, 24 Sep 2017 23:00:51 INFO ------ Personal Fans Page: 14
Sun, 24 Sep 2017 23:00:52 INFO ------ Personal Fans Page: 15
Sun, 24 Sep 2017 23:00:53 INFO ------ Personal Fans Page: 16
Sun, 24 Sep 2017 23:00:53 INFO ------ Personal Fans Page: 17
Sun, 24 Sep 2017 23:00:55 INFO Personal uid: 5795029698, name: 林桐Yes
Sun, 24 Sep 2017 23:00:56 INFO -- Personal pageId: 1005055795029698
Sun, 24 Sep 2017 23:00:56 INFO ---- Get Personal Info
Sun, 24 Sep 2017 23:00:57 INFO ---- Get Personal Fans
Sun, 24 Sep 2017 23:00:57 INFO ------ Personal Fans Page: 1
Sun, 24 Sep 2017 23:00:58 INFO ------ Personal Fans Page: 2
Sun, 24 Sep 2017 23:00:59 INFO ------ Personal Fans Page: 3
Sun, 24 Sep 2017 23:01:00 INFO ------ Personal Fans Page: 4
Sun, 24 Sep 2017 23:01:00 INFO ------ Personal Fans Page: 5
Sun, 24 Sep 2017 23:01:01 INFO ------ Personal Fans Page: 6
Sun, 24 Sep 2017 23:01:02 INFO ------ Personal Fans Page: 7
Sun, 24 Sep 2017 23:01:03 INFO Personal uid: 5796455908, name: LuckyStar星星
Sun, 24 Sep 2017 23:01:05 INFO -- Personal pageId: 1005055796455908
Sun, 24 Sep 2017 23:01:05 INFO ---- Get Personal Info
Sun, 24 Sep 2017 23:01:06 INFO ---- Get Personal Fans
Sun, 24 Sep 2017 23:01:06 INFO ------ Personal Fans Page: 1
Sun, 24 Sep 2017 23:01:08 INFO ------ Personal Fans Page: 2
Sun, 24 Sep 2017 23:01:08 INFO ------ Personal Fans Page: 3
Sun, 24 Sep 2017 23:01:09 INFO ------ Personal Fans Page: 4
Sun, 24 Sep 2017 23:01:10 INFO ------ Personal Fans Page: 5
Sun, 24 Sep 2017 23:01:11 INFO ------ Personal Fans Page: 6
Sun, 24 Sep 2017 23:01:12 INFO ------ Personal Fans Page: 7
Sun, 24 Sep 2017 23:01:13 INFO ------ Personal Fans Page: 8
Sun, 24 Sep 2017 23:01:14 INFO ------ Personal Fans Page: 9
Sun, 24 Sep 2017 23:01:15 INFO Personal uid: 5796579075, name: 牛牛全球代购
Sun, 24 Sep 2017 23:01:15 INFO -- Personal pageId: 1005055796579075
Sun, 24 Sep 2017 23:01:15 INFO ---- Get Personal Info
Sun, 24 Sep 2017 23:01:17 INFO ---- Get Personal Fans
Sun, 24 Sep 2017 23:01:17 INFO ------ Personal Fans Page: 1
Sun, 24 Sep 2017 23:01:18 INFO ------ Personal Fans Page: 2
Sun, 24 Sep 2017 23:01:19 INFO ------ Personal Fans Page: 3
Sun, 24 Sep 2017 23:01:20 INFO ------ Personal Fans Page: 4
Sun, 24 Sep 2017 23:01:20 INFO ------ Personal Fans Page: 5
Sun, 24 Sep 2017 23:01:21 INFO ------ Personal Fans Page: 6
Sun, 24 Sep 2017 23:01:22 INFO ------ Personal Fans Page: 7
Sun, 24 Sep 2017 23:01:24 INFO ------ Personal Fans Page: 8
Sun, 24 Sep 2017 23:01:25 INFO ------ Personal Fans Page: 9
Sun, 24 Sep 2017 23:01:26 INFO ------ Personal Fans Page: 10
Sun, 24 Sep 2017 23:01:27 INFO Personal uid: 5797806843, name: 胡建威937
Sun, 24 Sep 2017 23:01:28 INFO -- Personal pageId: 1005055797806843
Sun, 24 Sep 2017 23:01:28 INFO ---- Get Personal Info
Sun, 24 Sep 2017 23:01:30 INFO ---- Get Personal Fans
Sun, 24 Sep 2017 23:01:30 INFO ------ Personal Fans Page: 1
Sun, 24 Sep 2017 23:01:30 INFO ------ Personal Fans Page: 2
Sun, 24 Sep 2017 23:01:32 INFO ------ Personal Fans Page: 3
Sun, 24 Sep 2017 23:01:33 INFO Personal uid: 5798205206, name: 晶风玉露
Sun, 24 Sep 2017 23:01:34 INFO -- Personal pageId: 1005055798205206
Sun, 24 Sep 2017 23:01:34 INFO ---- Get Personal Info
Sun, 24 Sep 2017 23:01:35 INFO ---- Get Personal Fans
Sun, 24 Sep 2017 23:01:35 INFO ------ Personal Fans Page: 1
Sun, 24 Sep 2017 23:01:37 INFO ------ Personal Fans Page: 2
Sun, 24 Sep 2017 23:01:37 INFO ------ Personal Fans Page: 3
Sun, 24 Sep 2017 23:01:38 INFO ------ Personal Fans Page: 4
Sun, 24 Sep 2017 23:01:39 INFO ------ Personal Fans Page: 5
Sun, 24 Sep 2017 23:01:40 INFO ------ Personal Fans Page: 6
Sun, 24 Sep 2017 23:01:41 INFO ------ Personal Fans Page: 7
Sun, 24 Sep 2017 23:01:43 INFO Personal uid: 5800285876, name: 张庭TST活酵母-正品总代
Sun, 24 Sep 2017 23:01:44 INFO -- Personal pageId: 1005055800285876
Sun, 24 Sep 2017 23:01:44 INFO ---- Get Personal Info
Sun, 24 Sep 2017 23:01:46 INFO ---- Get Personal Fans
Sun, 24 Sep 2017 23:01:46 INFO ------ Personal Fans Page: 1
Sun, 24 Sep 2017 23:01:47 INFO ------ Personal Fans Page: 2
Sun, 24 Sep 2017 23:01:47 INFO ------ Personal Fans Page: 3
Sun, 24 Sep 2017 23:01:48 INFO ------ Personal Fans Page: 4
Sun, 24 Sep 2017 23:01:49 INFO ------ Personal Fans Page: 5
Sun, 24 Sep 2017 23:01:50 INFO ------ Personal Fans Page: 6
Sun, 24 Sep 2017 23:01:51 INFO ------ Personal Fans Page: 7
Sun, 24 Sep 2017 23:01:51 INFO ------ Personal Fans Page: 8
Sun, 24 Sep 2017 23:01:53 INFO ------ Personal Fans Page: 9
Sun, 24 Sep 2017 23:01:54 INFO ------ Personal Fans Page: 10
Sun, 24 Sep 2017 23:01:55 INFO ------ Personal Fans Page: 11
Sun, 24 Sep 2017 23:01:56 INFO ------ Personal Fans Page: 12
Sun, 24 Sep 2017 23:01:56 INFO ------ Personal Fans Page: 13
Sun, 24 Sep 2017 23:01:57 INFO ------ Personal Fans Page: 14
Sun, 24 Sep 2017 23:01:58 INFO ------ Personal Fans Page: 15
Sun, 24 Sep 2017 23:01:59 INFO Personal uid: 5801734961, name: 木火水-蓝
Sun, 24 Sep 2017 23:02:00 INFO -- Personal pageId: 1005055801734961
Sun, 24 Sep 2017 23:02:00 INFO ---- Get Personal Info
Sun, 24 Sep 2017 23:02:01 INFO ---- Get Personal Fans
Sun, 24 Sep 2017 23:02:01 INFO ------ Personal Fans Page: 1
Sun, 24 Sep 2017 23:02:03 INFO ------ Personal Fans Page: 2
Sun, 24 Sep 2017 23:02:03 INFO ------ Personal Fans Page: 3
Sun, 24 Sep 2017 23:02:04 INFO ------ Personal Fans Page: 4
Sun, 24 Sep 2017 23:02:05 INFO ------ Personal Fans Page: 5
Sun, 24 Sep 2017 23:02:06 INFO Personal uid: 5803663914, name: 离不开辣子的cheese
Sun, 24 Sep 2017 23:02:07 INFO -- Personal pageId: 1005055803663914
Sun, 24 Sep 2017 23:02:07 INFO ---- Get Personal Info
Sun, 24 Sep 2017 23:02:08 INFO ---- Get Personal Fans
Sun, 24 Sep 2017 23:02:08 INFO ------ Personal Fans Page: 1
Sun, 24 Sep 2017 23:02:10 INFO ------ Personal Fans Page: 2
Sun, 24 Sep 2017 23:02:11 INFO ------ Personal Fans Page: 3
Sun, 24 Sep 2017 23:02:11 INFO ------ Personal Fans Page: 4
Sun, 24 Sep 2017 23:02:12 INFO ------ Personal Fans Page: 5
Sun, 24 Sep 2017 23:02:13 INFO ------ Personal Fans Page: 6
Sun, 24 Sep 2017 23:02:14 INFO ------ Personal Fans Page: 7
Sun, 24 Sep 2017 23:02:15 INFO ------ Personal Fans Page: 8
Sun, 24 Sep 2017 23:02:16 INFO ------ Personal Fans Page: 9
Sun, 24 Sep 2017 23:02:17 INFO ------ Personal Fans Page: 10
Sun, 24 Sep 2017 23:02:18 INFO ------ Personal Fans Page: 11
Sun, 24 Sep 2017 23:02:19 INFO ------ Personal Fans Page: 12
Sun, 24 Sep 2017 23:02:20 INFO ------ Personal Fans Page: 13
Sun, 24 Sep 2017 23:02:21 INFO ------ Personal Fans Page: 14
Sun, 24 Sep 2017 23:02:21 INFO ------ Personal Fans Page: 15
Sun, 24 Sep 2017 23:02:22 INFO ------ Personal Fans Page: 16
Sun, 24 Sep 2017 23:02:23 INFO ------ Personal Fans Page: 17
Sun, 24 Sep 2017 23:02:24 INFO ------ Personal Fans Page: 18
Sun, 24 Sep 2017 23:02:24 INFO ------ Personal Fans Page: 19
Sun, 24 Sep 2017 23:02:26 INFO ------ Personal Fans Page: 20
Sun, 24 Sep 2017 23:02:27 INFO ------ Personal Fans Page: 21
Sun, 24 Sep 2017 23:02:28 INFO ------ Personal Fans Page: 22
Sun, 24 Sep 2017 23:02:29 INFO ------ Personal Fans Page: 23
Sun, 24 Sep 2017 23:02:29 INFO ------ Personal Fans Page: 24
Sun, 24 Sep 2017 23:02:30 INFO ------ Personal Fans Page: 25
Sun, 24 Sep 2017 23:02:31 INFO ------ Personal Fans Page: 26
Sun, 24 Sep 2017 23:02:32 INFO ------ Personal Fans Page: 27
Sun, 24 Sep 2017 23:02:33 INFO ------ Personal Fans Page: 28
Sun, 24 Sep 2017 23:02:34 INFO ------ Personal Fans Page: 29
Sun, 24 Sep 2017 23:02:35 INFO ------ Personal Fans Page: 30
Sun, 24 Sep 2017 23:02:36 INFO ------ Personal Fans Page: 31
Sun, 24 Sep 2017 23:02:37 INFO ------ Personal Fans Page: 32
Sun, 24 Sep 2017 23:02:39 INFO ------ Personal Fans Page: 33
