Sun, 24 Sep 2017 22:13:51 INFO Personal uid: 1312790773, name: 铭阳星空
Sun, 24 Sep 2017 22:13:51 INFO -- Personal pageId: 1005051312790773
Sun, 24 Sep 2017 22:13:51 INFO ---- Get Personal Info
Sun, 24 Sep 2017 22:13:52 INFO ---- Get Personal Fans
Sun, 24 Sep 2017 22:13:52 INFO ------ Personal Fans Page: 1
Sun, 24 Sep 2017 22:13:53 INFO ------ Personal Fans Page: 2
Sun, 24 Sep 2017 22:13:55 INFO ------ Personal Fans Page: 3
Sun, 24 Sep 2017 22:13:57 INFO ------ Personal Fans Page: 4
Sun, 24 Sep 2017 22:13:58 INFO ------ Personal Fans Page: 5
Sun, 24 Sep 2017 22:14:00 INFO ------ Personal Fans Page: 6
Sun, 24 Sep 2017 22:14:01 INFO ------ Personal Fans Page: 7
Sun, 24 Sep 2017 22:14:03 INFO ------ Personal Fans Page: 8
Sun, 24 Sep 2017 22:14:04 INFO ------ Personal Fans Page: 9
Sun, 24 Sep 2017 22:14:05 INFO ------ Personal Fans Page: 10
Sun, 24 Sep 2017 22:14:07 INFO ------ Personal Fans Page: 11
Sun, 24 Sep 2017 22:14:08 INFO ------ Personal Fans Page: 12
Sun, 24 Sep 2017 22:14:10 INFO ------ Personal Fans Page: 13
Sun, 24 Sep 2017 22:14:12 INFO ------ Personal Fans Page: 14
Sun, 24 Sep 2017 22:14:13 INFO ------ Personal Fans Page: 15
Sun, 24 Sep 2017 22:14:15 INFO ------ Personal Fans Page: 16
Sun, 24 Sep 2017 22:14:16 INFO ------ Personal Fans Page: 17
Sun, 24 Sep 2017 22:14:18 INFO ------ Personal Fans Page: 18
Sun, 24 Sep 2017 22:14:21 INFO ------ Personal Fans Page: 19
Sun, 24 Sep 2017 22:14:22 INFO ------ Personal Fans Page: 20
Sun, 24 Sep 2017 22:14:24 INFO ------ Personal Fans Page: 21
Sun, 24 Sep 2017 22:14:25 INFO ------ Personal Fans Page: 22
Sun, 24 Sep 2017 22:14:26 INFO ------ Personal Fans Page: 23
Sun, 24 Sep 2017 22:14:28 INFO ------ Personal Fans Page: 24
Sun, 24 Sep 2017 22:14:29 INFO ------ Personal Fans Page: 25
Sun, 24 Sep 2017 22:14:31 INFO ------ Personal Fans Page: 26
Sun, 24 Sep 2017 22:14:33 INFO ------ Personal Fans Page: 27
Sun, 24 Sep 2017 22:14:34 INFO ------ Personal Fans Page: 28
Sun, 24 Sep 2017 22:14:35 INFO ------ Personal Fans Page: 29
Sun, 24 Sep 2017 22:14:38 INFO ------ Personal Fans Page: 30
Sun, 24 Sep 2017 22:14:40 INFO ------ Personal Fans Page: 31
Sun, 24 Sep 2017 22:14:41 INFO ------ Personal Fans Page: 32
Sun, 24 Sep 2017 22:14:42 INFO ------ Personal Fans Page: 33
Sun, 24 Sep 2017 22:14:43 INFO ------ Personal Fans Page: 34
Sun, 24 Sep 2017 22:14:45 INFO ------ Personal Fans Page: 35
Sun, 24 Sep 2017 22:14:47 INFO ------ Personal Fans Page: 36
Sun, 24 Sep 2017 22:14:49 INFO ------ Personal Fans Page: 37
Sun, 24 Sep 2017 22:14:52 INFO ------ Personal Fans Page: 38
Sun, 24 Sep 2017 22:14:54 INFO ------ Personal Fans Page: 39
Sun, 24 Sep 2017 22:14:55 INFO ------ Personal Fans Page: 40
Sun, 24 Sep 2017 22:14:56 INFO ------ Personal Fans Page: 41
Sun, 24 Sep 2017 22:14:57 INFO ------ Personal Fans Page: 42
Sun, 24 Sep 2017 22:14:58 INFO ------ Personal Fans Page: 43
Sun, 24 Sep 2017 22:14:59 INFO ------ Personal Fans Page: 44
Sun, 24 Sep 2017 22:15:01 INFO ------ Personal Fans Page: 45
Sun, 24 Sep 2017 22:15:02 INFO ------ Personal Fans Page: 46
Sun, 24 Sep 2017 22:15:02 INFO ------ Personal Fans Page: 47
Sun, 24 Sep 2017 22:15:04 INFO ------ Personal Fans Page: 48
Sun, 24 Sep 2017 22:15:04 INFO ------ Personal Fans Page: 49
Sun, 24 Sep 2017 22:15:06 INFO ------ Personal Fans Page: 50
Sun, 24 Sep 2017 22:15:07 INFO ------ Personal Fans Page: 51
Sun, 24 Sep 2017 22:15:08 INFO ------ Personal Fans Page: 52
Sun, 24 Sep 2017 22:15:09 INFO ------ Personal Fans Page: 53
Sun, 24 Sep 2017 22:15:09 INFO ------ Personal Fans Page: 54
Sun, 24 Sep 2017 22:15:11 INFO ------ Personal Fans Page: 55
Sun, 24 Sep 2017 22:15:12 INFO ------ Personal Fans Page: 56
Sun, 24 Sep 2017 22:15:13 INFO ------ Personal Fans Page: 57
Sun, 24 Sep 2017 22:15:14 INFO ------ Personal Fans Page: 58
Sun, 24 Sep 2017 22:15:15 INFO ------ Personal Fans Page: 59
Sun, 24 Sep 2017 22:15:16 INFO ------ Personal Fans Page: 60
Sun, 24 Sep 2017 22:15:17 INFO ------ Personal Fans Page: 61
Sun, 24 Sep 2017 22:15:18 INFO ------ Personal Fans Page: 62
Sun, 24 Sep 2017 22:15:19 INFO ------ Personal Fans Page: 63
Sun, 24 Sep 2017 22:15:20 INFO ------ Personal Fans Page: 64
Sun, 24 Sep 2017 22:15:21 INFO ------ Personal Fans Page: 65
Sun, 24 Sep 2017 22:15:22 INFO ------ Personal Fans Page: 66
Sun, 24 Sep 2017 22:15:23 INFO ------ Personal Fans Page: 67
Sun, 24 Sep 2017 22:15:24 INFO ------ Personal Fans Page: 68
Sun, 24 Sep 2017 22:15:25 INFO ------ Personal Fans Page: 69
Sun, 24 Sep 2017 22:15:26 INFO ------ Personal Fans Page: 70
Sun, 24 Sep 2017 22:15:27 INFO ------ Personal Fans Page: 71
Sun, 24 Sep 2017 22:15:28 INFO ------ Personal Fans Page: 72
Sun, 24 Sep 2017 22:15:28 INFO ------ Personal Fans Page: 73
Sun, 24 Sep 2017 22:15:29 INFO ------ Personal Fans Page: 74
Sun, 24 Sep 2017 22:15:30 INFO ------ Personal Fans Page: 75
Sun, 24 Sep 2017 22:15:31 INFO ------ Personal Fans Page: 76
Sun, 24 Sep 2017 22:15:32 INFO ------ Personal Fans Page: 77
Sun, 24 Sep 2017 22:15:33 INFO ------ Personal Fans Page: 78
Sun, 24 Sep 2017 22:15:34 INFO ------ Personal Fans Page: 79
Sun, 24 Sep 2017 22:15:35 INFO ------ Personal Fans Page: 80
Sun, 24 Sep 2017 22:15:35 INFO ------ Personal Fans Page: 81
Sun, 24 Sep 2017 22:15:36 INFO ------ Personal Fans Page: 82
Sun, 24 Sep 2017 22:15:38 INFO ------ Personal Fans Page: 83
Sun, 24 Sep 2017 22:15:39 INFO ------ Personal Fans Page: 84
Sun, 24 Sep 2017 22:15:40 INFO ------ Personal Fans Page: 85
Sun, 24 Sep 2017 22:15:41 INFO ------ Personal Fans Page: 86
Sun, 24 Sep 2017 22:15:42 INFO ------ Personal Fans Page: 87
Sun, 24 Sep 2017 22:15:42 INFO ------ Personal Fans Page: 88
Sun, 24 Sep 2017 22:15:44 INFO ------ Personal Fans Page: 89
Sun, 24 Sep 2017 22:15:45 INFO ------ Personal Fans Page: 90
Sun, 24 Sep 2017 22:15:46 INFO ------ Personal Fans Page: 91
Sun, 24 Sep 2017 22:15:47 INFO ------ Personal Fans Page: 92
Sun, 24 Sep 2017 22:15:48 INFO ------ Personal Fans Page: 93
Sun, 24 Sep 2017 22:15:49 INFO ------ Personal Fans Page: 94
Sun, 24 Sep 2017 22:15:51 INFO ------ Personal Fans Page: 95
Sun, 24 Sep 2017 22:15:52 INFO ------ Personal Fans Page: 96
Sun, 24 Sep 2017 22:15:53 INFO ------ Personal Fans Page: 97
Sun, 24 Sep 2017 22:15:54 INFO ------ Personal Fans Page: 98
Sun, 24 Sep 2017 22:15:54 INFO ------ Personal Fans Page: 99
Sun, 24 Sep 2017 22:15:56 INFO ------ Personal Fans Page: 100
Sun, 24 Sep 2017 22:15:57 INFO ------ Personal Fans Page: 101
Sun, 24 Sep 2017 22:15:58 INFO ------ Personal Fans Page: 102
Sun, 24 Sep 2017 22:15:59 INFO ------ Personal Fans Page: 103
Sun, 24 Sep 2017 22:16:00 INFO ------ Personal Fans Page: 104
Sun, 24 Sep 2017 22:16:01 INFO ------ Personal Fans Page: 105
Sun, 24 Sep 2017 22:16:02 INFO ------ Personal Fans Page: 106
Sun, 24 Sep 2017 22:16:03 INFO ------ Personal Fans Page: 107
Sun, 24 Sep 2017 22:16:04 INFO ------ Personal Fans Page: 108
Sun, 24 Sep 2017 22:16:05 INFO ------ Personal Fans Page: 109
Sun, 24 Sep 2017 22:16:06 INFO ------ Personal Fans Page: 110
Sun, 24 Sep 2017 22:16:07 INFO ------ Personal Fans Page: 111
Sun, 24 Sep 2017 22:16:08 INFO ------ Personal Fans Page: 112
Sun, 24 Sep 2017 22:16:09 INFO ------ Personal Fans Page: 113
Sun, 24 Sep 2017 22:16:10 INFO ------ Personal Fans Page: 114
Sun, 24 Sep 2017 22:16:12 INFO ------ Personal Fans Page: 115
Sun, 24 Sep 2017 22:16:13 INFO ------ Personal Fans Page: 116
Sun, 24 Sep 2017 22:16:14 INFO ------ Personal Fans Page: 117
Sun, 24 Sep 2017 22:16:15 INFO ------ Personal Fans Page: 118
Sun, 24 Sep 2017 22:16:16 INFO ------ Personal Fans Page: 119
Sun, 24 Sep 2017 22:16:16 INFO ------ Personal Fans Page: 120
Sun, 24 Sep 2017 22:16:17 INFO ------ Personal Fans Page: 121
Sun, 24 Sep 2017 22:16:18 INFO ------ Personal Fans Page: 122
Sun, 24 Sep 2017 22:16:19 INFO ------ Personal Fans Page: 123
Sun, 24 Sep 2017 22:16:20 INFO ------ Personal Fans Page: 124
Sun, 24 Sep 2017 22:16:21 INFO ------ Personal Fans Page: 125
Sun, 24 Sep 2017 22:16:22 INFO ------ Personal Fans Page: 126
Sun, 24 Sep 2017 22:16:23 INFO ------ Personal Fans Page: 127
Sun, 24 Sep 2017 22:16:24 INFO ------ Personal Fans Page: 128
Sun, 24 Sep 2017 22:16:25 INFO ------ Personal Fans Page: 129
Sun, 24 Sep 2017 22:16:26 INFO ------ Personal Fans Page: 130
Sun, 24 Sep 2017 22:16:27 INFO ------ Personal Fans Page: 131
Sun, 24 Sep 2017 22:16:28 INFO ------ Personal Fans Page: 132
Sun, 24 Sep 2017 22:16:29 INFO ------ Personal Fans Page: 133
Sun, 24 Sep 2017 22:16:30 INFO ------ Personal Fans Page: 134
Sun, 24 Sep 2017 22:16:31 INFO Personal uid: 1314569607, name: 橙柚妈妈
Sun, 24 Sep 2017 22:16:31 INFO -- Personal pageId: 1005051314569607
Sun, 24 Sep 2017 22:16:31 INFO ---- Get Personal Info
Sun, 24 Sep 2017 22:16:33 INFO ---- Get Personal Fans
Sun, 24 Sep 2017 22:16:33 INFO ------ Personal Fans Page: 1
Sun, 24 Sep 2017 22:16:34 INFO ------ Personal Fans Page: 2
Sun, 24 Sep 2017 22:16:35 INFO ------ Personal Fans Page: 3
Sun, 24 Sep 2017 22:16:37 INFO ------ Personal Fans Page: 4
Sun, 24 Sep 2017 22:16:38 INFO ------ Personal Fans Page: 5
Sun, 24 Sep 2017 22:16:39 INFO ------ Personal Fans Page: 6
Sun, 24 Sep 2017 22:16:40 INFO ------ Personal Fans Page: 7
Sun, 24 Sep 2017 22:16:41 INFO ------ Personal Fans Page: 8
Sun, 24 Sep 2017 22:16:42 INFO ------ Personal Fans Page: 9
Sun, 24 Sep 2017 22:16:43 INFO ------ Personal Fans Page: 10
Sun, 24 Sep 2017 22:16:44 INFO ------ Personal Fans Page: 11
Sun, 24 Sep 2017 22:16:45 INFO ------ Personal Fans Page: 12
Sun, 24 Sep 2017 22:16:46 INFO ------ Personal Fans Page: 13
Sun, 24 Sep 2017 22:16:47 INFO ------ Personal Fans Page: 14
Sun, 24 Sep 2017 22:16:48 INFO ------ Personal Fans Page: 15
Sun, 24 Sep 2017 22:16:48 INFO ------ Personal Fans Page: 16
Sun, 24 Sep 2017 22:16:49 INFO ------ Personal Fans Page: 17
Sun, 24 Sep 2017 22:16:50 INFO ------ Personal Fans Page: 18
Sun, 24 Sep 2017 22:16:51 INFO ------ Personal Fans Page: 19
Sun, 24 Sep 2017 22:16:52 INFO ------ Personal Fans Page: 20
Sun, 24 Sep 2017 22:16:53 INFO ------ Personal Fans Page: 21
Sun, 24 Sep 2017 22:16:55 INFO ------ Personal Fans Page: 22
Sun, 24 Sep 2017 22:16:57 INFO ------ Personal Fans Page: 23
Sun, 24 Sep 2017 22:16:59 INFO ------ Personal Fans Page: 24
Sun, 24 Sep 2017 22:17:00 INFO ------ Personal Fans Page: 25
Sun, 24 Sep 2017 22:17:03 INFO ------ Personal Fans Page: 26
Sun, 24 Sep 2017 22:17:05 INFO ------ Personal Fans Page: 27
Sun, 24 Sep 2017 22:17:06 INFO ------ Personal Fans Page: 28
Sun, 24 Sep 2017 22:17:07 INFO ------ Personal Fans Page: 29
Sun, 24 Sep 2017 22:17:09 INFO ------ Personal Fans Page: 30
Sun, 24 Sep 2017 22:17:11 INFO ------ Personal Fans Page: 31
Sun, 24 Sep 2017 22:17:13 INFO ------ Personal Fans Page: 32
Sun, 24 Sep 2017 22:17:14 INFO ------ Personal Fans Page: 33
Sun, 24 Sep 2017 22:17:17 INFO ------ Personal Fans Page: 34
Sun, 24 Sep 2017 22:17:19 INFO ------ Personal Fans Page: 35
Sun, 24 Sep 2017 22:17:23 INFO ------ Personal Fans Page: 36
Sun, 24 Sep 2017 22:17:24 INFO ------ Personal Fans Page: 37
Sun, 24 Sep 2017 22:17:26 INFO ------ Personal Fans Page: 38
Sun, 24 Sep 2017 22:17:28 INFO ------ Personal Fans Page: 39
Sun, 24 Sep 2017 22:17:31 INFO ------ Personal Fans Page: 40
Sun, 24 Sep 2017 22:17:33 INFO ------ Personal Fans Page: 41
Sun, 24 Sep 2017 22:17:34 INFO ------ Personal Fans Page: 42
Sun, 24 Sep 2017 22:17:36 INFO ------ Personal Fans Page: 43
Sun, 24 Sep 2017 22:17:38 INFO ------ Personal Fans Page: 44
Sun, 24 Sep 2017 22:17:40 INFO ------ Personal Fans Page: 45
Sun, 24 Sep 2017 22:17:41 INFO ------ Personal Fans Page: 46
Sun, 24 Sep 2017 22:17:43 INFO ------ Personal Fans Page: 47
Sun, 24 Sep 2017 22:17:44 INFO ------ Personal Fans Page: 48
Sun, 24 Sep 2017 22:17:47 INFO ------ Personal Fans Page: 49
Sun, 24 Sep 2017 22:17:50 INFO ------ Personal Fans Page: 50
Sun, 24 Sep 2017 22:17:53 INFO ------ Personal Fans Page: 51
Sun, 24 Sep 2017 22:17:54 INFO ------ Personal Fans Page: 52
Sun, 24 Sep 2017 22:17:56 INFO ------ Personal Fans Page: 53
Sun, 24 Sep 2017 22:17:58 INFO ------ Personal Fans Page: 54
Sun, 24 Sep 2017 22:18:01 INFO ------ Personal Fans Page: 55
Sun, 24 Sep 2017 22:18:03 INFO ------ Personal Fans Page: 56
Sun, 24 Sep 2017 22:18:04 INFO ------ Personal Fans Page: 57
Sun, 24 Sep 2017 22:18:06 INFO ------ Personal Fans Page: 58
Sun, 24 Sep 2017 22:18:08 INFO ------ Personal Fans Page: 59
Sun, 24 Sep 2017 22:18:10 INFO ------ Personal Fans Page: 60
Sun, 24 Sep 2017 22:18:12 INFO ------ Personal Fans Page: 61
Sun, 24 Sep 2017 22:18:13 INFO ------ Personal Fans Page: 62
Sun, 24 Sep 2017 22:18:15 INFO ------ Personal Fans Page: 63
Sun, 24 Sep 2017 22:18:17 INFO ------ Personal Fans Page: 64
Sun, 24 Sep 2017 22:18:18 INFO ------ Personal Fans Page: 65
Sun, 24 Sep 2017 22:18:22 INFO ------ Personal Fans Page: 66
Sun, 24 Sep 2017 22:18:26 INFO ------ Personal Fans Page: 67
Sun, 24 Sep 2017 22:18:28 INFO ------ Personal Fans Page: 68
Sun, 24 Sep 2017 22:18:30 INFO ------ Personal Fans Page: 69
Sun, 24 Sep 2017 22:18:32 INFO Personal uid: 1322839174, name: 晗-梦
Sun, 24 Sep 2017 22:18:34 INFO -- Personal pageId: 1005051322839174
Sun, 24 Sep 2017 22:18:34 INFO ---- Get Personal Info
Sun, 24 Sep 2017 22:18:35 INFO ---- Get Personal Fans
Sun, 24 Sep 2017 22:18:35 INFO ------ Personal Fans Page: 1
Sun, 24 Sep 2017 22:18:36 INFO ------ Personal Fans Page: 2
Sun, 24 Sep 2017 22:18:38 INFO ------ Personal Fans Page: 3
Sun, 24 Sep 2017 22:18:39 INFO ------ Personal Fans Page: 4
Sun, 24 Sep 2017 22:18:40 INFO ------ Personal Fans Page: 5
Sun, 24 Sep 2017 22:18:42 INFO ------ Personal Fans Page: 6
Sun, 24 Sep 2017 22:18:43 INFO ------ Personal Fans Page: 7
Sun, 24 Sep 2017 22:18:44 INFO ------ Personal Fans Page: 8
Sun, 24 Sep 2017 22:18:45 INFO ------ Personal Fans Page: 9
Sun, 24 Sep 2017 22:18:46 INFO ------ Personal Fans Page: 10
Sun, 24 Sep 2017 22:18:47 INFO ------ Personal Fans Page: 11
Sun, 24 Sep 2017 22:18:48 INFO ------ Personal Fans Page: 12
Sun, 24 Sep 2017 22:18:50 INFO ------ Personal Fans Page: 13
Sun, 24 Sep 2017 22:18:51 INFO ------ Personal Fans Page: 14
Sun, 24 Sep 2017 22:18:54 INFO ------ Personal Fans Page: 15
Sun, 24 Sep 2017 22:18:56 INFO ------ Personal Fans Page: 16
Sun, 24 Sep 2017 22:18:59 INFO ------ Personal Fans Page: 17
Sun, 24 Sep 2017 22:19:00 INFO ------ Personal Fans Page: 18
Sun, 24 Sep 2017 22:19:02 INFO ------ Personal Fans Page: 19
Sun, 24 Sep 2017 22:19:03 INFO ------ Personal Fans Page: 20
Sun, 24 Sep 2017 22:19:05 INFO ------ Personal Fans Page: 21
Sun, 24 Sep 2017 22:19:06 INFO ------ Personal Fans Page: 22
Sun, 24 Sep 2017 22:19:08 INFO ------ Personal Fans Page: 23
Sun, 24 Sep 2017 22:19:10 INFO ------ Personal Fans Page: 24
Sun, 24 Sep 2017 22:19:12 INFO ------ Personal Fans Page: 25
Sun, 24 Sep 2017 22:19:13 INFO ------ Personal Fans Page: 26
Sun, 24 Sep 2017 22:19:15 INFO ------ Personal Fans Page: 27
Sun, 24 Sep 2017 22:19:18 INFO ------ Personal Fans Page: 28
Sun, 24 Sep 2017 22:19:19 INFO ------ Personal Fans Page: 29
Sun, 24 Sep 2017 22:19:21 INFO ------ Personal Fans Page: 30
Sun, 24 Sep 2017 22:19:22 INFO ------ Personal Fans Page: 31
Sun, 24 Sep 2017 22:19:24 INFO ------ Personal Fans Page: 32
Sun, 24 Sep 2017 22:19:27 INFO ------ Personal Fans Page: 33
Sun, 24 Sep 2017 22:19:29 INFO ------ Personal Fans Page: 34
Sun, 24 Sep 2017 22:19:31 INFO ------ Personal Fans Page: 35
Sun, 24 Sep 2017 22:19:33 INFO ------ Personal Fans Page: 36
Sun, 24 Sep 2017 22:19:36 INFO ------ Personal Fans Page: 37
Sun, 24 Sep 2017 22:19:40 INFO ------ Personal Fans Page: 38
Sun, 24 Sep 2017 22:19:42 INFO ------ Personal Fans Page: 39
Sun, 24 Sep 2017 22:19:44 INFO ------ Personal Fans Page: 40
Sun, 24 Sep 2017 22:19:47 INFO ------ Personal Fans Page: 41
Sun, 24 Sep 2017 22:19:50 INFO ------ Personal Fans Page: 42
Sun, 24 Sep 2017 22:19:52 INFO ------ Personal Fans Page: 43
Sun, 24 Sep 2017 22:19:54 INFO ------ Personal Fans Page: 44
Sun, 24 Sep 2017 22:19:58 INFO ------ Personal Fans Page: 45
Sun, 24 Sep 2017 22:19:59 INFO ------ Personal Fans Page: 46
Sun, 24 Sep 2017 22:20:00 INFO ------ Personal Fans Page: 47
Sun, 24 Sep 2017 22:20:01 INFO ------ Personal Fans Page: 48
Sun, 24 Sep 2017 22:20:02 INFO ------ Personal Fans Page: 49
Sun, 24 Sep 2017 22:20:03 INFO ------ Personal Fans Page: 50
Sun, 24 Sep 2017 22:20:05 INFO ------ Personal Fans Page: 51
Sun, 24 Sep 2017 22:20:06 INFO ------ Personal Fans Page: 52
Sun, 24 Sep 2017 22:20:09 INFO ------ Personal Fans Page: 53
Sun, 24 Sep 2017 22:20:10 INFO ------ Personal Fans Page: 54
Sun, 24 Sep 2017 22:20:11 INFO ------ Personal Fans Page: 55
Sun, 24 Sep 2017 22:20:12 INFO ------ Personal Fans Page: 56
Sun, 24 Sep 2017 22:20:14 INFO ------ Personal Fans Page: 57
Sun, 24 Sep 2017 22:20:16 INFO ------ Personal Fans Page: 58
Sun, 24 Sep 2017 22:20:17 INFO ------ Personal Fans Page: 59
Sun, 24 Sep 2017 22:20:18 INFO ------ Personal Fans Page: 60
Sun, 24 Sep 2017 22:20:19 INFO ------ Personal Fans Page: 61
Sun, 24 Sep 2017 22:20:20 INFO ------ Personal Fans Page: 62
Sun, 24 Sep 2017 22:20:21 INFO ------ Personal Fans Page: 63
Sun, 24 Sep 2017 22:20:22 INFO ------ Personal Fans Page: 64
Sun, 24 Sep 2017 22:20:24 INFO ------ Personal Fans Page: 65
Sun, 24 Sep 2017 22:20:24 INFO ------ Personal Fans Page: 66
Sun, 24 Sep 2017 22:20:25 INFO ------ Personal Fans Page: 67
Sun, 24 Sep 2017 22:20:26 INFO ------ Personal Fans Page: 68
Sun, 24 Sep 2017 22:20:27 INFO ------ Personal Fans Page: 69
Sun, 24 Sep 2017 22:20:28 INFO Personal uid: 1323441873, name: 哟撒子叻
Sun, 24 Sep 2017 22:20:29 INFO -- Personal pageId: 1005051323441873
Sun, 24 Sep 2017 22:20:29 INFO ---- Get Personal Info
Sun, 24 Sep 2017 22:20:30 INFO ---- Get Personal Fans
Sun, 24 Sep 2017 22:20:30 INFO ------ Personal Fans Page: 1
Sun, 24 Sep 2017 22:20:31 INFO ------ Personal Fans Page: 2
Sun, 24 Sep 2017 22:20:33 INFO ------ Personal Fans Page: 3
Sun, 24 Sep 2017 22:20:34 INFO ------ Personal Fans Page: 4
Sun, 24 Sep 2017 22:20:36 INFO ------ Personal Fans Page: 5
Sun, 24 Sep 2017 22:20:37 INFO ------ Personal Fans Page: 6
Sun, 24 Sep 2017 22:20:38 INFO ------ Personal Fans Page: 7
Sun, 24 Sep 2017 22:20:40 INFO ------ Personal Fans Page: 8
Sun, 24 Sep 2017 22:20:41 INFO ------ Personal Fans Page: 9
Sun, 24 Sep 2017 22:20:41 INFO ------ Personal Fans Page: 10
Sun, 24 Sep 2017 22:20:42 INFO ------ Personal Fans Page: 11
Sun, 24 Sep 2017 22:20:43 INFO ------ Personal Fans Page: 12
Sun, 24 Sep 2017 22:20:44 INFO ------ Personal Fans Page: 13
Sun, 24 Sep 2017 22:20:46 INFO ------ Personal Fans Page: 14
Sun, 24 Sep 2017 22:20:47 INFO ------ Personal Fans Page: 15
Sun, 24 Sep 2017 22:20:49 INFO ------ Personal Fans Page: 16
Sun, 24 Sep 2017 22:20:50 INFO ------ Personal Fans Page: 17
Sun, 24 Sep 2017 22:20:51 INFO ------ Personal Fans Page: 18
Sun, 24 Sep 2017 22:20:52 INFO ------ Personal Fans Page: 19
Sun, 24 Sep 2017 22:20:52 INFO Personal uid: 1323701141, name: 阳光空气水暖心
Sun, 24 Sep 2017 22:20:54 INFO -- Personal pageId: 1005051323701141
Sun, 24 Sep 2017 22:20:54 INFO ---- Get Personal Info
Sun, 24 Sep 2017 22:20:55 INFO ---- Get Personal Fans
Sun, 24 Sep 2017 22:20:55 INFO ------ Personal Fans Page: 1
Sun, 24 Sep 2017 22:20:56 INFO ------ Personal Fans Page: 2
Sun, 24 Sep 2017 22:20:57 INFO ------ Personal Fans Page: 3
Sun, 24 Sep 2017 22:20:58 INFO ------ Personal Fans Page: 4
Sun, 24 Sep 2017 22:20:58 INFO ------ Personal Fans Page: 5
Sun, 24 Sep 2017 22:21:00 INFO ------ Personal Fans Page: 6
Sun, 24 Sep 2017 22:21:01 INFO ------ Personal Fans Page: 7
Sun, 24 Sep 2017 22:21:01 INFO ------ Personal Fans Page: 8
Sun, 24 Sep 2017 22:21:03 INFO ------ Personal Fans Page: 9
Sun, 24 Sep 2017 22:21:04 INFO ------ Personal Fans Page: 10
Sun, 24 Sep 2017 22:21:05 INFO ------ Personal Fans Page: 11
Sun, 24 Sep 2017 22:21:06 INFO Personal uid: 1326279034, name: 中闽名韵
Sun, 24 Sep 2017 22:21:07 INFO -- Personal pageId: 1005051326279034
Sun, 24 Sep 2017 22:21:07 INFO ---- Get Personal Info
Sun, 24 Sep 2017 22:21:09 INFO ---- Get Personal Fans
Sun, 24 Sep 2017 22:21:09 INFO ------ Personal Fans Page: 1
Sun, 24 Sep 2017 22:21:10 INFO ------ Personal Fans Page: 2
Sun, 24 Sep 2017 22:21:11 INFO ------ Personal Fans Page: 3
Sun, 24 Sep 2017 22:21:13 INFO ------ Personal Fans Page: 4
Sun, 24 Sep 2017 22:21:14 INFO ------ Personal Fans Page: 5
Sun, 24 Sep 2017 22:21:15 INFO ------ Personal Fans Page: 6
Sun, 24 Sep 2017 22:21:16 INFO ------ Personal Fans Page: 7
Sun, 24 Sep 2017 22:21:17 INFO ------ Personal Fans Page: 8
Sun, 24 Sep 2017 22:21:18 INFO ------ Personal Fans Page: 9
Sun, 24 Sep 2017 22:21:19 INFO ------ Personal Fans Page: 10
Sun, 24 Sep 2017 22:21:20 INFO ------ Personal Fans Page: 11
Sun, 24 Sep 2017 22:21:20 INFO ------ Personal Fans Page: 12
Sun, 24 Sep 2017 22:21:22 INFO ------ Personal Fans Page: 13
Sun, 24 Sep 2017 22:21:23 INFO ------ Personal Fans Page: 14
Sun, 24 Sep 2017 22:21:24 INFO ------ Personal Fans Page: 15
Sun, 24 Sep 2017 22:21:25 INFO ------ Personal Fans Page: 16
Sun, 24 Sep 2017 22:21:26 INFO ------ Personal Fans Page: 17
Sun, 24 Sep 2017 22:21:27 INFO ------ Personal Fans Page: 18
Sun, 24 Sep 2017 22:21:29 INFO ------ Personal Fans Page: 19
Sun, 24 Sep 2017 22:21:30 INFO ------ Personal Fans Page: 20
Sun, 24 Sep 2017 22:21:31 INFO ------ Personal Fans Page: 21
Sun, 24 Sep 2017 22:21:32 INFO ------ Personal Fans Page: 22
Sun, 24 Sep 2017 22:21:33 INFO ------ Personal Fans Page: 23
Sun, 24 Sep 2017 22:21:33 INFO ------ Personal Fans Page: 24
Sun, 24 Sep 2017 22:21:34 INFO ------ Personal Fans Page: 25
Sun, 24 Sep 2017 22:21:35 INFO ------ Personal Fans Page: 26
Sun, 24 Sep 2017 22:21:36 INFO ------ Personal Fans Page: 27
Sun, 24 Sep 2017 22:21:36 INFO ------ Personal Fans Page: 28
Sun, 24 Sep 2017 22:21:38 INFO ------ Personal Fans Page: 29
Sun, 24 Sep 2017 22:21:40 INFO ------ Personal Fans Page: 30
Sun, 24 Sep 2017 22:21:40 INFO ------ Personal Fans Page: 31
Sun, 24 Sep 2017 22:21:42 INFO ------ Personal Fans Page: 32
Sun, 24 Sep 2017 22:21:42 INFO ------ Personal Fans Page: 33
Sun, 24 Sep 2017 22:21:43 INFO ------ Personal Fans Page: 34
Sun, 24 Sep 2017 22:21:44 INFO ------ Personal Fans Page: 35
Sun, 24 Sep 2017 22:21:45 INFO ------ Personal Fans Page: 36
Sun, 24 Sep 2017 22:21:46 INFO ------ Personal Fans Page: 37
Sun, 24 Sep 2017 22:21:47 INFO ------ Personal Fans Page: 38
Sun, 24 Sep 2017 22:21:48 INFO ------ Personal Fans Page: 39
Sun, 24 Sep 2017 22:21:49 INFO ------ Personal Fans Page: 40
Sun, 24 Sep 2017 22:21:50 INFO ------ Personal Fans Page: 41
Sun, 24 Sep 2017 22:21:51 INFO ------ Personal Fans Page: 42
Sun, 24 Sep 2017 22:21:52 INFO ------ Personal Fans Page: 43
Sun, 24 Sep 2017 22:21:53 INFO ------ Personal Fans Page: 44
Sun, 24 Sep 2017 22:21:54 INFO ------ Personal Fans Page: 45
Sun, 24 Sep 2017 22:21:56 INFO ------ Personal Fans Page: 46
Sun, 24 Sep 2017 22:21:57 INFO ------ Personal Fans Page: 47
Sun, 24 Sep 2017 22:21:58 INFO ------ Personal Fans Page: 48
Sun, 24 Sep 2017 22:21:59 INFO ------ Personal Fans Page: 49
Sun, 24 Sep 2017 22:22:00 INFO ------ Personal Fans Page: 50
Sun, 24 Sep 2017 22:22:01 INFO ------ Personal Fans Page: 51
Sun, 24 Sep 2017 22:22:03 INFO ------ Personal Fans Page: 52
Sun, 24 Sep 2017 22:22:05 INFO ------ Personal Fans Page: 53
Sun, 24 Sep 2017 22:22:06 INFO ------ Personal Fans Page: 54
Sun, 24 Sep 2017 22:22:07 INFO ------ Personal Fans Page: 55
Sun, 24 Sep 2017 22:22:09 INFO ------ Personal Fans Page: 56
Sun, 24 Sep 2017 22:22:10 INFO ------ Personal Fans Page: 57
Sun, 24 Sep 2017 22:22:11 INFO ------ Personal Fans Page: 58
Sun, 24 Sep 2017 22:22:12 INFO ------ Personal Fans Page: 59
Sun, 24 Sep 2017 22:22:12 INFO ------ Personal Fans Page: 60
Sun, 24 Sep 2017 22:22:13 INFO Personal uid: 1338292727, name: pingsung520
Sun, 24 Sep 2017 22:22:14 INFO -- Personal pageId: 1005051338292727
Sun, 24 Sep 2017 22:22:14 INFO ---- Get Personal Info
Sun, 24 Sep 2017 22:22:16 INFO ---- Get Personal Fans
Sun, 24 Sep 2017 22:22:16 INFO ------ Personal Fans Page: 1
Sun, 24 Sep 2017 22:22:17 INFO ------ Personal Fans Page: 2
Sun, 24 Sep 2017 22:22:18 INFO ------ Personal Fans Page: 3
Sun, 24 Sep 2017 22:22:19 INFO ------ Personal Fans Page: 4
Sun, 24 Sep 2017 22:22:20 INFO ------ Personal Fans Page: 5
Sun, 24 Sep 2017 22:22:20 INFO ------ Personal Fans Page: 6
Sun, 24 Sep 2017 22:22:21 INFO ------ Personal Fans Page: 7
Sun, 24 Sep 2017 22:22:22 INFO ------ Personal Fans Page: 8
Sun, 24 Sep 2017 22:22:22 INFO ------ Personal Fans Page: 9
Sun, 24 Sep 2017 22:22:23 INFO ------ Personal Fans Page: 10
Sun, 24 Sep 2017 22:22:25 INFO ------ Personal Fans Page: 11
Sun, 24 Sep 2017 22:22:26 INFO ------ Personal Fans Page: 12
Sun, 24 Sep 2017 22:22:27 INFO ------ Personal Fans Page: 13
Sun, 24 Sep 2017 22:22:28 INFO ------ Personal Fans Page: 14
Sun, 24 Sep 2017 22:22:29 INFO Personal uid: 1340359834, name: tracyzou101
Sun, 24 Sep 2017 22:22:31 INFO -- Personal pageId: 1005051340359834
Sun, 24 Sep 2017 22:22:31 INFO ---- Get Personal Info
Sun, 24 Sep 2017 22:22:32 INFO ---- Get Personal Fans
Sun, 24 Sep 2017 22:22:32 INFO ------ Personal Fans Page: 1
Sun, 24 Sep 2017 22:22:33 INFO ------ Personal Fans Page: 2
Sun, 24 Sep 2017 22:22:34 INFO ------ Personal Fans Page: 3
Sun, 24 Sep 2017 22:22:35 INFO ------ Personal Fans Page: 4
Sun, 24 Sep 2017 22:22:36 INFO ------ Personal Fans Page: 5
Sun, 24 Sep 2017 22:22:36 INFO ------ Personal Fans Page: 6
Sun, 24 Sep 2017 22:22:37 INFO ------ Personal Fans Page: 7
Sun, 24 Sep 2017 22:22:38 INFO ------ Personal Fans Page: 8
Sun, 24 Sep 2017 22:22:39 INFO ------ Personal Fans Page: 9
Sun, 24 Sep 2017 22:22:40 INFO ------ Personal Fans Page: 10
Sun, 24 Sep 2017 22:22:43 INFO ------ Personal Fans Page: 11
Sun, 24 Sep 2017 22:22:44 INFO ------ Personal Fans Page: 12
Sun, 24 Sep 2017 22:22:45 INFO ------ Personal Fans Page: 13
Sun, 24 Sep 2017 22:22:47 INFO ------ Personal Fans Page: 14
Sun, 24 Sep 2017 22:22:48 INFO ------ Personal Fans Page: 15
Sun, 24 Sep 2017 22:22:49 INFO ------ Personal Fans Page: 16
Sun, 24 Sep 2017 22:22:50 INFO ------ Personal Fans Page: 17
Sun, 24 Sep 2017 22:22:51 INFO ------ Personal Fans Page: 18
Sun, 24 Sep 2017 22:22:52 INFO ------ Personal Fans Page: 19
Sun, 24 Sep 2017 22:22:53 INFO Personal uid: 1342048952, name: 饭粒儿_T
Sun, 24 Sep 2017 22:22:54 INFO -- Personal pageId: 1005051342048952
Sun, 24 Sep 2017 22:22:54 INFO ---- Get Personal Info
Sun, 24 Sep 2017 22:22:55 INFO ---- Get Personal Fans
Sun, 24 Sep 2017 22:22:55 INFO ------ Personal Fans Page: 1
Sun, 24 Sep 2017 22:22:57 INFO ------ Personal Fans Page: 2
Sun, 24 Sep 2017 22:22:57 INFO ------ Personal Fans Page: 3
Sun, 24 Sep 2017 22:22:58 INFO ------ Personal Fans Page: 4
Sun, 24 Sep 2017 22:22:59 INFO ------ Personal Fans Page: 5
Sun, 24 Sep 2017 22:23:00 INFO ------ Personal Fans Page: 6
Sun, 24 Sep 2017 22:23:01 INFO ------ Personal Fans Page: 7
Sun, 24 Sep 2017 22:23:02 INFO ------ Personal Fans Page: 8
Sun, 24 Sep 2017 22:23:03 INFO ------ Personal Fans Page: 9
Sun, 24 Sep 2017 22:23:04 INFO ------ Personal Fans Page: 10
Sun, 24 Sep 2017 22:23:05 INFO ------ Personal Fans Page: 11
Sun, 24 Sep 2017 22:23:06 INFO ------ Personal Fans Page: 12
Sun, 24 Sep 2017 22:23:07 INFO ------ Personal Fans Page: 13
Sun, 24 Sep 2017 22:23:07 INFO ------ Personal Fans Page: 14
Sun, 24 Sep 2017 22:23:08 INFO ------ Personal Fans Page: 15
Sun, 24 Sep 2017 22:23:10 INFO ------ Personal Fans Page: 16
Sun, 24 Sep 2017 22:23:10 INFO ------ Personal Fans Page: 17
Sun, 24 Sep 2017 22:23:11 INFO ------ Personal Fans Page: 18
Sun, 24 Sep 2017 22:23:12 INFO ------ Personal Fans Page: 19
Sun, 24 Sep 2017 22:23:13 INFO ------ Personal Fans Page: 20
Sun, 24 Sep 2017 22:23:14 INFO ------ Personal Fans Page: 21
Sun, 24 Sep 2017 22:23:15 INFO ------ Personal Fans Page: 22
Sun, 24 Sep 2017 22:23:16 INFO ------ Personal Fans Page: 23
Sun, 24 Sep 2017 22:23:17 INFO ------ Personal Fans Page: 24
Sun, 24 Sep 2017 22:23:18 INFO Personal uid: 1347568113, name: 浮云帮
Sun, 24 Sep 2017 22:23:18 INFO -- Personal pageId: 1005051347568113
Sun, 24 Sep 2017 22:23:18 INFO ---- Get Personal Info
Sun, 24 Sep 2017 22:23:20 INFO ---- Get Personal Fans
Sun, 24 Sep 2017 22:23:20 INFO ------ Personal Fans Page: 1
Sun, 24 Sep 2017 22:23:21 INFO ------ Personal Fans Page: 2
Sun, 24 Sep 2017 22:23:22 INFO ------ Personal Fans Page: 3
Sun, 24 Sep 2017 22:23:23 INFO ------ Personal Fans Page: 4
Sun, 24 Sep 2017 22:23:24 INFO ------ Personal Fans Page: 5
Sun, 24 Sep 2017 22:23:24 INFO ------ Personal Fans Page: 6
Sun, 24 Sep 2017 22:23:25 INFO ------ Personal Fans Page: 7
Sun, 24 Sep 2017 22:23:26 INFO ------ Personal Fans Page: 8
Sun, 24 Sep 2017 22:23:27 INFO ------ Personal Fans Page: 9
Sun, 24 Sep 2017 22:23:27 INFO ------ Personal Fans Page: 10
Sun, 24 Sep 2017 22:23:28 INFO ------ Personal Fans Page: 11
Sun, 24 Sep 2017 22:23:29 INFO ------ Personal Fans Page: 12
Sun, 24 Sep 2017 22:23:29 INFO ------ Personal Fans Page: 13
Sun, 24 Sep 2017 22:23:30 INFO ------ Personal Fans Page: 14
Sun, 24 Sep 2017 22:23:30 INFO ------ Personal Fans Page: 15
Sun, 24 Sep 2017 22:23:31 INFO Personal uid: 1349404332, name: 莹滢潆蓥瑩茔
Sun, 24 Sep 2017 22:23:32 INFO -- Personal pageId: 1005051349404332
Sun, 24 Sep 2017 22:23:32 INFO ---- Get Personal Info
Sun, 24 Sep 2017 22:23:33 INFO ---- Get Personal Fans
Sun, 24 Sep 2017 22:23:33 INFO ------ Personal Fans Page: 1
Sun, 24 Sep 2017 22:23:34 INFO ------ Personal Fans Page: 2
Sun, 24 Sep 2017 22:23:35 INFO ------ Personal Fans Page: 3
Sun, 24 Sep 2017 22:23:36 INFO ------ Personal Fans Page: 4
Sun, 24 Sep 2017 22:23:37 INFO ------ Personal Fans Page: 5
Sun, 24 Sep 2017 22:23:38 INFO ------ Personal Fans Page: 6
Sun, 24 Sep 2017 22:23:39 INFO ------ Personal Fans Page: 7
Sun, 24 Sep 2017 22:23:40 INFO ------ Personal Fans Page: 8
Sun, 24 Sep 2017 22:23:41 INFO ------ Personal Fans Page: 9
Sun, 24 Sep 2017 22:23:41 INFO ------ Personal Fans Page: 10
Sun, 24 Sep 2017 22:23:43 INFO ------ Personal Fans Page: 11
Sun, 24 Sep 2017 22:23:44 INFO ------ Personal Fans Page: 12
Sun, 24 Sep 2017 22:23:45 INFO ------ Personal Fans Page: 13
Sun, 24 Sep 2017 22:23:46 INFO ------ Personal Fans Page: 14
Sun, 24 Sep 2017 22:23:48 INFO ------ Personal Fans Page: 15
Sun, 24 Sep 2017 22:23:49 INFO Personal uid: 1351415725, name: dearme卡夏
Sun, 24 Sep 2017 22:23:49 INFO -- Personal pageId: 1005051351415725
Sun, 24 Sep 2017 22:23:49 INFO ---- Get Personal Info
Sun, 24 Sep 2017 22:23:51 INFO ---- Get Personal Fans
Sun, 24 Sep 2017 22:23:51 INFO ------ Personal Fans Page: 1
Sun, 24 Sep 2017 22:23:51 INFO ------ Personal Fans Page: 2
Sun, 24 Sep 2017 22:23:52 INFO ------ Personal Fans Page: 3
Sun, 24 Sep 2017 22:23:53 INFO ------ Personal Fans Page: 4
Sun, 24 Sep 2017 22:23:54 INFO ------ Personal Fans Page: 5
Sun, 24 Sep 2017 22:23:55 INFO ------ Personal Fans Page: 6
Sun, 24 Sep 2017 22:23:56 INFO ------ Personal Fans Page: 7
Sun, 24 Sep 2017 22:23:56 INFO ------ Personal Fans Page: 8
Sun, 24 Sep 2017 22:23:57 INFO ------ Personal Fans Page: 9
Sun, 24 Sep 2017 22:23:58 INFO ------ Personal Fans Page: 10
Sun, 24 Sep 2017 22:23:59 INFO ------ Personal Fans Page: 11
Sun, 24 Sep 2017 22:23:59 INFO ------ Personal Fans Page: 12
Sun, 24 Sep 2017 22:24:00 INFO ------ Personal Fans Page: 13
Sun, 24 Sep 2017 22:24:01 INFO ------ Personal Fans Page: 14
Sun, 24 Sep 2017 22:24:02 INFO ------ Personal Fans Page: 15
Sun, 24 Sep 2017 22:24:03 INFO Personal uid: 1352867105, name: CCCCCCCC逗逼
Sun, 24 Sep 2017 22:24:04 INFO -- Personal pageId: 1005051352867105
Sun, 24 Sep 2017 22:24:04 INFO ---- Get Personal Info
Sun, 24 Sep 2017 22:24:05 INFO ---- Get Personal Fans
Sun, 24 Sep 2017 22:24:05 INFO ------ Personal Fans Page: 1
Sun, 24 Sep 2017 22:24:07 INFO ------ Personal Fans Page: 2
Sun, 24 Sep 2017 22:24:07 INFO ------ Personal Fans Page: 3
Sun, 24 Sep 2017 22:24:08 INFO ------ Personal Fans Page: 4
Sun, 24 Sep 2017 22:24:09 INFO ------ Personal Fans Page: 5
Sun, 24 Sep 2017 22:24:10 INFO ------ Personal Fans Page: 6
Sun, 24 Sep 2017 22:24:11 INFO ------ Personal Fans Page: 7
Sun, 24 Sep 2017 22:24:13 INFO ------ Personal Fans Page: 8
Sun, 24 Sep 2017 22:24:14 INFO ------ Personal Fans Page: 9
Sun, 24 Sep 2017 22:24:15 INFO ------ Personal Fans Page: 10
Sun, 24 Sep 2017 22:24:16 INFO ------ Personal Fans Page: 11
Sun, 24 Sep 2017 22:24:17 INFO ------ Personal Fans Page: 12
Sun, 24 Sep 2017 22:24:18 INFO ------ Personal Fans Page: 13
Sun, 24 Sep 2017 22:24:18 INFO ------ Personal Fans Page: 14
Sun, 24 Sep 2017 22:24:19 INFO ------ Personal Fans Page: 15
Sun, 24 Sep 2017 22:24:20 INFO ------ Personal Fans Page: 16
Sun, 24 Sep 2017 22:24:21 INFO ------ Personal Fans Page: 17
Sun, 24 Sep 2017 22:24:22 INFO Personal uid: 1354106130, name: Wuli熳依
Sun, 24 Sep 2017 22:24:23 INFO -- Personal pageId: 1005051354106130
Sun, 24 Sep 2017 22:24:23 INFO ---- Get Personal Info
Sun, 24 Sep 2017 22:24:24 INFO ---- Get Personal Fans
Sun, 24 Sep 2017 22:24:24 INFO ------ Personal Fans Page: 1
Sun, 24 Sep 2017 22:24:25 INFO ------ Personal Fans Page: 2
Sun, 24 Sep 2017 22:24:26 INFO ------ Personal Fans Page: 3
Sun, 24 Sep 2017 22:24:26 INFO ------ Personal Fans Page: 4
Sun, 24 Sep 2017 22:24:28 INFO ------ Personal Fans Page: 5
Sun, 24 Sep 2017 22:24:29 INFO ------ Personal Fans Page: 6
Sun, 24 Sep 2017 22:24:29 INFO ------ Personal Fans Page: 7
Sun, 24 Sep 2017 22:24:30 INFO ------ Personal Fans Page: 8
Sun, 24 Sep 2017 22:24:31 INFO ------ Personal Fans Page: 9
Sun, 24 Sep 2017 22:24:31 INFO ------ Personal Fans Page: 10
Sun, 24 Sep 2017 22:24:32 INFO ------ Personal Fans Page: 11
Sun, 24 Sep 2017 22:24:33 INFO ------ Personal Fans Page: 12
Sun, 24 Sep 2017 22:24:34 INFO ------ Personal Fans Page: 13
Sun, 24 Sep 2017 22:24:36 INFO ------ Personal Fans Page: 14
Sun, 24 Sep 2017 22:24:36 INFO ------ Personal Fans Page: 15
Sun, 24 Sep 2017 22:24:38 INFO ------ Personal Fans Page: 16
Sun, 24 Sep 2017 22:24:38 INFO ------ Personal Fans Page: 17
Sun, 24 Sep 2017 22:24:39 INFO ------ Personal Fans Page: 18
Sun, 24 Sep 2017 22:24:39 INFO ------ Personal Fans Page: 19
Sun, 24 Sep 2017 22:24:40 INFO ------ Personal Fans Page: 20
Sun, 24 Sep 2017 22:24:42 INFO ------ Personal Fans Page: 21
Sun, 24 Sep 2017 22:24:43 INFO ------ Personal Fans Page: 22
Sun, 24 Sep 2017 22:24:44 INFO ------ Personal Fans Page: 23
Sun, 24 Sep 2017 22:24:45 INFO ------ Personal Fans Page: 24
Sun, 24 Sep 2017 22:24:46 INFO ------ Personal Fans Page: 25
Sun, 24 Sep 2017 22:24:47 INFO ------ Personal Fans Page: 26
Sun, 24 Sep 2017 22:24:47 INFO ------ Personal Fans Page: 27
Sun, 24 Sep 2017 22:24:48 INFO ------ Personal Fans Page: 28
Sun, 24 Sep 2017 22:24:49 INFO ------ Personal Fans Page: 29
Sun, 24 Sep 2017 22:24:49 INFO Personal uid: 1354397471, name: 蹦跶的鱼姑娘
Sun, 24 Sep 2017 22:24:50 INFO -- Personal pageId: 1005051354397471
Sun, 24 Sep 2017 22:24:50 INFO ---- Get Personal Info
Sun, 24 Sep 2017 22:24:51 INFO ---- Get Personal Fans
Sun, 24 Sep 2017 22:24:51 INFO ------ Personal Fans Page: 1
Sun, 24 Sep 2017 22:24:54 INFO ------ Personal Fans Page: 2
Sun, 24 Sep 2017 22:24:56 INFO ------ Personal Fans Page: 3
Sun, 24 Sep 2017 22:24:58 INFO ------ Personal Fans Page: 4
Sun, 24 Sep 2017 22:25:02 INFO ------ Personal Fans Page: 5
Sun, 24 Sep 2017 22:25:03 INFO ------ Personal Fans Page: 6
Sun, 24 Sep 2017 22:25:05 INFO ------ Personal Fans Page: 7
Sun, 24 Sep 2017 22:25:06 INFO ------ Personal Fans Page: 8
Sun, 24 Sep 2017 22:25:09 INFO ------ Personal Fans Page: 9
Sun, 24 Sep 2017 22:25:10 INFO ------ Personal Fans Page: 10
Sun, 24 Sep 2017 22:25:12 INFO ------ Personal Fans Page: 11
Sun, 24 Sep 2017 22:25:14 INFO ------ Personal Fans Page: 12
Sun, 24 Sep 2017 22:25:19 INFO ------ Personal Fans Page: 13
Sun, 24 Sep 2017 22:25:21 INFO ------ Personal Fans Page: 14
Sun, 24 Sep 2017 22:25:23 INFO ------ Personal Fans Page: 15
Sun, 24 Sep 2017 22:25:24 INFO ------ Personal Fans Page: 16
Sun, 24 Sep 2017 22:25:26 INFO ------ Personal Fans Page: 17
Sun, 24 Sep 2017 22:25:27 INFO ------ Personal Fans Page: 18
Sun, 24 Sep 2017 22:25:28 INFO ------ Personal Fans Page: 19
Sun, 24 Sep 2017 22:25:29 INFO ------ Personal Fans Page: 20
Sun, 24 Sep 2017 22:25:31 INFO ------ Personal Fans Page: 21
Sun, 24 Sep 2017 22:25:32 INFO ------ Personal Fans Page: 22
Sun, 24 Sep 2017 22:25:34 INFO ------ Personal Fans Page: 23
Sun, 24 Sep 2017 22:25:37 INFO ------ Personal Fans Page: 24
Sun, 24 Sep 2017 22:25:38 INFO ------ Personal Fans Page: 25
Sun, 24 Sep 2017 22:25:40 INFO ------ Personal Fans Page: 26
Sun, 24 Sep 2017 22:25:43 INFO ------ Personal Fans Page: 27
Sun, 24 Sep 2017 22:25:45 INFO ------ Personal Fans Page: 28
Sun, 24 Sep 2017 22:25:46 INFO ------ Personal Fans Page: 29
Sun, 24 Sep 2017 22:25:47 INFO ------ Personal Fans Page: 30
Sun, 24 Sep 2017 22:25:50 INFO ------ Personal Fans Page: 31
Sun, 24 Sep 2017 22:25:52 INFO ------ Personal Fans Page: 32
Sun, 24 Sep 2017 22:25:55 INFO ------ Personal Fans Page: 33
Sun, 24 Sep 2017 22:25:57 INFO ------ Personal Fans Page: 34
Sun, 24 Sep 2017 22:25:58 INFO ------ Personal Fans Page: 35
Sun, 24 Sep 2017 22:25:59 INFO ------ Personal Fans Page: 36
Sun, 24 Sep 2017 22:26:01 INFO ------ Personal Fans Page: 37
Sun, 24 Sep 2017 22:26:02 INFO ------ Personal Fans Page: 38
Sun, 24 Sep 2017 22:26:03 INFO ------ Personal Fans Page: 39
Sun, 24 Sep 2017 22:26:04 INFO ------ Personal Fans Page: 40
Sun, 24 Sep 2017 22:26:06 INFO ------ Personal Fans Page: 41
Sun, 24 Sep 2017 22:26:07 INFO Personal uid: 1354728585, name: 用户s2buwrthv9
Sun, 24 Sep 2017 22:26:10 INFO -- Personal pageId: 1005051354728585
Sun, 24 Sep 2017 22:26:10 INFO ---- Get Personal Info
Sun, 24 Sep 2017 22:26:11 INFO ---- Get Personal Fans
Sun, 24 Sep 2017 22:26:11 INFO ------ Personal Fans Page: 1
Sun, 24 Sep 2017 22:26:12 INFO ------ Personal Fans Page: 2
Sun, 24 Sep 2017 22:26:14 INFO ------ Personal Fans Page: 3
Sun, 24 Sep 2017 22:26:16 INFO ------ Personal Fans Page: 4
Sun, 24 Sep 2017 22:26:18 INFO ------ Personal Fans Page: 5
Sun, 24 Sep 2017 22:26:20 INFO ------ Personal Fans Page: 6
Sun, 24 Sep 2017 22:26:21 INFO ------ Personal Fans Page: 7
Sun, 24 Sep 2017 22:26:22 INFO ------ Personal Fans Page: 8
Sun, 24 Sep 2017 22:26:23 INFO ------ Personal Fans Page: 9
Sun, 24 Sep 2017 22:26:27 INFO ------ Personal Fans Page: 10
Sun, 24 Sep 2017 22:26:28 INFO ------ Personal Fans Page: 11
Sun, 24 Sep 2017 22:26:29 INFO ------ Personal Fans Page: 12
Sun, 24 Sep 2017 22:26:31 INFO ------ Personal Fans Page: 13
Sun, 24 Sep 2017 22:26:32 INFO ------ Personal Fans Page: 14
Sun, 24 Sep 2017 22:26:33 INFO ------ Personal Fans Page: 15
Sun, 24 Sep 2017 22:26:34 INFO ------ Personal Fans Page: 16
Sun, 24 Sep 2017 22:26:35 INFO ------ Personal Fans Page: 17
Sun, 24 Sep 2017 22:26:36 INFO ------ Personal Fans Page: 18
Sun, 24 Sep 2017 22:26:37 INFO Personal uid: 1357246412, name: 签证达人--hui慧酱
Sun, 24 Sep 2017 22:26:38 INFO -- Personal pageId: 1005051357246412
Sun, 24 Sep 2017 22:26:38 INFO ---- Get Personal Info
Sun, 24 Sep 2017 22:26:39 INFO ---- Get Personal Fans
Sun, 24 Sep 2017 22:26:39 INFO ------ Personal Fans Page: 1
Sun, 24 Sep 2017 22:26:41 INFO ------ Personal Fans Page: 2
Sun, 24 Sep 2017 22:26:42 INFO ------ Personal Fans Page: 3
Sun, 24 Sep 2017 22:26:44 INFO ------ Personal Fans Page: 4
Sun, 24 Sep 2017 22:26:45 INFO ------ Personal Fans Page: 5
Sun, 24 Sep 2017 22:26:47 INFO ------ Personal Fans Page: 6
Sun, 24 Sep 2017 22:26:48 INFO ------ Personal Fans Page: 7
Sun, 24 Sep 2017 22:26:49 INFO Personal uid: 1357618354, name: 仁人的夏天
Sun, 24 Sep 2017 22:26:50 INFO -- Personal pageId: 1005051357618354
Sun, 24 Sep 2017 22:26:50 INFO ---- Get Personal Info
Sun, 24 Sep 2017 22:26:51 INFO ---- Get Personal Fans
Sun, 24 Sep 2017 22:26:51 INFO ------ Personal Fans Page: 1
Sun, 24 Sep 2017 22:26:55 INFO ------ Personal Fans Page: 2
Sun, 24 Sep 2017 22:26:57 INFO ------ Personal Fans Page: 3
Sun, 24 Sep 2017 22:26:57 INFO ------ Personal Fans Page: 4
Sun, 24 Sep 2017 22:26:59 INFO ------ Personal Fans Page: 5
Sun, 24 Sep 2017 22:27:00 INFO ------ Personal Fans Page: 6
Sun, 24 Sep 2017 22:27:02 INFO ------ Personal Fans Page: 7
Sun, 24 Sep 2017 22:27:03 INFO ------ Personal Fans Page: 8
Sun, 24 Sep 2017 22:27:04 INFO ------ Personal Fans Page: 9
Sun, 24 Sep 2017 22:27:06 INFO ------ Personal Fans Page: 10
Sun, 24 Sep 2017 22:27:08 INFO ------ Personal Fans Page: 11
Sun, 24 Sep 2017 22:27:09 INFO ------ Personal Fans Page: 12
Sun, 24 Sep 2017 22:27:11 INFO ------ Personal Fans Page: 13
Sun, 24 Sep 2017 22:27:13 INFO ------ Personal Fans Page: 14
Sun, 24 Sep 2017 22:27:15 INFO ------ Personal Fans Page: 15
Sun, 24 Sep 2017 22:27:16 INFO ------ Personal Fans Page: 16
Sun, 24 Sep 2017 22:27:18 INFO Personal uid: 1359230055, name: paopaojyh
Sun, 24 Sep 2017 22:27:19 INFO -- Personal pageId: 1005051359230055
Sun, 24 Sep 2017 22:27:19 INFO ---- Get Personal Info
Sun, 24 Sep 2017 22:27:20 INFO ---- Get Personal Fans
Sun, 24 Sep 2017 22:27:20 INFO ------ Personal Fans Page: 1
Sun, 24 Sep 2017 22:27:22 INFO ------ Personal Fans Page: 2
Sun, 24 Sep 2017 22:27:25 INFO ------ Personal Fans Page: 3
Sun, 24 Sep 2017 22:27:27 INFO ------ Personal Fans Page: 4
Sun, 24 Sep 2017 22:27:28 INFO Personal uid: 1360945784, name: 蜂鸟林斤
Sun, 24 Sep 2017 22:27:30 INFO -- Personal pageId: 1005051360945784
Sun, 24 Sep 2017 22:27:30 INFO ---- Get Personal Info
Sun, 24 Sep 2017 22:27:31 INFO ---- Get Personal Fans
Sun, 24 Sep 2017 22:27:31 INFO ------ Personal Fans Page: 1
Sun, 24 Sep 2017 22:27:33 INFO ------ Personal Fans Page: 2
Sun, 24 Sep 2017 22:27:34 INFO ------ Personal Fans Page: 3
Sun, 24 Sep 2017 22:27:36 INFO ------ Personal Fans Page: 4
Sun, 24 Sep 2017 22:27:37 INFO ------ Personal Fans Page: 5
Sun, 24 Sep 2017 22:27:38 INFO ------ Personal Fans Page: 6
Sun, 24 Sep 2017 22:27:39 INFO ------ Personal Fans Page: 7
Sun, 24 Sep 2017 22:27:40 INFO ------ Personal Fans Page: 8
Sun, 24 Sep 2017 22:27:42 INFO ------ Personal Fans Page: 9
Sun, 24 Sep 2017 22:27:43 INFO ------ Personal Fans Page: 10
Sun, 24 Sep 2017 22:27:45 INFO ------ Personal Fans Page: 11
Sun, 24 Sep 2017 22:27:46 INFO ------ Personal Fans Page: 12
Sun, 24 Sep 2017 22:27:47 INFO ------ Personal Fans Page: 13
Sun, 24 Sep 2017 22:27:49 INFO ------ Personal Fans Page: 14
Sun, 24 Sep 2017 22:27:50 INFO ------ Personal Fans Page: 15
Sun, 24 Sep 2017 22:27:51 INFO ------ Personal Fans Page: 16
Sun, 24 Sep 2017 22:27:52 INFO ------ Personal Fans Page: 17
Sun, 24 Sep 2017 22:27:53 INFO ------ Personal Fans Page: 18
Sun, 24 Sep 2017 22:27:54 INFO ------ Personal Fans Page: 19
Sun, 24 Sep 2017 22:27:58 INFO ------ Personal Fans Page: 20
Sun, 24 Sep 2017 22:27:59 INFO ------ Personal Fans Page: 21
Sun, 24 Sep 2017 22:28:00 INFO ------ Personal Fans Page: 22
Sun, 24 Sep 2017 22:28:01 INFO ------ Personal Fans Page: 23
Sun, 24 Sep 2017 22:28:03 INFO ------ Personal Fans Page: 24
Sun, 24 Sep 2017 22:28:04 INFO ------ Personal Fans Page: 25
Sun, 24 Sep 2017 22:28:05 INFO ------ Personal Fans Page: 26
Sun, 24 Sep 2017 22:28:06 INFO ------ Personal Fans Page: 27
Sun, 24 Sep 2017 22:28:07 INFO ------ Personal Fans Page: 28
Sun, 24 Sep 2017 22:28:08 INFO ------ Personal Fans Page: 29
Sun, 24 Sep 2017 22:28:09 INFO ------ Personal Fans Page: 30
Sun, 24 Sep 2017 22:28:10 INFO ------ Personal Fans Page: 31
Sun, 24 Sep 2017 22:28:11 INFO ------ Personal Fans Page: 32
Sun, 24 Sep 2017 22:28:12 INFO ------ Personal Fans Page: 33
Sun, 24 Sep 2017 22:28:13 INFO ------ Personal Fans Page: 34
Sun, 24 Sep 2017 22:28:14 INFO ------ Personal Fans Page: 35
Sun, 24 Sep 2017 22:28:15 INFO ------ Personal Fans Page: 36
Sun, 24 Sep 2017 22:28:16 INFO ------ Personal Fans Page: 37
Sun, 24 Sep 2017 22:28:17 INFO ------ Personal Fans Page: 38
Sun, 24 Sep 2017 22:28:19 INFO ------ Personal Fans Page: 39
Sun, 24 Sep 2017 22:28:19 INFO ------ Personal Fans Page: 40
Sun, 24 Sep 2017 22:28:20 INFO ------ Personal Fans Page: 41
Sun, 24 Sep 2017 22:28:21 INFO Personal uid: 1363458463, name: 当时我不在案发现场
Sun, 24 Sep 2017 22:28:21 INFO -- Personal pageId: 1005051363458463
Sun, 24 Sep 2017 22:28:21 INFO ---- Get Personal Info
Sun, 24 Sep 2017 22:28:23 INFO ---- Get Personal Fans
Sun, 24 Sep 2017 22:28:23 INFO ------ Personal Fans Page: 1
Sun, 24 Sep 2017 22:28:24 INFO ------ Personal Fans Page: 2
Sun, 24 Sep 2017 22:28:25 INFO ------ Personal Fans Page: 3
Sun, 24 Sep 2017 22:28:25 INFO ------ Personal Fans Page: 4
Sun, 24 Sep 2017 22:28:27 INFO ------ Personal Fans Page: 5
Sun, 24 Sep 2017 22:28:28 INFO ------ Personal Fans Page: 6
Sun, 24 Sep 2017 22:28:28 INFO ------ Personal Fans Page: 7
Sun, 24 Sep 2017 22:28:30 INFO ------ Personal Fans Page: 8
Sun, 24 Sep 2017 22:28:31 INFO ------ Personal Fans Page: 9
Sun, 24 Sep 2017 22:28:31 INFO ------ Personal Fans Page: 10
Sun, 24 Sep 2017 22:28:32 INFO ------ Personal Fans Page: 11
Sun, 24 Sep 2017 22:28:33 INFO ------ Personal Fans Page: 12
Sun, 24 Sep 2017 22:28:34 INFO ------ Personal Fans Page: 13
Sun, 24 Sep 2017 22:28:35 INFO ------ Personal Fans Page: 14
Sun, 24 Sep 2017 22:28:35 INFO ------ Personal Fans Page: 15
Sun, 24 Sep 2017 22:28:36 INFO ------ Personal Fans Page: 16
Sun, 24 Sep 2017 22:28:37 INFO ------ Personal Fans Page: 17
Sun, 24 Sep 2017 22:28:38 INFO ------ Personal Fans Page: 18
Sun, 24 Sep 2017 22:28:39 INFO ------ Personal Fans Page: 19
Sun, 24 Sep 2017 22:28:41 INFO ------ Personal Fans Page: 20
Sun, 24 Sep 2017 22:28:41 INFO ------ Personal Fans Page: 21
Sun, 24 Sep 2017 22:28:43 INFO ------ Personal Fans Page: 22
Sun, 24 Sep 2017 22:28:44 INFO ------ Personal Fans Page: 23
Sun, 24 Sep 2017 22:28:44 INFO ------ Personal Fans Page: 24
Sun, 24 Sep 2017 22:28:46 INFO ------ Personal Fans Page: 25
Sun, 24 Sep 2017 22:28:47 INFO ------ Personal Fans Page: 26
Sun, 24 Sep 2017 22:28:51 INFO ------ Personal Fans Page: 27
Sun, 24 Sep 2017 22:28:52 INFO ------ Personal Fans Page: 28
Sun, 24 Sep 2017 22:28:52 INFO ------ Personal Fans Page: 29
Sun, 24 Sep 2017 22:28:54 INFO ------ Personal Fans Page: 30
Sun, 24 Sep 2017 22:28:56 INFO ------ Personal Fans Page: 31
Sun, 24 Sep 2017 22:28:56 INFO ------ Personal Fans Page: 32
Sun, 24 Sep 2017 22:28:57 INFO ------ Personal Fans Page: 33
Sun, 24 Sep 2017 22:28:58 INFO ------ Personal Fans Page: 34
Sun, 24 Sep 2017 22:28:59 INFO ------ Personal Fans Page: 35
Sun, 24 Sep 2017 22:29:00 INFO ------ Personal Fans Page: 36
Sun, 24 Sep 2017 22:29:01 INFO ------ Personal Fans Page: 37
Sun, 24 Sep 2017 22:29:02 INFO ------ Personal Fans Page: 38
Sun, 24 Sep 2017 22:29:03 INFO ------ Personal Fans Page: 39
Sun, 24 Sep 2017 22:29:04 INFO ------ Personal Fans Page: 40
Sun, 24 Sep 2017 22:29:05 INFO ------ Personal Fans Page: 41
Sun, 24 Sep 2017 22:29:06 INFO ------ Personal Fans Page: 42
Sun, 24 Sep 2017 22:29:06 INFO ------ Personal Fans Page: 43
Sun, 24 Sep 2017 22:29:07 INFO ------ Personal Fans Page: 44
Sun, 24 Sep 2017 22:29:08 INFO ------ Personal Fans Page: 45
Sun, 24 Sep 2017 22:29:09 INFO ------ Personal Fans Page: 46
Sun, 24 Sep 2017 22:29:10 INFO ------ Personal Fans Page: 47
Sun, 24 Sep 2017 22:29:10 INFO ------ Personal Fans Page: 48
Sun, 24 Sep 2017 22:29:11 INFO ------ Personal Fans Page: 49
Sun, 24 Sep 2017 22:29:13 INFO ------ Personal Fans Page: 50
Sun, 24 Sep 2017 22:29:15 INFO ------ Personal Fans Page: 51
Sun, 24 Sep 2017 22:29:16 INFO ------ Personal Fans Page: 52
Sun, 24 Sep 2017 22:29:17 INFO ------ Personal Fans Page: 53
Sun, 24 Sep 2017 22:29:17 INFO Personal uid: 1364186775, name: 林林小姐刚刚好
Sun, 24 Sep 2017 22:29:19 INFO -- Personal pageId: 1005051364186775
Sun, 24 Sep 2017 22:29:19 INFO ---- Get Personal Info
Sun, 24 Sep 2017 22:29:20 INFO ---- Get Personal Fans
Sun, 24 Sep 2017 22:29:20 INFO ------ Personal Fans Page: 1
Sun, 24 Sep 2017 22:29:21 INFO ------ Personal Fans Page: 2
Sun, 24 Sep 2017 22:29:22 INFO ------ Personal Fans Page: 3
Sun, 24 Sep 2017 22:29:23 INFO ------ Personal Fans Page: 4
Sun, 24 Sep 2017 22:29:24 INFO ------ Personal Fans Page: 5
Sun, 24 Sep 2017 22:29:26 INFO ------ Personal Fans Page: 6
Sun, 24 Sep 2017 22:29:28 INFO ------ Personal Fans Page: 7
Sun, 24 Sep 2017 22:29:29 INFO ------ Personal Fans Page: 8
Sun, 24 Sep 2017 22:29:30 INFO ------ Personal Fans Page: 9
Sun, 24 Sep 2017 22:29:31 INFO ------ Personal Fans Page: 10
Sun, 24 Sep 2017 22:29:32 INFO ------ Personal Fans Page: 11
Sun, 24 Sep 2017 22:29:32 INFO ------ Personal Fans Page: 12
Sun, 24 Sep 2017 22:29:33 INFO ------ Personal Fans Page: 13
Sun, 24 Sep 2017 22:29:34 INFO ------ Personal Fans Page: 14
Sun, 24 Sep 2017 22:29:35 INFO ------ Personal Fans Page: 15
Sun, 24 Sep 2017 22:29:36 INFO ------ Personal Fans Page: 16
Sun, 24 Sep 2017 22:29:37 INFO ------ Personal Fans Page: 17
Sun, 24 Sep 2017 22:29:38 INFO ------ Personal Fans Page: 18
Sun, 24 Sep 2017 22:29:39 INFO ------ Personal Fans Page: 19
Sun, 24 Sep 2017 22:29:40 INFO ------ Personal Fans Page: 20
Sun, 24 Sep 2017 22:29:41 INFO ------ Personal Fans Page: 21
Sun, 24 Sep 2017 22:29:42 INFO ------ Personal Fans Page: 22
Sun, 24 Sep 2017 22:29:43 INFO ------ Personal Fans Page: 23
Sun, 24 Sep 2017 22:29:44 INFO Personal uid: 1365266877, name: 阿狸的绷带
Sun, 24 Sep 2017 22:29:46 INFO -- Personal pageId: 1005051365266877
Sun, 24 Sep 2017 22:29:46 INFO ---- Get Personal Info
Sun, 24 Sep 2017 22:29:48 INFO ---- Get Personal Fans
Sun, 24 Sep 2017 22:29:48 INFO ------ Personal Fans Page: 1
Sun, 24 Sep 2017 22:29:49 INFO ------ Personal Fans Page: 2
Sun, 24 Sep 2017 22:29:50 INFO ------ Personal Fans Page: 3
Sun, 24 Sep 2017 22:29:52 INFO ------ Personal Fans Page: 4
Sun, 24 Sep 2017 22:29:54 INFO ------ Personal Fans Page: 5
Sun, 24 Sep 2017 22:29:55 INFO ------ Personal Fans Page: 6
Sun, 24 Sep 2017 22:29:57 INFO ------ Personal Fans Page: 7
Sun, 24 Sep 2017 22:29:59 INFO ------ Personal Fans Page: 8
Sun, 24 Sep 2017 22:30:00 INFO Personal uid: 1365382412, name: 七月ooo
Sun, 24 Sep 2017 22:30:00 INFO -- Personal pageId: 1005051365382412
Sun, 24 Sep 2017 22:30:00 INFO ---- Get Personal Info
Sun, 24 Sep 2017 22:30:01 INFO ---- Get Personal Fans
Sun, 24 Sep 2017 22:30:01 INFO ------ Personal Fans Page: 1
Sun, 24 Sep 2017 22:30:03 INFO ------ Personal Fans Page: 2
Sun, 24 Sep 2017 22:30:04 INFO ------ Personal Fans Page: 3
Sun, 24 Sep 2017 22:30:05 INFO ------ Personal Fans Page: 4
Sun, 24 Sep 2017 22:30:06 INFO ------ Personal Fans Page: 5
Sun, 24 Sep 2017 22:30:07 INFO ------ Personal Fans Page: 6
Sun, 24 Sep 2017 22:30:08 INFO ------ Personal Fans Page: 7
Sun, 24 Sep 2017 22:30:09 INFO ------ Personal Fans Page: 8
Sun, 24 Sep 2017 22:30:10 INFO ------ Personal Fans Page: 9
Sun, 24 Sep 2017 22:30:11 INFO ------ Personal Fans Page: 10
Sun, 24 Sep 2017 22:30:12 INFO ------ Personal Fans Page: 11
Sun, 24 Sep 2017 22:30:13 INFO ------ Personal Fans Page: 12
Sun, 24 Sep 2017 22:30:14 INFO ------ Personal Fans Page: 13
Sun, 24 Sep 2017 22:30:15 INFO ------ Personal Fans Page: 14
Sun, 24 Sep 2017 22:30:16 INFO ------ Personal Fans Page: 15
Sun, 24 Sep 2017 22:30:17 INFO ------ Personal Fans Page: 16
Sun, 24 Sep 2017 22:30:19 INFO ------ Personal Fans Page: 17
Sun, 24 Sep 2017 22:30:19 INFO ------ Personal Fans Page: 18
Sun, 24 Sep 2017 22:30:20 INFO ------ Personal Fans Page: 19
Sun, 24 Sep 2017 22:30:22 INFO ------ Personal Fans Page: 20
Sun, 24 Sep 2017 22:30:23 INFO ------ Personal Fans Page: 21
Sun, 24 Sep 2017 22:30:24 INFO ------ Personal Fans Page: 22
Sun, 24 Sep 2017 22:30:25 INFO ------ Personal Fans Page: 23
Sun, 24 Sep 2017 22:30:26 INFO ------ Personal Fans Page: 24
Sun, 24 Sep 2017 22:30:28 INFO ------ Personal Fans Page: 25
Sun, 24 Sep 2017 22:30:30 INFO ------ Personal Fans Page: 26
Sun, 24 Sep 2017 22:30:31 INFO ------ Personal Fans Page: 27
Sun, 24 Sep 2017 22:30:32 INFO ------ Personal Fans Page: 28
Sun, 24 Sep 2017 22:30:34 INFO ------ Personal Fans Page: 29
Sun, 24 Sep 2017 22:30:35 INFO ------ Personal Fans Page: 30
Sun, 24 Sep 2017 22:30:36 INFO ------ Personal Fans Page: 31
Sun, 24 Sep 2017 22:30:37 INFO ------ Personal Fans Page: 32
Sun, 24 Sep 2017 22:30:38 INFO ------ Personal Fans Page: 33
Sun, 24 Sep 2017 22:30:39 INFO ------ Personal Fans Page: 34
Sun, 24 Sep 2017 22:30:40 INFO ------ Personal Fans Page: 35
Sun, 24 Sep 2017 22:30:41 INFO ------ Personal Fans Page: 36
Sun, 24 Sep 2017 22:30:42 INFO ------ Personal Fans Page: 37
Sun, 24 Sep 2017 22:30:44 INFO ------ Personal Fans Page: 38
Sun, 24 Sep 2017 22:30:45 INFO ------ Personal Fans Page: 39
Sun, 24 Sep 2017 22:30:46 INFO ------ Personal Fans Page: 40
Sun, 24 Sep 2017 22:30:47 INFO ------ Personal Fans Page: 41
Sun, 24 Sep 2017 22:30:48 INFO Personal uid: 1367102360, name: 地面杂食者
Sun, 24 Sep 2017 22:30:49 INFO -- Personal pageId: 1005051367102360
Sun, 24 Sep 2017 22:30:49 INFO ---- Get Personal Info
Sun, 24 Sep 2017 22:30:50 INFO ---- Get Personal Fans
Sun, 24 Sep 2017 22:30:50 INFO ------ Personal Fans Page: 1
Sun, 24 Sep 2017 22:30:51 INFO ------ Personal Fans Page: 2
Sun, 24 Sep 2017 22:30:52 INFO ------ Personal Fans Page: 3
Sun, 24 Sep 2017 22:30:53 INFO ------ Personal Fans Page: 4
Sun, 24 Sep 2017 22:30:54 INFO ------ Personal Fans Page: 5
Sun, 24 Sep 2017 22:30:56 INFO ------ Personal Fans Page: 6
Sun, 24 Sep 2017 22:30:56 INFO ------ Personal Fans Page: 7
Sun, 24 Sep 2017 22:30:57 INFO ------ Personal Fans Page: 8
Sun, 24 Sep 2017 22:30:59 INFO ------ Personal Fans Page: 9
Sun, 24 Sep 2017 22:31:00 INFO ------ Personal Fans Page: 10
Sun, 24 Sep 2017 22:31:01 INFO ------ Personal Fans Page: 11
Sun, 24 Sep 2017 22:31:03 INFO ------ Personal Fans Page: 12
Sun, 24 Sep 2017 22:31:05 INFO ------ Personal Fans Page: 13
Sun, 24 Sep 2017 22:31:06 INFO ------ Personal Fans Page: 14
Sun, 24 Sep 2017 22:31:07 INFO ------ Personal Fans Page: 15
Sun, 24 Sep 2017 22:31:08 INFO ------ Personal Fans Page: 16
Sun, 24 Sep 2017 22:31:09 INFO ------ Personal Fans Page: 17
Sun, 24 Sep 2017 22:31:10 INFO ------ Personal Fans Page: 18
Sun, 24 Sep 2017 22:31:10 INFO ------ Personal Fans Page: 19
Sun, 24 Sep 2017 22:31:12 INFO ------ Personal Fans Page: 20
Sun, 24 Sep 2017 22:31:13 INFO ------ Personal Fans Page: 21
Sun, 24 Sep 2017 22:31:14 INFO ------ Personal Fans Page: 22
Sun, 24 Sep 2017 22:31:14 INFO ------ Personal Fans Page: 23
Sun, 24 Sep 2017 22:31:16 INFO ------ Personal Fans Page: 24
Sun, 24 Sep 2017 22:31:17 INFO ------ Personal Fans Page: 25
Sun, 24 Sep 2017 22:31:17 INFO ------ Personal Fans Page: 26
Sun, 24 Sep 2017 22:31:18 INFO ------ Personal Fans Page: 27
Sun, 24 Sep 2017 22:31:19 INFO ------ Personal Fans Page: 28
Sun, 24 Sep 2017 22:31:20 INFO ------ Personal Fans Page: 29
Sun, 24 Sep 2017 22:31:21 INFO ------ Personal Fans Page: 30
Sun, 24 Sep 2017 22:31:21 INFO ------ Personal Fans Page: 31
Sun, 24 Sep 2017 22:31:22 INFO ------ Personal Fans Page: 32
Sun, 24 Sep 2017 22:31:23 INFO ------ Personal Fans Page: 33
Sun, 24 Sep 2017 22:31:24 INFO ------ Personal Fans Page: 34
Sun, 24 Sep 2017 22:31:25 INFO ------ Personal Fans Page: 35
Sun, 24 Sep 2017 22:31:26 INFO ------ Personal Fans Page: 36
Sun, 24 Sep 2017 22:31:26 INFO ------ Personal Fans Page: 37
Sun, 24 Sep 2017 22:31:28 INFO ------ Personal Fans Page: 38
Sun, 24 Sep 2017 22:31:29 INFO ------ Personal Fans Page: 39
Sun, 24 Sep 2017 22:31:29 INFO ------ Personal Fans Page: 40
Sun, 24 Sep 2017 22:31:31 INFO ------ Personal Fans Page: 41
Sun, 24 Sep 2017 22:31:32 INFO ------ Personal Fans Page: 42
Sun, 24 Sep 2017 22:31:33 INFO ------ Personal Fans Page: 43
Sun, 24 Sep 2017 22:31:33 INFO ------ Personal Fans Page: 44
Sun, 24 Sep 2017 22:31:35 INFO ------ Personal Fans Page: 45
Sun, 24 Sep 2017 22:31:36 INFO ------ Personal Fans Page: 46
Sun, 24 Sep 2017 22:31:37 INFO ------ Personal Fans Page: 47
Sun, 24 Sep 2017 22:31:38 INFO ------ Personal Fans Page: 48
Sun, 24 Sep 2017 22:31:39 INFO ------ Personal Fans Page: 49
Sun, 24 Sep 2017 22:31:39 INFO ------ Personal Fans Page: 50
Sun, 24 Sep 2017 22:31:40 INFO Personal uid: 1368320663, name: 芥末鸡尾酒
Sun, 24 Sep 2017 22:31:42 INFO -- Personal pageId: 1005051368320663
Sun, 24 Sep 2017 22:31:42 INFO ---- Get Personal Info
Sun, 24 Sep 2017 22:31:43 INFO ---- Get Personal Fans
Sun, 24 Sep 2017 22:31:43 INFO ------ Personal Fans Page: 1
Sun, 24 Sep 2017 22:31:44 INFO ------ Personal Fans Page: 2
Sun, 24 Sep 2017 22:31:45 INFO ------ Personal Fans Page: 3
Sun, 24 Sep 2017 22:31:46 INFO ------ Personal Fans Page: 4
Sun, 24 Sep 2017 22:31:47 INFO ------ Personal Fans Page: 5
Sun, 24 Sep 2017 22:31:47 INFO ------ Personal Fans Page: 6
Sun, 24 Sep 2017 22:31:48 INFO ------ Personal Fans Page: 7
Sun, 24 Sep 2017 22:31:49 INFO ------ Personal Fans Page: 8
Sun, 24 Sep 2017 22:31:49 INFO ------ Personal Fans Page: 9
Sun, 24 Sep 2017 22:31:50 INFO ------ Personal Fans Page: 10
Sun, 24 Sep 2017 22:31:50 INFO ------ Personal Fans Page: 11
Sun, 24 Sep 2017 22:31:51 INFO ------ Personal Fans Page: 12
Sun, 24 Sep 2017 22:31:52 INFO ------ Personal Fans Page: 13
Sun, 24 Sep 2017 22:31:53 INFO ------ Personal Fans Page: 14
Sun, 24 Sep 2017 22:31:53 INFO ------ Personal Fans Page: 15
Sun, 24 Sep 2017 22:31:54 INFO ------ Personal Fans Page: 16
Sun, 24 Sep 2017 22:31:55 INFO ------ Personal Fans Page: 17
Sun, 24 Sep 2017 22:31:56 INFO ------ Personal Fans Page: 18
Sun, 24 Sep 2017 22:31:56 INFO ------ Personal Fans Page: 19
Sun, 24 Sep 2017 22:31:58 INFO ------ Personal Fans Page: 20
Sun, 24 Sep 2017 22:31:58 INFO ------ Personal Fans Page: 21
Sun, 24 Sep 2017 22:31:59 INFO ------ Personal Fans Page: 22
Sun, 24 Sep 2017 22:32:00 INFO ------ Personal Fans Page: 23
Sun, 24 Sep 2017 22:32:01 INFO ------ Personal Fans Page: 24
Sun, 24 Sep 2017 22:32:01 INFO ------ Personal Fans Page: 25
Sun, 24 Sep 2017 22:32:02 INFO ------ Personal Fans Page: 26
Sun, 24 Sep 2017 22:32:03 INFO ------ Personal Fans Page: 27
Sun, 24 Sep 2017 22:32:04 INFO ------ Personal Fans Page: 28
Sun, 24 Sep 2017 22:32:05 INFO ------ Personal Fans Page: 29
Sun, 24 Sep 2017 22:32:06 INFO ------ Personal Fans Page: 30
Sun, 24 Sep 2017 22:32:07 INFO ------ Personal Fans Page: 31
Sun, 24 Sep 2017 22:32:08 INFO ------ Personal Fans Page: 32
Sun, 24 Sep 2017 22:32:09 INFO ------ Personal Fans Page: 33
Sun, 24 Sep 2017 22:32:10 INFO ------ Personal Fans Page: 34
Sun, 24 Sep 2017 22:32:11 INFO Personal uid: 1369484221, name: sylviachan
Sun, 24 Sep 2017 22:32:12 INFO -- Personal pageId: 1005051369484221
Sun, 24 Sep 2017 22:32:12 INFO ---- Get Personal Info
Sun, 24 Sep 2017 22:32:13 INFO ---- Get Personal Fans
Sun, 24 Sep 2017 22:32:13 INFO ------ Personal Fans Page: 1
Sun, 24 Sep 2017 22:32:14 INFO ------ Personal Fans Page: 2
Sun, 24 Sep 2017 22:32:15 INFO ------ Personal Fans Page: 3
Sun, 24 Sep 2017 22:32:16 INFO ------ Personal Fans Page: 4
Sun, 24 Sep 2017 22:32:16 INFO ------ Personal Fans Page: 5
Sun, 24 Sep 2017 22:32:17 INFO ------ Personal Fans Page: 6
Sun, 24 Sep 2017 22:32:18 INFO ------ Personal Fans Page: 7
Sun, 24 Sep 2017 22:32:19 INFO ------ Personal Fans Page: 8
Sun, 24 Sep 2017 22:32:20 INFO ------ Personal Fans Page: 9
Sun, 24 Sep 2017 22:32:21 INFO ------ Personal Fans Page: 10
Sun, 24 Sep 2017 22:32:21 INFO ------ Personal Fans Page: 11
Sun, 24 Sep 2017 22:32:22 INFO ------ Personal Fans Page: 12
Sun, 24 Sep 2017 22:32:23 INFO ------ Personal Fans Page: 13
Sun, 24 Sep 2017 22:32:24 INFO ------ Personal Fans Page: 14
Sun, 24 Sep 2017 22:32:25 INFO ------ Personal Fans Page: 15
Sun, 24 Sep 2017 22:32:26 INFO ------ Personal Fans Page: 16
Sun, 24 Sep 2017 22:32:27 INFO ------ Personal Fans Page: 17
Sun, 24 Sep 2017 22:32:28 INFO ------ Personal Fans Page: 18
Sun, 24 Sep 2017 22:32:29 INFO ------ Personal Fans Page: 19
Sun, 24 Sep 2017 22:32:29 INFO ------ Personal Fans Page: 20
Sun, 24 Sep 2017 22:32:30 INFO ------ Personal Fans Page: 21
Sun, 24 Sep 2017 22:32:32 INFO ------ Personal Fans Page: 22
Sun, 24 Sep 2017 22:32:33 INFO ------ Personal Fans Page: 23
Sun, 24 Sep 2017 22:32:34 INFO ------ Personal Fans Page: 24
Sun, 24 Sep 2017 22:32:34 INFO ------ Personal Fans Page: 25
Sun, 24 Sep 2017 22:32:36 INFO ------ Personal Fans Page: 26
Sun, 24 Sep 2017 22:32:37 INFO ------ Personal Fans Page: 27
Sun, 24 Sep 2017 22:32:38 INFO ------ Personal Fans Page: 28
Sun, 24 Sep 2017 22:32:39 INFO Personal uid: 1372587194, name: 玫瑰鲁鲁
Sun, 24 Sep 2017 22:32:40 INFO -- Personal pageId: 1005051372587194
Sun, 24 Sep 2017 22:32:40 INFO ---- Get Personal Info
Sun, 24 Sep 2017 22:32:41 INFO ---- Get Personal Fans
Sun, 24 Sep 2017 22:32:41 INFO ------ Personal Fans Page: 1
Sun, 24 Sep 2017 22:32:43 INFO ------ Personal Fans Page: 2
Sun, 24 Sep 2017 22:32:43 INFO ------ Personal Fans Page: 3
Sun, 24 Sep 2017 22:32:44 INFO ------ Personal Fans Page: 4
Sun, 24 Sep 2017 22:32:45 INFO ------ Personal Fans Page: 5
Sun, 24 Sep 2017 22:32:46 INFO ------ Personal Fans Page: 6
Sun, 24 Sep 2017 22:32:47 INFO ------ Personal Fans Page: 7
Sun, 24 Sep 2017 22:32:48 INFO ------ Personal Fans Page: 8
Sun, 24 Sep 2017 22:32:49 INFO ------ Personal Fans Page: 9
Sun, 24 Sep 2017 22:32:49 INFO ------ Personal Fans Page: 10
Sun, 24 Sep 2017 22:32:50 INFO ------ Personal Fans Page: 11
Sun, 24 Sep 2017 22:32:51 INFO ------ Personal Fans Page: 12
Sun, 24 Sep 2017 22:32:52 INFO ------ Personal Fans Page: 13
Sun, 24 Sep 2017 22:32:54 INFO ------ Personal Fans Page: 14
Sun, 24 Sep 2017 22:32:55 INFO ------ Personal Fans Page: 15
Sun, 24 Sep 2017 22:32:56 INFO ------ Personal Fans Page: 16
Sun, 24 Sep 2017 22:32:58 INFO ------ Personal Fans Page: 17
Sun, 24 Sep 2017 22:32:59 INFO ------ Personal Fans Page: 18
Sun, 24 Sep 2017 22:32:59 INFO ------ Personal Fans Page: 19
Sun, 24 Sep 2017 22:33:00 INFO ------ Personal Fans Page: 20
Sun, 24 Sep 2017 22:33:01 INFO ------ Personal Fans Page: 21
Sun, 24 Sep 2017 22:33:02 INFO ------ Personal Fans Page: 22
Sun, 24 Sep 2017 22:33:03 INFO ------ Personal Fans Page: 23
Sun, 24 Sep 2017 22:33:04 INFO ------ Personal Fans Page: 24
Sun, 24 Sep 2017 22:33:05 INFO ------ Personal Fans Page: 25
Sun, 24 Sep 2017 22:33:06 INFO ------ Personal Fans Page: 26
Sun, 24 Sep 2017 22:33:07 INFO ------ Personal Fans Page: 27
Sun, 24 Sep 2017 22:33:07 INFO ------ Personal Fans Page: 28
Sun, 24 Sep 2017 22:33:08 INFO ------ Personal Fans Page: 29
Sun, 24 Sep 2017 22:33:10 INFO ------ Personal Fans Page: 30
Sun, 24 Sep 2017 22:33:11 INFO ------ Personal Fans Page: 31
Sun, 24 Sep 2017 22:33:11 INFO ------ Personal Fans Page: 32
Sun, 24 Sep 2017 22:33:12 INFO ------ Personal Fans Page: 33
Sun, 24 Sep 2017 22:33:13 INFO Personal uid: 1373565625, name: myn2010
Sun, 24 Sep 2017 22:33:14 INFO -- Personal pageId: 1005051373565625
Sun, 24 Sep 2017 22:33:14 INFO ---- Get Personal Info
Sun, 24 Sep 2017 22:33:15 INFO ---- Get Personal Fans
Sun, 24 Sep 2017 22:33:15 INFO ------ Personal Fans Page: 1
Sun, 24 Sep 2017 22:33:16 INFO ------ Personal Fans Page: 2
Sun, 24 Sep 2017 22:33:17 INFO ------ Personal Fans Page: 3
Sun, 24 Sep 2017 22:33:18 INFO ------ Personal Fans Page: 4
Sun, 24 Sep 2017 22:33:19 INFO ------ Personal Fans Page: 5
Sun, 24 Sep 2017 22:33:20 INFO ------ Personal Fans Page: 6
Sun, 24 Sep 2017 22:33:21 INFO ------ Personal Fans Page: 7
Sun, 24 Sep 2017 22:33:22 INFO ------ Personal Fans Page: 8
Sun, 24 Sep 2017 22:33:23 INFO ------ Personal Fans Page: 9
Sun, 24 Sep 2017 22:33:24 INFO Personal uid: 1391192241, name: 笑笑妈
Sun, 24 Sep 2017 22:33:24 INFO -- Personal pageId: 1005051391192241
Sun, 24 Sep 2017 22:33:24 INFO ---- Get Personal Info
Sun, 24 Sep 2017 22:33:26 INFO ---- Get Personal Fans
Sun, 24 Sep 2017 22:33:26 INFO ------ Personal Fans Page: 1
Sun, 24 Sep 2017 22:33:27 INFO ------ Personal Fans Page: 2
Sun, 24 Sep 2017 22:33:28 INFO ------ Personal Fans Page: 3
Sun, 24 Sep 2017 22:33:29 INFO ------ Personal Fans Page: 4
Sun, 24 Sep 2017 22:33:30 INFO ------ Personal Fans Page: 5
Sun, 24 Sep 2017 22:33:31 INFO ------ Personal Fans Page: 6
Sun, 24 Sep 2017 22:33:31 INFO ------ Personal Fans Page: 7
Sun, 24 Sep 2017 22:33:32 INFO ------ Personal Fans Page: 8
Sun, 24 Sep 2017 22:33:33 INFO ------ Personal Fans Page: 9
Sun, 24 Sep 2017 22:33:34 INFO ------ Personal Fans Page: 10
Sun, 24 Sep 2017 22:33:35 INFO ------ Personal Fans Page: 11
Sun, 24 Sep 2017 22:33:36 INFO ------ Personal Fans Page: 12
Sun, 24 Sep 2017 22:33:37 INFO ------ Personal Fans Page: 13
Sun, 24 Sep 2017 22:33:38 INFO ------ Personal Fans Page: 14
Sun, 24 Sep 2017 22:33:39 INFO ------ Personal Fans Page: 15
Sun, 24 Sep 2017 22:33:40 INFO ------ Personal Fans Page: 16
Sun, 24 Sep 2017 22:33:41 INFO ------ Personal Fans Page: 17
Sun, 24 Sep 2017 22:33:42 INFO ------ Personal Fans Page: 18
Sun, 24 Sep 2017 22:33:42 INFO ------ Personal Fans Page: 19
Sun, 24 Sep 2017 22:33:43 INFO ------ Personal Fans Page: 20
Sun, 24 Sep 2017 22:33:44 INFO ------ Personal Fans Page: 21
Sun, 24 Sep 2017 22:33:45 INFO ------ Personal Fans Page: 22
Sun, 24 Sep 2017 22:33:46 INFO ------ Personal Fans Page: 23
Sun, 24 Sep 2017 22:33:47 INFO ------ Personal Fans Page: 24
Sun, 24 Sep 2017 22:33:47 INFO ------ Personal Fans Page: 25
Sun, 24 Sep 2017 22:33:49 INFO ------ Personal Fans Page: 26
Sun, 24 Sep 2017 22:33:49 INFO ------ Personal Fans Page: 27
Sun, 24 Sep 2017 22:33:51 INFO ------ Personal Fans Page: 28
Sun, 24 Sep 2017 22:33:52 INFO ------ Personal Fans Page: 29
Sun, 24 Sep 2017 22:33:53 INFO ------ Personal Fans Page: 30
Sun, 24 Sep 2017 22:33:55 INFO Personal uid: 1393873283, name: 依旧平凡菲
Sun, 24 Sep 2017 22:33:56 INFO -- Personal pageId: 1005051393873283
Sun, 24 Sep 2017 22:33:56 INFO ---- Get Personal Info
Sun, 24 Sep 2017 22:33:57 INFO ---- Get Personal Fans
Sun, 24 Sep 2017 22:33:57 INFO ------ Personal Fans Page: 1
Sun, 24 Sep 2017 22:33:58 INFO ------ Personal Fans Page: 2
Sun, 24 Sep 2017 22:33:59 INFO ------ Personal Fans Page: 3
Sun, 24 Sep 2017 22:34:00 INFO ------ Personal Fans Page: 4
Sun, 24 Sep 2017 22:34:01 INFO ------ Personal Fans Page: 5
Sun, 24 Sep 2017 22:34:02 INFO ------ Personal Fans Page: 6
Sun, 24 Sep 2017 22:34:02 INFO ------ Personal Fans Page: 7
Sun, 24 Sep 2017 22:34:03 INFO ------ Personal Fans Page: 8
Sun, 24 Sep 2017 22:34:04 INFO ------ Personal Fans Page: 9
Sun, 24 Sep 2017 22:34:05 INFO ------ Personal Fans Page: 10
Sun, 24 Sep 2017 22:34:05 INFO ------ Personal Fans Page: 11
Sun, 24 Sep 2017 22:34:06 INFO ------ Personal Fans Page: 12
Sun, 24 Sep 2017 22:34:07 INFO ------ Personal Fans Page: 13
Sun, 24 Sep 2017 22:34:08 INFO ------ Personal Fans Page: 14
Sun, 24 Sep 2017 22:34:09 INFO ------ Personal Fans Page: 15
Sun, 24 Sep 2017 22:34:10 INFO ------ Personal Fans Page: 16
Sun, 24 Sep 2017 22:34:11 INFO ------ Personal Fans Page: 17
Sun, 24 Sep 2017 22:34:12 INFO ------ Personal Fans Page: 18
Sun, 24 Sep 2017 22:34:13 INFO Personal uid: 1397694055, name: 我爱珠宝溪
Sun, 24 Sep 2017 22:34:14 INFO -- Personal pageId: 1005051397694055
Sun, 24 Sep 2017 22:34:14 INFO ---- Get Personal Info
Sun, 24 Sep 2017 22:34:15 INFO ---- Get Personal Fans
Sun, 24 Sep 2017 22:34:15 INFO ------ Personal Fans Page: 1
Sun, 24 Sep 2017 22:34:16 INFO ------ Personal Fans Page: 2
Sun, 24 Sep 2017 22:34:17 INFO ------ Personal Fans Page: 3
Sun, 24 Sep 2017 22:34:18 INFO ------ Personal Fans Page: 4
Sun, 24 Sep 2017 22:34:20 INFO ------ Personal Fans Page: 5
Sun, 24 Sep 2017 22:34:21 INFO ------ Personal Fans Page: 6
Sun, 24 Sep 2017 22:34:22 INFO ------ Personal Fans Page: 7
Sun, 24 Sep 2017 22:34:23 INFO ------ Personal Fans Page: 8
Sun, 24 Sep 2017 22:34:23 INFO ------ Personal Fans Page: 9
Sun, 24 Sep 2017 22:34:24 INFO ------ Personal Fans Page: 10
Sun, 24 Sep 2017 22:34:25 INFO ------ Personal Fans Page: 11
Sun, 24 Sep 2017 22:34:26 INFO ------ Personal Fans Page: 12
Sun, 24 Sep 2017 22:34:27 INFO ------ Personal Fans Page: 13
Sun, 24 Sep 2017 22:34:28 INFO ------ Personal Fans Page: 14
Sun, 24 Sep 2017 22:34:30 INFO ------ Personal Fans Page: 15
Sun, 24 Sep 2017 22:34:30 INFO ------ Personal Fans Page: 16
Sun, 24 Sep 2017 22:34:32 INFO ------ Personal Fans Page: 17
Sun, 24 Sep 2017 22:34:32 INFO ------ Personal Fans Page: 18
Sun, 24 Sep 2017 22:34:33 INFO ------ Personal Fans Page: 19
Sun, 24 Sep 2017 22:34:34 INFO ------ Personal Fans Page: 20
Sun, 24 Sep 2017 22:34:36 INFO ------ Personal Fans Page: 21
Sun, 24 Sep 2017 22:34:36 INFO ------ Personal Fans Page: 22
Sun, 24 Sep 2017 22:34:37 INFO ------ Personal Fans Page: 23
Sun, 24 Sep 2017 22:34:38 INFO ------ Personal Fans Page: 24
Sun, 24 Sep 2017 22:34:39 INFO ------ Personal Fans Page: 25
Sun, 24 Sep 2017 22:34:40 INFO Personal uid: 1398678613, name: 叶子的专属
Sun, 24 Sep 2017 22:34:41 INFO -- Personal pageId: 1005051398678613
Sun, 24 Sep 2017 22:34:41 INFO ---- Get Personal Info
Sun, 24 Sep 2017 22:34:43 INFO ---- Get Personal Fans
Sun, 24 Sep 2017 22:34:43 INFO ------ Personal Fans Page: 1
Sun, 24 Sep 2017 22:34:43 INFO ------ Personal Fans Page: 2
Sun, 24 Sep 2017 22:34:44 INFO ------ Personal Fans Page: 3
Sun, 24 Sep 2017 22:34:45 INFO ------ Personal Fans Page: 4
Sun, 24 Sep 2017 22:34:45 INFO ------ Personal Fans Page: 5
Sun, 24 Sep 2017 22:34:46 INFO ------ Personal Fans Page: 6
Sun, 24 Sep 2017 22:34:47 INFO ------ Personal Fans Page: 7
Sun, 24 Sep 2017 22:34:48 INFO ------ Personal Fans Page: 8
Sun, 24 Sep 2017 22:34:49 INFO ------ Personal Fans Page: 9
Sun, 24 Sep 2017 22:34:51 INFO ------ Personal Fans Page: 10
Sun, 24 Sep 2017 22:34:52 INFO ------ Personal Fans Page: 11
Sun, 24 Sep 2017 22:34:53 INFO ------ Personal Fans Page: 12
Sun, 24 Sep 2017 22:34:54 INFO Personal uid: 1401506380, name: 享受电影和音乐的宅男
Sun, 24 Sep 2017 22:34:56 INFO -- Personal pageId: 1005051401506380
Sun, 24 Sep 2017 22:34:56 INFO ---- Get Personal Info
Sun, 24 Sep 2017 22:34:57 INFO ---- Get Personal Fans
Sun, 24 Sep 2017 22:34:57 INFO ------ Personal Fans Page: 1
Sun, 24 Sep 2017 22:34:59 INFO ------ Personal Fans Page: 2
Sun, 24 Sep 2017 22:35:02 INFO ------ Personal Fans Page: 3
Sun, 24 Sep 2017 22:35:03 INFO ------ Personal Fans Page: 4
Sun, 24 Sep 2017 22:35:05 INFO ------ Personal Fans Page: 5
Sun, 24 Sep 2017 22:35:05 INFO ------ Personal Fans Page: 6
Sun, 24 Sep 2017 22:35:06 INFO ------ Personal Fans Page: 7
Sun, 24 Sep 2017 22:35:07 INFO ------ Personal Fans Page: 8
Sun, 24 Sep 2017 22:35:08 INFO ------ Personal Fans Page: 9
Sun, 24 Sep 2017 22:35:09 INFO ------ Personal Fans Page: 10
Sun, 24 Sep 2017 22:35:10 INFO ------ Personal Fans Page: 11
Sun, 24 Sep 2017 22:35:11 INFO ------ Personal Fans Page: 12
Sun, 24 Sep 2017 22:35:12 INFO ------ Personal Fans Page: 13
Sun, 24 Sep 2017 22:35:13 INFO ------ Personal Fans Page: 14
Sun, 24 Sep 2017 22:35:15 INFO ------ Personal Fans Page: 15
Sun, 24 Sep 2017 22:35:16 INFO ------ Personal Fans Page: 16
Sun, 24 Sep 2017 22:35:17 INFO ------ Personal Fans Page: 17
Sun, 24 Sep 2017 22:35:18 INFO ------ Personal Fans Page: 18
Sun, 24 Sep 2017 22:35:19 INFO ------ Personal Fans Page: 19
Sun, 24 Sep 2017 22:35:20 INFO ------ Personal Fans Page: 20
Sun, 24 Sep 2017 22:35:21 INFO ------ Personal Fans Page: 21
Sun, 24 Sep 2017 22:35:22 INFO ------ Personal Fans Page: 22
Sun, 24 Sep 2017 22:35:23 INFO ------ Personal Fans Page: 23
Sun, 24 Sep 2017 22:35:25 INFO ------ Personal Fans Page: 24
Sun, 24 Sep 2017 22:35:25 INFO ------ Personal Fans Page: 25
Sun, 24 Sep 2017 22:35:27 INFO ------ Personal Fans Page: 26
Sun, 24 Sep 2017 22:35:28 INFO ------ Personal Fans Page: 27
Sun, 24 Sep 2017 22:35:30 INFO ------ Personal Fans Page: 28
Sun, 24 Sep 2017 22:35:31 INFO ------ Personal Fans Page: 29
Sun, 24 Sep 2017 22:35:33 INFO ------ Personal Fans Page: 30
Sun, 24 Sep 2017 22:35:35 INFO ------ Personal Fans Page: 31
Sun, 24 Sep 2017 22:35:38 INFO ------ Personal Fans Page: 32
Sun, 24 Sep 2017 22:35:41 INFO ------ Personal Fans Page: 33
Sun, 24 Sep 2017 22:35:43 INFO Personal uid: 1401848142, name: 大长的尔海
Sun, 24 Sep 2017 22:35:44 INFO -- Personal pageId: 1005051401848142
Sun, 24 Sep 2017 22:35:44 INFO ---- Get Personal Info
Sun, 24 Sep 2017 22:35:45 INFO ---- Get Personal Fans
Sun, 24 Sep 2017 22:35:45 INFO ------ Personal Fans Page: 1
Sun, 24 Sep 2017 22:35:46 INFO ------ Personal Fans Page: 2
Sun, 24 Sep 2017 22:35:47 INFO ------ Personal Fans Page: 3
Sun, 24 Sep 2017 22:35:48 INFO ------ Personal Fans Page: 4
Sun, 24 Sep 2017 22:35:50 INFO ------ Personal Fans Page: 5
Sun, 24 Sep 2017 22:35:51 INFO ------ Personal Fans Page: 6
Sun, 24 Sep 2017 22:35:52 INFO ------ Personal Fans Page: 7
Sun, 24 Sep 2017 22:35:53 INFO ------ Personal Fans Page: 8
Sun, 24 Sep 2017 22:35:54 INFO ------ Personal Fans Page: 9
Sun, 24 Sep 2017 22:35:55 INFO ------ Personal Fans Page: 10
Sun, 24 Sep 2017 22:35:57 INFO ------ Personal Fans Page: 11
Sun, 24 Sep 2017 22:35:58 INFO ------ Personal Fans Page: 12
Sun, 24 Sep 2017 22:35:59 INFO ------ Personal Fans Page: 13
Sun, 24 Sep 2017 22:36:00 INFO ------ Personal Fans Page: 14
Sun, 24 Sep 2017 22:36:01 INFO ------ Personal Fans Page: 15
Sun, 24 Sep 2017 22:36:02 INFO ------ Personal Fans Page: 16
Sun, 24 Sep 2017 22:36:03 INFO ------ Personal Fans Page: 17
Sun, 24 Sep 2017 22:36:04 INFO ------ Personal Fans Page: 18
Sun, 24 Sep 2017 22:36:05 INFO ------ Personal Fans Page: 19
Sun, 24 Sep 2017 22:36:06 INFO ------ Personal Fans Page: 20
Sun, 24 Sep 2017 22:36:08 INFO ------ Personal Fans Page: 21
Sun, 24 Sep 2017 22:36:09 INFO ------ Personal Fans Page: 22
Sun, 24 Sep 2017 22:36:11 INFO ------ Personal Fans Page: 23
Sun, 24 Sep 2017 22:36:13 INFO ------ Personal Fans Page: 24
Sun, 24 Sep 2017 22:36:13 INFO ------ Personal Fans Page: 25
Sun, 24 Sep 2017 22:36:15 INFO ------ Personal Fans Page: 26
Sun, 24 Sep 2017 22:36:17 INFO ------ Personal Fans Page: 27
Sun, 24 Sep 2017 22:36:18 INFO ------ Personal Fans Page: 28
Sun, 24 Sep 2017 22:36:20 INFO ------ Personal Fans Page: 29
Sun, 24 Sep 2017 22:36:22 INFO ------ Personal Fans Page: 30
Sun, 24 Sep 2017 22:36:23 INFO ------ Personal Fans Page: 31
Sun, 24 Sep 2017 22:36:25 INFO ------ Personal Fans Page: 32
Sun, 24 Sep 2017 22:36:26 INFO ------ Personal Fans Page: 33
Sun, 24 Sep 2017 22:36:27 INFO ------ Personal Fans Page: 34
Sun, 24 Sep 2017 22:36:29 INFO ------ Personal Fans Page: 35
Sun, 24 Sep 2017 22:36:31 INFO ------ Personal Fans Page: 36
Sun, 24 Sep 2017 22:36:32 INFO ------ Personal Fans Page: 37
Sun, 24 Sep 2017 22:36:33 INFO ------ Personal Fans Page: 38
Sun, 24 Sep 2017 22:36:34 INFO ------ Personal Fans Page: 39
Sun, 24 Sep 2017 22:36:36 INFO ------ Personal Fans Page: 40
Sun, 24 Sep 2017 22:36:37 INFO ------ Personal Fans Page: 41
Sun, 24 Sep 2017 22:36:39 INFO ------ Personal Fans Page: 42
Sun, 24 Sep 2017 22:36:40 INFO ------ Personal Fans Page: 43
Sun, 24 Sep 2017 22:36:41 INFO ------ Personal Fans Page: 44
Sun, 24 Sep 2017 22:36:42 INFO ------ Personal Fans Page: 45
Sun, 24 Sep 2017 22:36:44 INFO ------ Personal Fans Page: 46
Sun, 24 Sep 2017 22:36:46 INFO ------ Personal Fans Page: 47
Sun, 24 Sep 2017 22:36:47 INFO ------ Personal Fans Page: 48
Sun, 24 Sep 2017 22:36:48 INFO ------ Personal Fans Page: 49
Sun, 24 Sep 2017 22:36:49 INFO ------ Personal Fans Page: 50
Sun, 24 Sep 2017 22:36:51 INFO ------ Personal Fans Page: 51
Sun, 24 Sep 2017 22:36:52 INFO ------ Personal Fans Page: 52
Sun, 24 Sep 2017 22:36:54 INFO ------ Personal Fans Page: 53
Sun, 24 Sep 2017 22:36:56 INFO ------ Personal Fans Page: 54
Sun, 24 Sep 2017 22:36:57 INFO ------ Personal Fans Page: 55
Sun, 24 Sep 2017 22:36:59 INFO ------ Personal Fans Page: 56
Sun, 24 Sep 2017 22:37:00 INFO ------ Personal Fans Page: 57
Sun, 24 Sep 2017 22:37:01 INFO ------ Personal Fans Page: 58
Sun, 24 Sep 2017 22:37:03 INFO ------ Personal Fans Page: 59
Sun, 24 Sep 2017 22:37:04 INFO ------ Personal Fans Page: 60
Sun, 24 Sep 2017 22:37:06 INFO ------ Personal Fans Page: 61
Sun, 24 Sep 2017 22:37:07 INFO ------ Personal Fans Page: 62
Sun, 24 Sep 2017 22:37:08 INFO ------ Personal Fans Page: 63
Sun, 24 Sep 2017 22:37:11 INFO ------ Personal Fans Page: 64
Sun, 24 Sep 2017 22:37:13 INFO ------ Personal Fans Page: 65
Sun, 24 Sep 2017 22:37:14 INFO ------ Personal Fans Page: 66
Sun, 24 Sep 2017 22:37:15 INFO ------ Personal Fans Page: 67
Sun, 24 Sep 2017 22:37:16 INFO ------ Personal Fans Page: 68
Sun, 24 Sep 2017 22:37:18 INFO ------ Personal Fans Page: 69
Sun, 24 Sep 2017 22:37:20 INFO ------ Personal Fans Page: 70
Sun, 24 Sep 2017 22:37:22 INFO ------ Personal Fans Page: 71
Sun, 24 Sep 2017 22:37:24 INFO ------ Personal Fans Page: 72
Sun, 24 Sep 2017 22:37:25 INFO ------ Personal Fans Page: 73
Sun, 24 Sep 2017 22:37:28 INFO ------ Personal Fans Page: 74
Sun, 24 Sep 2017 22:37:29 INFO ------ Personal Fans Page: 75
Sun, 24 Sep 2017 22:37:31 INFO ------ Personal Fans Page: 76
Sun, 24 Sep 2017 22:37:32 INFO ------ Personal Fans Page: 77
Sun, 24 Sep 2017 22:37:33 INFO ------ Personal Fans Page: 78
Sun, 24 Sep 2017 22:37:35 INFO ------ Personal Fans Page: 79
Sun, 24 Sep 2017 22:37:37 INFO ------ Personal Fans Page: 80
Sun, 24 Sep 2017 22:37:39 INFO ------ Personal Fans Page: 81
Sun, 24 Sep 2017 22:37:41 INFO ------ Personal Fans Page: 82
Sun, 24 Sep 2017 22:37:42 INFO ------ Personal Fans Page: 83
Sun, 24 Sep 2017 22:37:43 INFO ------ Personal Fans Page: 84
Sun, 24 Sep 2017 22:37:45 INFO ------ Personal Fans Page: 85
Sun, 24 Sep 2017 22:37:47 INFO ------ Personal Fans Page: 86
Sun, 24 Sep 2017 22:37:48 INFO ------ Personal Fans Page: 87
Sun, 24 Sep 2017 22:37:49 INFO ------ Personal Fans Page: 88
Sun, 24 Sep 2017 22:37:55 INFO ------ Personal Fans Page: 89
Sun, 24 Sep 2017 22:37:56 INFO ------ Personal Fans Page: 90
Sun, 24 Sep 2017 22:37:57 INFO ------ Personal Fans Page: 91
Sun, 24 Sep 2017 22:37:59 INFO ------ Personal Fans Page: 92
Sun, 24 Sep 2017 22:38:01 INFO ------ Personal Fans Page: 93
Sun, 24 Sep 2017 22:38:04 INFO ------ Personal Fans Page: 94
Sun, 24 Sep 2017 22:38:08 INFO ------ Personal Fans Page: 95
Sun, 24 Sep 2017 22:38:09 INFO ------ Personal Fans Page: 96
Sun, 24 Sep 2017 22:38:11 INFO ------ Personal Fans Page: 97
Sun, 24 Sep 2017 22:38:14 INFO ------ Personal Fans Page: 98
Sun, 24 Sep 2017 22:38:15 INFO ------ Personal Fans Page: 99
Sun, 24 Sep 2017 22:38:17 INFO ------ Personal Fans Page: 100
Sun, 24 Sep 2017 22:38:18 INFO ------ Personal Fans Page: 101
Sun, 24 Sep 2017 22:38:19 INFO Personal uid: 1401925694, name: zhangyujs_
Sun, 24 Sep 2017 22:38:19 INFO -- Personal pageId: 1005051401925694
Sun, 24 Sep 2017 22:38:19 INFO ---- Get Personal Info
Sun, 24 Sep 2017 22:38:20 INFO ---- Get Personal Fans
Sun, 24 Sep 2017 22:38:20 INFO ------ Personal Fans Page: 1
Sun, 24 Sep 2017 22:38:22 INFO ------ Personal Fans Page: 2
Sun, 24 Sep 2017 22:38:23 INFO ------ Personal Fans Page: 3
Sun, 24 Sep 2017 22:38:26 INFO ------ Personal Fans Page: 4
Sun, 24 Sep 2017 22:38:27 INFO ------ Personal Fans Page: 5
Sun, 24 Sep 2017 22:38:28 INFO ------ Personal Fans Page: 6
Sun, 24 Sep 2017 22:38:30 INFO ------ Personal Fans Page: 7
Sun, 24 Sep 2017 22:38:32 INFO ------ Personal Fans Page: 8
Sun, 24 Sep 2017 22:38:34 INFO ------ Personal Fans Page: 9
Sun, 24 Sep 2017 22:38:36 INFO ------ Personal Fans Page: 10
Sun, 24 Sep 2017 22:38:37 INFO ------ Personal Fans Page: 11
Sun, 24 Sep 2017 22:38:39 INFO Personal uid: 1406302835, name: 小艾99999
Sun, 24 Sep 2017 22:38:40 INFO -- Personal pageId: 1005051406302835
Sun, 24 Sep 2017 22:38:40 INFO ---- Get Personal Info
Sun, 24 Sep 2017 22:38:41 INFO ---- Get Personal Fans
Sun, 24 Sep 2017 22:38:41 INFO ------ Personal Fans Page: 1
Sun, 24 Sep 2017 22:38:43 INFO ------ Personal Fans Page: 2
Sun, 24 Sep 2017 22:38:44 INFO ------ Personal Fans Page: 3
Sun, 24 Sep 2017 22:38:45 INFO ------ Personal Fans Page: 4
Sun, 24 Sep 2017 22:38:46 INFO ------ Personal Fans Page: 5
Sun, 24 Sep 2017 22:38:49 INFO ------ Personal Fans Page: 6
Sun, 24 Sep 2017 22:38:50 INFO ------ Personal Fans Page: 7
