Sun, 24 Sep 2017 14:52:41 INFO Get char: 鹁
Sun, 24 Sep 2017 14:52:42 INFO Get char: 鹂
Sun, 24 Sep 2017 14:52:42 INFO Get char: 鹃
Sun, 24 Sep 2017 14:52:43 INFO Get char: 鹄
Sun, 24 Sep 2017 14:52:43 INFO Get char: 鹅
Sun, 24 Sep 2017 14:52:44 INFO Get char: 鹆
Sun, 24 Sep 2017 14:52:45 INFO Get char: 鹇
Sun, 24 Sep 2017 14:52:46 INFO Get char: 鹈
Sun, 24 Sep 2017 14:52:46 INFO Get char: 鹉
Sun, 24 Sep 2017 14:52:47 INFO Get char: 鹊
Sun, 24 Sep 2017 14:52:48 INFO Get char: 鹋
Sun, 24 Sep 2017 14:52:48 INFO Get char: 鹌
Sun, 24 Sep 2017 14:52:49 INFO Get char: 鹍
Sun, 24 Sep 2017 14:52:50 INFO Get char: 鹎
Sun, 24 Sep 2017 14:52:50 INFO Get char: 鹏
Sun, 24 Sep 2017 14:52:52 INFO -- username: 彺焕鵬Hp-King, id: 1803890884
Sun, 24 Sep 2017 14:52:52 INFO -- username: 彺焕鵬Hp-King, id: 1803890884
Sun, 24 Sep 2017 14:52:52 INFO Get char: 鹐
Sun, 24 Sep 2017 14:52:52 INFO Get char: 鹑
Sun, 24 Sep 2017 14:52:53 INFO Get char: 鹒
Sun, 24 Sep 2017 14:52:53 INFO Get char: 鹔
Sun, 24 Sep 2017 14:52:54 INFO Get char: 鹕
Sun, 24 Sep 2017 14:52:54 INFO Get char: 鹖
Sun, 24 Sep 2017 14:52:55 INFO Get char: 鹗
Sun, 24 Sep 2017 14:52:56 INFO Get char: 鹘
Sun, 24 Sep 2017 14:52:56 INFO Get char: 鹙
Sun, 24 Sep 2017 14:52:57 INFO Get char: 鹚
Sun, 24 Sep 2017 14:52:57 INFO Get char: 鹛
Sun, 24 Sep 2017 14:52:57 INFO Get char: 鹜
Sun, 24 Sep 2017 14:52:58 INFO Get char: 鹝
Sun, 24 Sep 2017 14:52:58 INFO Get char: 鹞
Sun, 24 Sep 2017 14:52:59 INFO Get char: 鹟
Sun, 24 Sep 2017 14:52:59 INFO Get char: 鹠
Sun, 24 Sep 2017 14:53:00 INFO Get char: 鹡
Sun, 24 Sep 2017 14:53:00 INFO Get char: 鹢
Sun, 24 Sep 2017 14:53:01 INFO Get char: 鹣
Sun, 24 Sep 2017 14:53:01 INFO Get char: 鹤
Sun, 24 Sep 2017 14:53:02 INFO Get char: 鹦
Sun, 24 Sep 2017 14:53:02 INFO Get char: 鹧
Sun, 24 Sep 2017 14:53:02 INFO Get char: 鹨
Sun, 24 Sep 2017 14:53:03 INFO Get char: 鹩
Sun, 24 Sep 2017 14:53:03 INFO Get char: 鹪
Sun, 24 Sep 2017 14:53:04 INFO Get char: 鹫
Sun, 24 Sep 2017 14:53:05 INFO Get char: 鹬
Sun, 24 Sep 2017 14:53:06 INFO Get char: 鹭
Sun, 24 Sep 2017 14:53:06 INFO Get char: 鹮
Sun, 24 Sep 2017 14:53:07 INFO Get char: 鹯
Sun, 24 Sep 2017 14:53:07 INFO Get char: 鹰
Sun, 24 Sep 2017 14:53:08 INFO Get char: 鹱
Sun, 24 Sep 2017 14:53:08 INFO Get char: 鹲
Sun, 24 Sep 2017 14:53:09 INFO Get char: 鹳
Sun, 24 Sep 2017 14:53:09 INFO Get char: 鹴
Sun, 24 Sep 2017 14:53:10 INFO Get char: 鹾
Sun, 24 Sep 2017 14:53:10 INFO Get char: 鹿
Sun, 24 Sep 2017 14:53:12 INFO -- username: 迷鹿w, id: 6053484701
Sun, 24 Sep 2017 14:53:12 INFO -- username: 大鹿鹿-0612, id: 6186180586
Sun, 24 Sep 2017 14:53:12 INFO -- username: M昭鹿林M, id: 5384174333
Sun, 24 Sep 2017 14:53:12 INFO -- username: 木上鹿子LLL, id: 5627464146
Sun, 24 Sep 2017 14:53:12 INFO -- username: 木上鹿子LLL, id: 5627464146
Sun, 24 Sep 2017 14:53:12 INFO Get char: 麀
Sun, 24 Sep 2017 14:53:13 INFO Get char: 麂
Sun, 24 Sep 2017 14:53:13 INFO Get char: 麇
Sun, 24 Sep 2017 14:53:14 INFO Get char: 麈
Sun, 24 Sep 2017 14:53:15 INFO Get char: 麋
Sun, 24 Sep 2017 14:53:15 INFO Get char: 麑
Sun, 24 Sep 2017 14:53:16 INFO Get char: 麒
Sun, 24 Sep 2017 14:53:17 INFO -- username: 奡夏小麒麟, id: 3545315421
Sun, 24 Sep 2017 14:53:17 INFO -- username: 奡夏小麒麟, id: 3545315421
Sun, 24 Sep 2017 14:53:17 INFO Get char: 麓
Sun, 24 Sep 2017 14:53:18 INFO Get char: 麖
Sun, 24 Sep 2017 14:53:19 INFO Get char: 麝
Sun, 24 Sep 2017 14:53:20 INFO Get char: 麟
Sun, 24 Sep 2017 14:53:21 INFO -- username: 奡夏小麒麟, id: 3545315421
Sun, 24 Sep 2017 14:53:21 INFO -- username: 奡夏小麒麟, id: 3545315421
Sun, 24 Sep 2017 14:53:21 INFO Get char: 麦
Sun, 24 Sep 2017 14:53:23 INFO -- username: 小麦色1023, id: 3551117167
Sun, 24 Sep 2017 14:53:23 INFO -- username: 小麦色1023, id: 3551117167
Sun, 24 Sep 2017 14:53:23 INFO Get char: 麸
Sun, 24 Sep 2017 14:53:23 INFO Get char: 麹
Sun, 24 Sep 2017 14:53:24 INFO Get char: 麻
Sun, 24 Sep 2017 14:53:25 INFO -- username: 麻麻花花儿, id: 2806226000
Sun, 24 Sep 2017 14:53:25 INFO -- username: _麻子张, id: 2396699571
Sun, 24 Sep 2017 14:53:25 INFO -- username: 当麻201606, id: 5953362362
Sun, 24 Sep 2017 14:53:25 INFO -- username: 柠檬麻麻tantanica, id: 2180115662
Sun, 24 Sep 2017 14:53:25 INFO -- username: 赵二宝的麻麻, id: 3935077052
Sun, 24 Sep 2017 14:53:25 INFO -- username: 取个名字好麻烦100990, id: 5064913471
Sun, 24 Sep 2017 14:53:25 INFO -- username: 取个名字好麻烦100990, id: 5064913471
Sun, 24 Sep 2017 14:53:25 INFO Get char: 麽
Sun, 24 Sep 2017 14:53:26 INFO Get char: 麾
Sun, 24 Sep 2017 14:53:26 INFO Get char: 黄
Sun, 24 Sep 2017 14:53:28 INFO -- username: 黄传思, id: 5627016441
Sun, 24 Sep 2017 14:53:28 INFO -- username: 黄yx__, id: 5677342953
Sun, 24 Sep 2017 14:53:28 INFO -- username: 黃智楌丶, id: 1772022593
Sun, 24 Sep 2017 14:53:28 INFO -- username: 黃黃黃仙女啊, id: 6290501635
Sun, 24 Sep 2017 14:53:28 INFO -- username: 黄宇凤的微博, id: 2627200461
Sun, 24 Sep 2017 14:53:28 INFO -- username: 黄云皓小蟑螂呀, id: 5314637692
Sun, 24 Sep 2017 14:53:28 INFO -- username: HJ黄敬, id: 2369147041
Sun, 24 Sep 2017 14:53:28 INFO -- username: 一只小黄公寓, id: 5994955947
Sun, 24 Sep 2017 14:53:28 INFO -- username: 一只小黄公寓, id: 5994955947
Sun, 24 Sep 2017 14:53:28 INFO Get char: 黇
Sun, 24 Sep 2017 14:53:28 INFO Get char: 黉
Sun, 24 Sep 2017 14:53:29 INFO Get char: 黍
Sun, 24 Sep 2017 14:53:30 INFO -- username: 張凱蜀黍, id: 5494596224
Sun, 24 Sep 2017 14:53:30 INFO -- username: 張凱蜀黍, id: 5494596224
Sun, 24 Sep 2017 14:53:30 INFO Get char: 黎
Sun, 24 Sep 2017 14:53:31 INFO -- username: 黑暗中的一束黎明, id: 5210068779
Sun, 24 Sep 2017 14:53:31 INFO -- username: 黑暗中的一束黎明, id: 5210068779
Sun, 24 Sep 2017 14:53:31 INFO Get char: 黏
Sun, 24 Sep 2017 14:53:32 INFO Get char: 黑
Sun, 24 Sep 2017 14:53:33 INFO -- username: 黑暗中的一束黎明, id: 5210068779
Sun, 24 Sep 2017 14:53:33 INFO -- username: 黑眼圈归来, id: 5503102654
Sun, 24 Sep 2017 14:53:33 INFO -- username: 黑色静谧杭, id: 6193265787
Sun, 24 Sep 2017 14:53:33 INFO -- username: 黑暗料理鸡汤婊, id: 1817813385
Sun, 24 Sep 2017 14:53:33 INFO -- username: 黑铁时代的绿毛水怪, id: 1756734277
Sun, 24 Sep 2017 14:53:33 INFO -- username: 飞舞的黑发丝, id: 5394843424
Sun, 24 Sep 2017 14:53:33 INFO -- username: MR_尐黑黑, id: 2539976261
Sun, 24 Sep 2017 14:53:33 INFO -- username: 祛斑祛痘去黑头-女性健康, id: 6213769961
Sun, 24 Sep 2017 14:53:33 INFO -- username: 祛斑祛痘去黑头-女性健康, id: 6213769961
Sun, 24 Sep 2017 14:53:33 INFO Get char: 黔
Sun, 24 Sep 2017 14:53:34 INFO Get char: 默
Sun, 24 Sep 2017 14:53:36 INFO -- username: 暗-淡-默-然-, id: 2519193852
Sun, 24 Sep 2017 14:53:36 INFO -- username: 等待苏醒的沉默, id: 3758913673
Sun, 24 Sep 2017 14:53:36 INFO -- username: 柯莫默, id: 5635709845
Sun, 24 Sep 2017 14:53:36 INFO -- username: 等待苏醒的沉默, id: 3758913673
Sun, 24 Sep 2017 14:53:36 INFO -- username: 等待苏醒的沉默, id: 3758913673
Sun, 24 Sep 2017 14:53:36 INFO Get char: 黛
Sun, 24 Sep 2017 14:53:37 INFO Get char: 黜
Sun, 24 Sep 2017 14:53:38 INFO Get char: 黝
Sun, 24 Sep 2017 14:53:39 INFO Get char: 黟
