Sun, 24 Sep 2017 21:07:42 INFO Personal uid: 1058894952, name: 凡灰
Sun, 24 Sep 2017 21:07:44 INFO -- Personal pageId: 1005051058894952
Sun, 24 Sep 2017 21:07:44 INFO ---- Get Personal Info
Sun, 24 Sep 2017 21:07:44 INFO ---- Get Personal Fans
Sun, 24 Sep 2017 21:07:44 INFO ------ Personal Fans Page: 1
Sun, 24 Sep 2017 21:07:46 INFO ------ Personal Fans Page: 2
Sun, 24 Sep 2017 21:07:47 INFO ------ Personal Fans Page: 3
Sun, 24 Sep 2017 21:07:48 INFO ------ Personal Fans Page: 4
Sun, 24 Sep 2017 21:07:50 INFO ------ Personal Fans Page: 5
Sun, 24 Sep 2017 21:07:51 INFO ------ Personal Fans Page: 6
Sun, 24 Sep 2017 21:07:52 INFO ------ Personal Fans Page: 7
Sun, 24 Sep 2017 21:07:57 INFO ------ Personal Fans Page: 8
Sun, 24 Sep 2017 21:07:58 INFO ------ Personal Fans Page: 9
Sun, 24 Sep 2017 21:07:59 INFO ------ Personal Fans Page: 10
Sun, 24 Sep 2017 21:08:01 INFO ------ Personal Fans Page: 11
Sun, 24 Sep 2017 21:08:03 INFO ------ Personal Fans Page: 12
Sun, 24 Sep 2017 21:08:04 INFO ------ Personal Fans Page: 13
Sun, 24 Sep 2017 21:08:05 INFO ------ Personal Fans Page: 14
Sun, 24 Sep 2017 21:08:06 INFO ------ Personal Fans Page: 15
Sun, 24 Sep 2017 21:08:08 INFO ------ Personal Fans Page: 16
Sun, 24 Sep 2017 21:08:10 INFO ------ Personal Fans Page: 17
Sun, 24 Sep 2017 21:08:12 INFO ------ Personal Fans Page: 18
Sun, 24 Sep 2017 21:08:13 INFO Personal uid: 1064012630, name: 柴瑜abby
Sun, 24 Sep 2017 21:08:15 INFO -- Personal pageId: 1005051064012630
Sun, 24 Sep 2017 21:08:15 INFO ---- Get Personal Info
Sun, 24 Sep 2017 21:08:16 INFO ---- Get Personal Fans
Sun, 24 Sep 2017 21:08:16 INFO ------ Personal Fans Page: 1
Sun, 24 Sep 2017 21:08:17 INFO ------ Personal Fans Page: 2
Sun, 24 Sep 2017 21:08:19 INFO ------ Personal Fans Page: 3
Sun, 24 Sep 2017 21:08:21 INFO ------ Personal Fans Page: 4
Sun, 24 Sep 2017 21:08:22 INFO ------ Personal Fans Page: 5
Sun, 24 Sep 2017 21:08:24 INFO ------ Personal Fans Page: 6
Sun, 24 Sep 2017 21:08:26 INFO ------ Personal Fans Page: 7
Sun, 24 Sep 2017 21:08:27 INFO ------ Personal Fans Page: 8
Sun, 24 Sep 2017 21:08:29 INFO ------ Personal Fans Page: 9
Sun, 24 Sep 2017 21:08:30 INFO ------ Personal Fans Page: 10
Sun, 24 Sep 2017 21:08:32 INFO ------ Personal Fans Page: 11
Sun, 24 Sep 2017 21:08:33 INFO ------ Personal Fans Page: 12
Sun, 24 Sep 2017 21:08:35 INFO ------ Personal Fans Page: 13
Sun, 24 Sep 2017 21:08:38 INFO ------ Personal Fans Page: 14
Sun, 24 Sep 2017 21:08:39 INFO ------ Personal Fans Page: 15
Sun, 24 Sep 2017 21:08:40 INFO ------ Personal Fans Page: 16
Sun, 24 Sep 2017 21:08:42 INFO ------ Personal Fans Page: 17
Sun, 24 Sep 2017 21:08:43 INFO ------ Personal Fans Page: 18
Sun, 24 Sep 2017 21:08:44 INFO ------ Personal Fans Page: 19
Sun, 24 Sep 2017 21:08:46 INFO ------ Personal Fans Page: 20
Sun, 24 Sep 2017 21:08:47 INFO ------ Personal Fans Page: 21
Sun, 24 Sep 2017 21:08:49 INFO ------ Personal Fans Page: 22
Sun, 24 Sep 2017 21:08:50 INFO ------ Personal Fans Page: 23
Sun, 24 Sep 2017 21:08:52 INFO ------ Personal Fans Page: 24
Sun, 24 Sep 2017 21:08:53 INFO Personal uid: 1065009537, name: 身正何惧影歪
Sun, 24 Sep 2017 21:08:54 INFO -- Personal pageId: 1005051065009537
Sun, 24 Sep 2017 21:08:54 INFO ---- Get Personal Info
Sun, 24 Sep 2017 21:08:55 INFO ---- Get Personal Fans
Sun, 24 Sep 2017 21:08:55 INFO ------ Personal Fans Page: 1
Sun, 24 Sep 2017 21:08:57 INFO ------ Personal Fans Page: 2
Sun, 24 Sep 2017 21:08:59 INFO ------ Personal Fans Page: 3
Sun, 24 Sep 2017 21:09:00 INFO ------ Personal Fans Page: 4
Sun, 24 Sep 2017 21:09:02 INFO ------ Personal Fans Page: 5
Sun, 24 Sep 2017 21:09:03 INFO Personal uid: 1067080222, name: 小小生578
Sun, 24 Sep 2017 21:09:05 INFO -- Personal pageId: 1005051067080222
Sun, 24 Sep 2017 21:09:05 INFO ---- Get Personal Info
Sun, 24 Sep 2017 21:09:06 INFO ---- Get Personal Fans
Sun, 24 Sep 2017 21:09:06 INFO ------ Personal Fans Page: 1
Sun, 24 Sep 2017 21:09:07 INFO ------ Personal Fans Page: 2
Sun, 24 Sep 2017 21:09:09 INFO ------ Personal Fans Page: 3
Sun, 24 Sep 2017 21:09:10 INFO ------ Personal Fans Page: 4
Sun, 24 Sep 2017 21:09:11 INFO ------ Personal Fans Page: 5
Sun, 24 Sep 2017 21:09:13 INFO ------ Personal Fans Page: 6
Sun, 24 Sep 2017 21:09:14 INFO ------ Personal Fans Page: 7
Sun, 24 Sep 2017 21:09:17 INFO ------ Personal Fans Page: 8
Sun, 24 Sep 2017 21:09:18 INFO ------ Personal Fans Page: 9
Sun, 24 Sep 2017 21:09:19 INFO ------ Personal Fans Page: 10
Sun, 24 Sep 2017 21:09:21 INFO ------ Personal Fans Page: 11
Sun, 24 Sep 2017 21:09:22 INFO ------ Personal Fans Page: 12
Sun, 24 Sep 2017 21:09:24 INFO ------ Personal Fans Page: 13
Sun, 24 Sep 2017 21:09:26 INFO ------ Personal Fans Page: 14
Sun, 24 Sep 2017 21:09:27 INFO ------ Personal Fans Page: 15
Sun, 24 Sep 2017 21:09:29 INFO ------ Personal Fans Page: 16
Sun, 24 Sep 2017 21:09:31 INFO ------ Personal Fans Page: 17
Sun, 24 Sep 2017 21:09:32 INFO ------ Personal Fans Page: 18
Sun, 24 Sep 2017 21:09:36 INFO ------ Personal Fans Page: 19
Sun, 24 Sep 2017 21:09:38 INFO ------ Personal Fans Page: 20
Sun, 24 Sep 2017 21:09:39 INFO ------ Personal Fans Page: 21
Sun, 24 Sep 2017 21:09:41 INFO ------ Personal Fans Page: 22
Sun, 24 Sep 2017 21:09:43 INFO Personal uid: 1073547581, name: 小溜溜蛋
Sun, 24 Sep 2017 21:09:44 INFO -- Personal pageId: 1005051073547581
Sun, 24 Sep 2017 21:09:44 INFO ---- Get Personal Info
Sun, 24 Sep 2017 21:09:45 INFO ---- Get Personal Fans
Sun, 24 Sep 2017 21:09:45 INFO ------ Personal Fans Page: 1
Sun, 24 Sep 2017 21:09:46 INFO ------ Personal Fans Page: 2
Sun, 24 Sep 2017 21:09:47 INFO ------ Personal Fans Page: 3
Sun, 24 Sep 2017 21:09:50 INFO ------ Personal Fans Page: 4
Sun, 24 Sep 2017 21:09:51 INFO ------ Personal Fans Page: 5
Sun, 24 Sep 2017 21:09:53 INFO ------ Personal Fans Page: 6
Sun, 24 Sep 2017 21:09:55 INFO ------ Personal Fans Page: 7
Sun, 24 Sep 2017 21:09:55 INFO ------ Personal Fans Page: 8
Sun, 24 Sep 2017 21:09:56 INFO ------ Personal Fans Page: 9
Sun, 24 Sep 2017 21:09:57 INFO ------ Personal Fans Page: 10
Sun, 24 Sep 2017 21:09:58 INFO ------ Personal Fans Page: 11
Sun, 24 Sep 2017 21:09:59 INFO ------ Personal Fans Page: 12
Sun, 24 Sep 2017 21:09:59 INFO ------ Personal Fans Page: 13
Sun, 24 Sep 2017 21:10:00 INFO ------ Personal Fans Page: 14
Sun, 24 Sep 2017 21:10:01 INFO ------ Personal Fans Page: 15
Sun, 24 Sep 2017 21:10:02 INFO ------ Personal Fans Page: 16
Sun, 24 Sep 2017 21:10:03 INFO ------ Personal Fans Page: 17
Sun, 24 Sep 2017 21:10:04 INFO ------ Personal Fans Page: 18
Sun, 24 Sep 2017 21:10:05 INFO ------ Personal Fans Page: 19
Sun, 24 Sep 2017 21:10:06 INFO ------ Personal Fans Page: 20
Sun, 24 Sep 2017 21:10:07 INFO ------ Personal Fans Page: 21
Sun, 24 Sep 2017 21:10:08 INFO ------ Personal Fans Page: 22
Sun, 24 Sep 2017 21:10:09 INFO ------ Personal Fans Page: 23
Sun, 24 Sep 2017 21:10:10 INFO ------ Personal Fans Page: 24
Sun, 24 Sep 2017 21:10:11 INFO ------ Personal Fans Page: 25
Sun, 24 Sep 2017 21:10:12 INFO Personal uid: 1073853052, name: 弦上散步的猫
Sun, 24 Sep 2017 21:10:13 INFO -- Personal pageId: 1005051073853052
Sun, 24 Sep 2017 21:10:13 INFO ---- Get Personal Info
Sun, 24 Sep 2017 21:10:14 INFO ---- Get Personal Fans
Sun, 24 Sep 2017 21:10:14 INFO ------ Personal Fans Page: 1
Sun, 24 Sep 2017 21:10:15 INFO ------ Personal Fans Page: 2
Sun, 24 Sep 2017 21:10:16 INFO ------ Personal Fans Page: 3
Sun, 24 Sep 2017 21:10:17 INFO ------ Personal Fans Page: 4
Sun, 24 Sep 2017 21:10:18 INFO ------ Personal Fans Page: 5
Sun, 24 Sep 2017 21:10:19 INFO ------ Personal Fans Page: 6
Sun, 24 Sep 2017 21:10:20 INFO ------ Personal Fans Page: 7
Sun, 24 Sep 2017 21:10:21 INFO ------ Personal Fans Page: 8
Sun, 24 Sep 2017 21:10:22 INFO ------ Personal Fans Page: 9
Sun, 24 Sep 2017 21:10:23 INFO ------ Personal Fans Page: 10
Sun, 24 Sep 2017 21:10:24 INFO ------ Personal Fans Page: 11
Sun, 24 Sep 2017 21:10:25 INFO ------ Personal Fans Page: 12
Sun, 24 Sep 2017 21:10:26 INFO ------ Personal Fans Page: 13
Sun, 24 Sep 2017 21:10:27 INFO ------ Personal Fans Page: 14
Sun, 24 Sep 2017 21:10:27 INFO ------ Personal Fans Page: 15
Sun, 24 Sep 2017 21:10:28 INFO ------ Personal Fans Page: 16
Sun, 24 Sep 2017 21:10:29 INFO ------ Personal Fans Page: 17
Sun, 24 Sep 2017 21:10:30 INFO ------ Personal Fans Page: 18
Sun, 24 Sep 2017 21:10:31 INFO ------ Personal Fans Page: 19
Sun, 24 Sep 2017 21:10:31 INFO ------ Personal Fans Page: 20
Sun, 24 Sep 2017 21:10:32 INFO ------ Personal Fans Page: 21
Sun, 24 Sep 2017 21:10:33 INFO ------ Personal Fans Page: 22
Sun, 24 Sep 2017 21:10:34 INFO ------ Personal Fans Page: 23
Sun, 24 Sep 2017 21:10:35 INFO ------ Personal Fans Page: 24
Sun, 24 Sep 2017 21:10:36 INFO ------ Personal Fans Page: 25
Sun, 24 Sep 2017 21:10:38 INFO ------ Personal Fans Page: 26
Sun, 24 Sep 2017 21:10:40 INFO ------ Personal Fans Page: 27
Sun, 24 Sep 2017 21:10:42 INFO ------ Personal Fans Page: 28
Sun, 24 Sep 2017 21:10:43 INFO ------ Personal Fans Page: 29
Sun, 24 Sep 2017 21:10:44 INFO ------ Personal Fans Page: 30
Sun, 24 Sep 2017 21:10:46 INFO ------ Personal Fans Page: 31
Sun, 24 Sep 2017 21:10:47 INFO ------ Personal Fans Page: 32
Sun, 24 Sep 2017 21:10:48 INFO ------ Personal Fans Page: 33
Sun, 24 Sep 2017 21:10:50 INFO ------ Personal Fans Page: 34
Sun, 24 Sep 2017 21:10:51 INFO ------ Personal Fans Page: 35
Sun, 24 Sep 2017 21:10:52 INFO Personal uid: 1076839344, name: 吖萍妹
Sun, 24 Sep 2017 21:10:54 INFO -- Personal pageId: 1005051076839344
Sun, 24 Sep 2017 21:10:54 INFO ---- Get Personal Info
Sun, 24 Sep 2017 21:10:55 INFO ---- Get Personal Fans
Sun, 24 Sep 2017 21:10:55 INFO ------ Personal Fans Page: 1
Sun, 24 Sep 2017 21:10:58 INFO ------ Personal Fans Page: 2
Sun, 24 Sep 2017 21:10:59 INFO ------ Personal Fans Page: 3
Sun, 24 Sep 2017 21:11:01 INFO ------ Personal Fans Page: 4
Sun, 24 Sep 2017 21:11:02 INFO ------ Personal Fans Page: 5
Sun, 24 Sep 2017 21:11:03 INFO Personal uid: 1080616474, name: 人生若只是初见2009
Sun, 24 Sep 2017 21:11:06 INFO -- Personal pageId: 1005051080616474
Sun, 24 Sep 2017 21:11:06 INFO ---- Get Personal Info
Sun, 24 Sep 2017 21:11:06 INFO ---- Get Personal Fans
Sun, 24 Sep 2017 21:11:06 INFO ------ Personal Fans Page: 1
Sun, 24 Sep 2017 21:11:08 INFO ------ Personal Fans Page: 2
Sun, 24 Sep 2017 21:11:09 INFO ------ Personal Fans Page: 3
Sun, 24 Sep 2017 21:11:11 INFO ------ Personal Fans Page: 4
Sun, 24 Sep 2017 21:11:12 INFO ------ Personal Fans Page: 5
Sun, 24 Sep 2017 21:11:14 INFO ------ Personal Fans Page: 6
Sun, 24 Sep 2017 21:11:15 INFO ------ Personal Fans Page: 7
Sun, 24 Sep 2017 21:11:17 INFO ------ Personal Fans Page: 8
Sun, 24 Sep 2017 21:11:18 INFO ------ Personal Fans Page: 9
Sun, 24 Sep 2017 21:11:19 INFO ------ Personal Fans Page: 10
Sun, 24 Sep 2017 21:11:21 INFO ------ Personal Fans Page: 11
Sun, 24 Sep 2017 21:11:22 INFO ------ Personal Fans Page: 12
Sun, 24 Sep 2017 21:11:24 INFO ------ Personal Fans Page: 13
Sun, 24 Sep 2017 21:11:25 INFO Personal uid: 1082466467, name: i玩i闹
Sun, 24 Sep 2017 21:11:28 INFO -- Personal pageId: 1005051082466467
Sun, 24 Sep 2017 21:11:28 INFO ---- Get Personal Info
Sun, 24 Sep 2017 21:11:28 INFO ---- Get Personal Fans
Sun, 24 Sep 2017 21:11:28 INFO ------ Personal Fans Page: 1
Sun, 24 Sep 2017 21:11:30 INFO ------ Personal Fans Page: 2
Sun, 24 Sep 2017 21:11:31 INFO ------ Personal Fans Page: 3
Sun, 24 Sep 2017 21:11:33 INFO ------ Personal Fans Page: 4
Sun, 24 Sep 2017 21:11:36 INFO ------ Personal Fans Page: 5
Sun, 24 Sep 2017 21:11:37 INFO ------ Personal Fans Page: 6
Sun, 24 Sep 2017 21:11:39 INFO Personal uid: 1087514542, name: 溜溜睡
Sun, 24 Sep 2017 21:11:41 INFO -- Personal pageId: 1005051087514542
Sun, 24 Sep 2017 21:11:41 INFO ---- Get Personal Info
Sun, 24 Sep 2017 21:11:42 INFO ---- Get Personal Fans
Sun, 24 Sep 2017 21:11:42 INFO ------ Personal Fans Page: 1
Sun, 24 Sep 2017 21:11:43 INFO ------ Personal Fans Page: 2
Sun, 24 Sep 2017 21:11:48 INFO ------ Personal Fans Page: 3
Sun, 24 Sep 2017 21:11:49 INFO ------ Personal Fans Page: 4
Sun, 24 Sep 2017 21:11:51 INFO ------ Personal Fans Page: 5
Sun, 24 Sep 2017 21:11:52 INFO ------ Personal Fans Page: 6
Sun, 24 Sep 2017 21:11:54 INFO ------ Personal Fans Page: 7
Sun, 24 Sep 2017 21:11:55 INFO ------ Personal Fans Page: 8
Sun, 24 Sep 2017 21:11:56 INFO ------ Personal Fans Page: 9
Sun, 24 Sep 2017 21:11:58 INFO ------ Personal Fans Page: 10
Sun, 24 Sep 2017 21:11:59 INFO ------ Personal Fans Page: 11
Sun, 24 Sep 2017 21:12:01 INFO ------ Personal Fans Page: 12
Sun, 24 Sep 2017 21:12:03 INFO ------ Personal Fans Page: 13
Sun, 24 Sep 2017 21:12:04 INFO ------ Personal Fans Page: 14
Sun, 24 Sep 2017 21:12:06 INFO ------ Personal Fans Page: 15
Sun, 24 Sep 2017 21:12:08 INFO ------ Personal Fans Page: 16
Sun, 24 Sep 2017 21:12:10 INFO ------ Personal Fans Page: 17
Sun, 24 Sep 2017 21:12:11 INFO ------ Personal Fans Page: 18
Sun, 24 Sep 2017 21:12:13 INFO ------ Personal Fans Page: 19
Sun, 24 Sep 2017 21:12:15 INFO ------ Personal Fans Page: 20
Sun, 24 Sep 2017 21:12:17 INFO ------ Personal Fans Page: 21
Sun, 24 Sep 2017 21:12:20 INFO ------ Personal Fans Page: 22
Sun, 24 Sep 2017 21:12:21 INFO ------ Personal Fans Page: 23
Sun, 24 Sep 2017 21:12:22 INFO ------ Personal Fans Page: 24
Sun, 24 Sep 2017 21:12:24 INFO ------ Personal Fans Page: 25
Sun, 24 Sep 2017 21:12:26 INFO ------ Personal Fans Page: 26
Sun, 24 Sep 2017 21:12:28 INFO ------ Personal Fans Page: 27
Sun, 24 Sep 2017 21:12:30 INFO ------ Personal Fans Page: 28
Sun, 24 Sep 2017 21:12:31 INFO ------ Personal Fans Page: 29
Sun, 24 Sep 2017 21:12:32 INFO ------ Personal Fans Page: 30
Sun, 24 Sep 2017 21:12:34 INFO ------ Personal Fans Page: 31
Sun, 24 Sep 2017 21:12:36 INFO ------ Personal Fans Page: 32
Sun, 24 Sep 2017 21:12:37 INFO ------ Personal Fans Page: 33
Sun, 24 Sep 2017 21:12:39 INFO ------ Personal Fans Page: 34
Sun, 24 Sep 2017 21:12:40 INFO ------ Personal Fans Page: 35
