Sun, 24 Sep 2017 14:05:43 INFO Get char: 耀
Sun, 24 Sep 2017 14:05:43 INFO Get char: 老
Sun, 24 Sep 2017 14:05:44 INFO -- username: 正派的老小姐, id: 6064229019
Sun, 24 Sep 2017 14:05:44 INFO -- username: 正派的老小姐, id: 6064229019
Sun, 24 Sep 2017 14:05:44 INFO Get char: 考
Sun, 24 Sep 2017 14:05:45 INFO Get char: 耄
Sun, 24 Sep 2017 14:05:46 INFO Get char: 者
Sun, 24 Sep 2017 14:05:47 INFO -- username: 或者说你倩儿爷现在正在转运, id: 2691652767
Sun, 24 Sep 2017 14:05:47 INFO -- username: 或者说你倩儿爷现在正在转运, id: 2691652767
Sun, 24 Sep 2017 14:05:47 INFO Get char: 耆
Sun, 24 Sep 2017 14:05:48 INFO Get char: 耇
Sun, 24 Sep 2017 14:05:48 INFO Get char: 耋
Sun, 24 Sep 2017 14:05:49 INFO Get char: 而
Sun, 24 Sep 2017 14:05:50 INFO -- username: Samamtha因爱而爱, id: 2120944895
Sun, 24 Sep 2017 14:05:50 INFO -- username: Samamtha因爱而爱, id: 2120944895
Sun, 24 Sep 2017 14:05:50 INFO Get char: 耍
Sun, 24 Sep 2017 14:05:50 INFO Get char: 耏
Sun, 24 Sep 2017 14:05:51 INFO Get char: 耐
Sun, 24 Sep 2017 14:05:52 INFO Get char: 耑
Sun, 24 Sep 2017 14:05:52 INFO Get char: 耒
Sun, 24 Sep 2017 14:05:53 INFO Get char: 耔
Sun, 24 Sep 2017 14:05:53 INFO Get char: 耕
Sun, 24 Sep 2017 14:05:54 INFO -- username: 晴耕雨读2014, id: 6097095424
Sun, 24 Sep 2017 14:05:54 INFO -- username: 暮读晨耕, id: 1618385593
Sun, 24 Sep 2017 14:05:54 INFO -- username: 暮读晨耕, id: 1618385593
Sun, 24 Sep 2017 14:05:54 INFO Get char: 耖
Sun, 24 Sep 2017 14:05:55 INFO Get char: 耗
Sun, 24 Sep 2017 14:05:55 INFO Get char: 耘
Sun, 24 Sep 2017 14:05:56 INFO Get char: 耙
Sun, 24 Sep 2017 14:05:56 INFO Get char: 耜
Sun, 24 Sep 2017 14:05:57 INFO Get char: 耠
Sun, 24 Sep 2017 14:05:58 INFO Get char: 耢
Sun, 24 Sep 2017 14:05:59 INFO Get char: 耤
Sun, 24 Sep 2017 14:05:59 INFO Get char: 耥
Sun, 24 Sep 2017 14:06:00 INFO Get char: 耦
Sun, 24 Sep 2017 14:06:01 INFO Get char: 耧
Sun, 24 Sep 2017 14:06:01 INFO Get char: 耨
Sun, 24 Sep 2017 14:06:02 INFO Get char: 耩
Sun, 24 Sep 2017 14:06:03 INFO Get char: 耪
Sun, 24 Sep 2017 14:06:03 INFO Get char: 耰
Sun, 24 Sep 2017 14:06:04 INFO Get char: 耱
Sun, 24 Sep 2017 14:06:04 INFO Get char: 耳
Sun, 24 Sep 2017 14:06:06 INFO -- username: 火耳开, id: 3306027837
Sun, 24 Sep 2017 14:06:06 INFO -- username: 火耳开, id: 3306027837
Sun, 24 Sep 2017 14:06:06 INFO Get char: 耵
Sun, 24 Sep 2017 14:06:07 INFO Get char: 耶
Sun, 24 Sep 2017 14:06:08 INFO Get char: 耷
Sun, 24 Sep 2017 14:06:09 INFO Get char: 耸
Sun, 24 Sep 2017 14:06:11 INFO Get char: 耻
Sun, 24 Sep 2017 14:06:11 INFO Get char: 耽
Sun, 24 Sep 2017 14:06:12 INFO Get char: 耿
Sun, 24 Sep 2017 14:06:13 INFO -- username: 耿直的减肥少年现在是成年人, id: 2251735757
Sun, 24 Sep 2017 14:06:13 INFO -- username: 耿直的减肥少年现在是成年人, id: 2251735757
Sun, 24 Sep 2017 14:06:13 INFO Get char: 聂
Sun, 24 Sep 2017 14:06:14 INFO Get char: 聃
Sun, 24 Sep 2017 14:06:15 INFO Get char: 聆
Sun, 24 Sep 2017 14:06:16 INFO Get char: 聊
Sun, 24 Sep 2017 14:06:16 INFO Get char: 聋
Sun, 24 Sep 2017 14:06:17 INFO Get char: 职
Sun, 24 Sep 2017 14:06:17 INFO Get char: 聍
Sun, 24 Sep 2017 14:06:18 INFO Get char: 聒
Sun, 24 Sep 2017 14:06:19 INFO Get char: 联
Sun, 24 Sep 2017 14:06:20 INFO -- username: 德州扑克联盟, id: 5634446530
Sun, 24 Sep 2017 14:06:20 INFO -- username: 胖猪猪鸡排联盟, id: 5652450379
Sun, 24 Sep 2017 14:06:20 INFO -- username: 就不愿意透露姓名的曼联名宿, id: 3090633737
Sun, 24 Sep 2017 14:06:20 INFO -- username: 就不愿意透露姓名的曼联名宿, id: 3090633737
Sun, 24 Sep 2017 14:06:20 INFO Get char: 聘
Sun, 24 Sep 2017 14:06:20 INFO Get char: 聚
Sun, 24 Sep 2017 14:06:21 INFO Get char: 聩
Sun, 24 Sep 2017 14:06:21 INFO Get char: 聪
Sun, 24 Sep 2017 14:06:22 INFO Get char: 聱
Sun, 24 Sep 2017 14:06:22 INFO Get char: 聿
Sun, 24 Sep 2017 14:06:22 INFO Get char: 肃
Sun, 24 Sep 2017 14:06:23 INFO Get char: 肄
Sun, 24 Sep 2017 14:06:23 INFO Get char: 肆
Sun, 24 Sep 2017 14:06:24 INFO -- username: 肆玖城西, id: 3850624361
Sun, 24 Sep 2017 14:06:24 INFO -- username: 肆玖城西, id: 3850624361
Sun, 24 Sep 2017 14:06:24 INFO Get char: 肇
Sun, 24 Sep 2017 14:06:25 INFO Get char: 肉
Sun, 24 Sep 2017 14:06:26 INFO -- username: 一盘泓烧肉, id: 1623036787
Sun, 24 Sep 2017 14:06:26 INFO -- username: 妮妮是个肉肉, id: 1811091640
Sun, 24 Sep 2017 14:06:26 INFO -- username: 大大酱牛肉面, id: 6337509979
Sun, 24 Sep 2017 14:06:26 INFO -- username: 我是杨小肉yst, id: 6091302441
Sun, 24 Sep 2017 14:06:26 INFO -- username: 小二来一块上好的五花肉, id: 6284225803
Sun, 24 Sep 2017 14:06:26 INFO -- username: 小二来一块上好的五花肉, id: 6284225803
Sun, 24 Sep 2017 14:06:26 INFO Get char: 肋
Sun, 24 Sep 2017 14:06:27 INFO Get char: 肌
Sun, 24 Sep 2017 14:06:27 INFO Get char: 肓
Sun, 24 Sep 2017 14:06:28 INFO Get char: 肖
Sun, 24 Sep 2017 14:06:29 INFO -- username: 肖丽GD, id: 5872579309
Sun, 24 Sep 2017 14:06:29 INFO -- username: Super肖凤祥-, id: 5856256425
Sun, 24 Sep 2017 14:06:29 INFO -- username: Super肖凤祥-, id: 5856256425
Sun, 24 Sep 2017 14:06:29 INFO Get char: 肘
Sun, 24 Sep 2017 14:06:30 INFO Get char: 肚
Sun, 24 Sep 2017 14:06:30 INFO Get char: 肛
Sun, 24 Sep 2017 14:06:31 INFO Get char: 肝
Sun, 24 Sep 2017 14:06:31 INFO Get char: 肟
Sun, 24 Sep 2017 14:06:32 INFO Get char: 肠
Sun, 24 Sep 2017 14:06:32 INFO Get char: 股
Sun, 24 Sep 2017 14:06:34 INFO -- username: 大石爱屁股, id: 5522031785
Sun, 24 Sep 2017 14:06:34 INFO -- username: 大石爱屁股, id: 5522031785
Sun, 24 Sep 2017 14:06:34 INFO Get char: 肢
Sun, 24 Sep 2017 14:06:34 INFO Get char: 肤
Sun, 24 Sep 2017 14:06:35 INFO -- username: AT嫣嫣护肤, id: 5617921039
Sun, 24 Sep 2017 14:06:35 INFO -- username: suny高端有机护肤馆, id: 2506483081
Sun, 24 Sep 2017 14:06:35 INFO -- username: suny高端有机护肤馆, id: 2506483081
Sun, 24 Sep 2017 14:06:35 INFO Get char: 肥
Sun, 24 Sep 2017 14:06:37 INFO -- username: 耿直的减肥少年现在是成年人, id: 2251735757
Sun, 24 Sep 2017 14:06:37 INFO -- username: 肥仔仔JL, id: 5591095681
Sun, 24 Sep 2017 14:06:37 INFO -- username: 重口味肥狒狒, id: 6140433165
Sun, 24 Sep 2017 14:06:37 INFO -- username: 开始减肥的小张, id: 3127631225
Sun, 24 Sep 2017 14:06:37 INFO -- username: 房勇连_肥兔, id: 2608658172
Sun, 24 Sep 2017 14:06:37 INFO -- username: 阿酱的减肥日记, id: 6032387365
Sun, 24 Sep 2017 14:06:37 INFO -- username: 耿直的减肥少年现在是成年人, id: 2251735757
Sun, 24 Sep 2017 14:06:37 INFO -- username: 耿直的减肥少年现在是成年人, id: 2251735757
Sun, 24 Sep 2017 14:06:37 INFO Get char: 肩
Sun, 24 Sep 2017 14:06:39 INFO -- username: 纵使短发及肩我还是我, id: 2562909447
Sun, 24 Sep 2017 14:06:39 INFO -- username: 纵使短发及肩我还是我, id: 2562909447
Sun, 24 Sep 2017 14:06:39 INFO Get char: 肪
Sun, 24 Sep 2017 14:06:40 INFO Get char: 肫
Sun, 24 Sep 2017 14:06:40 INFO Get char: 肭
Sun, 24 Sep 2017 14:06:40 INFO Get char: 肮
Sun, 24 Sep 2017 14:06:41 INFO Get char: 肯
Sun, 24 Sep 2017 14:06:42 INFO Get char: 肱
Sun, 24 Sep 2017 14:06:43 INFO Get char: 育
Sun, 24 Sep 2017 14:06:44 INFO -- username: 斑马教育-王永乐, id: 1561701355
Sun, 24 Sep 2017 14:06:44 INFO -- username: 斑马教育-王永乐, id: 1561701355
Sun, 24 Sep 2017 14:06:44 INFO Get char: 肴
Sun, 24 Sep 2017 14:06:45 INFO Get char: 肷
Sun, 24 Sep 2017 14:06:45 INFO Get char: 肸
Sun, 24 Sep 2017 14:06:46 INFO Get char: 肺
Sun, 24 Sep 2017 14:06:46 INFO Get char: 肼
Sun, 24 Sep 2017 14:06:47 INFO Get char: 肽
Sun, 24 Sep 2017 14:06:48 INFO Get char: 肾
Sun, 24 Sep 2017 14:06:49 INFO Get char: 肿
Sun, 24 Sep 2017 14:06:49 INFO Get char: 胀
Sun, 24 Sep 2017 14:06:50 INFO Get char: 胁
Sun, 24 Sep 2017 14:06:50 INFO Get char: 胂
Sun, 24 Sep 2017 14:06:51 INFO Get char: 胃
Sun, 24 Sep 2017 14:06:51 INFO Get char: 胄
Sun, 24 Sep 2017 14:06:52 INFO Get char: 胆
Sun, 24 Sep 2017 14:06:52 INFO Get char: 胈
Sun, 24 Sep 2017 14:06:53 INFO Get char: 背
Sun, 24 Sep 2017 14:06:54 INFO -- username: 喝醉了迩背我, id: 2117089995
Sun, 24 Sep 2017 14:06:54 INFO -- username: 喝醉了迩背我, id: 2117089995
Sun, 24 Sep 2017 14:06:54 INFO Get char: 胍
Sun, 24 Sep 2017 14:06:55 INFO Get char: 胎
Sun, 24 Sep 2017 14:06:55 INFO Get char: 胖
Sun, 24 Sep 2017 14:06:57 INFO -- username: 胖猪猪鸡排联盟, id: 5652450379
Sun, 24 Sep 2017 14:06:57 INFO -- username: 胖之前, id: 2199243733
Sun, 24 Sep 2017 14:06:57 INFO -- username: 胖嘟嘟的仙女, id: 5656275853
Sun, 24 Sep 2017 14:06:57 INFO -- username: 翟家小胖妞, id: 3059894255
Sun, 24 Sep 2017 14:06:57 INFO -- username: 妞妞家的胖熊, id: 5405397696
Sun, 24 Sep 2017 14:06:57 INFO -- username: 爱读书的小胖妞, id: 5833996915
Sun, 24 Sep 2017 14:06:57 INFO -- username: 爱读书的小胖妞, id: 5833996915
Sun, 24 Sep 2017 14:06:57 INFO Get char: 胗
Sun, 24 Sep 2017 14:06:57 INFO Get char: 胙
Sun, 24 Sep 2017 14:06:58 INFO Get char: 胚
Sun, 24 Sep 2017 14:06:59 INFO Get char: 胛
Sun, 24 Sep 2017 14:07:00 INFO Get char: 胜
Sun, 24 Sep 2017 14:07:00 INFO Get char: 胝
Sun, 24 Sep 2017 14:07:01 INFO Get char: 胞
Sun, 24 Sep 2017 14:07:02 INFO Get char: 胠
Sun, 24 Sep 2017 14:07:02 INFO Get char: 胡
Sun, 24 Sep 2017 14:07:03 INFO Get char: 胣
Sun, 24 Sep 2017 14:07:03 INFO Get char: 胤
Sun, 24 Sep 2017 14:07:04 INFO Get char: 胥
Sun, 24 Sep 2017 14:07:04 INFO Get char: 胧
Sun, 24 Sep 2017 14:07:05 INFO Get char: 胨
Sun, 24 Sep 2017 14:07:05 INFO Get char: 胩
Sun, 24 Sep 2017 14:07:06 INFO Get char: 胪
Sun, 24 Sep 2017 14:07:07 INFO Get char: 胫
Sun, 24 Sep 2017 14:07:08 INFO Get char: 胬
Sun, 24 Sep 2017 14:07:09 INFO Get char: 胭
Sun, 24 Sep 2017 14:07:09 INFO Get char: 胯
Sun, 24 Sep 2017 14:07:10 INFO Get char: 胰
Sun, 24 Sep 2017 14:07:11 INFO Get char: 胱
Sun, 24 Sep 2017 14:07:11 INFO Get char: 胲
Sun, 24 Sep 2017 14:07:12 INFO Get char: 胳
Sun, 24 Sep 2017 14:07:12 INFO Get char: 胴
Sun, 24 Sep 2017 14:07:13 INFO Get char: 胶
Sun, 24 Sep 2017 14:07:13 INFO Get char: 胸
Sun, 24 Sep 2017 14:07:15 INFO -- username: YOMILLY悦美励女神范胸器, id: 2315453222
Sun, 24 Sep 2017 14:07:15 INFO -- username: YOMILLY悦美励女神范胸器, id: 2315453222
Sun, 24 Sep 2017 14:07:15 INFO Get char: 胺
Sun, 24 Sep 2017 14:07:16 INFO Get char: 胼
Sun, 24 Sep 2017 14:07:16 INFO Get char: 能
Sun, 24 Sep 2017 14:07:17 INFO -- username: 若情能自控要心何用, id: 5404014312
Sun, 24 Sep 2017 14:07:17 INFO -- username: 穿鞋小能手, id: 1994356454
Sun, 24 Sep 2017 14:07:17 INFO -- username: 马大哈再不能哈哈哈, id: 2386278391
Sun, 24 Sep 2017 14:07:17 INFO -- username: 往事不堪回味--只能一路向前, id: 2014772044
Sun, 24 Sep 2017 14:07:17 INFO -- username: 往事不堪回味--只能一路向前, id: 2014772044
Sun, 24 Sep 2017 14:07:17 INFO Get char: 脂
Sun, 24 Sep 2017 14:07:18 INFO Get char: 脆
Sun, 24 Sep 2017 14:07:19 INFO -- username: 脆皮_花生, id: 2965857273
Sun, 24 Sep 2017 14:07:19 INFO -- username: 脆皮_花生, id: 2965857273
Sun, 24 Sep 2017 14:07:19 INFO Get char: 脉
Sun, 24 Sep 2017 14:07:20 INFO Get char: 脊
Sun, 24 Sep 2017 14:07:20 INFO Get char: 脍
Sun, 24 Sep 2017 14:07:21 INFO Get char: 脎
Sun, 24 Sep 2017 14:07:22 INFO Get char: 脏
Sun, 24 Sep 2017 14:07:22 INFO Get char: 脐
Sun, 24 Sep 2017 14:07:23 INFO Get char: 脑
Sun, 24 Sep 2017 14:07:24 INFO Get char: 脒
Sun, 24 Sep 2017 14:07:24 INFO Get char: 脓
Sun, 24 Sep 2017 14:07:25 INFO Get char: 脔
Sun, 24 Sep 2017 14:07:25 INFO Get char: 脖
Sun, 24 Sep 2017 14:07:26 INFO -- username: smile笑笑的围脖, id: 2804356262
Sun, 24 Sep 2017 14:07:26 INFO -- username: smile笑笑的围脖, id: 2804356262
Sun, 24 Sep 2017 14:07:26 INFO Get char: 脘
Sun, 24 Sep 2017 14:07:27 INFO Get char: 脚
Sun, 24 Sep 2017 14:07:28 INFO Get char: 脞
Sun, 24 Sep 2017 14:07:28 INFO Get char: 脟
Sun, 24 Sep 2017 14:07:29 INFO Get char: 脩
Sun, 24 Sep 2017 14:07:30 INFO -- username: Emma修炼内功中, id: 3278184175
Sun, 24 Sep 2017 14:07:30 INFO -- username: Emma修炼内功中, id: 3278184175
Sun, 24 Sep 2017 14:07:30 INFO Get char: 脬
Sun, 24 Sep 2017 14:07:30 INFO Get char: 脯
Sun, 24 Sep 2017 14:07:31 INFO Get char: 脱
Sun, 24 Sep 2017 14:07:31 INFO Get char: 脲
Sun, 24 Sep 2017 14:07:32 INFO Get char: 脶
Sun, 24 Sep 2017 14:07:33 INFO Get char: 脸
Sun, 24 Sep 2017 14:07:34 INFO -- username: 脸大人好, id: 5297286378
Sun, 24 Sep 2017 14:07:34 INFO -- username: 不要太关注你的脸, id: 1908446125
Sun, 24 Sep 2017 14:07:34 INFO -- username: 不要太关注你的脸, id: 1908446125
Sun, 24 Sep 2017 14:07:34 INFO Get char: 脾
Sun, 24 Sep 2017 14:07:35 INFO -- username: Oo壊脾氣oO, id: 1864834074
Sun, 24 Sep 2017 14:07:35 INFO -- username: Oo壊脾氣oO, id: 1864834074
Sun, 24 Sep 2017 14:07:35 INFO Get char: 脿
Sun, 24 Sep 2017 14:07:35 INFO Get char: 腆
Sun, 24 Sep 2017 14:07:36 INFO Get char: 腈
Sun, 24 Sep 2017 14:07:37 INFO Get char: 腊
Sun, 24 Sep 2017 14:07:37 INFO Get char: 腋
Sun, 24 Sep 2017 14:07:38 INFO Get char: 腌
Sun, 24 Sep 2017 14:07:38 INFO Get char: 腐
Sun, 24 Sep 2017 14:07:39 INFO Get char: 腑
Sun, 24 Sep 2017 14:07:40 INFO Get char: 腒
Sun, 24 Sep 2017 14:07:40 INFO Get char: 腓
Sun, 24 Sep 2017 14:07:41 INFO Get char: 腔
Sun, 24 Sep 2017 14:07:41 INFO Get char: 腕
Sun, 24 Sep 2017 14:07:42 INFO Get char: 腘
Sun, 24 Sep 2017 14:07:43 INFO Get char: 腙
Sun, 24 Sep 2017 14:07:44 INFO Get char: 腚
Sun, 24 Sep 2017 14:07:45 INFO Get char: 腠
Sun, 24 Sep 2017 14:07:45 INFO Get char: 腥
Sun, 24 Sep 2017 14:07:46 INFO Get char: 腧
Sun, 24 Sep 2017 14:07:46 INFO Get char: 腨
Sun, 24 Sep 2017 14:07:48 INFO Get char: 腩
Sun, 24 Sep 2017 14:07:49 INFO Get char: 腭
Sun, 24 Sep 2017 14:07:49 INFO Get char: 腮
Sun, 24 Sep 2017 14:07:50 INFO Get char: 腯
Sun, 24 Sep 2017 14:07:51 INFO Get char: 腰
Sun, 24 Sep 2017 14:07:51 INFO Get char: 腱
Sun, 24 Sep 2017 14:07:52 INFO Get char: 腴
Sun, 24 Sep 2017 14:07:53 INFO Get char: 腹
Sun, 24 Sep 2017 14:07:53 INFO Get char: 腺
Sun, 24 Sep 2017 14:07:54 INFO Get char: 腻
Sun, 24 Sep 2017 14:07:54 INFO Get char: 腼
Sun, 24 Sep 2017 14:07:55 INFO Get char: 腽
Sun, 24 Sep 2017 14:07:55 INFO Get char: 腾
Sun, 24 Sep 2017 14:07:56 INFO Get char: 腿
Sun, 24 Sep 2017 14:07:57 INFO Get char: 膀
Sun, 24 Sep 2017 14:07:57 INFO Get char: 膂
Sun, 24 Sep 2017 14:07:57 INFO Get char: 膈
Sun, 24 Sep 2017 14:07:58 INFO Get char: 膊
Sun, 24 Sep 2017 14:07:58 INFO Get char: 膏
Sun, 24 Sep 2017 14:07:59 INFO Get char: 膑
Sun, 24 Sep 2017 14:07:59 INFO Get char: 膘
Sun, 24 Sep 2017 14:08:01 INFO Get char: 膙
Sun, 24 Sep 2017 14:08:02 INFO Get char: 膛
Sun, 24 Sep 2017 14:08:02 INFO Get char: 膜
Sun, 24 Sep 2017 14:08:03 INFO Get char: 膝
Sun, 24 Sep 2017 14:08:04 INFO Get char: 膦
Sun, 24 Sep 2017 14:08:04 INFO Get char: 膨
Sun, 24 Sep 2017 14:08:05 INFO Get char: 膳
Sun, 24 Sep 2017 14:08:05 INFO Get char: 膺
Sun, 24 Sep 2017 14:08:06 INFO Get char: 膻
Sun, 24 Sep 2017 14:08:06 INFO Get char: 臀
Sun, 24 Sep 2017 14:08:07 INFO Get char: 臂
Sun, 24 Sep 2017 14:08:08 INFO Get char: 臃
Sun, 24 Sep 2017 14:08:08 INFO Get char: 臆
Sun, 24 Sep 2017 14:08:09 INFO Get char: 臊
Sun, 24 Sep 2017 14:08:10 INFO Get char: 臌
Sun, 24 Sep 2017 14:08:11 INFO Get char: 臑
Sun, 24 Sep 2017 14:08:12 INFO Get char: 臜
Sun, 24 Sep 2017 14:08:13 INFO Get char: 臣
Sun, 24 Sep 2017 14:08:14 INFO Get char: 臧
Sun, 24 Sep 2017 14:08:15 INFO Get char: 自
Sun, 24 Sep 2017 14:08:16 INFO -- username: 若情能自控要心何用, id: 5404014312
Sun, 24 Sep 2017 14:08:16 INFO -- username: 自然起源叶之韵IDo董事Eve磨砂, id: 5226301703
Sun, 24 Sep 2017 14:08:16 INFO -- username: 做自己的娜, id: 3463839962
Sun, 24 Sep 2017 14:08:16 INFO -- username: 和自己战斗的R, id: 1688121847
Sun, 24 Sep 2017 14:08:16 INFO -- username: 穿着平底鞋走自己的路, id: 6337612560
Sun, 24 Sep 2017 14:08:16 INFO -- username: Zzzzzz冷暖自知, id: 1757965515
Sun, 24 Sep 2017 14:08:16 INFO -- username: Zzzzzz冷暖自知, id: 1757965515
Sun, 24 Sep 2017 14:08:16 INFO Get char: 臬
Sun, 24 Sep 2017 14:08:17 INFO Get char: 臭
Sun, 24 Sep 2017 14:08:19 INFO -- username: 爬格子的臭书生-azhen, id: 3362614872
Sun, 24 Sep 2017 14:08:19 INFO -- username: 爬格子的臭书生-azhen, id: 3362614872
Sun, 24 Sep 2017 14:08:19 INFO Get char: 至
Sun, 24 Sep 2017 14:08:19 INFO Get char: 致
Sun, 24 Sep 2017 14:08:20 INFO Get char: 臻
Sun, 24 Sep 2017 14:08:21 INFO Get char: 臼
Sun, 24 Sep 2017 14:08:21 INFO Get char: 臾
Sun, 24 Sep 2017 14:08:22 INFO Get char: 舀
Sun, 24 Sep 2017 14:08:23 INFO Get char: 舁
Sun, 24 Sep 2017 14:08:24 INFO Get char: 舂
Sun, 24 Sep 2017 14:08:24 INFO Get char: 舄
Sun, 24 Sep 2017 14:08:25 INFO Get char: 舅
Sun, 24 Sep 2017 14:08:25 INFO Get char: 舆
Sun, 24 Sep 2017 14:08:26 INFO -- username: 相舆科技, id: 5638863044
Sun, 24 Sep 2017 14:08:26 INFO -- username: 相舆科技, id: 5638863044
Sun, 24 Sep 2017 14:08:26 INFO Get char: 舌
Sun, 24 Sep 2017 14:08:27 INFO Get char: 舍
Sun, 24 Sep 2017 14:08:27 INFO Get char: 舐
Sun, 24 Sep 2017 14:08:28 INFO Get char: 舒
Sun, 24 Sep 2017 14:08:29 INFO -- username: 天亮说晚安____张雅舒, id: 2646559151
Sun, 24 Sep 2017 14:08:29 INFO -- username: 天亮说晚安____张雅舒, id: 2646559151
Sun, 24 Sep 2017 14:08:29 INFO Get char: 舔
Sun, 24 Sep 2017 14:08:30 INFO Get char: 舛
Sun, 24 Sep 2017 14:08:30 INFO Get char: 舜
Sun, 24 Sep 2017 14:08:30 INFO Get char: 舞
Sun, 24 Sep 2017 14:08:32 INFO -- username: 飞舞的黑发丝, id: 5394843424
Sun, 24 Sep 2017 14:08:32 INFO -- username: 飞舞的黑发丝, id: 5394843424
Sun, 24 Sep 2017 14:08:32 INFO Get char: 舟
Sun, 24 Sep 2017 14:08:33 INFO -- username: 木已沉舟11, id: 5189882579
Sun, 24 Sep 2017 14:08:33 INFO -- username: 木已沉舟11, id: 5189882579
Sun, 24 Sep 2017 14:08:33 INFO Get char: 舠
Sun, 24 Sep 2017 14:08:33 INFO Get char: 舢
Sun, 24 Sep 2017 14:08:34 INFO Get char: 舣
Sun, 24 Sep 2017 14:08:34 INFO Get char: 舥
Sun, 24 Sep 2017 14:08:35 INFO Get char: 航
Sun, 24 Sep 2017 14:08:36 INFO Get char: 舫
Sun, 24 Sep 2017 14:08:36 INFO Get char: 般
Sun, 24 Sep 2017 14:08:37 INFO -- username: 天空之城般宁静, id: 5290464262
Sun, 24 Sep 2017 14:08:37 INFO -- username: 天空之城般宁静, id: 5290464262
Sun, 24 Sep 2017 14:08:37 INFO Get char: 舭
Sun, 24 Sep 2017 14:08:38 INFO Get char: 舯
Sun, 24 Sep 2017 14:08:38 INFO Get char: 舰
Sun, 24 Sep 2017 14:08:39 INFO -- username: 子舰BB的一些事一些情, id: 3324722164
Sun, 24 Sep 2017 14:08:39 INFO -- username: 子舰BB的一些事一些情, id: 3324722164
Sun, 24 Sep 2017 14:08:39 INFO Get char: 舱
Sun, 24 Sep 2017 14:08:40 INFO Get char: 舲
Sun, 24 Sep 2017 14:08:40 INFO Get char: 舳
Sun, 24 Sep 2017 14:08:41 INFO Get char: 舴
Sun, 24 Sep 2017 14:08:41 INFO Get char: 舵
Sun, 24 Sep 2017 14:08:42 INFO Get char: 舶
Sun, 24 Sep 2017 14:08:43 INFO Get char: 舷
Sun, 24 Sep 2017 14:08:43 INFO Get char: 舸
Sun, 24 Sep 2017 14:08:44 INFO Get char: 船
Sun, 24 Sep 2017 14:08:44 INFO Get char: 舻
Sun, 24 Sep 2017 14:08:44 INFO Get char: 舾
Sun, 24 Sep 2017 14:08:45 INFO Get char: 艄
Sun, 24 Sep 2017 14:08:46 INFO Get char: 艅
Sun, 24 Sep 2017 14:08:47 INFO Get char: 艇
Sun, 24 Sep 2017 14:08:47 INFO Get char: 艉
Sun, 24 Sep 2017 14:08:48 INFO Get char: 艋
Sun, 24 Sep 2017 14:08:49 INFO Get char: 艎
Sun, 24 Sep 2017 14:08:50 INFO Get char: 艏
Sun, 24 Sep 2017 14:08:50 INFO Get char: 艘
Sun, 24 Sep 2017 14:08:51 INFO Get char: 艚
Sun, 24 Sep 2017 14:08:52 INFO Get char: 艟
Sun, 24 Sep 2017 14:08:52 INFO Get char: 艨
Sun, 24 Sep 2017 14:08:53 INFO Get char: 艮
Sun, 24 Sep 2017 14:08:53 INFO Get char: 良
Sun, 24 Sep 2017 14:08:55 INFO -- username: 过分善良是件坏事儿, id: 2270507497
Sun, 24 Sep 2017 14:08:55 INFO -- username: 过分善良是件坏事儿, id: 2270507497
Sun, 24 Sep 2017 14:08:55 INFO Get char: 艰
Sun, 24 Sep 2017 14:08:55 INFO Get char: 色
Sun, 24 Sep 2017 14:08:57 INFO -- username: 黑色静谧杭, id: 6193265787
Sun, 24 Sep 2017 14:08:57 INFO -- username: 彩色咖啡2012, id: 2033207105
Sun, 24 Sep 2017 14:08:57 INFO -- username: 橘子色调, id: 5501663426
Sun, 24 Sep 2017 14:08:57 INFO -- username: 小麦色1023, id: 3551117167
Sun, 24 Sep 2017 14:08:57 INFO -- username: 淡蓝色浅海8, id: 2833238422
Sun, 24 Sep 2017 14:08:57 INFO -- username: 淡蓝色浅海8, id: 2833238422
Sun, 24 Sep 2017 14:08:57 INFO Get char: 艳
Sun, 24 Sep 2017 14:08:58 INFO -- username: 刘艳坤3126992243, id: 3126992243
Sun, 24 Sep 2017 14:08:58 INFO -- username: 刘艳坤3126992243, id: 3126992243
Sun, 24 Sep 2017 14:08:58 INFO Get char: 艴
Sun, 24 Sep 2017 14:08:59 INFO Get char: 艺
Sun, 24 Sep 2017 14:09:00 INFO -- username: 艺安-, id: 1934133355
Sun, 24 Sep 2017 14:09:00 INFO -- username: 巫山神女杯艺术电影周, id: 5836527497
Sun, 24 Sep 2017 14:09:00 INFO -- username: 朵咩咩baby王艺璇, id: 5778904290
Sun, 24 Sep 2017 14:09:00 INFO -- username: 朵咩咩baby王艺璇, id: 5778904290
Sun, 24 Sep 2017 14:09:00 INFO Get char: 艽
Sun, 24 Sep 2017 14:09:01 INFO -- username: 芁槑槑, id: 6089839894
Sun, 24 Sep 2017 14:09:01 INFO -- username: 芁槑槑, id: 6089839894
Sun, 24 Sep 2017 14:09:01 INFO Get char: 艾
Sun, 24 Sep 2017 14:09:02 INFO -- username: 艾哆咯, id: 2671392000
Sun, 24 Sep 2017 14:09:02 INFO -- username: 艾哆咯, id: 2671392000
Sun, 24 Sep 2017 14:09:02 INFO Get char: 艿
Sun, 24 Sep 2017 14:09:03 INFO Get char: 节
Sun, 24 Sep 2017 14:09:04 INFO Get char: 芃
Sun, 24 Sep 2017 14:09:04 INFO Get char: 芄
Sun, 24 Sep 2017 14:09:06 INFO -- username: 芄子菌, id: 2154494373
Sun, 24 Sep 2017 14:09:06 INFO -- username: 芄子菌, id: 2154494373
Sun, 24 Sep 2017 14:09:06 INFO Get char: 芈
Sun, 24 Sep 2017 14:09:06 INFO Get char: 芊
Sun, 24 Sep 2017 14:09:07 INFO Get char: 芋
Sun, 24 Sep 2017 14:09:07 INFO Get char: 芍
Sun, 24 Sep 2017 14:09:08 INFO Get char: 芎
Sun, 24 Sep 2017 14:09:08 INFO Get char: 芏
Sun, 24 Sep 2017 14:09:09 INFO Get char: 芑
Sun, 24 Sep 2017 14:09:09 INFO Get char: 芒
Sun, 24 Sep 2017 14:09:11 INFO -- username: 芒果味的青菜, id: 5632844603
Sun, 24 Sep 2017 14:09:11 INFO -- username: 芒果很甜长得酸, id: 5351754275
Sun, 24 Sep 2017 14:09:11 INFO -- username: 神灵羽芒, id: 5034255844
Sun, 24 Sep 2017 14:09:11 INFO -- username: 神灵羽芒, id: 5034255844
Sun, 24 Sep 2017 14:09:11 INFO Get char: 芗
Sun, 24 Sep 2017 14:09:11 INFO Get char: 芘
Sun, 24 Sep 2017 14:09:12 INFO Get char: 芙
Sun, 24 Sep 2017 14:09:13 INFO Get char: 芜
Sun, 24 Sep 2017 14:09:14 INFO Get char: 芝
Sun, 24 Sep 2017 14:09:14 INFO Get char: 芟
Sun, 24 Sep 2017 14:09:15 INFO Get char: 芠
Sun, 24 Sep 2017 14:09:17 INFO Get char: 芡
Sun, 24 Sep 2017 14:09:17 INFO Get char: 芣
Sun, 24 Sep 2017 14:09:18 INFO Get char: 芤
Sun, 24 Sep 2017 14:09:19 INFO Get char: 芥
Sun, 24 Sep 2017 14:09:20 INFO -- username: 芥末鸡尾酒, id: 1368320663
Sun, 24 Sep 2017 14:09:20 INFO -- username: 芥末鸡尾酒, id: 1368320663
Sun, 24 Sep 2017 14:09:20 INFO Get char: 芦
Sun, 24 Sep 2017 14:09:21 INFO Get char: 芨
Sun, 24 Sep 2017 14:09:22 INFO Get char: 芩
Sun, 24 Sep 2017 14:09:23 INFO Get char: 芪
Sun, 24 Sep 2017 14:09:23 INFO Get char: 芫
Sun, 24 Sep 2017 14:09:24 INFO Get char: 芬
Sun, 24 Sep 2017 14:09:24 INFO Get char: 芭
Sun, 24 Sep 2017 14:09:25 INFO Get char: 芮
Sun, 24 Sep 2017 14:09:25 INFO Get char: 芯
Sun, 24 Sep 2017 14:09:26 INFO Get char: 芰
Sun, 24 Sep 2017 14:09:26 INFO Get char: 花
Sun, 24 Sep 2017 14:09:28 INFO -- username: 脆皮_花生, id: 2965857273
Sun, 24 Sep 2017 14:09:28 INFO -- username: 小二来一块上好的五花肉, id: 6284225803
Sun, 24 Sep 2017 14:09:28 INFO -- username: 花果山的核桃, id: 3150651877
Sun, 24 Sep 2017 14:09:28 INFO -- username: 梵花姬, id: 1773469900
Sun, 24 Sep 2017 14:09:28 INFO -- username: 烟花繁--红尘碾, id: 3701749421
Sun, 24 Sep 2017 14:09:28 INFO -- username: 乐银花, id: 5292801557
Sun, 24 Sep 2017 14:09:28 INFO -- username: 依瑾花开uy, id: 2731767040
Sun, 24 Sep 2017 14:09:28 INFO -- username: 麻麻花花儿, id: 2806226000
Sun, 24 Sep 2017 14:09:28 INFO -- username: 玉净花明2012, id: 2722097193
Sun, 24 Sep 2017 14:09:28 INFO -- username: m生如夏花6120, id: 5674010483
Sun, 24 Sep 2017 14:09:28 INFO -- username: 岩石上的梅花, id: 3908180320
Sun, 24 Sep 2017 14:09:28 INFO -- username: ni待到山花烂漫时, id: 5835813340
Sun, 24 Sep 2017 14:09:28 INFO -- username: 温柔的驯兽师花园, id: 5810375609
Sun, 24 Sep 2017 14:09:28 INFO -- username: 小二来一块上好的五花肉, id: 6284225803
Sun, 24 Sep 2017 14:09:28 INFO -- username: 小二来一块上好的五花肉, id: 6284225803
Sun, 24 Sep 2017 14:09:28 INFO Get char: 芳
Sun, 24 Sep 2017 14:09:29 INFO -- username: Fish芳芳, id: 1846813490
Sun, 24 Sep 2017 14:09:29 INFO -- username: HHHHH洪楚芳, id: 3436301812
Sun, 24 Sep 2017 14:09:29 INFO -- username: HHHHH洪楚芳, id: 3436301812
Sun, 24 Sep 2017 14:09:29 INFO Get char: 芴
Sun, 24 Sep 2017 14:09:30 INFO Get char: 芷
Sun, 24 Sep 2017 14:09:30 INFO Get char: 芸
Sun, 24 Sep 2017 14:09:32 INFO -- username: 小狐狸芸, id: 2736378087
Sun, 24 Sep 2017 14:09:32 INFO -- username: 小狐狸芸, id: 2736378087
Sun, 24 Sep 2017 14:09:32 INFO Get char: 芹
Sun, 24 Sep 2017 14:09:32 INFO Get char: 芼
Sun, 24 Sep 2017 14:09:33 INFO Get char: 芽
Sun, 24 Sep 2017 14:09:34 INFO -- username: 元气少女悦芽, id: 5386929597
Sun, 24 Sep 2017 14:09:34 INFO -- username: 元气少女悦芽, id: 5386929597
Sun, 24 Sep 2017 14:09:34 INFO Get char: 芾
Sun, 24 Sep 2017 14:09:34 INFO Get char: 苁
Sun, 24 Sep 2017 14:09:34 INFO Get char: 苄
Sun, 24 Sep 2017 14:09:35 INFO Get char: 苇
Sun, 24 Sep 2017 14:09:36 INFO Get char: 苈
Sun, 24 Sep 2017 14:09:36 INFO Get char: 苉
Sun, 24 Sep 2017 14:09:37 INFO Get char: 苊
Sun, 24 Sep 2017 14:09:37 INFO Get char: 苋
Sun, 24 Sep 2017 14:09:38 INFO Get char: 苌
Sun, 24 Sep 2017 14:09:39 INFO -- username: xynia蕗還狠苌, id: 2624991534
Sun, 24 Sep 2017 14:09:39 INFO -- username: xynia蕗還狠苌, id: 2624991534
Sun, 24 Sep 2017 14:09:39 INFO Get char: 苍
Sun, 24 Sep 2017 14:09:40 INFO Get char: 苎
Sun, 24 Sep 2017 14:09:40 INFO Get char: 苏
Sun, 24 Sep 2017 14:09:42 INFO -- username: 等待苏醒的沉默, id: 3758913673
Sun, 24 Sep 2017 14:09:42 INFO -- username: Lily苏噢, id: 1756365741
Sun, 24 Sep 2017 14:09:42 INFO -- username: 双子座的苏苏1920, id: 6351975623
Sun, 24 Sep 2017 14:09:42 INFO -- username: 知行合一丨苏瑞, id: 2975997964
Sun, 24 Sep 2017 14:09:42 INFO -- username: oTina米苏, id: 3140652713
Sun, 24 Sep 2017 14:09:42 INFO -- username: 五2222是苏苏, id: 2520293545
Sun, 24 Sep 2017 14:09:42 INFO -- username: 五2222是苏苏, id: 2520293545
Sun, 24 Sep 2017 14:09:42 INFO Get char: 苑
Sun, 24 Sep 2017 14:09:44 INFO Get char: 苒
Sun, 24 Sep 2017 14:09:45 INFO Get char: 苓
Sun, 24 Sep 2017 14:09:46 INFO Get char: 苔
Sun, 24 Sep 2017 14:09:47 INFO Get char: 苕
Sun, 24 Sep 2017 14:09:47 INFO Get char: 苗
Sun, 24 Sep 2017 14:09:49 INFO -- username: 苗禾页, id: 5994966461
Sun, 24 Sep 2017 14:09:49 INFO -- username: 苗禾页, id: 5994966461
Sun, 24 Sep 2017 14:09:49 INFO Get char: 苘
Sun, 24 Sep 2017 14:09:49 INFO Get char: 苛
Sun, 24 Sep 2017 14:09:50 INFO Get char: 苜
Sun, 24 Sep 2017 14:09:51 INFO Get char: 苞
Sun, 24 Sep 2017 14:09:52 INFO Get char: 苟
Sun, 24 Sep 2017 14:09:52 INFO Get char: 苠
Sun, 24 Sep 2017 14:09:53 INFO Get char: 苡
Sun, 24 Sep 2017 14:09:54 INFO Get char: 苣
Sun, 24 Sep 2017 14:09:55 INFO Get char: 苤
Sun, 24 Sep 2017 14:09:56 INFO Get char: 若
Sun, 24 Sep 2017 14:09:57 INFO -- username: 若情能自控要心何用, id: 5404014312
Sun, 24 Sep 2017 14:09:57 INFO -- username: 清泉小若, id: 3821799491
Sun, 24 Sep 2017 14:09:57 INFO -- username: 清泉小若, id: 3821799491
Sun, 24 Sep 2017 14:09:57 INFO Get char: 苦
Sun, 24 Sep 2017 14:09:59 INFO -- username: 苦糖lai, id: 3649307574
Sun, 24 Sep 2017 14:09:59 INFO -- username: 苦糖lai, id: 3649307574
Sun, 24 Sep 2017 14:09:59 INFO Get char: 苧
Sun, 24 Sep 2017 14:09:59 INFO Get char: 苫
Sun, 24 Sep 2017 14:10:00 INFO Get char: 苯
Sun, 24 Sep 2017 14:10:01 INFO Get char: 英
Sun, 24 Sep 2017 14:10:03 INFO -- username: 英飞43244, id: 5446886280
Sun, 24 Sep 2017 14:10:03 INFO -- username: 2017蒲公英的种子, id: 5994455616
Sun, 24 Sep 2017 14:10:03 INFO -- username: 三万英尺sky, id: 1656193663
Sun, 24 Sep 2017 14:10:03 INFO -- username: 2017蒲公英的种子, id: 5994455616
Sun, 24 Sep 2017 14:10:03 INFO -- username: 2017蒲公英的种子, id: 5994455616
Sun, 24 Sep 2017 14:10:03 INFO Get char: 苴
Sun, 24 Sep 2017 14:10:04 INFO Get char: 苷
Sun, 24 Sep 2017 14:10:04 INFO Get char: 苹
Sun, 24 Sep 2017 14:10:05 INFO Get char: 苻
Sun, 24 Sep 2017 14:10:06 INFO Get char: 苾
Sun, 24 Sep 2017 14:10:07 INFO Get char: 茀
Sun, 24 Sep 2017 14:10:08 INFO Get char: 茁
Sun, 24 Sep 2017 14:10:09 INFO Get char: 茂
Sun, 24 Sep 2017 14:10:09 INFO Get char: 范
Sun, 24 Sep 2017 14:10:11 INFO -- username: YOMILLY悦美励女神范胸器, id: 2315453222
Sun, 24 Sep 2017 14:10:11 INFO -- username: YOMILLY悦美励女神范胸器, id: 2315453222
Sun, 24 Sep 2017 14:10:11 INFO Get char: 茄
Sun, 24 Sep 2017 14:10:12 INFO Get char: 茅
Sun, 24 Sep 2017 14:10:12 INFO Get char: 茆
Sun, 24 Sep 2017 14:10:13 INFO Get char: 茈
Sun, 24 Sep 2017 14:10:15 INFO -- username: 岸茈汀藍, id: 3235873005
Sun, 24 Sep 2017 14:10:15 INFO -- username: 岸茈汀藍, id: 3235873005
Sun, 24 Sep 2017 14:10:15 INFO Get char: 茉
Sun, 24 Sep 2017 14:10:16 INFO -- username: MOT茉特执行总代, id: 2833763942
Sun, 24 Sep 2017 14:10:16 INFO -- username: MOT茉特执行总代, id: 2833763942
Sun, 24 Sep 2017 14:10:16 INFO Get char: 茋
Sun, 24 Sep 2017 14:10:17 INFO Get char: 茌
Sun, 24 Sep 2017 14:10:18 INFO Get char: 茎
Sun, 24 Sep 2017 14:10:19 INFO Get char: 茏
Sun, 24 Sep 2017 14:10:20 INFO Get char: 茑
Sun, 24 Sep 2017 14:10:20 INFO Get char: 茓
Sun, 24 Sep 2017 14:10:21 INFO Get char: 茔
Sun, 24 Sep 2017 14:10:22 INFO Get char: 茕
Sun, 24 Sep 2017 14:10:24 INFO -- username: 茕灵小薇, id: 1044452873
Sun, 24 Sep 2017 14:10:24 INFO -- username: 茕灵小薇, id: 1044452873
Sun, 24 Sep 2017 14:10:24 INFO Get char: 茗
Sun, 24 Sep 2017 14:10:24 INFO Get char: 茚
Sun, 24 Sep 2017 14:10:25 INFO Get char: 茛
Sun, 24 Sep 2017 14:10:26 INFO Get char: 茜
Sun, 24 Sep 2017 14:10:27 INFO -- username: 遗失的茜宝, id: 2851905292
Sun, 24 Sep 2017 14:10:27 INFO -- username: 遗失的茜宝, id: 2851905292
Sun, 24 Sep 2017 14:10:27 INFO Get char: 茝
Sun, 24 Sep 2017 14:10:27 INFO Get char: 茧
Sun, 24 Sep 2017 14:10:28 INFO Get char: 茨
Sun, 24 Sep 2017 14:10:29 INFO -- username: 蘑筱菇茨哒哒哒哒, id: 1829755052
Sun, 24 Sep 2017 14:10:29 INFO -- username: 蘑筱菇茨哒哒哒哒, id: 1829755052
Sun, 24 Sep 2017 14:10:29 INFO Get char: 茫
Sun, 24 Sep 2017 14:10:30 INFO Get char: 茬
Sun, 24 Sep 2017 14:10:30 INFO Get char: 茭
Sun, 24 Sep 2017 14:10:31 INFO -- username: Xia夏茭白, id: 5832298489
Sun, 24 Sep 2017 14:10:31 INFO -- username: Xia夏茭白, id: 5832298489
Sun, 24 Sep 2017 14:10:31 INFO Get char: 茯
Sun, 24 Sep 2017 14:10:32 INFO Get char: 茱
Sun, 24 Sep 2017 14:10:33 INFO Get char: 茳
Sun, 24 Sep 2017 14:10:34 INFO Get char: 茴
Sun, 24 Sep 2017 14:10:35 INFO Get char: 茵
Sun, 24 Sep 2017 14:10:36 INFO Get char: 茶
Sun, 24 Sep 2017 14:10:37 INFO -- username: -抹茶Matcha, id: 2003559834
Sun, 24 Sep 2017 14:10:37 INFO -- username: -抹茶Matcha, id: 2003559834
Sun, 24 Sep 2017 14:10:37 INFO Get char: 茸
Sun, 24 Sep 2017 14:10:37 INFO Get char: 茹
Sun, 24 Sep 2017 14:10:38 INFO -- username: 濮宜茹, id: 2302052990
Sun, 24 Sep 2017 14:10:38 INFO -- username: 濮宜茹, id: 2302052990
Sun, 24 Sep 2017 14:10:38 INFO Get char: 茺
Sun, 24 Sep 2017 14:10:39 INFO Get char: 茼
Sun, 24 Sep 2017 14:10:40 INFO Get char: 茽
Sun, 24 Sep 2017 14:10:40 INFO Get char: 荀
Sun, 24 Sep 2017 14:10:41 INFO Get char: 荁
Sun, 24 Sep 2017 14:10:42 INFO Get char: 荃
Sun, 24 Sep 2017 14:10:42 INFO Get char: 荄
Sun, 24 Sep 2017 14:10:43 INFO Get char: 荆
Sun, 24 Sep 2017 14:10:44 INFO -- username: 荆小多, id: 1760786194
Sun, 24 Sep 2017 14:10:44 INFO -- username: 荆小多, id: 1760786194
Sun, 24 Sep 2017 14:10:44 INFO Get char: 荇
Sun, 24 Sep 2017 14:10:44 INFO Get char: 草
Sun, 24 Sep 2017 14:10:46 INFO -- username: 草水函涵, id: 5638749190
Sun, 24 Sep 2017 14:10:46 INFO -- username: 顺和本草, id: 5931339398
Sun, 24 Sep 2017 14:10:46 INFO -- username: 头顶小草, id: 2289088942
Sun, 24 Sep 2017 14:10:46 INFO -- username: 低调的小草莓002, id: 5969718630
Sun, 24 Sep 2017 14:10:46 INFO -- username: 低调的小草莓002, id: 5969718630
Sun, 24 Sep 2017 14:10:46 INFO Get char: 荏
Sun, 24 Sep 2017 14:10:47 INFO Get char: 荐
Sun, 24 Sep 2017 14:10:48 INFO -- username: 三重推荐, id: 2317817012
Sun, 24 Sep 2017 14:10:48 INFO -- username: 三重推荐, id: 2317817012
Sun, 24 Sep 2017 14:10:48 INFO Get char: 荑
Sun, 24 Sep 2017 14:10:48 INFO Get char: 荒
Sun, 24 Sep 2017 14:10:49 INFO -- username: 加菲猫之荒岛重生, id: 3046243015
Sun, 24 Sep 2017 14:10:49 INFO -- username: 加菲猫之荒岛重生, id: 3046243015
Sun, 24 Sep 2017 14:10:49 INFO Get char: 荓
Sun, 24 Sep 2017 14:10:50 INFO Get char: 荔
Sun, 24 Sep 2017 14:10:51 INFO Get char: 荖
Sun, 24 Sep 2017 14:10:51 INFO Get char: 荙
Sun, 24 Sep 2017 14:10:52 INFO Get char: 荚
Sun, 24 Sep 2017 14:10:52 INFO Get char: 荛
Sun, 24 Sep 2017 14:10:53 INFO Get char: 荜
Sun, 24 Sep 2017 14:10:53 INFO Get char: 荞
Sun, 24 Sep 2017 14:10:54 INFO Get char: 荟
Sun, 24 Sep 2017 14:10:55 INFO Get char: 荠
Sun, 24 Sep 2017 14:10:56 INFO Get char: 荡
Sun, 24 Sep 2017 14:10:56 INFO Get char: 荣
Sun, 24 Sep 2017 14:10:58 INFO -- username: 荣蓉榕, id: 5704672523
Sun, 24 Sep 2017 14:10:58 INFO -- username: 荣蓉榕, id: 5704672523
Sun, 24 Sep 2017 14:10:58 INFO Get char: 荤
Sun, 24 Sep 2017 14:10:58 INFO Get char: 荥
Sun, 24 Sep 2017 14:10:59 INFO Get char: 荦
Sun, 24 Sep 2017 14:10:59 INFO Get char: 荧
Sun, 24 Sep 2017 14:11:00 INFO Get char: 荨
Sun, 24 Sep 2017 14:11:00 INFO Get char: 荩
Sun, 24 Sep 2017 14:11:01 INFO Get char: 荪
Sun, 24 Sep 2017 14:11:01 INFO Get char: 荫
Sun, 24 Sep 2017 14:11:02 INFO Get char: 荬
Sun, 24 Sep 2017 14:11:03 INFO Get char: 荭
Sun, 24 Sep 2017 14:11:04 INFO Get char: 荮
Sun, 24 Sep 2017 14:11:04 INFO Get char: 药
Sun, 24 Sep 2017 14:11:05 INFO Get char: 荷
Sun, 24 Sep 2017 14:11:06 INFO -- username: 薄荷少女暖夕夏25534, id: 6075387781
Sun, 24 Sep 2017 14:11:06 INFO -- username: 薄荷少女暖夕夏25534, id: 6075387781
Sun, 24 Sep 2017 14:11:06 INFO Get char: 荸
Sun, 24 Sep 2017 14:11:07 INFO Get char: 荻
Sun, 24 Sep 2017 14:11:08 INFO Get char: 荼
Sun, 24 Sep 2017 14:11:09 INFO Get char: 荽
Sun, 24 Sep 2017 14:11:09 INFO Get char: 莅
Sun, 24 Sep 2017 14:11:09 INFO Get char: 莆
Sun, 24 Sep 2017 14:11:10 INFO Get char: 莉
Sun, 24 Sep 2017 14:11:12 INFO -- username: 莉瑛, id: 1727312510
Sun, 24 Sep 2017 14:11:12 INFO -- username: 莉莉602, id: 1112173093
Sun, 24 Sep 2017 14:11:12 INFO -- username: 莉莉602, id: 1112173093
Sun, 24 Sep 2017 14:11:12 INFO Get char: 莎
Sun, 24 Sep 2017 14:11:13 INFO Get char: 莒
Sun, 24 Sep 2017 14:11:13 INFO Get char: 莓
Sun, 24 Sep 2017 14:11:14 INFO -- username: 低调的小草莓002, id: 5969718630
Sun, 24 Sep 2017 14:11:14 INFO -- username: 低调的小草莓002, id: 5969718630
Sun, 24 Sep 2017 14:11:14 INFO Get char: 莘
Sun, 24 Sep 2017 14:11:15 INFO Get char: 莙
Sun, 24 Sep 2017 14:11:16 INFO Get char: 莛
Sun, 24 Sep 2017 14:11:16 INFO Get char: 莜
Sun, 24 Sep 2017 14:11:17 INFO Get char: 莝
Sun, 24 Sep 2017 14:11:18 INFO Get char: 莞
Sun, 24 Sep 2017 14:11:18 INFO Get char: 莠
Sun, 24 Sep 2017 14:11:19 INFO Get char: 莨
Sun, 24 Sep 2017 14:11:19 INFO Get char: 莩
Sun, 24 Sep 2017 14:11:20 INFO Get char: 莪
Sun, 24 Sep 2017 14:11:21 INFO Get char: 莫
Sun, 24 Sep 2017 14:11:22 INFO -- username: 莫忘初心爱宅着689, id: 6345730642
Sun, 24 Sep 2017 14:11:22 INFO -- username: 柯莫默, id: 5635709845
Sun, 24 Sep 2017 14:11:22 INFO -- username: zl莫凡_566, id: 5434342943
Sun, 24 Sep 2017 14:11:22 INFO -- username: zl莫凡_566, id: 5434342943
Sun, 24 Sep 2017 14:11:22 INFO Get char: 莰
Sun, 24 Sep 2017 14:11:23 INFO Get char: 莱
Sun, 24 Sep 2017 14:11:23 INFO Get char: 莲
Sun, 24 Sep 2017 14:11:25 INFO -- username: 莲妹千金, id: 6004977548
Sun, 24 Sep 2017 14:11:25 INFO -- username: 莲妹千金, id: 6004977548
Sun, 24 Sep 2017 14:11:25 INFO Get char: 莳
Sun, 24 Sep 2017 14:11:25 INFO Get char: 莴
Sun, 24 Sep 2017 14:11:26 INFO Get char: 莶
Sun, 24 Sep 2017 14:11:26 INFO Get char: 获
Sun, 24 Sep 2017 14:11:27 INFO Get char: 莸
Sun, 24 Sep 2017 14:11:27 INFO Get char: 莹
Sun, 24 Sep 2017 14:11:29 INFO -- username: happy-小莹, id: 2531763985
Sun, 24 Sep 2017 14:11:29 INFO -- username: happy-小莹, id: 2531763985
Sun, 24 Sep 2017 14:11:29 INFO Get char: 莺
Sun, 24 Sep 2017 14:11:29 INFO Get char: 莼
Sun, 24 Sep 2017 14:11:30 INFO Get char: 莽
Sun, 24 Sep 2017 14:11:31 INFO Get char: 莿
Sun, 24 Sep 2017 14:11:31 INFO Get char: 菀
Sun, 24 Sep 2017 14:11:32 INFO Get char: 菁
Sun, 24 Sep 2017 14:11:32 INFO Get char: 菂
Sun, 24 Sep 2017 14:11:33 INFO Get char: 菅
Sun, 24 Sep 2017 14:11:33 INFO Get char: 菇
Sun, 24 Sep 2017 14:11:34 INFO -- username: 蘑筱菇茨哒哒哒哒, id: 1829755052
Sun, 24 Sep 2017 14:11:34 INFO -- username: s浅水菇凉柠檬泪i, id: 5354258341
Sun, 24 Sep 2017 14:11:34 INFO -- username: honey-慧菇凉, id: 3162248747
Sun, 24 Sep 2017 14:11:34 INFO -- username: honey-慧菇凉, id: 3162248747
Sun, 24 Sep 2017 14:11:34 INFO Get char: 菉
Sun, 24 Sep 2017 14:11:36 INFO Get char: 菊
Sun, 24 Sep 2017 14:11:36 INFO Get char: 菌
Sun, 24 Sep 2017 14:11:37 INFO -- username: 芄子菌, id: 2154494373
Sun, 24 Sep 2017 14:11:37 INFO -- username: 芄子菌, id: 2154494373
Sun, 24 Sep 2017 14:11:37 INFO Get char: 菍
Sun, 24 Sep 2017 14:11:38 INFO Get char: 菏
Sun, 24 Sep 2017 14:11:39 INFO Get char: 菔
Sun, 24 Sep 2017 14:11:39 INFO Get char: 菖
Sun, 24 Sep 2017 14:11:40 INFO Get char: 菘
Sun, 24 Sep 2017 14:11:41 INFO Get char: 菜
Sun, 24 Sep 2017 14:11:43 INFO -- username: 酸菜不太辣, id: 5776345101
Sun, 24 Sep 2017 14:11:43 INFO -- username: 蔡彩菜-, id: 1956070054
Sun, 24 Sep 2017 14:11:43 INFO -- username: 楼下卖韭菜饼的流氓, id: 2009244881
Sun, 24 Sep 2017 14:11:43 INFO -- username: 萌萌家私房菜, id: 3228464890
Sun, 24 Sep 2017 14:11:43 INFO -- username: 芒果味的青菜, id: 5632844603
Sun, 24 Sep 2017 14:11:43 INFO -- username: 土豆米饭大白菜, id: 5321451712
Sun, 24 Sep 2017 14:11:43 INFO -- username: piuno大好菜刀眼and西园寺萌少爷, id: 1872840222
Sun, 24 Sep 2017 14:11:43 INFO -- username: piuno大好菜刀眼and西园寺萌少爷, id: 1872840222
Sun, 24 Sep 2017 14:11:43 INFO Get char: 菝
Sun, 24 Sep 2017 14:11:43 INFO Get char: 菟
Sun, 24 Sep 2017 14:11:44 INFO -- username: Oo大头菟0O, id: 2626359433
Sun, 24 Sep 2017 14:11:44 INFO -- username: Oo大头菟0O, id: 2626359433
Sun, 24 Sep 2017 14:11:44 INFO Get char: 菠
Sun, 24 Sep 2017 14:11:46 INFO -- username: 布朗菠萝番石榴, id: 1742073330
Sun, 24 Sep 2017 14:11:46 INFO -- username: 布朗菠萝番石榴, id: 1742073330
Sun, 24 Sep 2017 14:11:46 INFO Get char: 菡
Sun, 24 Sep 2017 14:11:46 INFO Get char: 菥
Sun, 24 Sep 2017 14:11:47 INFO Get char: 菩
Sun, 24 Sep 2017 14:11:48 INFO Get char: 菪
Sun, 24 Sep 2017 14:11:49 INFO Get char: 菰
Sun, 24 Sep 2017 14:11:50 INFO Get char: 菱
Sun, 24 Sep 2017 14:11:51 INFO Get char: 菲
Sun, 24 Sep 2017 14:11:52 INFO -- username: 菲儿ri, id: 5860088366
Sun, 24 Sep 2017 14:11:52 INFO -- username: 加菲猫之荒岛重生, id: 3046243015
Sun, 24 Sep 2017 14:11:52 INFO -- username: 加菲猫之荒岛重生, id: 3046243015
Sun, 24 Sep 2017 14:11:52 INFO Get char: 菹
Sun, 24 Sep 2017 14:11:52 INFO Get char: 菼
Sun, 24 Sep 2017 14:11:53 INFO Get char: 菽
Sun, 24 Sep 2017 14:11:54 INFO Get char: 萁
Sun, 24 Sep 2017 14:11:55 INFO Get char: 萃
Sun, 24 Sep 2017 14:11:55 INFO Get char: 萄
Sun, 24 Sep 2017 14:11:56 INFO Get char: 萆
Sun, 24 Sep 2017 14:11:56 INFO Get char: 萋
Sun, 24 Sep 2017 14:11:57 INFO Get char: 萌
Sun, 24 Sep 2017 14:11:59 INFO -- username: 萌萌家私房菜, id: 3228464890
Sun, 24 Sep 2017 14:11:59 INFO -- username: piuno大好菜刀眼and西园寺萌少爷, id: 1872840222
Sun, 24 Sep 2017 14:11:59 INFO -- username: 萌诺吖, id: 5875285574
Sun, 24 Sep 2017 14:11:59 INFO -- username: 萌娃-妍姐, id: 2150717447
Sun, 24 Sep 2017 14:11:59 INFO -- username: 萌妹子大琦琦, id: 6367020641
Sun, 24 Sep 2017 14:11:59 INFO -- username: 萌妹纸吕红华, id: 6369478451
Sun, 24 Sep 2017 14:11:59 INFO -- username: piuno大好菜刀眼and西园寺萌少爷, id: 1872840222
Sun, 24 Sep 2017 14:11:59 INFO -- username: piuno大好菜刀眼and西园寺萌少爷, id: 1872840222
Sun, 24 Sep 2017 14:11:59 INFO Get char: 萍
Sun, 24 Sep 2017 14:12:00 INFO -- username: 萍果Apply_970, id: 2752059331
Sun, 24 Sep 2017 14:12:00 INFO -- username: 萍果Apply_970, id: 2752059331
Sun, 24 Sep 2017 14:12:00 INFO Get char: 萎
Sun, 24 Sep 2017 14:12:01 INFO Get char: 萏
Sun, 24 Sep 2017 14:12:02 INFO Get char: 萑
Sun, 24 Sep 2017 14:12:02 INFO Get char: 萘
Sun, 24 Sep 2017 14:12:03 INFO Get char: 萚
Sun, 24 Sep 2017 14:12:04 INFO Get char: 萜
Sun, 24 Sep 2017 14:12:05 INFO Get char: 萝
Sun, 24 Sep 2017 14:12:07 INFO -- username: 布朗菠萝番石榴, id: 1742073330
Sun, 24 Sep 2017 14:12:07 INFO -- username: 布朗菠萝番石榴, id: 1742073330
Sun, 24 Sep 2017 14:12:07 INFO Get char: 萣
Sun, 24 Sep 2017 14:12:07 INFO Get char: 萤
Sun, 24 Sep 2017 14:12:09 INFO -- username: 流萤飞雪lbx, id: 6268170785
Sun, 24 Sep 2017 14:12:09 INFO -- username: 流萤飞雪lbx, id: 6268170785
Sun, 24 Sep 2017 14:12:09 INFO Get char: 营
Sun, 24 Sep 2017 14:12:10 INFO Get char: 萦
Sun, 24 Sep 2017 14:12:11 INFO Get char: 萧
Sun, 24 Sep 2017 14:12:12 INFO -- username: 风萧萧兮zj, id: 5932756564
Sun, 24 Sep 2017 14:12:12 INFO -- username: 东方萧落, id: 3992375309
Sun, 24 Sep 2017 14:12:12 INFO -- username: 东方萧落, id: 3992375309
Sun, 24 Sep 2017 14:12:12 INFO Get char: 萨
Sun, 24 Sep 2017 14:12:14 INFO -- username: 萨瓦尔斯, id: 2809865057
Sun, 24 Sep 2017 14:12:14 INFO -- username: 萨瓦尔斯, id: 2809865057
Sun, 24 Sep 2017 14:12:14 INFO Get char: 萩
Sun, 24 Sep 2017 14:12:14 INFO Get char: 萱
Sun, 24 Sep 2017 14:12:16 INFO -- username: 子暮水萱, id: 1021383844
Sun, 24 Sep 2017 14:12:16 INFO -- username: 一傾風雪一流年-琴師小萱, id: 2612176945
Sun, 24 Sep 2017 14:12:16 INFO -- username: 一傾風雪一流年-琴師小萱, id: 2612176945
Sun, 24 Sep 2017 14:12:16 INFO Get char: 萳
Sun, 24 Sep 2017 14:12:17 INFO Get char: 萸
Sun, 24 Sep 2017 14:12:18 INFO Get char: 萹
Sun, 24 Sep 2017 14:12:19 INFO Get char: 萼
Sun, 24 Sep 2017 14:12:20 INFO Get char: 落
Sun, 24 Sep 2017 14:12:21 INFO -- username: 东方萧落, id: 3992375309
Sun, 24 Sep 2017 14:12:21 INFO -- username: 啦啦啦啦啦啦落雨大, id: 2512964280
Sun, 24 Sep 2017 14:12:21 INFO -- username: 啦啦啦啦啦啦落雨大, id: 2512964280
Sun, 24 Sep 2017 14:12:21 INFO Get char: 葆
Sun, 24 Sep 2017 14:12:21 INFO Get char: 葎
Sun, 24 Sep 2017 14:12:22 INFO Get char: 葑
Sun, 24 Sep 2017 14:12:23 INFO Get char: 葖
Sun, 24 Sep 2017 14:12:23 INFO Get char: 著
Sun, 24 Sep 2017 14:12:24 INFO Get char: 葙
Sun, 24 Sep 2017 14:12:24 INFO Get char: 葚
Sun, 24 Sep 2017 14:12:25 INFO Get char: 葛
Sun, 24 Sep 2017 14:12:26 INFO Get char: 葜
Sun, 24 Sep 2017 14:12:26 INFO Get char: 葡
Sun, 24 Sep 2017 14:12:27 INFO Get char: 董
Sun, 24 Sep 2017 14:12:29 INFO -- username: 东北大汉董鑫, id: 3956927732
Sun, 24 Sep 2017 14:12:29 INFO -- username: 自然起源叶之韵IDo董事Eve磨砂, id: 5226301703
Sun, 24 Sep 2017 14:12:29 INFO -- username: 小董De信仰, id: 2174802790
Sun, 24 Sep 2017 14:12:29 INFO -- username: 自然起源叶之韵IDo董事Eve磨砂, id: 5226301703
Sun, 24 Sep 2017 14:12:29 INFO -- username: 自然起源叶之韵IDo董事Eve磨砂, id: 5226301703
Sun, 24 Sep 2017 14:12:29 INFO Get char: 葩
Sun, 24 Sep 2017 14:12:30 INFO Get char: 葫
Sun, 24 Sep 2017 14:12:30 INFO Get char: 葬
Sun, 24 Sep 2017 14:12:31 INFO Get char: 葭
Sun, 24 Sep 2017 14:12:32 INFO Get char: 葰
Sun, 24 Sep 2017 14:12:32 INFO Get char: 葱
Sun, 24 Sep 2017 14:12:33 INFO Get char: 葳
Sun, 24 Sep 2017 14:12:33 INFO Get char: 葴
Sun, 24 Sep 2017 14:12:34 INFO Get char: 葵
Sun, 24 Sep 2017 14:12:36 INFO -- username: 向日葵妆后慧子, id: 3954360970
Sun, 24 Sep 2017 14:12:36 INFO -- username: 向日葵妆后慧子, id: 3954360970
Sun, 24 Sep 2017 14:12:36 INFO Get char: 葶
Sun, 24 Sep 2017 14:12:36 INFO Get char: 葸
Sun, 24 Sep 2017 14:12:37 INFO Get char: 葺
Sun, 24 Sep 2017 14:12:38 INFO Get char: 蒂
Sun, 24 Sep 2017 14:12:39 INFO Get char: 蒄
Sun, 24 Sep 2017 14:12:40 INFO Get char: 蒇
Sun, 24 Sep 2017 14:12:40 INFO Get char: 蒈
Sun, 24 Sep 2017 14:12:41 INFO Get char: 蒉
Sun, 24 Sep 2017 14:12:42 INFO Get char: 蒋
Sun, 24 Sep 2017 14:12:43 INFO Get char: 蒌
Sun, 24 Sep 2017 14:12:44 INFO Get char: 蒎
Sun, 24 Sep 2017 14:12:44 INFO Get char: 蒐
Sun, 24 Sep 2017 14:12:45 INFO Get char: 蒗
Sun, 24 Sep 2017 14:12:45 INFO Get char: 蒙
Sun, 24 Sep 2017 14:12:47 INFO -- username: 蒙奇D琳201702, id: 6136567152
Sun, 24 Sep 2017 14:12:47 INFO -- username: 蒙奇D琳201702, id: 6136567152
Sun, 24 Sep 2017 14:12:47 INFO Get char: 蒜
Sun, 24 Sep 2017 14:12:48 INFO -- username: 温思容不是蒜蓉, id: 2293722800
Sun, 24 Sep 2017 14:12:48 INFO -- username: 温思容不是蒜蓉, id: 2293722800
Sun, 24 Sep 2017 14:12:48 INFO Get char: 蒟
Sun, 24 Sep 2017 14:12:50 INFO Get char: 蒡
Sun, 24 Sep 2017 14:12:51 INFO Get char: 蒨
Sun, 24 Sep 2017 14:12:52 INFO Get char: 蒯
Sun, 24 Sep 2017 14:12:53 INFO Get char: 蒱
Sun, 24 Sep 2017 14:12:53 INFO Get char: 蒲
Sun, 24 Sep 2017 14:12:55 INFO -- username: 2017蒲公英的种子, id: 5994455616
Sun, 24 Sep 2017 14:12:55 INFO -- username: 2017蒲公英的种子, id: 5994455616
Sun, 24 Sep 2017 14:12:55 INFO Get char: 蒴
Sun, 24 Sep 2017 14:12:56 INFO Get char: 蒸
Sun, 24 Sep 2017 14:12:56 INFO Get char: 蒹
Sun, 24 Sep 2017 14:12:57 INFO Get char: 蒺
Sun, 24 Sep 2017 14:12:58 INFO Get char: 蒻
Sun, 24 Sep 2017 14:12:59 INFO Get char: 蒽
Sun, 24 Sep 2017 14:12:59 INFO Get char: 蒿
Sun, 24 Sep 2017 14:13:00 INFO Get char: 蓁
Sun, 24 Sep 2017 14:13:01 INFO Get char: 蓂
Sun, 24 Sep 2017 14:13:01 INFO Get char: 蓄
Sun, 24 Sep 2017 14:13:02 INFO Get char: 蓇
Sun, 24 Sep 2017 14:13:05 INFO Get char: 蓉
Sun, 24 Sep 2017 14:13:07 INFO -- username: 温思容不是蒜蓉, id: 2293722800
Sun, 24 Sep 2017 14:13:07 INFO -- username: 荣蓉榕, id: 5704672523
Sun, 24 Sep 2017 14:13:07 INFO -- username: 温思容不是蒜蓉, id: 2293722800
Sun, 24 Sep 2017 14:13:07 INFO -- username: 温思容不是蒜蓉, id: 2293722800
Sun, 24 Sep 2017 14:13:07 INFO Get char: 蓊
Sun, 24 Sep 2017 14:13:08 INFO Get char: 蓍
Sun, 24 Sep 2017 14:13:09 INFO Get char: 蓏
Sun, 24 Sep 2017 14:13:10 INFO Get char: 蓐
Sun, 24 Sep 2017 14:13:10 INFO Get char: 蓑
Sun, 24 Sep 2017 14:13:11 INFO Get char: 蓓
Sun, 24 Sep 2017 14:13:13 INFO -- username: BlairLee李蓓贝, id: 1931652493
Sun, 24 Sep 2017 14:13:13 INFO -- username: BlairLee李蓓贝, id: 1931652493
Sun, 24 Sep 2017 14:13:13 INFO Get char: 蓖
Sun, 24 Sep 2017 14:13:13 INFO Get char: 蓝
Sun, 24 Sep 2017 14:13:15 INFO -- username: 岸茈汀藍, id: 3235873005
Sun, 24 Sep 2017 14:13:15 INFO -- username: 淡蓝色浅海8, id: 2833238422
Sun, 24 Sep 2017 14:13:15 INFO -- username: 小蓝2016毕业啦, id: 1747925651
Sun, 24 Sep 2017 14:13:15 INFO -- username: 那个蓝鲸, id: 5320899821
Sun, 24 Sep 2017 14:13:15 INFO -- username: 紫馨蕙蓝, id: 5614277008
Sun, 24 Sep 2017 14:13:15 INFO -- username: 来一罐蓝牛, id: 5230977744
Sun, 24 Sep 2017 14:13:15 INFO -- username: 流灵蓝, id: 3320460864
Sun, 24 Sep 2017 14:13:15 INFO -- username: 来一罐蓝牛, id: 5230977744
Sun, 24 Sep 2017 14:13:15 INFO -- username: 来一罐蓝牛, id: 5230977744
Sun, 24 Sep 2017 14:13:15 INFO Get char: 蓟
Sun, 24 Sep 2017 14:13:16 INFO Get char: 蓠
Sun, 24 Sep 2017 14:13:17 INFO Get char: 蓢
Sun, 24 Sep 2017 14:13:17 INFO Get char: 蓣
Sun, 24 Sep 2017 14:13:18 INFO Get char: 蓥
Sun, 24 Sep 2017 14:13:19 INFO Get char: 蓦
Sun, 24 Sep 2017 14:13:19 INFO Get char: 蓬
Sun, 24 Sep 2017 14:13:20 INFO Get char: 蓰
Sun, 24 Sep 2017 14:13:21 INFO Get char: 蓼
Sun, 24 Sep 2017 14:13:21 INFO Get char: 蓿
Sun, 24 Sep 2017 14:13:22 INFO Get char: 蔀
Sun, 24 Sep 2017 14:13:23 INFO Get char: 蔃
Sun, 24 Sep 2017 14:13:23 INFO Get char: 蔈
Sun, 24 Sep 2017 14:13:24 INFO Get char: 蔊
Sun, 24 Sep 2017 14:13:24 INFO Get char: 蔌
Sun, 24 Sep 2017 14:13:25 INFO Get char: 蔑
Sun, 24 Sep 2017 14:13:26 INFO Get char: 蔓
Sun, 24 Sep 2017 14:13:27 INFO Get char: 蔗
Sun, 24 Sep 2017 14:13:27 INFO Get char: 蔚
Sun, 24 Sep 2017 14:13:28 INFO Get char: 蔟
Sun, 24 Sep 2017 14:13:28 INFO Get char: 蔡
Sun, 24 Sep 2017 14:13:30 INFO -- username: 蔡彩菜-, id: 1956070054
Sun, 24 Sep 2017 14:13:30 INFO -- username: 蔡军100, id: 1663608435
Sun, 24 Sep 2017 14:13:30 INFO -- username: 蔡彩菜-, id: 1956070054
Sun, 24 Sep 2017 14:13:30 INFO -- username: 蔡彩菜-, id: 1956070054
Sun, 24 Sep 2017 14:13:30 INFO Get char: 蔫
Sun, 24 Sep 2017 14:13:31 INFO Get char: 蔬
Sun, 24 Sep 2017 14:13:42 INFO Get char: 蔷
Sun, 24 Sep 2017 14:13:43 INFO Get char: 蔸
Sun, 24 Sep 2017 14:13:44 INFO Get char: 蔹
Sun, 24 Sep 2017 14:13:44 INFO Get char: 蔺
Sun, 24 Sep 2017 14:13:45 INFO Get char: 蔻
Sun, 24 Sep 2017 14:13:47 INFO Get char: 蔼
Sun, 24 Sep 2017 14:13:48 INFO Get char: 蔽
Sun, 24 Sep 2017 14:13:48 INFO Get char: 蕃
Sun, 24 Sep 2017 14:13:48 INFO Get char: 蕈
Sun, 24 Sep 2017 14:13:49 INFO Get char: 蕉
Sun, 24 Sep 2017 14:13:50 INFO Get char: 蕊
Sun, 24 Sep 2017 14:13:51 INFO Get char: 蕖
Sun, 24 Sep 2017 14:13:51 INFO Get char: 蕗
Sun, 24 Sep 2017 14:13:52 INFO -- username: xynia蕗還狠苌, id: 2624991534
Sun, 24 Sep 2017 14:13:52 INFO -- username: xynia蕗還狠苌, id: 2624991534
Sun, 24 Sep 2017 14:13:52 INFO Get char: 蕙
Sun, 24 Sep 2017 14:13:53 INFO -- username: 紫馨蕙蓝, id: 5614277008
Sun, 24 Sep 2017 14:13:53 INFO -- username: 紫馨蕙蓝, id: 5614277008
Sun, 24 Sep 2017 14:13:53 INFO Get char: 蕞
Sun, 24 Sep 2017 14:13:54 INFO Get char: 蕤
Sun, 24 Sep 2017 14:13:55 INFO Get char: 蕨
Sun, 24 Sep 2017 14:13:55 INFO Get char: 蕰
Sun, 24 Sep 2017 14:13:56 INFO Get char: 蕲
Sun, 24 Sep 2017 14:13:56 INFO Get char: 蕴
Sun, 24 Sep 2017 14:13:57 INFO Get char: 蕹
Sun, 24 Sep 2017 14:13:57 INFO Get char: 蕺
Sun, 24 Sep 2017 14:13:58 INFO Get char: 蕻
Sun, 24 Sep 2017 14:13:59 INFO Get char: 蕾
Sun, 24 Sep 2017 14:13:59 INFO Get char: 薁
Sun, 24 Sep 2017 14:14:00 INFO Get char: 薄
Sun, 24 Sep 2017 14:14:01 INFO -- username: 薄荷少女暖夕夏25534, id: 6075387781
Sun, 24 Sep 2017 14:14:01 INFO -- username: 薄荷少女暖夕夏25534, id: 6075387781
Sun, 24 Sep 2017 14:14:01 INFO Get char: 薅
Sun, 24 Sep 2017 14:14:01 INFO Get char: 薇
Sun, 24 Sep 2017 14:14:03 INFO -- username: 茕灵小薇, id: 1044452873
Sun, 24 Sep 2017 14:14:03 INFO -- username: Amyolo薇, id: 5306814073
Sun, 24 Sep 2017 14:14:03 INFO -- username: Amyolo薇, id: 5306814073
Sun, 24 Sep 2017 14:14:03 INFO Get char: 薏
Sun, 24 Sep 2017 14:14:03 INFO Get char: 薛
Sun, 24 Sep 2017 14:14:04 INFO -- username: 薛之谦的小迷妹Hero, id: 5386802625
Sun, 24 Sep 2017 14:14:04 INFO -- username: 薛之谦的小迷妹Hero, id: 5386802625
Sun, 24 Sep 2017 14:14:04 INFO Get char: 薜
Sun, 24 Sep 2017 14:14:05 INFO Get char: 薢
Sun, 24 Sep 2017 14:14:05 INFO Get char: 薤
Sun, 24 Sep 2017 14:14:06 INFO Get char: 薨
Sun, 24 Sep 2017 14:14:07 INFO Get char: 薪
Sun, 24 Sep 2017 14:14:08 INFO Get char: 薮
Sun, 24 Sep 2017 14:14:09 INFO Get char: 薯
Sun, 24 Sep 2017 14:14:09 INFO Get char: 薰
Sun, 24 Sep 2017 14:14:10 INFO Get char: 薳
Sun, 24 Sep 2017 14:14:10 INFO Get char: 薷
Sun, 24 Sep 2017 14:14:11 INFO Get char: 薸
Sun, 24 Sep 2017 14:14:12 INFO Get char: 薹
Sun, 24 Sep 2017 14:14:12 INFO Get char: 薿
Sun, 24 Sep 2017 14:14:13 INFO Get char: 藁
Sun, 24 Sep 2017 14:14:14 INFO Get char: 藉
Sun, 24 Sep 2017 14:14:15 INFO Get char: 藏
Sun, 24 Sep 2017 14:14:16 INFO -- username: 藏服原创品牌, id: 5668417736
Sun, 24 Sep 2017 14:14:16 INFO -- username: 瑞恩妈妈的私藏酒窖, id: 2934607491
Sun, 24 Sep 2017 14:14:16 INFO -- username: 瑞恩妈妈的私藏酒窖, id: 2934607491
Sun, 24 Sep 2017 14:14:16 INFO Get char: 藐
Sun, 24 Sep 2017 14:14:16 INFO Get char: 藓
Sun, 24 Sep 2017 14:14:17 INFO Get char: 藕
Sun, 24 Sep 2017 14:14:17 INFO Get char: 藜
Sun, 24 Sep 2017 14:14:18 INFO Get char: 藟
Sun, 24 Sep 2017 14:14:18 INFO Get char: 藠
Sun, 24 Sep 2017 14:14:19 INFO Get char: 藤
Sun, 24 Sep 2017 14:14:21 INFO Get char: 藦
Sun, 24 Sep 2017 14:14:22 INFO Get char: 藨
Sun, 24 Sep 2017 14:14:22 INFO Get char: 藩
Sun, 24 Sep 2017 14:14:23 INFO Get char: 藻
Sun, 24 Sep 2017 14:14:23 INFO Get char: 藿
Sun, 24 Sep 2017 14:14:25 INFO Get char: 蘅
Sun, 24 Sep 2017 14:14:26 INFO -- username: 沚蘅, id: 3304449505
Sun, 24 Sep 2017 14:14:26 INFO -- username: 沚蘅, id: 3304449505
Sun, 24 Sep 2017 14:14:26 INFO Get char: 蘑
Sun, 24 Sep 2017 14:14:27 INFO -- username: 蘑筱菇茨哒哒哒哒, id: 1829755052
Sun, 24 Sep 2017 14:14:27 INFO -- username: 蘑筱菇茨哒哒哒哒, id: 1829755052
Sun, 24 Sep 2017 14:14:27 INFO Get char: 蘖
Sun, 24 Sep 2017 14:14:27 INFO Get char: 蘘
Sun, 24 Sep 2017 14:14:28 INFO Get char: 蘧
Sun, 24 Sep 2017 14:14:28 INFO Get char: 蘩
Sun, 24 Sep 2017 14:14:29 INFO Get char: 蘸
Sun, 24 Sep 2017 14:14:30 INFO Get char: 蘼
Sun, 24 Sep 2017 14:14:30 INFO Get char: 虎
Sun, 24 Sep 2017 14:14:31 INFO Get char: 虏
Sun, 24 Sep 2017 14:14:31 INFO Get char: 虐
Sun, 24 Sep 2017 14:14:32 INFO Get char: 虑
Sun, 24 Sep 2017 14:14:33 INFO Get char: 虒
Sun, 24 Sep 2017 14:14:33 INFO Get char: 虓
Sun, 24 Sep 2017 14:14:34 INFO Get char: 虔
Sun, 24 Sep 2017 14:14:34 INFO Get char: 虚
Sun, 24 Sep 2017 14:14:35 INFO Get char: 虞
Sun, 24 Sep 2017 14:14:36 INFO Get char: 虢
Sun, 24 Sep 2017 14:14:36 INFO Get char: 虤
Sun, 24 Sep 2017 14:14:37 INFO Get char: 虫
Sun, 24 Sep 2017 14:14:38 INFO Get char: 虬
Sun, 24 Sep 2017 14:14:38 INFO Get char: 虮
Sun, 24 Sep 2017 14:14:38 INFO Get char: 虱
Sun, 24 Sep 2017 14:14:39 INFO Get char: 虷
Sun, 24 Sep 2017 14:14:40 INFO Get char: 虸
Sun, 24 Sep 2017 14:14:41 INFO Get char: 虹
Sun, 24 Sep 2017 14:14:42 INFO Get char: 虺
Sun, 24 Sep 2017 14:14:43 INFO Get char: 虻
Sun, 24 Sep 2017 14:14:43 INFO Get char: 虼
Sun, 24 Sep 2017 14:14:44 INFO Get char: 虽
Sun, 24 Sep 2017 14:14:45 INFO Get char: 虾
Sun, 24 Sep 2017 14:14:46 INFO -- username: 油炸小鱼小虾, id: 6014994255
Sun, 24 Sep 2017 14:14:46 INFO -- username: 油炸小鱼小虾, id: 6014994255
Sun, 24 Sep 2017 14:14:46 INFO Get char: 虿
Sun, 24 Sep 2017 14:14:47 INFO Get char: 蚀
Sun, 24 Sep 2017 14:14:48 INFO Get char: 蚁
Sun, 24 Sep 2017 14:14:49 INFO Get char: 蚂
Sun, 24 Sep 2017 14:14:49 INFO Get char: 蚄
Sun, 24 Sep 2017 14:14:50 INFO Get char: 蚆
Sun, 24 Sep 2017 14:14:51 INFO Get char: 蚊
Sun, 24 Sep 2017 14:14:52 INFO Get char: 蚋
Sun, 24 Sep 2017 14:14:52 INFO Get char: 蚌
Sun, 24 Sep 2017 14:14:53 INFO Get char: 蚍
Sun, 24 Sep 2017 14:14:54 INFO Get char: 蚓
Sun, 24 Sep 2017 14:14:54 INFO Get char: 蚕
Sun, 24 Sep 2017 14:14:56 INFO Get char: 蚜
Sun, 24 Sep 2017 14:14:56 INFO Get char: 蚝
Sun, 24 Sep 2017 14:14:57 INFO Get char: 蚣
Sun, 24 Sep 2017 14:14:57 INFO Get char: 蚤
Sun, 24 Sep 2017 14:14:58 INFO Get char: 蚧
Sun, 24 Sep 2017 14:14:58 INFO Get char: 蚨
Sun, 24 Sep 2017 14:14:59 INFO Get char: 蚩
Sun, 24 Sep 2017 14:15:00 INFO Get char: 蚪
Sun, 24 Sep 2017 14:15:00 INFO Get char: 蚬
Sun, 24 Sep 2017 14:15:01 INFO Get char: 蚯
Sun, 24 Sep 2017 14:15:02 INFO Get char: 蚰
Sun, 24 Sep 2017 14:15:02 INFO Get char: 蚱
Sun, 24 Sep 2017 14:15:03 INFO Get char: 蚲
Sun, 24 Sep 2017 14:15:04 INFO Get char: 蚴
Sun, 24 Sep 2017 14:15:04 INFO Get char: 蚶
Sun, 24 Sep 2017 14:15:06 INFO Get char: 蚺
Sun, 24 Sep 2017 14:15:06 INFO Get char: 蛀
Sun, 24 Sep 2017 14:15:07 INFO Get char: 蛃
Sun, 24 Sep 2017 14:15:08 INFO Get char: 蛄
Sun, 24 Sep 2017 14:15:08 INFO Get char: 蛆
Sun, 24 Sep 2017 14:15:09 INFO Get char: 蛇
Sun, 24 Sep 2017 14:15:10 INFO Get char: 蛉
Sun, 24 Sep 2017 14:15:11 INFO Get char: 蛊
Sun, 24 Sep 2017 14:15:12 INFO Get char: 蛋
Sun, 24 Sep 2017 14:15:14 INFO -- username: 懒蛋lilith, id: 1841504883
Sun, 24 Sep 2017 14:15:14 INFO -- username: 大屁沽蛋, id: 1728369993
Sun, 24 Sep 2017 14:15:14 INFO -- username: 小迷糊蛋--牛牛, id: 2462216825
Sun, 24 Sep 2017 14:15:14 INFO -- username: 基本笨蛋, id: 1864089977
Sun, 24 Sep 2017 14:15:14 INFO -- username: 小迷糊蛋--牛牛, id: 2462216825
Sun, 24 Sep 2017 14:15:14 INFO -- username: 小迷糊蛋--牛牛, id: 2462216825
Sun, 24 Sep 2017 14:15:14 INFO Get char: 蛎
Sun, 24 Sep 2017 14:15:15 INFO Get char: 蛏
Sun, 24 Sep 2017 14:15:15 INFO Get char: 蛐
Sun, 24 Sep 2017 14:15:16 INFO Get char: 蛑
Sun, 24 Sep 2017 14:15:17 INFO Get char: 蛔
Sun, 24 Sep 2017 14:15:17 INFO Get char: 蛘
Sun, 24 Sep 2017 14:15:18 INFO Get char: 蛙
Sun, 24 Sep 2017 14:15:18 INFO Get char: 蛛
Sun, 24 Sep 2017 14:15:19 INFO Get char: 蛞
Sun, 24 Sep 2017 14:15:20 INFO Get char: 蛟
Sun, 24 Sep 2017 14:15:21 INFO Get char: 蛤
Sun, 24 Sep 2017 14:15:22 INFO Get char: 蛩
Sun, 24 Sep 2017 14:15:22 INFO Get char: 蛭
Sun, 24 Sep 2017 14:15:23 INFO Get char: 蛮
Sun, 24 Sep 2017 14:15:24 INFO Get char: 蛰
Sun, 24 Sep 2017 14:15:24 INFO Get char: 蛱
Sun, 24 Sep 2017 14:15:25 INFO Get char: 蛲
Sun, 24 Sep 2017 14:15:26 INFO Get char: 蛳
Sun, 24 Sep 2017 14:15:27 INFO Get char: 蛴
Sun, 24 Sep 2017 14:15:27 INFO Get char: 蛸
Sun, 24 Sep 2017 14:15:28 INFO Get char: 蛹
Sun, 24 Sep 2017 14:15:29 INFO Get char: 蛾
Sun, 24 Sep 2017 14:15:29 INFO Get char: 蜀
Sun, 24 Sep 2017 14:15:31 INFO -- username: 張凱蜀黍, id: 5494596224
Sun, 24 Sep 2017 14:15:31 INFO -- username: 張凱蜀黍, id: 5494596224
Sun, 24 Sep 2017 14:15:31 INFO Get char: 蜂
Sun, 24 Sep 2017 14:15:31 INFO Get char: 蜃
Sun, 24 Sep 2017 14:15:32 INFO Get char: 蜇
Sun, 24 Sep 2017 14:15:33 INFO Get char: 蜈
Sun, 24 Sep 2017 14:15:34 INFO Get char: 蜉
Sun, 24 Sep 2017 14:15:34 INFO Get char: 蜊
Sun, 24 Sep 2017 14:15:36 INFO Get char: 蜍
Sun, 24 Sep 2017 14:15:36 INFO Get char: 蜎
Sun, 24 Sep 2017 14:15:37 INFO Get char: 蜐
Sun, 24 Sep 2017 14:15:38 INFO Get char: 蜒
Sun, 24 Sep 2017 14:15:38 INFO Get char: 蜓
Sun, 24 Sep 2017 14:15:39 INFO Get char: 蜕
Sun, 24 Sep 2017 14:15:40 INFO Get char: 蜗
Sun, 24 Sep 2017 14:15:42 INFO -- username: 一个蜗阿牛李阳, id: 3624755112
Sun, 24 Sep 2017 14:15:42 INFO -- username: 一个蜗阿牛李阳, id: 3624755112
Sun, 24 Sep 2017 14:15:42 INFO Get char: 蜘
Sun, 24 Sep 2017 14:15:42 INFO Get char: 蜚
Sun, 24 Sep 2017 14:15:43 INFO Get char: 蜜
Sun, 24 Sep 2017 14:15:44 INFO -- username: 我闺蜜今年84啦, id: 3188566013
Sun, 24 Sep 2017 14:15:44 INFO -- username: 我闺蜜今年84啦, id: 3188566013
Sun, 24 Sep 2017 14:15:44 INFO Get char: 蜞
Sun, 24 Sep 2017 14:15:44 INFO Get char: 蜡
Sun, 24 Sep 2017 14:15:46 INFO -- username: 蜡笔小新他妈Mi, id: 5303640545
Sun, 24 Sep 2017 14:15:46 INFO -- username: 蜡笔小新他妈Mi, id: 5303640545
Sun, 24 Sep 2017 14:15:46 INFO Get char: 蜢
Sun, 24 Sep 2017 14:15:46 INFO Get char: 蜣
Sun, 24 Sep 2017 14:15:47 INFO Get char: 蜥
Sun, 24 Sep 2017 14:15:47 INFO Get char: 蜩
Sun, 24 Sep 2017 14:15:47 INFO Get char: 蜮
Sun, 24 Sep 2017 14:15:48 INFO Get char: 蜱
Sun, 24 Sep 2017 14:15:48 INFO Get char: 蜴
Sun, 24 Sep 2017 14:15:49 INFO Get char: 蜷
Sun, 24 Sep 2017 14:15:50 INFO Get char: 蜻
Sun, 24 Sep 2017 14:15:50 INFO Get char: 蜾
Sun, 24 Sep 2017 14:15:51 INFO Get char: 蜿
Sun, 24 Sep 2017 14:15:51 INFO Get char: 蝇
Sun, 24 Sep 2017 14:15:52 INFO Get char: 蝈
Sun, 24 Sep 2017 14:15:53 INFO Get char: 蝉
Sun, 24 Sep 2017 14:15:53 INFO Get char: 蝌
Sun, 24 Sep 2017 14:15:54 INFO Get char: 蝎
Sun, 24 Sep 2017 14:15:54 INFO Get char: 蝓
Sun, 24 Sep 2017 14:15:55 INFO Get char: 蝗
Sun, 24 Sep 2017 14:15:56 INFO Get char: 蝘
Sun, 24 Sep 2017 14:15:57 INFO Get char: 蝙
Sun, 24 Sep 2017 14:15:57 INFO Get char: 蝠
Sun, 24 Sep 2017 14:15:58 INFO Get char: 蝣
Sun, 24 Sep 2017 14:15:58 INFO Get char: 蝤
Sun, 24 Sep 2017 14:15:59 INFO Get char: 蝥
Sun, 24 Sep 2017 14:15:59 INFO Get char: 蝮
Sun, 24 Sep 2017 14:16:00 INFO Get char: 蝰
Sun, 24 Sep 2017 14:16:00 INFO Get char: 蝲
Sun, 24 Sep 2017 14:16:01 INFO Get char: 蝴
Sun, 24 Sep 2017 14:16:02 INFO Get char: 蝶
Sun, 24 Sep 2017 14:16:02 INFO Get char: 蝻
Sun, 24 Sep 2017 14:16:02 INFO Get char: 蝼
Sun, 24 Sep 2017 14:16:03 INFO Get char: 蝽
Sun, 24 Sep 2017 14:16:04 INFO Get char: 蝾
Sun, 24 Sep 2017 14:16:05 INFO Get char: 螂
Sun, 24 Sep 2017 14:16:06 INFO -- username: 黄云皓小蟑螂呀, id: 5314637692
Sun, 24 Sep 2017 14:16:06 INFO -- username: 黄云皓小蟑螂呀, id: 5314637692
Sun, 24 Sep 2017 14:16:06 INFO Get char: 螃
Sun, 24 Sep 2017 14:16:07 INFO Get char: 螅
Sun, 24 Sep 2017 14:16:08 INFO Get char: 螈
Sun, 24 Sep 2017 14:16:09 INFO Get char: 螋
Sun, 24 Sep 2017 14:16:10 INFO Get char: 融
Sun, 24 Sep 2017 14:16:11 INFO Get char: 螗
Sun, 24 Sep 2017 14:16:11 INFO Get char: 螟
Sun, 24 Sep 2017 14:16:12 INFO Get char: 螠
Sun, 24 Sep 2017 14:16:12 INFO Get char: 螣
Sun, 24 Sep 2017 14:16:13 INFO Get char: 螨
Sun, 24 Sep 2017 14:16:13 INFO Get char: 螫
Sun, 24 Sep 2017 14:16:14 INFO Get char: 螬
Sun, 24 Sep 2017 14:16:14 INFO Get char: 螭
Sun, 24 Sep 2017 14:16:15 INFO Get char: 螯
Sun, 24 Sep 2017 14:16:15 INFO Get char: 螱
Sun, 24 Sep 2017 14:16:16 INFO Get char: 螳
Sun, 24 Sep 2017 14:16:16 INFO Get char: 螵
Sun, 24 Sep 2017 14:16:17 INFO Get char: 螺
Sun, 24 Sep 2017 14:16:18 INFO Get char: 螽
Sun, 24 Sep 2017 14:16:18 INFO Get char: 蟀
Sun, 24 Sep 2017 14:16:19 INFO Get char: 蟆
Sun, 24 Sep 2017 14:16:19 INFO Get char: 蟊
Sun, 24 Sep 2017 14:16:20 INFO Get char: 蟋
Sun, 24 Sep 2017 14:16:21 INFO Get char: 蟏
Sun, 24 Sep 2017 14:16:21 INFO Get char: 蟑
Sun, 24 Sep 2017 14:16:22 INFO -- username: 黄云皓小蟑螂呀, id: 5314637692
Sun, 24 Sep 2017 14:16:22 INFO -- username: 黄云皓小蟑螂呀, id: 5314637692
Sun, 24 Sep 2017 14:16:22 INFO Get char: 蟒
Sun, 24 Sep 2017 14:16:23 INFO Get char: 蟛
Sun, 24 Sep 2017 14:16:23 INFO Get char: 蟠
Sun, 24 Sep 2017 14:16:24 INFO Get char: 蟥
Sun, 24 Sep 2017 14:16:25 INFO Get char: 蟪
Sun, 24 Sep 2017 14:16:25 INFO Get char: 蟫
Sun, 24 Sep 2017 14:16:26 INFO Get char: 蟮
Sun, 24 Sep 2017 14:16:26 INFO Get char: 蟹
Sun, 24 Sep 2017 14:16:27 INFO Get char: 蟾
Sun, 24 Sep 2017 14:16:27 INFO Get char: 蠃
Sun, 24 Sep 2017 14:16:28 INFO Get char: 蠊
Sun, 24 Sep 2017 14:16:29 INFO Get char: 蠋
Sun, 24 Sep 2017 14:16:29 INFO Get char: 蠓
Sun, 24 Sep 2017 14:16:30 INFO Get char: 蠕
Sun, 24 Sep 2017 14:16:30 INFO Get char: 蠖
Sun, 24 Sep 2017 14:16:31 INFO Get char: 蠡
Sun, 24 Sep 2017 14:16:32 INFO Get char: 蠢
Sun, 24 Sep 2017 14:16:33 INFO Get char: 蠲
Sun, 24 Sep 2017 14:16:33 INFO Get char: 蠹
Sun, 24 Sep 2017 14:16:34 INFO Get char: 蠼
Sun, 24 Sep 2017 14:16:34 INFO Get char: 血
Sun, 24 Sep 2017 14:16:35 INFO Get char: 衃
Sun, 24 Sep 2017 14:16:35 INFO Get char: 衄
Sun, 24 Sep 2017 14:16:36 INFO Get char: 衅
Sun, 24 Sep 2017 14:16:36 INFO Get char: 行
Sun, 24 Sep 2017 14:16:38 INFO -- username: 知行合一丨苏瑞, id: 2975997964
Sun, 24 Sep 2017 14:16:38 INFO -- username: -罪行-, id: 6236063051
Sun, 24 Sep 2017 14:16:38 INFO -- username: 如颕随行75217, id: 6238456908
Sun, 24 Sep 2017 14:16:38 INFO -- username: MOT茉特执行总代, id: 2833763942
Sun, 24 Sep 2017 14:16:38 INFO -- username: 世界尽头de旅行, id: 2918641763
Sun, 24 Sep 2017 14:16:38 INFO -- username: 世界尽头de旅行, id: 2918641763
Sun, 24 Sep 2017 14:16:38 INFO Get char: 衍
Sun, 24 Sep 2017 14:16:39 INFO Get char: 衎
Sun, 24 Sep 2017 14:16:40 INFO Get char: 衒
Sun, 24 Sep 2017 14:16:41 INFO Get char: 衔
Sun, 24 Sep 2017 14:16:41 INFO Get char: 街
Sun, 24 Sep 2017 14:16:42 INFO Get char: 衙
Sun, 24 Sep 2017 14:16:43 INFO Get char: 衠
Sun, 24 Sep 2017 14:16:44 INFO Get char: 衡
Sun, 24 Sep 2017 14:16:44 INFO Get char: 衢
Sun, 24 Sep 2017 14:16:45 INFO Get char: 衣
Sun, 24 Sep 2017 14:16:46 INFO -- username: ly线小衣, id: 2356022382
Sun, 24 Sep 2017 14:16:46 INFO -- username: Juzi免费招衣服代理女装代理, id: 1007779192
Sun, 24 Sep 2017 14:16:46 INFO -- username: Juzi免费招衣服代理女装代理, id: 1007779192
Sun, 24 Sep 2017 14:16:46 INFO Get char: 补
Sun, 24 Sep 2017 14:16:47 INFO Get char: 表
Sun, 24 Sep 2017 14:16:48 INFO Get char: 衩
Sun, 24 Sep 2017 14:16:49 INFO -- username: 风吹裤衩屁g凉, id: 3088993372
Sun, 24 Sep 2017 14:16:49 INFO -- username: 风吹裤衩屁g凉, id: 3088993372
Sun, 24 Sep 2017 14:16:49 INFO Get char: 衫
Sun, 24 Sep 2017 14:16:50 INFO -- username: 红橘青衫, id: 5686713191
Sun, 24 Sep 2017 14:16:50 INFO -- username: 红橘青衫, id: 5686713191
Sun, 24 Sep 2017 14:16:50 INFO Get char: 衬
Sun, 24 Sep 2017 14:16:51 INFO Get char: 衮
Sun, 24 Sep 2017 14:16:51 INFO Get char: 衰
Sun, 24 Sep 2017 14:16:52 INFO Get char: 衲
Sun, 24 Sep 2017 14:16:53 INFO Get char: 衷
Sun, 24 Sep 2017 14:16:53 INFO Get char: 衽
Sun, 24 Sep 2017 14:16:54 INFO Get char: 衾
Sun, 24 Sep 2017 14:16:55 INFO Get char: 衿
Sun, 24 Sep 2017 14:16:56 INFO Get char: 袁
Sun, 24 Sep 2017 14:16:56 INFO Get char: 袂
Sun, 24 Sep 2017 14:16:57 INFO Get char: 袄
Sun, 24 Sep 2017 14:16:58 INFO Get char: 袅
Sun, 24 Sep 2017 14:16:58 INFO Get char: 袆
Sun, 24 Sep 2017 14:16:59 INFO Get char: 袈
Sun, 24 Sep 2017 14:16:59 INFO Get char: 袋
Sun, 24 Sep 2017 14:17:00 INFO Get char: 袍
Sun, 24 Sep 2017 14:17:00 INFO Get char: 袒
Sun, 24 Sep 2017 14:17:01 INFO Get char: 袖
Sun, 24 Sep 2017 14:17:02 INFO Get char: 袗
Sun, 24 Sep 2017 14:17:03 INFO Get char: 袜
Sun, 24 Sep 2017 14:17:03 INFO Get char: 袢
Sun, 24 Sep 2017 14:17:03 INFO Get char: 袤
Sun, 24 Sep 2017 14:17:04 INFO Get char: 袪
Sun, 24 Sep 2017 14:17:04 INFO Get char: 被
Sun, 24 Sep 2017 14:17:05 INFO -- username: 名都被占用我没得叫啦, id: 5124885045
Sun, 24 Sep 2017 14:17:05 INFO -- username: 名字都被注册这, id: 2949254580
Sun, 24 Sep 2017 14:17:05 INFO -- username: 我想就这样被你收入囊中, id: 5041433380
Sun, 24 Sep 2017 14:17:05 INFO -- username: 我想就这样被你收入囊中, id: 5041433380
Sun, 24 Sep 2017 14:17:05 INFO Get char: 袭
Sun, 24 Sep 2017 14:17:06 INFO Get char: 袯
Sun, 24 Sep 2017 14:17:07 INFO Get char: 袱
Sun, 24 Sep 2017 14:17:08 INFO Get char: 袷
Sun, 24 Sep 2017 14:17:09 INFO Get char: 袼
Sun, 24 Sep 2017 14:17:11 INFO Get char: 裁
Sun, 24 Sep 2017 14:17:12 INFO Get char: 裂
Sun, 24 Sep 2017 14:17:13 INFO Get char: 装
Sun, 24 Sep 2017 14:17:15 INFO -- username: Juzi免费招衣服代理女装代理, id: 1007779192
Sun, 24 Sep 2017 14:17:15 INFO -- username: 装逼遭金雷劈, id: 2212690024
Sun, 24 Sep 2017 14:17:15 INFO -- username: Juzi免费招衣服代理女装代理, id: 1007779192
Sun, 24 Sep 2017 14:17:15 INFO -- username: Juzi免费招衣服代理女装代理, id: 1007779192
Sun, 24 Sep 2017 14:17:15 INFO Get char: 裆
Sun, 24 Sep 2017 14:17:16 INFO Get char: 裈
Sun, 24 Sep 2017 14:17:17 INFO Get char: 裉
Sun, 24 Sep 2017 14:17:17 INFO Get char: 裎
Sun, 24 Sep 2017 14:17:18 INFO Get char: 裒
Sun, 24 Sep 2017 14:17:19 INFO Get char: 裔
Sun, 24 Sep 2017 14:17:20 INFO Get char: 裕
Sun, 24 Sep 2017 14:17:20 INFO Get char: 裘
Sun, 24 Sep 2017 14:17:21 INFO Get char: 裙
Sun, 24 Sep 2017 14:17:22 INFO -- username: 白裙当初, id: 5656085611
Sun, 24 Sep 2017 14:17:22 INFO -- username: 白裙当初, id: 5656085611
Sun, 24 Sep 2017 14:17:22 INFO Get char: 裛
Sun, 24 Sep 2017 14:17:22 INFO Get char: 裟
Sun, 24 Sep 2017 14:17:23 INFO Get char: 裢
Sun, 24 Sep 2017 14:17:23 INFO Get char: 裣
Sun, 24 Sep 2017 14:17:24 INFO Get char: 裤
Sun, 24 Sep 2017 14:17:25 INFO -- username: 风吹裤衩屁g凉, id: 3088993372
Sun, 24 Sep 2017 14:17:25 INFO -- username: 风吹裤衩屁g凉, id: 3088993372
Sun, 24 Sep 2017 14:17:25 INFO Get char: 裥
Sun, 24 Sep 2017 14:17:26 INFO Get char: 裨
Sun, 24 Sep 2017 14:17:26 INFO Get char: 裰
Sun, 24 Sep 2017 14:17:26 INFO Get char: 裱
Sun, 24 Sep 2017 14:17:27 INFO Get char: 裳
Sun, 24 Sep 2017 14:17:27 INFO Get char: 裴
Sun, 24 Sep 2017 14:17:29 INFO -- username: 裴知道, id: 2855391997
Sun, 24 Sep 2017 14:17:29 INFO -- username: 裴知道, id: 2855391997
Sun, 24 Sep 2017 14:17:29 INFO Get char: 裸
Sun, 24 Sep 2017 14:17:30 INFO Get char: 裹
Sun, 24 Sep 2017 14:17:31 INFO Get char: 裼
Sun, 24 Sep 2017 14:17:33 INFO Get char: 裾
Sun, 24 Sep 2017 14:17:33 INFO Get char: 褂
Sun, 24 Sep 2017 14:17:34 INFO Get char: 褊
Sun, 24 Sep 2017 14:17:34 INFO Get char: 褐
Sun, 24 Sep 2017 14:17:35 INFO Get char: 褒
Sun, 24 Sep 2017 14:17:36 INFO Get char: 褓
Sun, 24 Sep 2017 14:17:36 INFO Get char: 褕
Sun, 24 Sep 2017 14:17:37 INFO Get char: 褙
Sun, 24 Sep 2017 14:17:37 INFO Get char: 褚
Sun, 24 Sep 2017 14:17:38 INFO Get char: 褛
Sun, 24 Sep 2017 14:17:39 INFO Get char: 褟
Sun, 24 Sep 2017 14:17:39 INFO Get char: 褡
Sun, 24 Sep 2017 14:17:40 INFO Get char: 褥
Sun, 24 Sep 2017 14:17:41 INFO Get char: 褪
Sun, 24 Sep 2017 14:17:41 INFO Get char: 褫
Sun, 24 Sep 2017 14:17:42 INFO Get char: 褯
Sun, 24 Sep 2017 14:17:42 INFO Get char: 褰
Sun, 24 Sep 2017 14:17:43 INFO Get char: 褴
Sun, 24 Sep 2017 14:17:44 INFO Get char: 褶
Sun, 24 Sep 2017 14:17:45 INFO Get char: 襁
Sun, 24 Sep 2017 14:17:46 INFO Get char: 襄
Sun, 24 Sep 2017 14:17:47 INFO Get char: 襕
Sun, 24 Sep 2017 14:17:47 INFO Get char: 襚
Sun, 24 Sep 2017 14:17:47 INFO Get char: 襜
Sun, 24 Sep 2017 14:17:48 INFO Get char: 襞
Sun, 24 Sep 2017 14:17:48 INFO Get char: 襟
Sun, 24 Sep 2017 14:17:50 INFO Get char: 襦
Sun, 24 Sep 2017 14:17:50 INFO Get char: 襫
Sun, 24 Sep 2017 14:17:51 INFO Get char: 襻
Sun, 24 Sep 2017 14:17:51 INFO Get char: 西
Sun, 24 Sep 2017 14:17:53 INFO -- username: 西京Gao, id: 5735276347
Sun, 24 Sep 2017 14:17:53 INFO -- username: 西风破川, id: 5744184623
Sun, 24 Sep 2017 14:17:53 INFO -- username: 西瓜味Yang静, id: 6351823798
Sun, 24 Sep 2017 14:17:53 INFO -- username: 湘西同盟会, id: 1956801984
Sun, 24 Sep 2017 14:17:53 INFO -- username: 潇氵西人生YXR, id: 5239190380
Sun, 24 Sep 2017 14:17:53 INFO -- username: LLS西乐, id: 1900099621
Sun, 24 Sep 2017 14:17:53 INFO -- username: 肆玖城西, id: 3850624361
Sun, 24 Sep 2017 14:17:53 INFO -- username: 冰纯灵初西柚, id: 6162952196
Sun, 24 Sep 2017 14:17:53 INFO -- username: BR想要的东西永远买不完, id: 1761772620
Sun, 24 Sep 2017 14:17:53 INFO -- username: piuno大好菜刀眼and西园寺萌少爷, id: 1872840222
Sun, 24 Sep 2017 14:17:53 INFO -- username: piuno大好菜刀眼and西园寺萌少爷, id: 1872840222
Sun, 24 Sep 2017 14:17:53 INFO Get char: 要
Sun, 24 Sep 2017 14:17:54 INFO -- username: BR想要的东西永远买不完, id: 1761772620
Sun, 24 Sep 2017 14:17:54 INFO -- username: 要做日向彻_, id: 2681983864
Sun, 24 Sep 2017 14:17:54 INFO -- username: 非要改名的zzl, id: 2806095815
Sun, 24 Sep 2017 14:17:54 INFO -- username: 不要太关注你的脸, id: 1908446125
Sun, 24 Sep 2017 14:17:54 INFO -- username: 只要有你的地方QQQQ, id: 2646190700
Sun, 24 Sep 2017 14:17:54 INFO -- username: 阿清要坚强, id: 6193150984
Sun, 24 Sep 2017 14:17:54 INFO -- username: 姑娘要幸福哟, id: 2201450193
Sun, 24 Sep 2017 14:17:54 INFO -- username: linsa要健康, id: 2386548597
Sun, 24 Sep 2017 14:17:54 INFO -- username: 若情能自控要心何用, id: 5404014312
Sun, 24 Sep 2017 14:17:54 INFO -- username: 不好好学习是要回家结婚的, id: 6089418819
Sun, 24 Sep 2017 14:17:54 INFO -- username: 不好好学习是要回家结婚的, id: 6089418819
Sun, 24 Sep 2017 14:17:54 INFO Get char: 覃
Sun, 24 Sep 2017 14:17:55 INFO -- username: 覃思言, id: 1651423841
Sun, 24 Sep 2017 14:17:55 INFO -- username: 覃思言, id: 1651423841
Sun, 24 Sep 2017 14:17:55 INFO Get char: 覆
Sun, 24 Sep 2017 14:17:56 INFO Get char: 见
Sun, 24 Sep 2017 14:17:57 INFO -- username: 遇见爱情2010, id: 1869403812
Sun, 24 Sep 2017 14:17:57 INFO -- username: M-yu遇见相遇预见, id: 2107537500
Sun, 24 Sep 2017 14:17:57 INFO -- username: M-yu遇见相遇预见, id: 2107537500
Sun, 24 Sep 2017 14:17:57 INFO Get char: 观
Sun, 24 Sep 2017 14:17:58 INFO -- username: CDJ的客观世界, id: 3032484834
Sun, 24 Sep 2017 14:17:58 INFO -- username: CDJ的客观世界, id: 3032484834
Sun, 24 Sep 2017 14:17:58 INFO Get char: 觃
Sun, 24 Sep 2017 14:17:59 INFO Get char: 规
Sun, 24 Sep 2017 14:17:59 INFO Get char: 觅
Sun, 24 Sep 2017 14:18:00 INFO Get char: 视
Sun, 24 Sep 2017 14:18:00 INFO Get char: 觇
Sun, 24 Sep 2017 14:18:01 INFO Get char: 览
Sun, 24 Sep 2017 14:18:01 INFO Get char: 觉
Sun, 24 Sep 2017 14:18:02 INFO Get char: 觊
Sun, 24 Sep 2017 14:18:02 INFO Get char: 觋
Sun, 24 Sep 2017 14:18:03 INFO Get char: 觌
Sun, 24 Sep 2017 14:18:03 INFO Get char: 觎
Sun, 24 Sep 2017 14:18:04 INFO Get char: 觏
Sun, 24 Sep 2017 14:18:04 INFO Get char: 觐
Sun, 24 Sep 2017 14:18:05 INFO Get char: 觑
Sun, 24 Sep 2017 14:18:05 INFO Get char: 角
Sun, 24 Sep 2017 14:18:06 INFO Get char: 觖
Sun, 24 Sep 2017 14:18:07 INFO Get char: 觚
Sun, 24 Sep 2017 14:18:08 INFO Get char: 觜
Sun, 24 Sep 2017 14:18:08 INFO Get char: 觞
Sun, 24 Sep 2017 14:18:09 INFO Get char: 觟
Sun, 24 Sep 2017 14:18:10 INFO Get char: 解
Sun, 24 Sep 2017 14:18:10 INFO Get char: 觥
Sun, 24 Sep 2017 14:18:11 INFO Get char: 触
Sun, 24 Sep 2017 14:18:11 INFO Get char: 觫
Sun, 24 Sep 2017 14:18:12 INFO Get char: 觭
Sun, 24 Sep 2017 14:18:13 INFO Get char: 觯
Sun, 24 Sep 2017 14:18:13 INFO Get char: 觱
Sun, 24 Sep 2017 14:18:14 INFO Get char: 觳
Sun, 24 Sep 2017 14:18:14 INFO Get char: 觿
Sun, 24 Sep 2017 14:18:15 INFO Get char: 言
Sun, 24 Sep 2017 14:18:17 INFO -- username: 覃思言, id: 1651423841
Sun, 24 Sep 2017 14:18:17 INFO -- username: 古言言兑, id: 1945628267
Sun, 24 Sep 2017 14:18:17 INFO -- username: 卮言倥侗, id: 5911053515
Sun, 24 Sep 2017 14:18:17 INFO -- username: 覃思言, id: 1651423841
Sun, 24 Sep 2017 14:18:17 INFO -- username: 覃思言, id: 1651423841
Sun, 24 Sep 2017 14:18:17 INFO Get char: 訄
Sun, 24 Sep 2017 14:18:17 INFO Get char: 訇
Sun, 24 Sep 2017 14:18:18 INFO Get char: 訚
Sun, 24 Sep 2017 14:18:18 INFO Get char: 訾
Sun, 24 Sep 2017 14:18:19 INFO Get char: 詈
Sun, 24 Sep 2017 14:18:20 INFO Get char: 詟
Sun, 24 Sep 2017 14:18:21 INFO Get char: 詹
Sun, 24 Sep 2017 14:18:21 INFO Get char: 誉
Sun, 24 Sep 2017 14:18:22 INFO Get char: 誊
Sun, 24 Sep 2017 14:18:22 INFO Get char: 誓
Sun, 24 Sep 2017 14:18:23 INFO Get char: 謇
Sun, 24 Sep 2017 14:18:23 INFO Get char: 警
Sun, 24 Sep 2017 14:18:24 INFO Get char: 譬
Sun, 24 Sep 2017 14:18:25 INFO Get char: 计
Sun, 24 Sep 2017 14:18:26 INFO -- username: 搞设计的门门, id: 5736411527
Sun, 24 Sep 2017 14:18:26 INFO -- username: 一设空计, id: 5409144279
Sun, 24 Sep 2017 14:18:26 INFO -- username: 小让室内设计, id: 5692550186
Sun, 24 Sep 2017 14:18:26 INFO -- username: 小让室内设计, id: 5692550186
Sun, 24 Sep 2017 14:18:26 INFO Get char: 订
Sun, 24 Sep 2017 14:18:28 INFO -- username: 白訂先生, id: 5684645120
Sun, 24 Sep 2017 14:18:28 INFO -- username: 白訂先生, id: 5684645120
Sun, 24 Sep 2017 14:18:28 INFO Get char: 讣
Sun, 24 Sep 2017 14:18:28 INFO Get char: 认
Sun, 24 Sep 2017 14:18:29 INFO Get char: 讥
Sun, 24 Sep 2017 14:18:29 INFO Get char: 讦
Sun, 24 Sep 2017 14:18:30 INFO Get char: 讧
Sun, 24 Sep 2017 14:18:31 INFO Get char: 讨
Sun, 24 Sep 2017 14:18:32 INFO Get char: 让
Sun, 24 Sep 2017 14:18:33 INFO -- username: 小让室内设计, id: 5692550186
Sun, 24 Sep 2017 14:18:33 INFO -- username: 敢不敢让我走运, id: 3286733534
Sun, 24 Sep 2017 14:18:33 INFO -- username: 敢不敢让我走运, id: 3286733534
Sun, 24 Sep 2017 14:18:33 INFO Get char: 讪
Sun, 24 Sep 2017 14:18:33 INFO Get char: 讫
Sun, 24 Sep 2017 14:18:34 INFO Get char: 训
Sun, 24 Sep 2017 14:18:34 INFO Get char: 议
Sun, 24 Sep 2017 14:18:35 INFO Get char: 讯
Sun, 24 Sep 2017 14:18:35 INFO Get char: 记
Sun, 24 Sep 2017 14:18:36 INFO -- username: 项记, id: 1748176667
Sun, 24 Sep 2017 14:18:36 INFO -- username: 惦记211, id: 3376881850
Sun, 24 Sep 2017 14:18:36 INFO -- username: 阿酱的减肥日记, id: 6032387365
Sun, 24 Sep 2017 14:18:36 INFO -- username: ling-z日记, id: 6037373625
Sun, 24 Sep 2017 14:18:36 INFO -- username: 小陈子的成长日记, id: 1609100545
Sun, 24 Sep 2017 14:18:36 INFO -- username: 小陈子的成长日记, id: 1609100545
Sun, 24 Sep 2017 14:18:36 INFO Get char: 讱
Sun, 24 Sep 2017 14:18:37 INFO Get char: 讲
Sun, 24 Sep 2017 14:18:38 INFO -- username: 讲道理的尚大仁, id: 2000353385
Sun, 24 Sep 2017 14:18:38 INFO -- username: 讲道理的尚大仁, id: 2000353385
Sun, 24 Sep 2017 14:18:38 INFO Get char: 讳
Sun, 24 Sep 2017 14:18:39 INFO Get char: 讴
Sun, 24 Sep 2017 14:18:40 INFO Get char: 讵
Sun, 24 Sep 2017 14:18:40 INFO Get char: 讶
Sun, 24 Sep 2017 14:18:41 INFO Get char: 讷
Sun, 24 Sep 2017 14:18:41 INFO Get char: 许
Sun, 24 Sep 2017 14:18:42 INFO Get char: 讹
Sun, 24 Sep 2017 14:18:43 INFO Get char: 论
Sun, 24 Sep 2017 14:18:44 INFO Get char: 讻
Sun, 24 Sep 2017 14:18:45 INFO Get char: 讼
Sun, 24 Sep 2017 14:18:46 INFO Get char: 讽
Sun, 24 Sep 2017 14:18:47 INFO Get char: 设
Sun, 24 Sep 2017 14:18:48 INFO -- username: 一设空计, id: 5409144279
Sun, 24 Sep 2017 14:18:48 INFO -- username: 搞设计的门门, id: 5736411527
Sun, 24 Sep 2017 14:18:48 INFO -- username: 小让室内设计, id: 5692550186
Sun, 24 Sep 2017 14:18:48 INFO -- username: 小让室内设计, id: 5692550186
Sun, 24 Sep 2017 14:18:48 INFO Get char: 访
Sun, 24 Sep 2017 14:18:49 INFO Get char: 诀
Sun, 24 Sep 2017 14:18:50 INFO Get char: 证
Sun, 24 Sep 2017 14:18:50 INFO Get char: 诂
Sun, 24 Sep 2017 14:18:51 INFO Get char: 诃
Sun, 24 Sep 2017 14:18:52 INFO Get char: 评
Sun, 24 Sep 2017 14:18:52 INFO Get char: 诅
Sun, 24 Sep 2017 14:18:53 INFO Get char: 识
Sun, 24 Sep 2017 14:18:54 INFO Get char: 诇
Sun, 24 Sep 2017 14:18:55 INFO Get char: 诈
Sun, 24 Sep 2017 14:18:56 INFO Get char: 诉
Sun, 24 Sep 2017 14:18:57 INFO Get char: 诊
Sun, 24 Sep 2017 14:18:57 INFO Get char: 诋
Sun, 24 Sep 2017 14:18:59 INFO Get char: 诌
Sun, 24 Sep 2017 14:19:00 INFO Get char: 词
Sun, 24 Sep 2017 14:19:01 INFO Get char: 诎
Sun, 24 Sep 2017 14:19:01 INFO Get char: 诏
Sun, 24 Sep 2017 14:19:02 INFO Get char: 诐
Sun, 24 Sep 2017 14:19:03 INFO Get char: 译
Sun, 24 Sep 2017 14:19:04 INFO Get char: 诒
Sun, 24 Sep 2017 14:19:05 INFO Get char: 诓
Sun, 24 Sep 2017 14:19:06 INFO Get char: 诔
Sun, 24 Sep 2017 14:19:07 INFO Get char: 试
Sun, 24 Sep 2017 14:19:08 INFO Get char: 诖
Sun, 24 Sep 2017 14:19:09 INFO Get char: 诗
Sun, 24 Sep 2017 14:19:10 INFO -- username: -诗婷i, id: 5234733994
Sun, 24 Sep 2017 14:19:10 INFO -- username: M夜的诗人J, id: 3625422753
Sun, 24 Sep 2017 14:19:10 INFO -- username: M夜的诗人J, id: 3625422753
Sun, 24 Sep 2017 14:19:10 INFO Get char: 诘
Sun, 24 Sep 2017 14:19:11 INFO Get char: 诙
Sun, 24 Sep 2017 14:19:12 INFO Get char: 诚
Sun, 24 Sep 2017 14:19:13 INFO Get char: 诛
Sun, 24 Sep 2017 14:19:13 INFO Get char: 诜
Sun, 24 Sep 2017 14:19:14 INFO Get char: 话
Sun, 24 Sep 2017 14:19:16 INFO -- username: 情话619, id: 5093984834
Sun, 24 Sep 2017 14:19:16 INFO -- username: 情话619, id: 5093984834
Sun, 24 Sep 2017 14:19:16 INFO Get char: 诞
Sun, 24 Sep 2017 14:19:17 INFO -- username: 格格不入的怪诞, id: 3234117980
Sun, 24 Sep 2017 14:19:17 INFO -- username: 格格不入的怪诞, id: 3234117980
Sun, 24 Sep 2017 14:19:17 INFO Get char: 诟
Sun, 24 Sep 2017 14:19:18 INFO Get char: 诠
Sun, 24 Sep 2017 14:19:18 INFO Get char: 诡
Sun, 24 Sep 2017 14:19:20 INFO Get char: 询
Sun, 24 Sep 2017 14:19:20 INFO Get char: 诣
Sun, 24 Sep 2017 14:19:21 INFO Get char: 诤
Sun, 24 Sep 2017 14:19:22 INFO Get char: 该
Sun, 24 Sep 2017 14:19:23 INFO Get char: 详
Sun, 24 Sep 2017 14:19:23 INFO Get char: 诧
Sun, 24 Sep 2017 14:19:24 INFO Get char: 诨
Sun, 24 Sep 2017 14:19:25 INFO Get char: 诩
Sun, 24 Sep 2017 14:19:25 INFO Get char: 诫
Sun, 24 Sep 2017 14:19:26 INFO Get char: 诬
Sun, 24 Sep 2017 14:19:27 INFO Get char: 语
Sun, 24 Sep 2017 14:19:28 INFO Get char: 诮
Sun, 24 Sep 2017 14:19:28 INFO Get char: 误
Sun, 24 Sep 2017 14:19:29 INFO Get char: 诰
Sun, 24 Sep 2017 14:19:30 INFO Get char: 诱
Sun, 24 Sep 2017 14:19:31 INFO Get char: 诲
Sun, 24 Sep 2017 14:19:32 INFO Get char: 诳
Sun, 24 Sep 2017 14:19:32 INFO Get char: 说
Sun, 24 Sep 2017 14:19:34 INFO -- username: 你说着LQ, id: 5170506850
Sun, 24 Sep 2017 14:19:34 INFO -- username: 天亮说晚安____张雅舒, id: 2646559151
Sun, 24 Sep 2017 14:19:34 INFO -- username: 或者说你倩儿爷现在正在转运, id: 2691652767
Sun, 24 Sep 2017 14:19:34 INFO -- username: 或者说你倩儿爷现在正在转运, id: 2691652767
Sun, 24 Sep 2017 14:19:34 INFO Get char: 诵
Sun, 24 Sep 2017 14:19:34 INFO Get char: 请
