Mon, 25 Sep 2017 07:12:22 INFO Personal uid: 5484499509, name: 格木gly
Mon, 25 Sep 2017 07:12:22 INFO Starting new HTTPS connection (1): weibo.com
Mon, 25 Sep 2017 07:12:22 INFO -- Personal pageId: 1005055484499509
Mon, 25 Sep 2017 07:12:22 INFO ---- Get Personal Info
Mon, 25 Sep 2017 07:12:22 INFO Starting new HTTPS connection (1): weibo.com
Mon, 25 Sep 2017 07:12:24 INFO ---- Get Personal Fans
Mon, 25 Sep 2017 07:12:25 INFO ------ Personal Fans Page: 1
Mon, 25 Sep 2017 07:12:25 INFO Starting new HTTPS connection (1): weibo.com
Mon, 25 Sep 2017 07:12:27 INFO ------ Personal Fans Page: 2
Mon, 25 Sep 2017 07:12:27 INFO Starting new HTTPS connection (1): weibo.com
Mon, 25 Sep 2017 07:12:28 INFO ------ Personal Fans Page: 3
Mon, 25 Sep 2017 07:12:28 INFO Starting new HTTPS connection (1): weibo.com
Mon, 25 Sep 2017 07:12:29 INFO ------ Personal Fans Page: 4
Mon, 25 Sep 2017 07:12:29 INFO Starting new HTTPS connection (1): weibo.com
Mon, 25 Sep 2017 07:12:30 INFO ------ Personal Fans Page: 5
Mon, 25 Sep 2017 07:12:30 INFO Starting new HTTPS connection (1): weibo.com
Mon, 25 Sep 2017 07:12:33 INFO ------ Personal Fans Page: 6
Mon, 25 Sep 2017 07:12:33 INFO Starting new HTTPS connection (1): weibo.com
Mon, 25 Sep 2017 07:12:33 INFO Personal uid: 5484720256, name: 安心84849
Mon, 25 Sep 2017 07:12:33 INFO Starting new HTTPS connection (1): weibo.com
Mon, 25 Sep 2017 07:12:34 INFO -- Personal pageId: 1005055484720256
Mon, 25 Sep 2017 07:12:34 INFO ---- Get Personal Info
Mon, 25 Sep 2017 07:12:34 INFO Starting new HTTPS connection (1): weibo.com
Mon, 25 Sep 2017 07:12:35 INFO ---- Get Personal Fans
Mon, 25 Sep 2017 07:12:37 INFO ------ Personal Fans Page: 1
Mon, 25 Sep 2017 07:12:37 INFO Starting new HTTPS connection (1): weibo.com
Mon, 25 Sep 2017 07:12:38 INFO ------ Personal Fans Page: 2
Mon, 25 Sep 2017 07:12:38 INFO Starting new HTTPS connection (1): weibo.com
Mon, 25 Sep 2017 07:12:39 INFO ------ Personal Fans Page: 3
Mon, 25 Sep 2017 07:12:39 INFO Starting new HTTPS connection (1): weibo.com
Mon, 25 Sep 2017 07:12:41 INFO ------ Personal Fans Page: 4
Mon, 25 Sep 2017 07:12:41 INFO Starting new HTTPS connection (1): weibo.com
Mon, 25 Sep 2017 07:12:41 INFO Personal uid: 5485917668, name: 夏天到了77973
Mon, 25 Sep 2017 07:12:41 INFO Starting new HTTPS connection (1): weibo.com
Mon, 25 Sep 2017 07:12:42 INFO -- Personal pageId: 1005055485917668
Mon, 25 Sep 2017 07:12:42 INFO ---- Get Personal Info
Mon, 25 Sep 2017 07:12:42 INFO Starting new HTTPS connection (1): weibo.com
Mon, 25 Sep 2017 07:12:43 INFO ---- Get Personal Fans
Mon, 25 Sep 2017 07:12:44 INFO ------ Personal Fans Page: 1
Mon, 25 Sep 2017 07:12:44 INFO Starting new HTTPS connection (1): weibo.com
Mon, 25 Sep 2017 07:12:45 INFO ------ Personal Fans Page: 2
Mon, 25 Sep 2017 07:12:45 INFO Starting new HTTPS connection (1): weibo.com
Mon, 25 Sep 2017 07:12:48 INFO ------ Personal Fans Page: 3
Mon, 25 Sep 2017 07:12:48 INFO Starting new HTTPS connection (1): weibo.com
Mon, 25 Sep 2017 07:12:50 INFO ------ Personal Fans Page: 4
Mon, 25 Sep 2017 07:12:50 INFO Starting new HTTPS connection (1): weibo.com
Mon, 25 Sep 2017 07:12:52 INFO ------ Personal Fans Page: 5
Mon, 25 Sep 2017 07:12:52 INFO Starting new HTTPS connection (1): weibo.com
Mon, 25 Sep 2017 07:12:55 INFO ------ Personal Fans Page: 6
Mon, 25 Sep 2017 07:12:55 INFO Starting new HTTPS connection (1): weibo.com
Mon, 25 Sep 2017 07:12:55 INFO Personal uid: 5486956052, name: 凯蟹堡
Mon, 25 Sep 2017 07:12:55 INFO Starting new HTTPS connection (1): weibo.com
Mon, 25 Sep 2017 07:12:56 INFO -- Personal pageId: 1005055486956052
Mon, 25 Sep 2017 07:12:56 INFO ---- Get Personal Info
Mon, 25 Sep 2017 07:12:56 INFO Starting new HTTPS connection (1): weibo.com
Mon, 25 Sep 2017 07:12:57 INFO ---- Get Personal Fans
Mon, 25 Sep 2017 07:12:58 INFO ------ Personal Fans Page: 1
Mon, 25 Sep 2017 07:12:58 INFO Starting new HTTPS connection (1): weibo.com
Mon, 25 Sep 2017 07:13:00 INFO ------ Personal Fans Page: 2
Mon, 25 Sep 2017 07:13:00 INFO Starting new HTTPS connection (1): weibo.com
Mon, 25 Sep 2017 07:13:01 INFO ------ Personal Fans Page: 3
Mon, 25 Sep 2017 07:13:01 INFO Starting new HTTPS connection (1): weibo.com
Mon, 25 Sep 2017 07:13:02 INFO ------ Personal Fans Page: 4
Mon, 25 Sep 2017 07:13:02 INFO Starting new HTTPS connection (1): weibo.com
Mon, 25 Sep 2017 07:13:03 INFO ------ Personal Fans Page: 5
Mon, 25 Sep 2017 07:13:03 INFO Starting new HTTPS connection (1): weibo.com
Mon, 25 Sep 2017 07:13:04 INFO ------ Personal Fans Page: 6
Mon, 25 Sep 2017 07:13:04 INFO Starting new HTTPS connection (1): weibo.com
Mon, 25 Sep 2017 07:13:04 INFO Personal uid: 5487347072, name: 鑫玺招商部总监丁静
Mon, 25 Sep 2017 07:13:04 INFO Starting new HTTPS connection (1): weibo.com
Mon, 25 Sep 2017 07:13:05 INFO -- Personal pageId: 1005055487347072
Mon, 25 Sep 2017 07:13:05 INFO ---- Get Personal Info
Mon, 25 Sep 2017 07:13:05 INFO Starting new HTTPS connection (1): weibo.com
Mon, 25 Sep 2017 07:13:06 INFO ---- Get Personal Fans
Mon, 25 Sep 2017 07:13:07 INFO ------ Personal Fans Page: 1
Mon, 25 Sep 2017 07:13:07 INFO Starting new HTTPS connection (1): weibo.com
Mon, 25 Sep 2017 07:13:10 INFO ------ Personal Fans Page: 2
Mon, 25 Sep 2017 07:13:10 INFO Starting new HTTPS connection (1): weibo.com
Mon, 25 Sep 2017 07:13:12 INFO ------ Personal Fans Page: 3
Mon, 25 Sep 2017 07:13:12 INFO Starting new HTTPS connection (1): weibo.com
Mon, 25 Sep 2017 07:13:14 INFO ------ Personal Fans Page: 4
Mon, 25 Sep 2017 07:13:14 INFO Starting new HTTPS connection (1): weibo.com
Mon, 25 Sep 2017 07:13:15 INFO ------ Personal Fans Page: 5
Mon, 25 Sep 2017 07:13:15 INFO Starting new HTTPS connection (1): weibo.com
Mon, 25 Sep 2017 07:13:17 INFO ------ Personal Fans Page: 6
Mon, 25 Sep 2017 07:13:17 INFO Starting new HTTPS connection (1): weibo.com
Mon, 25 Sep 2017 07:13:18 INFO Personal uid: 5488528679, name: baba正在输入中
Mon, 25 Sep 2017 07:13:18 INFO Starting new HTTPS connection (1): weibo.com
Mon, 25 Sep 2017 07:13:19 INFO -- Personal pageId: 1005055488528679
Mon, 25 Sep 2017 07:13:19 INFO ---- Get Personal Info
Mon, 25 Sep 2017 07:13:19 INFO Starting new HTTPS connection (1): weibo.com
Mon, 25 Sep 2017 07:13:20 INFO ---- Get Personal Fans
Mon, 25 Sep 2017 07:13:22 INFO ------ Personal Fans Page: 1
Mon, 25 Sep 2017 07:13:22 INFO Starting new HTTPS connection (1): weibo.com
Mon, 25 Sep 2017 07:13:24 INFO ------ Personal Fans Page: 2
Mon, 25 Sep 2017 07:13:24 INFO Starting new HTTPS connection (1): weibo.com
Mon, 25 Sep 2017 07:13:25 INFO ------ Personal Fans Page: 3
Mon, 25 Sep 2017 07:13:25 INFO Starting new HTTPS connection (1): weibo.com
Mon, 25 Sep 2017 07:13:26 INFO ------ Personal Fans Page: 4
Mon, 25 Sep 2017 07:13:26 INFO Starting new HTTPS connection (1): weibo.com
Mon, 25 Sep 2017 07:13:28 INFO ------ Personal Fans Page: 5
Mon, 25 Sep 2017 07:13:28 INFO Starting new HTTPS connection (1): weibo.com
Mon, 25 Sep 2017 07:13:30 INFO ------ Personal Fans Page: 6
Mon, 25 Sep 2017 07:13:30 INFO Starting new HTTPS connection (1): weibo.com
Mon, 25 Sep 2017 07:13:31 INFO Personal uid: 5489683582, name: 王虹景
Mon, 25 Sep 2017 07:13:31 INFO Starting new HTTPS connection (1): weibo.com
Mon, 25 Sep 2017 07:13:32 INFO -- Personal pageId: 1005055489683582
Mon, 25 Sep 2017 07:13:32 INFO ---- Get Personal Info
Mon, 25 Sep 2017 07:13:32 INFO Starting new HTTPS connection (1): weibo.com
Mon, 25 Sep 2017 07:13:33 INFO ---- Get Personal Fans
Mon, 25 Sep 2017 07:13:35 INFO ------ Personal Fans Page: 1
Mon, 25 Sep 2017 07:13:35 INFO Starting new HTTPS connection (1): weibo.com
Mon, 25 Sep 2017 07:13:36 INFO ------ Personal Fans Page: 2
Mon, 25 Sep 2017 07:13:36 INFO Starting new HTTPS connection (1): weibo.com
Mon, 25 Sep 2017 07:13:38 INFO ------ Personal Fans Page: 3
Mon, 25 Sep 2017 07:13:38 INFO Starting new HTTPS connection (1): weibo.com
Mon, 25 Sep 2017 07:13:39 INFO ------ Personal Fans Page: 4
Mon, 25 Sep 2017 07:13:39 INFO Starting new HTTPS connection (1): weibo.com
Mon, 25 Sep 2017 07:13:41 INFO ------ Personal Fans Page: 5
Mon, 25 Sep 2017 07:13:41 INFO Starting new HTTPS connection (1): weibo.com
Mon, 25 Sep 2017 07:13:42 INFO ------ Personal Fans Page: 6
Mon, 25 Sep 2017 07:13:42 INFO Starting new HTTPS connection (1): weibo.com
Mon, 25 Sep 2017 07:13:42 INFO Personal uid: 5491006204, name: 遥漂的心
Mon, 25 Sep 2017 07:13:42 INFO Starting new HTTPS connection (1): weibo.com
Mon, 25 Sep 2017 07:13:44 INFO -- Personal pageId: 1005055491006204
Mon, 25 Sep 2017 07:13:44 INFO ---- Get Personal Info
Mon, 25 Sep 2017 07:13:44 INFO Starting new HTTPS connection (1): weibo.com
Mon, 25 Sep 2017 07:13:44 INFO ---- Get Personal Fans
Mon, 25 Sep 2017 07:13:44 INFO ------ Personal Fans Page: 1
Mon, 25 Sep 2017 07:13:44 INFO Starting new HTTPS connection (1): weibo.com
Mon, 25 Sep 2017 07:13:48 INFO ------ Personal Fans Page: 2
Mon, 25 Sep 2017 07:13:48 INFO Starting new HTTPS connection (1): weibo.com
Mon, 25 Sep 2017 07:13:49 INFO ------ Personal Fans Page: 3
Mon, 25 Sep 2017 07:13:49 INFO Starting new HTTPS connection (1): weibo.com
Mon, 25 Sep 2017 07:13:51 INFO ------ Personal Fans Page: 4
Mon, 25 Sep 2017 07:13:51 INFO Starting new HTTPS connection (1): weibo.com
Mon, 25 Sep 2017 07:13:53 INFO ------ Personal Fans Page: 5
Mon, 25 Sep 2017 07:13:53 INFO Starting new HTTPS connection (1): weibo.com
Mon, 25 Sep 2017 07:13:56 INFO ------ Personal Fans Page: 6
Mon, 25 Sep 2017 07:13:56 INFO Starting new HTTPS connection (1): weibo.com
Mon, 25 Sep 2017 07:13:57 INFO Personal uid: 5491628772, name: 贝贝姑娘儿
Mon, 25 Sep 2017 07:13:57 INFO Starting new HTTPS connection (1): weibo.com
Mon, 25 Sep 2017 07:13:58 INFO -- Personal pageId: 1005055491628772
Mon, 25 Sep 2017 07:13:58 INFO ---- Get Personal Info
Mon, 25 Sep 2017 07:13:58 INFO Starting new HTTPS connection (1): weibo.com
Mon, 25 Sep 2017 07:13:59 INFO ---- Get Personal Fans
Mon, 25 Sep 2017 07:13:59 INFO ------ Personal Fans Page: 1
Mon, 25 Sep 2017 07:13:59 INFO Starting new HTTPS connection (1): weibo.com
Mon, 25 Sep 2017 07:14:01 INFO ------ Personal Fans Page: 2
Mon, 25 Sep 2017 07:14:01 INFO Starting new HTTPS connection (1): weibo.com
Mon, 25 Sep 2017 07:14:02 INFO ------ Personal Fans Page: 3
Mon, 25 Sep 2017 07:14:02 INFO Starting new HTTPS connection (1): weibo.com
Mon, 25 Sep 2017 07:14:03 INFO ------ Personal Fans Page: 4
Mon, 25 Sep 2017 07:14:03 INFO Starting new HTTPS connection (1): weibo.com
Mon, 25 Sep 2017 07:14:04 INFO ------ Personal Fans Page: 5
Mon, 25 Sep 2017 07:14:04 INFO Starting new HTTPS connection (1): weibo.com
Mon, 25 Sep 2017 07:14:06 INFO ------ Personal Fans Page: 6
Mon, 25 Sep 2017 07:14:06 INFO Starting new HTTPS connection (1): weibo.com
Mon, 25 Sep 2017 07:14:07 INFO Personal uid: 5491858913, name: 蜂蜜味的大马蜂
Mon, 25 Sep 2017 07:14:07 INFO Starting new HTTPS connection (1): weibo.com
Mon, 25 Sep 2017 07:14:08 INFO -- Personal pageId: 1005055491858913
Mon, 25 Sep 2017 07:14:08 INFO ---- Get Personal Info
Mon, 25 Sep 2017 07:14:08 INFO Starting new HTTPS connection (1): weibo.com
Mon, 25 Sep 2017 07:14:08 INFO ---- Get Personal Fans
Mon, 25 Sep 2017 07:14:09 INFO ------ Personal Fans Page: 1
Mon, 25 Sep 2017 07:14:09 INFO Starting new HTTPS connection (1): weibo.com
Mon, 25 Sep 2017 07:14:11 INFO ------ Personal Fans Page: 2
Mon, 25 Sep 2017 07:14:11 INFO Starting new HTTPS connection (1): weibo.com
Mon, 25 Sep 2017 07:14:13 INFO ------ Personal Fans Page: 3
Mon, 25 Sep 2017 07:14:13 INFO Starting new HTTPS connection (1): weibo.com
Mon, 25 Sep 2017 07:14:15 INFO ------ Personal Fans Page: 4
Mon, 25 Sep 2017 07:14:15 INFO Starting new HTTPS connection (1): weibo.com
Mon, 25 Sep 2017 07:14:16 INFO ------ Personal Fans Page: 5
Mon, 25 Sep 2017 07:14:16 INFO Starting new HTTPS connection (1): weibo.com
Mon, 25 Sep 2017 07:14:17 INFO ------ Personal Fans Page: 6
Mon, 25 Sep 2017 07:14:17 INFO Starting new HTTPS connection (1): weibo.com
Mon, 25 Sep 2017 07:14:17 INFO Personal uid: 5492031160, name: 卡尔花生米
Mon, 25 Sep 2017 07:14:17 INFO Starting new HTTPS connection (1): weibo.com
Mon, 25 Sep 2017 07:14:18 INFO -- Personal pageId: 1005055492031160
Mon, 25 Sep 2017 07:14:18 INFO ---- Get Personal Info
Mon, 25 Sep 2017 07:14:18 INFO Starting new HTTPS connection (1): weibo.com
Mon, 25 Sep 2017 07:14:18 INFO ---- Get Personal Fans
Mon, 25 Sep 2017 07:14:20 INFO ------ Personal Fans Page: 1
Mon, 25 Sep 2017 07:14:20 INFO Starting new HTTPS connection (1): weibo.com
Mon, 25 Sep 2017 07:14:22 INFO ------ Personal Fans Page: 2
Mon, 25 Sep 2017 07:14:22 INFO Starting new HTTPS connection (1): weibo.com
Mon, 25 Sep 2017 07:14:23 INFO ------ Personal Fans Page: 3
Mon, 25 Sep 2017 07:14:23 INFO Starting new HTTPS connection (1): weibo.com
Mon, 25 Sep 2017 07:14:25 INFO ------ Personal Fans Page: 4
Mon, 25 Sep 2017 07:14:25 INFO Starting new HTTPS connection (1): weibo.com
Mon, 25 Sep 2017 07:14:25 INFO ------ Personal Fans Page: 5
Mon, 25 Sep 2017 07:14:25 INFO Starting new HTTPS connection (1): weibo.com
Mon, 25 Sep 2017 07:14:27 INFO ------ Personal Fans Page: 6
Mon, 25 Sep 2017 07:14:27 INFO Starting new HTTPS connection (1): weibo.com
Mon, 25 Sep 2017 07:14:28 INFO Personal uid: 5492045983, name: 做不到的总有一天会做到
Mon, 25 Sep 2017 07:14:28 INFO Starting new HTTPS connection (1): weibo.com
Mon, 25 Sep 2017 07:14:29 INFO -- Personal pageId: 1005055492045983
Mon, 25 Sep 2017 07:14:29 INFO ---- Get Personal Info
Mon, 25 Sep 2017 07:14:29 INFO Starting new HTTPS connection (1): weibo.com
Mon, 25 Sep 2017 07:14:30 INFO ---- Get Personal Fans
Mon, 25 Sep 2017 07:14:31 INFO ------ Personal Fans Page: 1
Mon, 25 Sep 2017 07:14:31 INFO Starting new HTTPS connection (1): weibo.com
Mon, 25 Sep 2017 07:14:37 INFO ------ Personal Fans Page: 2
Mon, 25 Sep 2017 07:14:37 INFO Starting new HTTPS connection (1): weibo.com
Mon, 25 Sep 2017 07:14:39 INFO ------ Personal Fans Page: 3
Mon, 25 Sep 2017 07:14:39 INFO Starting new HTTPS connection (1): weibo.com
Mon, 25 Sep 2017 07:14:40 INFO Personal uid: 5492128228, name: 糖糖罐罐sky
Mon, 25 Sep 2017 07:14:40 INFO Starting new HTTPS connection (1): weibo.com
Mon, 25 Sep 2017 07:14:41 INFO -- Personal pageId: 1005055492128228
Mon, 25 Sep 2017 07:14:41 INFO ---- Get Personal Info
Mon, 25 Sep 2017 07:14:41 INFO Starting new HTTPS connection (1): weibo.com
Mon, 25 Sep 2017 07:14:42 INFO ---- Get Personal Fans
Mon, 25 Sep 2017 07:14:42 INFO ------ Personal Fans Page: 1
Mon, 25 Sep 2017 07:14:42 INFO Starting new HTTPS connection (1): weibo.com
Mon, 25 Sep 2017 07:14:44 INFO ------ Personal Fans Page: 2
Mon, 25 Sep 2017 07:14:44 INFO Starting new HTTPS connection (1): weibo.com
Mon, 25 Sep 2017 07:14:46 INFO ------ Personal Fans Page: 3
Mon, 25 Sep 2017 07:14:46 INFO Starting new HTTPS connection (1): weibo.com
Mon, 25 Sep 2017 07:14:48 INFO ------ Personal Fans Page: 4
Mon, 25 Sep 2017 07:14:48 INFO Starting new HTTPS connection (1): weibo.com
Mon, 25 Sep 2017 07:14:50 INFO ------ Personal Fans Page: 5
Mon, 25 Sep 2017 07:14:50 INFO Starting new HTTPS connection (1): weibo.com
Mon, 25 Sep 2017 07:14:51 INFO ------ Personal Fans Page: 6
Mon, 25 Sep 2017 07:14:51 INFO Starting new HTTPS connection (1): weibo.com
Mon, 25 Sep 2017 07:14:52 INFO Personal uid: 5492468485, name: Hui_LUCK
Mon, 25 Sep 2017 07:14:52 INFO Starting new HTTPS connection (1): weibo.com
Mon, 25 Sep 2017 07:14:53 INFO -- Personal pageId: 1005055492468485
Mon, 25 Sep 2017 07:14:53 INFO ---- Get Personal Info
Mon, 25 Sep 2017 07:14:53 INFO Starting new HTTPS connection (1): weibo.com
Mon, 25 Sep 2017 07:14:54 INFO ---- Get Personal Fans
Mon, 25 Sep 2017 07:14:54 INFO ------ Personal Fans Page: 1
Mon, 25 Sep 2017 07:14:54 INFO Starting new HTTPS connection (1): weibo.com
Mon, 25 Sep 2017 07:14:55 INFO ------ Personal Fans Page: 2
Mon, 25 Sep 2017 07:14:55 INFO Starting new HTTPS connection (1): weibo.com
Mon, 25 Sep 2017 07:14:57 INFO ------ Personal Fans Page: 3
Mon, 25 Sep 2017 07:14:57 INFO Starting new HTTPS connection (1): weibo.com
Mon, 25 Sep 2017 07:14:59 INFO ------ Personal Fans Page: 4
Mon, 25 Sep 2017 07:14:59 INFO Starting new HTTPS connection (1): weibo.com
Mon, 25 Sep 2017 07:15:01 INFO ------ Personal Fans Page: 5
Mon, 25 Sep 2017 07:15:01 INFO Starting new HTTPS connection (1): weibo.com
Mon, 25 Sep 2017 07:15:03 INFO ------ Personal Fans Page: 6
Mon, 25 Sep 2017 07:15:03 INFO Starting new HTTPS connection (1): weibo.com
Mon, 25 Sep 2017 07:15:04 INFO Personal uid: 5493457304, name: 拂晓在行动
Mon, 25 Sep 2017 07:15:04 INFO Starting new HTTPS connection (1): weibo.com
Mon, 25 Sep 2017 07:15:04 INFO -- Personal pageId: 1005055493457304
Mon, 25 Sep 2017 07:15:04 INFO ---- Get Personal Info
Mon, 25 Sep 2017 07:15:04 INFO Starting new HTTPS connection (1): weibo.com
Mon, 25 Sep 2017 07:15:05 INFO ---- Get Personal Fans
Mon, 25 Sep 2017 07:15:07 INFO ------ Personal Fans Page: 1
Mon, 25 Sep 2017 07:15:07 INFO Starting new HTTPS connection (1): weibo.com
Mon, 25 Sep 2017 07:15:08 INFO ------ Personal Fans Page: 2
Mon, 25 Sep 2017 07:15:08 INFO Starting new HTTPS connection (1): weibo.com
Mon, 25 Sep 2017 07:15:09 INFO ------ Personal Fans Page: 3
Mon, 25 Sep 2017 07:15:09 INFO Starting new HTTPS connection (1): weibo.com
Mon, 25 Sep 2017 07:15:12 INFO ------ Personal Fans Page: 4
Mon, 25 Sep 2017 07:15:12 INFO Starting new HTTPS connection (1): weibo.com
Mon, 25 Sep 2017 07:15:15 INFO ------ Personal Fans Page: 5
Mon, 25 Sep 2017 07:15:15 INFO Starting new HTTPS connection (1): weibo.com
Mon, 25 Sep 2017 07:15:17 INFO ------ Personal Fans Page: 6
Mon, 25 Sep 2017 07:15:17 INFO Starting new HTTPS connection (1): weibo.com
Mon, 25 Sep 2017 07:15:18 INFO Personal uid: 5493506832, name: 夏树志04293
Mon, 25 Sep 2017 07:15:18 INFO Starting new HTTPS connection (1): weibo.com
Mon, 25 Sep 2017 07:15:19 INFO -- Personal pageId: 1005055493506832
Mon, 25 Sep 2017 07:15:19 INFO ---- Get Personal Info
Mon, 25 Sep 2017 07:15:19 INFO Starting new HTTPS connection (1): weibo.com
Mon, 25 Sep 2017 07:15:20 INFO ---- Get Personal Fans
Mon, 25 Sep 2017 07:15:22 INFO ------ Personal Fans Page: 1
Mon, 25 Sep 2017 07:15:22 INFO Starting new HTTPS connection (1): weibo.com
Mon, 25 Sep 2017 07:15:24 INFO ------ Personal Fans Page: 2
Mon, 25 Sep 2017 07:15:24 INFO Starting new HTTPS connection (1): weibo.com
Mon, 25 Sep 2017 07:15:25 INFO ------ Personal Fans Page: 3
Mon, 25 Sep 2017 07:15:25 INFO Starting new HTTPS connection (1): weibo.com
Mon, 25 Sep 2017 07:15:28 INFO ------ Personal Fans Page: 4
Mon, 25 Sep 2017 07:15:28 INFO Starting new HTTPS connection (1): weibo.com
Mon, 25 Sep 2017 07:15:29 INFO ------ Personal Fans Page: 5
Mon, 25 Sep 2017 07:15:29 INFO Starting new HTTPS connection (1): weibo.com
Mon, 25 Sep 2017 07:15:30 INFO Personal uid: 5493746986, name: 阿紫幸福生活
Mon, 25 Sep 2017 07:15:30 INFO Starting new HTTPS connection (1): weibo.com
Mon, 25 Sep 2017 07:15:31 INFO -- Personal pageId: 1005055493746986
Mon, 25 Sep 2017 07:15:31 INFO ---- Get Personal Info
Mon, 25 Sep 2017 07:15:31 INFO Starting new HTTPS connection (1): weibo.com
Mon, 25 Sep 2017 07:15:32 INFO ---- Get Personal Fans
Mon, 25 Sep 2017 07:15:33 INFO ------ Personal Fans Page: 1
Mon, 25 Sep 2017 07:15:33 INFO Starting new HTTPS connection (1): weibo.com
Mon, 25 Sep 2017 07:15:33 INFO ------ Personal Fans Page: 2
Mon, 25 Sep 2017 07:15:33 INFO Starting new HTTPS connection (1): weibo.com
Mon, 25 Sep 2017 07:15:36 INFO ------ Personal Fans Page: 3
Mon, 25 Sep 2017 07:15:36 INFO Starting new HTTPS connection (1): weibo.com
Mon, 25 Sep 2017 07:15:37 INFO ------ Personal Fans Page: 4
Mon, 25 Sep 2017 07:15:37 INFO Starting new HTTPS connection (1): weibo.com
Mon, 25 Sep 2017 07:15:38 INFO Personal uid: 5494455824, name: 颜小旭desind
Mon, 25 Sep 2017 07:15:38 INFO Starting new HTTPS connection (1): weibo.com
Mon, 25 Sep 2017 07:15:39 INFO -- Personal pageId: 1005055494455824
Mon, 25 Sep 2017 07:15:39 INFO ---- Get Personal Info
Mon, 25 Sep 2017 07:15:39 INFO Starting new HTTPS connection (1): weibo.com
Mon, 25 Sep 2017 07:15:40 INFO ---- Get Personal Fans
Mon, 25 Sep 2017 07:15:41 INFO ------ Personal Fans Page: 1
Mon, 25 Sep 2017 07:15:41 INFO Starting new HTTPS connection (1): weibo.com
Mon, 25 Sep 2017 07:15:43 INFO ------ Personal Fans Page: 2
Mon, 25 Sep 2017 07:15:43 INFO Starting new HTTPS connection (1): weibo.com
Mon, 25 Sep 2017 07:15:44 INFO Personal uid: 5494596224, name: 張凱蜀黍
Mon, 25 Sep 2017 07:15:44 INFO Starting new HTTPS connection (1): weibo.com
Mon, 25 Sep 2017 07:15:44 INFO -- Personal pageId: 1005055494596224
Mon, 25 Sep 2017 07:15:44 INFO ---- Get Personal Info
Mon, 25 Sep 2017 07:15:44 INFO Starting new HTTPS connection (1): weibo.com
Mon, 25 Sep 2017 07:15:46 INFO ---- Get Personal Fans
Mon, 25 Sep 2017 07:15:47 INFO ------ Personal Fans Page: 1
Mon, 25 Sep 2017 07:15:47 INFO Starting new HTTPS connection (1): weibo.com
Mon, 25 Sep 2017 07:15:48 INFO ------ Personal Fans Page: 2
Mon, 25 Sep 2017 07:15:48 INFO Starting new HTTPS connection (1): weibo.com
Mon, 25 Sep 2017 07:15:50 INFO ------ Personal Fans Page: 3
Mon, 25 Sep 2017 07:15:50 INFO Starting new HTTPS connection (1): weibo.com
Mon, 25 Sep 2017 07:15:52 INFO ------ Personal Fans Page: 4
Mon, 25 Sep 2017 07:15:52 INFO Starting new HTTPS connection (1): weibo.com
Mon, 25 Sep 2017 07:15:52 INFO Personal uid: 5498961409, name: 轩小舞0318
Mon, 25 Sep 2017 07:15:52 INFO Starting new HTTPS connection (1): weibo.com
Mon, 25 Sep 2017 07:15:53 INFO -- Personal pageId: 1005055498961409
Mon, 25 Sep 2017 07:15:53 INFO ---- Get Personal Info
Mon, 25 Sep 2017 07:15:53 INFO Starting new HTTPS connection (1): weibo.com
Mon, 25 Sep 2017 07:15:55 INFO ---- Get Personal Fans
Mon, 25 Sep 2017 07:15:55 INFO ------ Personal Fans Page: 1
Mon, 25 Sep 2017 07:15:55 INFO Starting new HTTPS connection (1): weibo.com
Mon, 25 Sep 2017 07:15:58 INFO ------ Personal Fans Page: 2
Mon, 25 Sep 2017 07:15:58 INFO Starting new HTTPS connection (1): weibo.com
Mon, 25 Sep 2017 07:16:00 INFO ------ Personal Fans Page: 3
Mon, 25 Sep 2017 07:16:00 INFO Starting new HTTPS connection (1): weibo.com
Mon, 25 Sep 2017 07:16:02 INFO ------ Personal Fans Page: 4
Mon, 25 Sep 2017 07:16:02 INFO Starting new HTTPS connection (1): weibo.com
Mon, 25 Sep 2017 07:16:04 INFO ------ Personal Fans Page: 5
Mon, 25 Sep 2017 07:16:04 INFO Starting new HTTPS connection (1): weibo.com
Mon, 25 Sep 2017 07:16:06 INFO ------ Personal Fans Page: 6
Mon, 25 Sep 2017 07:16:06 INFO Starting new HTTPS connection (1): weibo.com
Mon, 25 Sep 2017 07:16:06 INFO Personal uid: 5499762437, name: 灵魂LT014
