Sun, 24 Sep 2017 21:49:11 INFO Personal uid: 5736411527, name: 搞设计的门门
Sun, 24 Sep 2017 21:49:13 INFO -- Personal pageId: 1005055736411527
Sun, 24 Sep 2017 21:49:13 INFO ---- Get Personal Info
Sun, 24 Sep 2017 21:49:15 INFO ---- Get Personal Fans
Sun, 24 Sep 2017 21:49:15 INFO ------ Personal Fans Page: 1
Sun, 24 Sep 2017 21:49:17 INFO ------ Personal Fans Page: 2
Sun, 24 Sep 2017 21:49:18 INFO ------ Personal Fans Page: 3
Sun, 24 Sep 2017 21:49:21 INFO ------ Personal Fans Page: 4
Sun, 24 Sep 2017 21:49:23 INFO ------ Personal Fans Page: 5
Sun, 24 Sep 2017 21:49:24 INFO ------ Personal Fans Page: 6
Sun, 24 Sep 2017 21:49:25 INFO ------ Personal Fans Page: 7
Sun, 24 Sep 2017 21:49:27 INFO ------ Personal Fans Page: 8
Sun, 24 Sep 2017 21:49:30 INFO ------ Personal Fans Page: 9
Sun, 24 Sep 2017 21:49:35 INFO ------ Personal Fans Page: 10
Sun, 24 Sep 2017 21:49:36 INFO ------ Personal Fans Page: 11
Sun, 24 Sep 2017 21:49:38 INFO ------ Personal Fans Page: 12
Sun, 24 Sep 2017 21:49:39 INFO Personal uid: 5736522636, name: 朵格格妞
Sun, 24 Sep 2017 21:49:41 INFO -- Personal pageId: 1005055736522636
Sun, 24 Sep 2017 21:49:41 INFO ---- Get Personal Info
Sun, 24 Sep 2017 21:49:42 INFO ---- Get Personal Fans
Sun, 24 Sep 2017 21:49:42 INFO ------ Personal Fans Page: 1
Sun, 24 Sep 2017 21:49:43 INFO ------ Personal Fans Page: 2
Sun, 24 Sep 2017 21:49:45 INFO ------ Personal Fans Page: 3
Sun, 24 Sep 2017 21:49:48 INFO ------ Personal Fans Page: 4
Sun, 24 Sep 2017 21:49:49 INFO ------ Personal Fans Page: 5
Sun, 24 Sep 2017 21:49:50 INFO ------ Personal Fans Page: 6
Sun, 24 Sep 2017 21:49:52 INFO ------ Personal Fans Page: 7
Sun, 24 Sep 2017 21:49:53 INFO ------ Personal Fans Page: 8
Sun, 24 Sep 2017 21:49:54 INFO ------ Personal Fans Page: 9
Sun, 24 Sep 2017 21:49:55 INFO ------ Personal Fans Page: 10
Sun, 24 Sep 2017 21:49:56 INFO ------ Personal Fans Page: 11
Sun, 24 Sep 2017 21:49:57 INFO ------ Personal Fans Page: 12
Sun, 24 Sep 2017 21:49:59 INFO ------ Personal Fans Page: 13
Sun, 24 Sep 2017 21:50:01 INFO ------ Personal Fans Page: 14
Sun, 24 Sep 2017 21:50:02 INFO ------ Personal Fans Page: 15
Sun, 24 Sep 2017 21:50:04 INFO ------ Personal Fans Page: 16
Sun, 24 Sep 2017 21:50:05 INFO ------ Personal Fans Page: 17
Sun, 24 Sep 2017 21:50:06 INFO ------ Personal Fans Page: 18
Sun, 24 Sep 2017 21:50:07 INFO ------ Personal Fans Page: 19
Sun, 24 Sep 2017 21:50:08 INFO ------ Personal Fans Page: 20
Sun, 24 Sep 2017 21:50:09 INFO ------ Personal Fans Page: 21
Sun, 24 Sep 2017 21:50:10 INFO Personal uid: 5736628005, name: 爱胖次的丸子
Sun, 24 Sep 2017 21:50:13 INFO -- Personal pageId: 1005055736628005
Sun, 24 Sep 2017 21:50:13 INFO ---- Get Personal Info
Sun, 24 Sep 2017 21:50:14 INFO ---- Get Personal Fans
Sun, 24 Sep 2017 21:50:14 INFO ------ Personal Fans Page: 1
Sun, 24 Sep 2017 21:50:17 INFO ------ Personal Fans Page: 2
Sun, 24 Sep 2017 21:50:18 INFO ------ Personal Fans Page: 3
Sun, 24 Sep 2017 21:50:19 INFO ------ Personal Fans Page: 4
Sun, 24 Sep 2017 21:50:20 INFO ------ Personal Fans Page: 5
Sun, 24 Sep 2017 21:50:23 INFO ------ Personal Fans Page: 6
Sun, 24 Sep 2017 21:50:24 INFO ------ Personal Fans Page: 7
Sun, 24 Sep 2017 21:50:26 INFO ------ Personal Fans Page: 8
Sun, 24 Sep 2017 21:50:28 INFO ------ Personal Fans Page: 9
Sun, 24 Sep 2017 21:50:30 INFO ------ Personal Fans Page: 10
Sun, 24 Sep 2017 21:50:33 INFO ------ Personal Fans Page: 11
Sun, 24 Sep 2017 21:50:36 INFO ------ Personal Fans Page: 12
Sun, 24 Sep 2017 21:50:39 INFO ------ Personal Fans Page: 13
Sun, 24 Sep 2017 21:50:41 INFO ------ Personal Fans Page: 14
Sun, 24 Sep 2017 21:50:43 INFO ------ Personal Fans Page: 15
Sun, 24 Sep 2017 21:50:45 INFO ------ Personal Fans Page: 16
Sun, 24 Sep 2017 21:50:47 INFO ------ Personal Fans Page: 17
Sun, 24 Sep 2017 21:50:48 INFO ------ Personal Fans Page: 18
Sun, 24 Sep 2017 21:50:49 INFO ------ Personal Fans Page: 19
Sun, 24 Sep 2017 21:50:50 INFO ------ Personal Fans Page: 20
Sun, 24 Sep 2017 21:50:51 INFO ------ Personal Fans Page: 21
Sun, 24 Sep 2017 21:50:53 INFO ------ Personal Fans Page: 22
Sun, 24 Sep 2017 21:50:54 INFO ------ Personal Fans Page: 23
Sun, 24 Sep 2017 21:50:56 INFO ------ Personal Fans Page: 24
Sun, 24 Sep 2017 21:50:57 INFO ------ Personal Fans Page: 25
Sun, 24 Sep 2017 21:50:58 INFO ------ Personal Fans Page: 26
Sun, 24 Sep 2017 21:51:00 INFO ------ Personal Fans Page: 27
Sun, 24 Sep 2017 21:51:02 INFO ------ Personal Fans Page: 28
Sun, 24 Sep 2017 21:51:03 INFO ------ Personal Fans Page: 29
Sun, 24 Sep 2017 21:51:04 INFO ------ Personal Fans Page: 30
Sun, 24 Sep 2017 21:51:05 INFO ------ Personal Fans Page: 31
Sun, 24 Sep 2017 21:51:07 INFO ------ Personal Fans Page: 32
Sun, 24 Sep 2017 21:51:08 INFO ------ Personal Fans Page: 33
Sun, 24 Sep 2017 21:51:10 INFO ------ Personal Fans Page: 34
Sun, 24 Sep 2017 21:51:12 INFO ------ Personal Fans Page: 35
Sun, 24 Sep 2017 21:51:14 INFO ------ Personal Fans Page: 36
Sun, 24 Sep 2017 21:51:15 INFO ------ Personal Fans Page: 37
Sun, 24 Sep 2017 21:51:17 INFO ------ Personal Fans Page: 38
Sun, 24 Sep 2017 21:51:18 INFO ------ Personal Fans Page: 39
Sun, 24 Sep 2017 21:51:21 INFO ------ Personal Fans Page: 40
Sun, 24 Sep 2017 21:51:22 INFO ------ Personal Fans Page: 41
Sun, 24 Sep 2017 21:51:24 INFO Personal uid: 5737269292, name: 王有晴sunny数据组
Sun, 24 Sep 2017 21:51:25 INFO -- Personal pageId: 1005055737269292
Sun, 24 Sep 2017 21:51:25 INFO ---- Get Personal Info
Sun, 24 Sep 2017 21:51:27 INFO ---- Get Personal Fans
Sun, 24 Sep 2017 21:51:27 INFO ------ Personal Fans Page: 1
Sun, 24 Sep 2017 21:51:28 INFO ------ Personal Fans Page: 2
Sun, 24 Sep 2017 21:51:29 INFO ------ Personal Fans Page: 3
Sun, 24 Sep 2017 21:51:30 INFO ------ Personal Fans Page: 4
Sun, 24 Sep 2017 21:51:31 INFO ------ Personal Fans Page: 5
Sun, 24 Sep 2017 21:51:32 INFO ------ Personal Fans Page: 6
Sun, 24 Sep 2017 21:51:33 INFO ------ Personal Fans Page: 7
Sun, 24 Sep 2017 21:51:34 INFO ------ Personal Fans Page: 8
Sun, 24 Sep 2017 21:51:35 INFO ------ Personal Fans Page: 9
Sun, 24 Sep 2017 21:51:35 INFO ------ Personal Fans Page: 10
Sun, 24 Sep 2017 21:51:37 INFO ------ Personal Fans Page: 11
Sun, 24 Sep 2017 21:51:38 INFO ------ Personal Fans Page: 12
Sun, 24 Sep 2017 21:51:39 INFO ------ Personal Fans Page: 13
Sun, 24 Sep 2017 21:51:40 INFO ------ Personal Fans Page: 14
Sun, 24 Sep 2017 21:51:40 INFO ------ Personal Fans Page: 15
Sun, 24 Sep 2017 21:51:41 INFO ------ Personal Fans Page: 16
Sun, 24 Sep 2017 21:51:43 INFO ------ Personal Fans Page: 17
Sun, 24 Sep 2017 21:51:43 INFO ------ Personal Fans Page: 18
Sun, 24 Sep 2017 21:51:44 INFO ------ Personal Fans Page: 19
Sun, 24 Sep 2017 21:51:45 INFO ------ Personal Fans Page: 20
Sun, 24 Sep 2017 21:51:46 INFO ------ Personal Fans Page: 21
Sun, 24 Sep 2017 21:51:47 INFO ------ Personal Fans Page: 22
Sun, 24 Sep 2017 21:51:47 INFO ------ Personal Fans Page: 23
Sun, 24 Sep 2017 21:51:48 INFO ------ Personal Fans Page: 24
Sun, 24 Sep 2017 21:51:49 INFO ------ Personal Fans Page: 25
Sun, 24 Sep 2017 21:51:50 INFO ------ Personal Fans Page: 26
Sun, 24 Sep 2017 21:51:50 INFO ------ Personal Fans Page: 27
Sun, 24 Sep 2017 21:51:51 INFO ------ Personal Fans Page: 28
Sun, 24 Sep 2017 21:51:52 INFO ------ Personal Fans Page: 29
Sun, 24 Sep 2017 21:51:53 INFO ------ Personal Fans Page: 30
Sun, 24 Sep 2017 21:51:54 INFO ------ Personal Fans Page: 31
Sun, 24 Sep 2017 21:51:55 INFO ------ Personal Fans Page: 32
Sun, 24 Sep 2017 21:51:56 INFO ------ Personal Fans Page: 33
Sun, 24 Sep 2017 21:51:57 INFO ------ Personal Fans Page: 34
Sun, 24 Sep 2017 21:51:57 INFO ------ Personal Fans Page: 35
Sun, 24 Sep 2017 21:51:58 INFO ------ Personal Fans Page: 36
Sun, 24 Sep 2017 21:51:59 INFO ------ Personal Fans Page: 37
Sun, 24 Sep 2017 21:52:00 INFO ------ Personal Fans Page: 38
Sun, 24 Sep 2017 21:52:01 INFO ------ Personal Fans Page: 39
Sun, 24 Sep 2017 21:52:02 INFO ------ Personal Fans Page: 40
Sun, 24 Sep 2017 21:52:03 INFO ------ Personal Fans Page: 41
Sun, 24 Sep 2017 21:52:04 INFO ------ Personal Fans Page: 42
Sun, 24 Sep 2017 21:52:05 INFO ------ Personal Fans Page: 43
Sun, 24 Sep 2017 21:52:06 INFO ------ Personal Fans Page: 44
Sun, 24 Sep 2017 21:52:06 INFO ------ Personal Fans Page: 45
Sun, 24 Sep 2017 21:52:07 INFO ------ Personal Fans Page: 46
Sun, 24 Sep 2017 21:52:08 INFO ------ Personal Fans Page: 47
Sun, 24 Sep 2017 21:52:09 INFO ------ Personal Fans Page: 48
Sun, 24 Sep 2017 21:52:10 INFO ------ Personal Fans Page: 49
Sun, 24 Sep 2017 21:52:11 INFO ------ Personal Fans Page: 50
Sun, 24 Sep 2017 21:52:11 INFO ------ Personal Fans Page: 51
Sun, 24 Sep 2017 21:52:12 INFO ------ Personal Fans Page: 52
Sun, 24 Sep 2017 21:52:13 INFO ------ Personal Fans Page: 53
Sun, 24 Sep 2017 21:52:14 INFO ------ Personal Fans Page: 54
Sun, 24 Sep 2017 21:52:15 INFO ------ Personal Fans Page: 55
Sun, 24 Sep 2017 21:52:16 INFO ------ Personal Fans Page: 56
Sun, 24 Sep 2017 21:52:17 INFO ------ Personal Fans Page: 57
Sun, 24 Sep 2017 21:52:18 INFO Personal uid: 5737798988, name: Silent梟
Sun, 24 Sep 2017 21:52:19 INFO -- Personal pageId: 1005055737798988
Sun, 24 Sep 2017 21:52:19 INFO ---- Get Personal Info
Sun, 24 Sep 2017 21:52:20 INFO ---- Get Personal Fans
Sun, 24 Sep 2017 21:52:20 INFO ------ Personal Fans Page: 1
Sun, 24 Sep 2017 21:52:21 INFO ------ Personal Fans Page: 2
Sun, 24 Sep 2017 21:52:22 INFO ------ Personal Fans Page: 3
Sun, 24 Sep 2017 21:52:23 INFO Personal uid: 5738281204, name: ss方17615
Sun, 24 Sep 2017 21:52:24 INFO -- Personal pageId: 1005055738281204
Sun, 24 Sep 2017 21:52:24 INFO ---- Get Personal Info
Sun, 24 Sep 2017 21:52:26 INFO ---- Get Personal Fans
Sun, 24 Sep 2017 21:52:26 INFO ------ Personal Fans Page: 1
Sun, 24 Sep 2017 21:52:26 INFO ------ Personal Fans Page: 2
Sun, 24 Sep 2017 21:52:27 INFO ------ Personal Fans Page: 3
Sun, 24 Sep 2017 21:52:28 INFO ------ Personal Fans Page: 4
Sun, 24 Sep 2017 21:52:29 INFO ------ Personal Fans Page: 5
Sun, 24 Sep 2017 21:52:30 INFO ------ Personal Fans Page: 6
Sun, 24 Sep 2017 21:52:30 INFO ------ Personal Fans Page: 7
Sun, 24 Sep 2017 21:52:31 INFO ------ Personal Fans Page: 8
Sun, 24 Sep 2017 21:52:32 INFO ------ Personal Fans Page: 9
Sun, 24 Sep 2017 21:52:32 INFO ------ Personal Fans Page: 10
Sun, 24 Sep 2017 21:52:33 INFO ------ Personal Fans Page: 11
Sun, 24 Sep 2017 21:52:34 INFO ------ Personal Fans Page: 12
Sun, 24 Sep 2017 21:52:35 INFO ------ Personal Fans Page: 13
Sun, 24 Sep 2017 21:52:36 INFO ------ Personal Fans Page: 14
Sun, 24 Sep 2017 21:52:37 INFO ------ Personal Fans Page: 15
Sun, 24 Sep 2017 21:52:37 INFO ------ Personal Fans Page: 16
Sun, 24 Sep 2017 21:52:38 INFO ------ Personal Fans Page: 17
Sun, 24 Sep 2017 21:52:39 INFO ------ Personal Fans Page: 18
Sun, 24 Sep 2017 21:52:40 INFO ------ Personal Fans Page: 19
Sun, 24 Sep 2017 21:52:41 INFO ------ Personal Fans Page: 20
Sun, 24 Sep 2017 21:52:41 INFO ------ Personal Fans Page: 21
Sun, 24 Sep 2017 21:52:43 INFO Personal uid: 5738457193, name: YY张逗逗
Sun, 24 Sep 2017 21:52:44 INFO -- Personal pageId: 1005055738457193
Sun, 24 Sep 2017 21:52:44 INFO ---- Get Personal Info
Sun, 24 Sep 2017 21:52:46 INFO ---- Get Personal Fans
Sun, 24 Sep 2017 21:52:46 INFO ------ Personal Fans Page: 1
Sun, 24 Sep 2017 21:52:47 INFO ------ Personal Fans Page: 2
Sun, 24 Sep 2017 21:52:48 INFO ------ Personal Fans Page: 3
Sun, 24 Sep 2017 21:52:48 INFO ------ Personal Fans Page: 4
Sun, 24 Sep 2017 21:52:49 INFO ------ Personal Fans Page: 5
Sun, 24 Sep 2017 21:52:50 INFO ------ Personal Fans Page: 6
Sun, 24 Sep 2017 21:52:50 INFO ------ Personal Fans Page: 7
Sun, 24 Sep 2017 21:52:51 INFO ------ Personal Fans Page: 8
Sun, 24 Sep 2017 21:52:52 INFO Personal uid: 5738524942, name: 杰西卡sama
Sun, 24 Sep 2017 21:52:53 INFO -- Personal pageId: 1005055738524942
Sun, 24 Sep 2017 21:52:53 INFO ---- Get Personal Info
Sun, 24 Sep 2017 21:52:54 INFO ---- Get Personal Fans
Sun, 24 Sep 2017 21:52:54 INFO ------ Personal Fans Page: 1
Sun, 24 Sep 2017 21:52:56 INFO ------ Personal Fans Page: 2
Sun, 24 Sep 2017 21:52:57 INFO ------ Personal Fans Page: 3
Sun, 24 Sep 2017 21:52:58 INFO ------ Personal Fans Page: 4
Sun, 24 Sep 2017 21:52:59 INFO ------ Personal Fans Page: 5
Sun, 24 Sep 2017 21:52:59 INFO ------ Personal Fans Page: 6
Sun, 24 Sep 2017 21:53:00 INFO ------ Personal Fans Page: 7
Sun, 24 Sep 2017 21:53:01 INFO ------ Personal Fans Page: 8
Sun, 24 Sep 2017 21:53:01 INFO ------ Personal Fans Page: 9
Sun, 24 Sep 2017 21:53:02 INFO ------ Personal Fans Page: 10
Sun, 24 Sep 2017 21:53:03 INFO ------ Personal Fans Page: 11
Sun, 24 Sep 2017 21:53:04 INFO ------ Personal Fans Page: 12
Sun, 24 Sep 2017 21:53:04 INFO ------ Personal Fans Page: 13
Sun, 24 Sep 2017 21:53:05 INFO Personal uid: 5738720680, name: LY520819
Sun, 24 Sep 2017 21:53:06 INFO -- Personal pageId: 1005055738720680
Sun, 24 Sep 2017 21:53:06 INFO ---- Get Personal Info
Sun, 24 Sep 2017 21:53:08 INFO ---- Get Personal Fans
Sun, 24 Sep 2017 21:53:08 INFO ------ Personal Fans Page: 1
Sun, 24 Sep 2017 21:53:09 INFO ------ Personal Fans Page: 2
Sun, 24 Sep 2017 21:53:10 INFO ------ Personal Fans Page: 3
Sun, 24 Sep 2017 21:53:11 INFO ------ Personal Fans Page: 4
Sun, 24 Sep 2017 21:53:12 INFO ------ Personal Fans Page: 5
Sun, 24 Sep 2017 21:53:13 INFO ------ Personal Fans Page: 6
Sun, 24 Sep 2017 21:53:15 INFO ------ Personal Fans Page: 7
Sun, 24 Sep 2017 21:53:15 INFO ------ Personal Fans Page: 8
Sun, 24 Sep 2017 21:53:16 INFO ------ Personal Fans Page: 9
Sun, 24 Sep 2017 21:53:17 INFO ------ Personal Fans Page: 10
Sun, 24 Sep 2017 21:53:18 INFO ------ Personal Fans Page: 11
Sun, 24 Sep 2017 21:53:19 INFO ------ Personal Fans Page: 12
Sun, 24 Sep 2017 21:53:20 INFO ------ Personal Fans Page: 13
Sun, 24 Sep 2017 21:53:21 INFO ------ Personal Fans Page: 14
Sun, 24 Sep 2017 21:53:21 INFO ------ Personal Fans Page: 15
Sun, 24 Sep 2017 21:53:22 INFO ------ Personal Fans Page: 16
Sun, 24 Sep 2017 21:53:23 INFO ------ Personal Fans Page: 17
Sun, 24 Sep 2017 21:53:24 INFO ------ Personal Fans Page: 18
Sun, 24 Sep 2017 21:53:25 INFO ------ Personal Fans Page: 19
Sun, 24 Sep 2017 21:53:26 INFO ------ Personal Fans Page: 20
Sun, 24 Sep 2017 21:53:26 INFO ------ Personal Fans Page: 21
Sun, 24 Sep 2017 21:53:27 INFO ------ Personal Fans Page: 22
Sun, 24 Sep 2017 21:53:29 INFO ------ Personal Fans Page: 23
Sun, 24 Sep 2017 21:53:29 INFO ------ Personal Fans Page: 24
Sun, 24 Sep 2017 21:53:30 INFO ------ Personal Fans Page: 25
Sun, 24 Sep 2017 21:53:31 INFO ------ Personal Fans Page: 26
Sun, 24 Sep 2017 21:53:32 INFO ------ Personal Fans Page: 27
Sun, 24 Sep 2017 21:53:33 INFO ------ Personal Fans Page: 28
Sun, 24 Sep 2017 21:53:35 INFO ------ Personal Fans Page: 29
Sun, 24 Sep 2017 21:53:36 INFO ------ Personal Fans Page: 30
Sun, 24 Sep 2017 21:53:36 INFO ------ Personal Fans Page: 31
Sun, 24 Sep 2017 21:53:37 INFO ------ Personal Fans Page: 32
Sun, 24 Sep 2017 21:53:38 INFO ------ Personal Fans Page: 33
Sun, 24 Sep 2017 21:53:39 INFO ------ Personal Fans Page: 34
Sun, 24 Sep 2017 21:53:40 INFO Personal uid: 5743256893, name: pig洋
Sun, 24 Sep 2017 21:53:40 INFO -- Personal pageId: 1005055743256893
Sun, 24 Sep 2017 21:53:40 INFO ---- Get Personal Info
Sun, 24 Sep 2017 21:53:42 INFO ---- Get Personal Fans
Sun, 24 Sep 2017 21:53:42 INFO ------ Personal Fans Page: 1
Sun, 24 Sep 2017 21:53:43 INFO ------ Personal Fans Page: 2
Sun, 24 Sep 2017 21:53:44 INFO ------ Personal Fans Page: 3
Sun, 24 Sep 2017 21:53:45 INFO ------ Personal Fans Page: 4
Sun, 24 Sep 2017 21:53:46 INFO ------ Personal Fans Page: 5
Sun, 24 Sep 2017 21:53:47 INFO ------ Personal Fans Page: 6
Sun, 24 Sep 2017 21:53:48 INFO ------ Personal Fans Page: 7
Sun, 24 Sep 2017 21:53:49 INFO ------ Personal Fans Page: 8
Sun, 24 Sep 2017 21:53:50 INFO ------ Personal Fans Page: 9
Sun, 24 Sep 2017 21:53:51 INFO ------ Personal Fans Page: 10
Sun, 24 Sep 2017 21:53:52 INFO ------ Personal Fans Page: 11
Sun, 24 Sep 2017 21:53:53 INFO Personal uid: 5743943729, name: MS格de小宇宙
Sun, 24 Sep 2017 21:53:54 INFO -- Personal pageId: 1005055743943729
Sun, 24 Sep 2017 21:53:54 INFO ---- Get Personal Info
Sun, 24 Sep 2017 21:53:55 INFO ---- Get Personal Fans
Sun, 24 Sep 2017 21:53:55 INFO ------ Personal Fans Page: 1
Sun, 24 Sep 2017 21:53:56 INFO ------ Personal Fans Page: 2
Sun, 24 Sep 2017 21:53:57 INFO ------ Personal Fans Page: 3
Sun, 24 Sep 2017 21:53:58 INFO ------ Personal Fans Page: 4
Sun, 24 Sep 2017 21:53:59 INFO ------ Personal Fans Page: 5
Sun, 24 Sep 2017 21:54:00 INFO ------ Personal Fans Page: 6
Sun, 24 Sep 2017 21:54:01 INFO ------ Personal Fans Page: 7
Sun, 24 Sep 2017 21:54:02 INFO ------ Personal Fans Page: 8
Sun, 24 Sep 2017 21:54:03 INFO ------ Personal Fans Page: 9
Sun, 24 Sep 2017 21:54:04 INFO ------ Personal Fans Page: 10
Sun, 24 Sep 2017 21:54:05 INFO ------ Personal Fans Page: 11
Sun, 24 Sep 2017 21:54:06 INFO ------ Personal Fans Page: 12
Sun, 24 Sep 2017 21:54:07 INFO ------ Personal Fans Page: 13
Sun, 24 Sep 2017 21:54:08 INFO ------ Personal Fans Page: 14
Sun, 24 Sep 2017 21:54:08 INFO ------ Personal Fans Page: 15
Sun, 24 Sep 2017 21:54:09 INFO ------ Personal Fans Page: 16
Sun, 24 Sep 2017 21:54:10 INFO ------ Personal Fans Page: 17
Sun, 24 Sep 2017 21:54:11 INFO ------ Personal Fans Page: 18
Sun, 24 Sep 2017 21:54:12 INFO ------ Personal Fans Page: 19
Sun, 24 Sep 2017 21:54:12 INFO ------ Personal Fans Page: 20
Sun, 24 Sep 2017 21:54:13 INFO ------ Personal Fans Page: 21
Sun, 24 Sep 2017 21:54:14 INFO ------ Personal Fans Page: 22
Sun, 24 Sep 2017 21:54:15 INFO ------ Personal Fans Page: 23
Sun, 24 Sep 2017 21:54:16 INFO ------ Personal Fans Page: 24
Sun, 24 Sep 2017 21:54:16 INFO ------ Personal Fans Page: 25
Sun, 24 Sep 2017 21:54:17 INFO ------ Personal Fans Page: 26
Sun, 24 Sep 2017 21:54:18 INFO ------ Personal Fans Page: 27
Sun, 24 Sep 2017 21:54:19 INFO ------ Personal Fans Page: 28
Sun, 24 Sep 2017 21:54:20 INFO ------ Personal Fans Page: 29
Sun, 24 Sep 2017 21:54:21 INFO ------ Personal Fans Page: 30
Sun, 24 Sep 2017 21:54:21 INFO Personal uid: 5743999418, name: 347950586WypFX
Sun, 24 Sep 2017 21:54:22 INFO -- Personal pageId: 1005055743999418
Sun, 24 Sep 2017 21:54:22 INFO ---- Get Personal Info
Sun, 24 Sep 2017 21:54:24 INFO ---- Get Personal Fans
Sun, 24 Sep 2017 21:54:24 INFO ------ Personal Fans Page: 1
Sun, 24 Sep 2017 21:54:24 INFO ------ Personal Fans Page: 2
Sun, 24 Sep 2017 21:54:25 INFO ------ Personal Fans Page: 3
Sun, 24 Sep 2017 21:54:26 INFO ------ Personal Fans Page: 4
Sun, 24 Sep 2017 21:54:28 INFO ------ Personal Fans Page: 5
Sun, 24 Sep 2017 21:54:28 INFO Personal uid: 5744184623, name: 西风破川
Sun, 24 Sep 2017 21:54:30 INFO -- Personal pageId: 1005055744184623
Sun, 24 Sep 2017 21:54:30 INFO ---- Get Personal Info
Sun, 24 Sep 2017 21:54:31 INFO ---- Get Personal Fans
Sun, 24 Sep 2017 21:54:31 INFO ------ Personal Fans Page: 1
Sun, 24 Sep 2017 21:54:32 INFO ------ Personal Fans Page: 2
Sun, 24 Sep 2017 21:54:33 INFO ------ Personal Fans Page: 3
Sun, 24 Sep 2017 21:54:34 INFO ------ Personal Fans Page: 4
Sun, 24 Sep 2017 21:54:34 INFO Personal uid: 5744453871, name: D佳佳仔
Sun, 24 Sep 2017 21:54:35 INFO -- Personal pageId: 1005055744453871
Sun, 24 Sep 2017 21:54:35 INFO ---- Get Personal Info
Sun, 24 Sep 2017 21:54:36 INFO ---- Get Personal Fans
Sun, 24 Sep 2017 21:54:36 INFO ------ Personal Fans Page: 1
Sun, 24 Sep 2017 21:54:38 INFO ------ Personal Fans Page: 2
Sun, 24 Sep 2017 21:54:39 INFO ------ Personal Fans Page: 3
Sun, 24 Sep 2017 21:54:40 INFO ------ Personal Fans Page: 4
Sun, 24 Sep 2017 21:54:42 INFO ------ Personal Fans Page: 5
Sun, 24 Sep 2017 21:54:42 INFO ------ Personal Fans Page: 6
Sun, 24 Sep 2017 21:54:43 INFO ------ Personal Fans Page: 7
Sun, 24 Sep 2017 21:54:44 INFO ------ Personal Fans Page: 8
Sun, 24 Sep 2017 21:54:45 INFO ------ Personal Fans Page: 9
Sun, 24 Sep 2017 21:54:46 INFO ------ Personal Fans Page: 10
Sun, 24 Sep 2017 21:54:47 INFO ------ Personal Fans Page: 11
Sun, 24 Sep 2017 21:54:48 INFO ------ Personal Fans Page: 12
Sun, 24 Sep 2017 21:54:49 INFO ------ Personal Fans Page: 13
Sun, 24 Sep 2017 21:54:50 INFO ------ Personal Fans Page: 14
Sun, 24 Sep 2017 21:54:50 INFO ------ Personal Fans Page: 15
Sun, 24 Sep 2017 21:54:51 INFO ------ Personal Fans Page: 16
Sun, 24 Sep 2017 21:54:52 INFO ------ Personal Fans Page: 17
Sun, 24 Sep 2017 21:54:52 INFO ------ Personal Fans Page: 18
Sun, 24 Sep 2017 21:54:54 INFO ------ Personal Fans Page: 19
Sun, 24 Sep 2017 21:54:55 INFO ------ Personal Fans Page: 20
Sun, 24 Sep 2017 21:54:56 INFO ------ Personal Fans Page: 21
Sun, 24 Sep 2017 21:54:56 INFO ------ Personal Fans Page: 22
Sun, 24 Sep 2017 21:54:57 INFO ------ Personal Fans Page: 23
Sun, 24 Sep 2017 21:54:58 INFO ------ Personal Fans Page: 24
Sun, 24 Sep 2017 21:54:59 INFO ------ Personal Fans Page: 25
Sun, 24 Sep 2017 21:55:00 INFO ------ Personal Fans Page: 26
Sun, 24 Sep 2017 21:55:02 INFO ------ Personal Fans Page: 27
Sun, 24 Sep 2017 21:55:04 INFO ------ Personal Fans Page: 28
Sun, 24 Sep 2017 21:55:06 INFO ------ Personal Fans Page: 29
Sun, 24 Sep 2017 21:55:07 INFO ------ Personal Fans Page: 30
Sun, 24 Sep 2017 21:55:08 INFO ------ Personal Fans Page: 31
Sun, 24 Sep 2017 21:55:09 INFO ------ Personal Fans Page: 32
Sun, 24 Sep 2017 21:55:10 INFO ------ Personal Fans Page: 33
Sun, 24 Sep 2017 21:55:11 INFO Personal uid: 5744732636, name: forever悦悦悦哥
Sun, 24 Sep 2017 21:55:14 INFO -- Personal pageId: 1005055744732636
Sun, 24 Sep 2017 21:55:14 INFO ---- Get Personal Info
Sun, 24 Sep 2017 21:55:14 INFO ---- Get Personal Fans
Sun, 24 Sep 2017 21:55:14 INFO ------ Personal Fans Page: 1
Sun, 24 Sep 2017 21:55:15 INFO ------ Personal Fans Page: 2
Sun, 24 Sep 2017 21:55:17 INFO ------ Personal Fans Page: 3
Sun, 24 Sep 2017 21:55:18 INFO ------ Personal Fans Page: 4
Sun, 24 Sep 2017 21:55:20 INFO ------ Personal Fans Page: 5
Sun, 24 Sep 2017 21:55:21 INFO ------ Personal Fans Page: 6
Sun, 24 Sep 2017 21:55:22 INFO ------ Personal Fans Page: 7
Sun, 24 Sep 2017 21:55:23 INFO ------ Personal Fans Page: 8
Sun, 24 Sep 2017 21:55:24 INFO ------ Personal Fans Page: 9
Sun, 24 Sep 2017 21:55:26 INFO ------ Personal Fans Page: 10
Sun, 24 Sep 2017 21:55:27 INFO ------ Personal Fans Page: 11
Sun, 24 Sep 2017 21:55:28 INFO ------ Personal Fans Page: 12
Sun, 24 Sep 2017 21:55:29 INFO ------ Personal Fans Page: 13
Sun, 24 Sep 2017 21:55:30 INFO ------ Personal Fans Page: 14
Sun, 24 Sep 2017 21:55:32 INFO ------ Personal Fans Page: 15
Sun, 24 Sep 2017 21:55:34 INFO ------ Personal Fans Page: 16
Sun, 24 Sep 2017 21:55:36 INFO ------ Personal Fans Page: 17
Sun, 24 Sep 2017 21:55:38 INFO ------ Personal Fans Page: 18
Sun, 24 Sep 2017 21:55:41 INFO ------ Personal Fans Page: 19
Sun, 24 Sep 2017 21:55:42 INFO Personal uid: 5744863752, name: 不在计较后果
Sun, 24 Sep 2017 21:55:44 INFO -- Personal pageId: 1005055744863752
Sun, 24 Sep 2017 21:55:44 INFO ---- Get Personal Info
Sun, 24 Sep 2017 21:55:45 INFO ---- Get Personal Fans
Sun, 24 Sep 2017 21:55:45 INFO ------ Personal Fans Page: 1
Sun, 24 Sep 2017 21:55:47 INFO ------ Personal Fans Page: 2
Sun, 24 Sep 2017 21:55:49 INFO ------ Personal Fans Page: 3
Sun, 24 Sep 2017 21:55:50 INFO Personal uid: 5746424041, name: HeIianthus
Sun, 24 Sep 2017 21:55:51 INFO -- Personal pageId: 1005055746424041
Sun, 24 Sep 2017 21:55:51 INFO ---- Get Personal Info
Sun, 24 Sep 2017 21:55:52 INFO ---- Get Personal Fans
Sun, 24 Sep 2017 21:55:52 INFO ------ Personal Fans Page: 1
Sun, 24 Sep 2017 21:55:53 INFO ------ Personal Fans Page: 2
Sun, 24 Sep 2017 21:55:55 INFO ------ Personal Fans Page: 3
Sun, 24 Sep 2017 21:55:56 INFO ------ Personal Fans Page: 4
Sun, 24 Sep 2017 21:55:57 INFO ------ Personal Fans Page: 5
Sun, 24 Sep 2017 21:55:58 INFO ------ Personal Fans Page: 6
Sun, 24 Sep 2017 21:55:59 INFO ------ Personal Fans Page: 7
Sun, 24 Sep 2017 21:56:01 INFO ------ Personal Fans Page: 8
Sun, 24 Sep 2017 21:56:03 INFO ------ Personal Fans Page: 9
Sun, 24 Sep 2017 21:56:04 INFO ------ Personal Fans Page: 10
Sun, 24 Sep 2017 21:56:05 INFO ------ Personal Fans Page: 11
Sun, 24 Sep 2017 21:56:06 INFO ------ Personal Fans Page: 12
Sun, 24 Sep 2017 21:56:07 INFO Personal uid: 5747030599, name: 酸奶味志龙-
Sun, 24 Sep 2017 21:56:10 INFO -- Personal pageId: 1005055747030599
Sun, 24 Sep 2017 21:56:10 INFO ---- Get Personal Info
Sun, 24 Sep 2017 21:56:10 INFO ---- Get Personal Fans
Sun, 24 Sep 2017 21:56:10 INFO ------ Personal Fans Page: 1
Sun, 24 Sep 2017 21:56:12 INFO ------ Personal Fans Page: 2
Sun, 24 Sep 2017 21:56:15 INFO ------ Personal Fans Page: 3
Sun, 24 Sep 2017 21:56:18 INFO ------ Personal Fans Page: 4
Sun, 24 Sep 2017 21:56:19 INFO ------ Personal Fans Page: 5
Sun, 24 Sep 2017 21:56:20 INFO ------ Personal Fans Page: 6
Sun, 24 Sep 2017 21:56:21 INFO ------ Personal Fans Page: 7
Sun, 24 Sep 2017 21:56:23 INFO Personal uid: 5748814968, name: LOVE丝丝想念
Sun, 24 Sep 2017 21:56:25 INFO -- Personal pageId: 1005055748814968
Sun, 24 Sep 2017 21:56:25 INFO ---- Get Personal Info
Sun, 24 Sep 2017 21:56:26 INFO ---- Get Personal Fans
Sun, 24 Sep 2017 21:56:26 INFO ------ Personal Fans Page: 1
Sun, 24 Sep 2017 21:56:27 INFO ------ Personal Fans Page: 2
Sun, 24 Sep 2017 21:56:29 INFO ------ Personal Fans Page: 3
Sun, 24 Sep 2017 21:56:29 INFO ------ Personal Fans Page: 4
Sun, 24 Sep 2017 21:56:30 INFO ------ Personal Fans Page: 5
Sun, 24 Sep 2017 21:56:31 INFO Personal uid: 5748936301, name: Susan_199003
Sun, 24 Sep 2017 21:56:32 INFO -- Personal pageId: 1005055748936301
Sun, 24 Sep 2017 21:56:32 INFO ---- Get Personal Info
Sun, 24 Sep 2017 21:56:33 INFO ---- Get Personal Fans
Sun, 24 Sep 2017 21:56:33 INFO ------ Personal Fans Page: 1
Sun, 24 Sep 2017 21:56:35 INFO ------ Personal Fans Page: 2
Sun, 24 Sep 2017 21:56:35 INFO ------ Personal Fans Page: 3
Sun, 24 Sep 2017 21:56:36 INFO ------ Personal Fans Page: 4
Sun, 24 Sep 2017 21:56:37 INFO ------ Personal Fans Page: 5
Sun, 24 Sep 2017 21:56:38 INFO ------ Personal Fans Page: 6
Sun, 24 Sep 2017 21:56:39 INFO ------ Personal Fans Page: 7
Sun, 24 Sep 2017 21:56:40 INFO ------ Personal Fans Page: 8
Sun, 24 Sep 2017 21:56:40 INFO ------ Personal Fans Page: 9
Sun, 24 Sep 2017 21:56:42 INFO Personal uid: 5749061582, name: 你好郑睿轩
Sun, 24 Sep 2017 21:56:43 INFO -- Personal pageId: 1005055749061582
Sun, 24 Sep 2017 21:56:43 INFO ---- Get Personal Info
Sun, 24 Sep 2017 21:56:44 INFO ---- Get Personal Fans
Sun, 24 Sep 2017 21:56:44 INFO ------ Personal Fans Page: 1
Sun, 24 Sep 2017 21:56:45 INFO ------ Personal Fans Page: 2
Sun, 24 Sep 2017 21:56:46 INFO ------ Personal Fans Page: 3
Sun, 24 Sep 2017 21:56:46 INFO ------ Personal Fans Page: 4
Sun, 24 Sep 2017 21:56:47 INFO ------ Personal Fans Page: 5
Sun, 24 Sep 2017 21:56:48 INFO ------ Personal Fans Page: 6
Sun, 24 Sep 2017 21:56:49 INFO ------ Personal Fans Page: 7
Sun, 24 Sep 2017 21:56:49 INFO ------ Personal Fans Page: 8
Sun, 24 Sep 2017 21:56:50 INFO ------ Personal Fans Page: 9
Sun, 24 Sep 2017 21:56:50 INFO ------ Personal Fans Page: 10
Sun, 24 Sep 2017 21:56:51 INFO Personal uid: 5749828416, name: 欢子_13321
Sun, 24 Sep 2017 21:56:52 INFO -- Personal pageId: 1005055749828416
Sun, 24 Sep 2017 21:56:52 INFO ---- Get Personal Info
Sun, 24 Sep 2017 21:56:53 INFO ---- Get Personal Fans
Sun, 24 Sep 2017 21:56:53 INFO ------ Personal Fans Page: 1
Sun, 24 Sep 2017 21:56:55 INFO ------ Personal Fans Page: 2
Sun, 24 Sep 2017 21:56:55 INFO ------ Personal Fans Page: 3
Sun, 24 Sep 2017 21:56:56 INFO ------ Personal Fans Page: 4
Sun, 24 Sep 2017 21:56:57 INFO ------ Personal Fans Page: 5
Sun, 24 Sep 2017 21:56:58 INFO ------ Personal Fans Page: 6
Sun, 24 Sep 2017 21:56:59 INFO ------ Personal Fans Page: 7
Sun, 24 Sep 2017 21:57:00 INFO Personal uid: 5750236203, name: 月野兔打dota
Sun, 24 Sep 2017 21:57:00 INFO -- Personal pageId: 1005055750236203
Sun, 24 Sep 2017 21:57:00 INFO ---- Get Personal Info
Sun, 24 Sep 2017 21:57:01 INFO ---- Get Personal Fans
Sun, 24 Sep 2017 21:57:01 INFO ------ Personal Fans Page: 1
Sun, 24 Sep 2017 21:57:02 INFO ------ Personal Fans Page: 2
Sun, 24 Sep 2017 21:57:04 INFO ------ Personal Fans Page: 3
Sun, 24 Sep 2017 21:57:04 INFO ------ Personal Fans Page: 4
Sun, 24 Sep 2017 21:57:05 INFO Personal uid: 5750808126, name: Dolliris
Sun, 24 Sep 2017 21:57:06 INFO -- Personal pageId: 1005055750808126
Sun, 24 Sep 2017 21:57:06 INFO ---- Get Personal Info
Sun, 24 Sep 2017 21:57:07 INFO ---- Get Personal Fans
Sun, 24 Sep 2017 21:57:07 INFO ------ Personal Fans Page: 1
Sun, 24 Sep 2017 21:57:08 INFO ------ Personal Fans Page: 2
Sun, 24 Sep 2017 21:57:09 INFO ------ Personal Fans Page: 3
Sun, 24 Sep 2017 21:57:10 INFO ------ Personal Fans Page: 4
Sun, 24 Sep 2017 21:57:10 INFO ------ Personal Fans Page: 5
Sun, 24 Sep 2017 21:57:11 INFO Personal uid: 5751804388, name: 健康快乐好时光
Sun, 24 Sep 2017 21:57:13 INFO -- Personal pageId: 1005055751804388
Sun, 24 Sep 2017 21:57:13 INFO ---- Get Personal Info
Sun, 24 Sep 2017 21:57:14 INFO ---- Get Personal Fans
Sun, 24 Sep 2017 21:57:14 INFO ------ Personal Fans Page: 1
Sun, 24 Sep 2017 21:57:16 INFO ------ Personal Fans Page: 2
Sun, 24 Sep 2017 21:57:17 INFO ------ Personal Fans Page: 3
Sun, 24 Sep 2017 21:57:18 INFO ------ Personal Fans Page: 4
Sun, 24 Sep 2017 21:57:19 INFO Personal uid: 5753788015, name: 唉哟啊哟哎哟
Sun, 24 Sep 2017 21:57:20 INFO -- Personal pageId: 1005055753788015
Sun, 24 Sep 2017 21:57:20 INFO ---- Get Personal Info
Sun, 24 Sep 2017 21:57:21 INFO ---- Get Personal Fans
Sun, 24 Sep 2017 21:57:21 INFO ------ Personal Fans Page: 1
Sun, 24 Sep 2017 21:57:23 INFO ------ Personal Fans Page: 2
Sun, 24 Sep 2017 21:57:23 INFO ------ Personal Fans Page: 3
Sun, 24 Sep 2017 21:57:24 INFO ------ Personal Fans Page: 4
Sun, 24 Sep 2017 21:57:26 INFO ------ Personal Fans Page: 5
Sun, 24 Sep 2017 21:57:27 INFO ------ Personal Fans Page: 6
Sun, 24 Sep 2017 21:57:27 INFO ------ Personal Fans Page: 7
Sun, 24 Sep 2017 21:57:28 INFO ------ Personal Fans Page: 8
Sun, 24 Sep 2017 21:57:29 INFO Personal uid: 5754702818, name: Tori-CHEN
Sun, 24 Sep 2017 21:57:30 INFO -- Personal pageId: 1005055754702818
Sun, 24 Sep 2017 21:57:30 INFO ---- Get Personal Info
Sun, 24 Sep 2017 21:57:31 INFO ---- Get Personal Fans
Sun, 24 Sep 2017 21:57:31 INFO ------ Personal Fans Page: 1
Sun, 24 Sep 2017 21:57:32 INFO ------ Personal Fans Page: 2
Sun, 24 Sep 2017 21:57:33 INFO ------ Personal Fans Page: 3
Sun, 24 Sep 2017 21:57:34 INFO ------ Personal Fans Page: 4
Sun, 24 Sep 2017 21:57:35 INFO ------ Personal Fans Page: 5
Sun, 24 Sep 2017 21:57:35 INFO ------ Personal Fans Page: 6
Sun, 24 Sep 2017 21:57:36 INFO ------ Personal Fans Page: 7
Sun, 24 Sep 2017 21:57:38 INFO ------ Personal Fans Page: 8
Sun, 24 Sep 2017 21:57:39 INFO ------ Personal Fans Page: 9
Sun, 24 Sep 2017 21:57:40 INFO ------ Personal Fans Page: 10
Sun, 24 Sep 2017 21:57:40 INFO ------ Personal Fans Page: 11
Sun, 24 Sep 2017 21:57:41 INFO ------ Personal Fans Page: 12
Sun, 24 Sep 2017 21:57:42 INFO ------ Personal Fans Page: 13
Sun, 24 Sep 2017 21:57:43 INFO ------ Personal Fans Page: 14
Sun, 24 Sep 2017 21:57:44 INFO ------ Personal Fans Page: 15
Sun, 24 Sep 2017 21:57:45 INFO ------ Personal Fans Page: 16
Sun, 24 Sep 2017 21:57:46 INFO ------ Personal Fans Page: 17
Sun, 24 Sep 2017 21:57:47 INFO ------ Personal Fans Page: 18
Sun, 24 Sep 2017 21:57:48 INFO ------ Personal Fans Page: 19
Sun, 24 Sep 2017 21:57:49 INFO ------ Personal Fans Page: 20
Sun, 24 Sep 2017 21:57:50 INFO ------ Personal Fans Page: 21
Sun, 24 Sep 2017 21:57:50 INFO ------ Personal Fans Page: 22
Sun, 24 Sep 2017 21:57:51 INFO ------ Personal Fans Page: 23
Sun, 24 Sep 2017 21:57:52 INFO ------ Personal Fans Page: 24
Sun, 24 Sep 2017 21:57:53 INFO ------ Personal Fans Page: 25
Sun, 24 Sep 2017 21:57:54 INFO ------ Personal Fans Page: 26
Sun, 24 Sep 2017 21:57:55 INFO ------ Personal Fans Page: 27
Sun, 24 Sep 2017 21:57:56 INFO ------ Personal Fans Page: 28
Sun, 24 Sep 2017 21:57:57 INFO ------ Personal Fans Page: 29
Sun, 24 Sep 2017 21:57:58 INFO ------ Personal Fans Page: 30
Sun, 24 Sep 2017 21:57:59 INFO ------ Personal Fans Page: 31
Sun, 24 Sep 2017 21:58:00 INFO ------ Personal Fans Page: 32
Sun, 24 Sep 2017 21:58:02 INFO ------ Personal Fans Page: 33
Sun, 24 Sep 2017 21:58:03 INFO ------ Personal Fans Page: 34
Sun, 24 Sep 2017 21:58:05 INFO ------ Personal Fans Page: 35
Sun, 24 Sep 2017 21:58:07 INFO ------ Personal Fans Page: 36
Sun, 24 Sep 2017 21:58:08 INFO ------ Personal Fans Page: 37
Sun, 24 Sep 2017 21:58:09 INFO ------ Personal Fans Page: 38
Sun, 24 Sep 2017 21:58:10 INFO Personal uid: 5756309483, name: 杭州Lepar许郭伟
Sun, 24 Sep 2017 21:58:12 INFO -- Personal pageId: 1005055756309483
Sun, 24 Sep 2017 21:58:12 INFO ---- Get Personal Info
Sun, 24 Sep 2017 21:58:13 INFO ---- Get Personal Fans
Sun, 24 Sep 2017 21:58:13 INFO ------ Personal Fans Page: 1
Sun, 24 Sep 2017 21:58:14 INFO ------ Personal Fans Page: 2
Sun, 24 Sep 2017 21:58:16 INFO ------ Personal Fans Page: 3
Sun, 24 Sep 2017 21:58:17 INFO ------ Personal Fans Page: 4
Sun, 24 Sep 2017 21:58:19 INFO ------ Personal Fans Page: 5
Sun, 24 Sep 2017 21:58:21 INFO Personal uid: 5757988598, name: 花青的幸福时光
Sun, 24 Sep 2017 21:58:23 INFO -- Personal pageId: 1005055757988598
Sun, 24 Sep 2017 21:58:23 INFO ---- Get Personal Info
Sun, 24 Sep 2017 21:58:25 INFO ---- Get Personal Fans
Sun, 24 Sep 2017 21:58:25 INFO ------ Personal Fans Page: 1
Sun, 24 Sep 2017 21:58:27 INFO ------ Personal Fans Page: 2
Sun, 24 Sep 2017 21:58:28 INFO ------ Personal Fans Page: 3
Sun, 24 Sep 2017 21:58:29 INFO ------ Personal Fans Page: 4
Sun, 24 Sep 2017 21:58:31 INFO ------ Personal Fans Page: 5
Sun, 24 Sep 2017 21:58:32 INFO ------ Personal Fans Page: 6
Sun, 24 Sep 2017 21:58:34 INFO ------ Personal Fans Page: 7
Sun, 24 Sep 2017 21:58:35 INFO Personal uid: 5760052836, name: 慧慧5760052836
Sun, 24 Sep 2017 21:58:38 INFO -- Personal pageId: 1005055760052836
Sun, 24 Sep 2017 21:58:38 INFO ---- Get Personal Info
Sun, 24 Sep 2017 21:58:39 INFO ---- Get Personal Fans
Sun, 24 Sep 2017 21:58:39 INFO ------ Personal Fans Page: 1
Sun, 24 Sep 2017 21:58:40 INFO ------ Personal Fans Page: 2
Sun, 24 Sep 2017 21:58:42 INFO ------ Personal Fans Page: 3
Sun, 24 Sep 2017 21:58:43 INFO ------ Personal Fans Page: 4
Sun, 24 Sep 2017 21:58:44 INFO ------ Personal Fans Page: 5
Sun, 24 Sep 2017 21:58:45 INFO ------ Personal Fans Page: 6
Sun, 24 Sep 2017 21:58:47 INFO ------ Personal Fans Page: 7
Sun, 24 Sep 2017 21:58:49 INFO ------ Personal Fans Page: 8
Sun, 24 Sep 2017 21:58:51 INFO ------ Personal Fans Page: 9
Sun, 24 Sep 2017 21:58:53 INFO ------ Personal Fans Page: 10
Sun, 24 Sep 2017 21:58:58 INFO ------ Personal Fans Page: 11
Sun, 24 Sep 2017 21:59:00 INFO Personal uid: 5760171549, name: 无望之时
Sun, 24 Sep 2017 21:59:02 INFO -- Personal pageId: 1005055760171549
Sun, 24 Sep 2017 21:59:02 INFO ---- Get Personal Info
Sun, 24 Sep 2017 21:59:03 INFO ---- Get Personal Fans
Sun, 24 Sep 2017 21:59:03 INFO ------ Personal Fans Page: 1
Sun, 24 Sep 2017 21:59:04 INFO ------ Personal Fans Page: 2
Sun, 24 Sep 2017 21:59:06 INFO ------ Personal Fans Page: 3
Sun, 24 Sep 2017 21:59:07 INFO ------ Personal Fans Page: 4
Sun, 24 Sep 2017 21:59:08 INFO Personal uid: 5761427448, name: 用户5761427448
Sun, 24 Sep 2017 21:59:10 INFO -- Personal pageId: 1005055761427448
Sun, 24 Sep 2017 21:59:10 INFO ---- Get Personal Info
Sun, 24 Sep 2017 21:59:12 INFO ---- Get Personal Fans
Sun, 24 Sep 2017 21:59:12 INFO ------ Personal Fans Page: 1
Sun, 24 Sep 2017 21:59:14 INFO ------ Personal Fans Page: 2
Sun, 24 Sep 2017 21:59:14 INFO Personal uid: 5762410023, name: QianQian82
Sun, 24 Sep 2017 21:59:16 INFO -- Personal pageId: 1005055762410023
Sun, 24 Sep 2017 21:59:16 INFO ---- Get Personal Info
Sun, 24 Sep 2017 21:59:16 INFO ---- Get Personal Fans
Sun, 24 Sep 2017 21:59:16 INFO ------ Personal Fans Page: 1
Sun, 24 Sep 2017 21:59:18 INFO ------ Personal Fans Page: 2
Sun, 24 Sep 2017 21:59:21 INFO ------ Personal Fans Page: 3
Sun, 24 Sep 2017 21:59:22 INFO ------ Personal Fans Page: 4
Sun, 24 Sep 2017 21:59:24 INFO ------ Personal Fans Page: 5
Sun, 24 Sep 2017 21:59:26 INFO ------ Personal Fans Page: 6
Sun, 24 Sep 2017 21:59:29 INFO ------ Personal Fans Page: 7
Sun, 24 Sep 2017 21:59:30 INFO ------ Personal Fans Page: 8
Sun, 24 Sep 2017 21:59:31 INFO ------ Personal Fans Page: 9
Sun, 24 Sep 2017 21:59:32 INFO ------ Personal Fans Page: 10
Sun, 24 Sep 2017 21:59:33 INFO ------ Personal Fans Page: 11
Sun, 24 Sep 2017 21:59:34 INFO ------ Personal Fans Page: 12
Sun, 24 Sep 2017 21:59:36 INFO ------ Personal Fans Page: 13
Sun, 24 Sep 2017 21:59:37 INFO ------ Personal Fans Page: 14
Sun, 24 Sep 2017 21:59:37 INFO ------ Personal Fans Page: 15
Sun, 24 Sep 2017 21:59:38 INFO ------ Personal Fans Page: 16
Sun, 24 Sep 2017 21:59:39 INFO ------ Personal Fans Page: 17
Sun, 24 Sep 2017 21:59:41 INFO ------ Personal Fans Page: 18
Sun, 24 Sep 2017 21:59:42 INFO Personal uid: 5763453536, name: 梦有乌托邦
Sun, 24 Sep 2017 21:59:44 INFO -- Personal pageId: 1005055763453536
Sun, 24 Sep 2017 21:59:44 INFO ---- Get Personal Info
Sun, 24 Sep 2017 21:59:45 INFO ---- Get Personal Fans
Sun, 24 Sep 2017 21:59:45 INFO ------ Personal Fans Page: 1
Sun, 24 Sep 2017 21:59:46 INFO ------ Personal Fans Page: 2
Sun, 24 Sep 2017 21:59:47 INFO ------ Personal Fans Page: 3
Sun, 24 Sep 2017 21:59:47 INFO ------ Personal Fans Page: 4
Sun, 24 Sep 2017 21:59:48 INFO ------ Personal Fans Page: 5
Sun, 24 Sep 2017 21:59:49 INFO ------ Personal Fans Page: 6
Sun, 24 Sep 2017 21:59:50 INFO ------ Personal Fans Page: 7
Sun, 24 Sep 2017 21:59:50 INFO ------ Personal Fans Page: 8
Sun, 24 Sep 2017 21:59:52 INFO ------ Personal Fans Page: 9
Sun, 24 Sep 2017 21:59:53 INFO ------ Personal Fans Page: 10
Sun, 24 Sep 2017 21:59:53 INFO ------ Personal Fans Page: 11
Sun, 24 Sep 2017 21:59:54 INFO Personal uid: 5766196197, name: please_Vgo
Sun, 24 Sep 2017 21:59:55 INFO -- Personal pageId: 1005055766196197
Sun, 24 Sep 2017 21:59:55 INFO ---- Get Personal Info
Sun, 24 Sep 2017 21:59:57 INFO ---- Get Personal Fans
Sun, 24 Sep 2017 21:59:57 INFO ------ Personal Fans Page: 1
Sun, 24 Sep 2017 21:59:58 INFO ------ Personal Fans Page: 2
Sun, 24 Sep 2017 21:59:59 INFO Personal uid: 5766340311, name: 少林shine
Sun, 24 Sep 2017 22:00:00 INFO -- Personal pageId: 1005055766340311
Sun, 24 Sep 2017 22:00:00 INFO ---- Get Personal Info
Sun, 24 Sep 2017 22:00:01 INFO ---- Get Personal Fans
Sun, 24 Sep 2017 22:00:01 INFO ------ Personal Fans Page: 1
Sun, 24 Sep 2017 22:00:02 INFO ------ Personal Fans Page: 2
Sun, 24 Sep 2017 22:00:03 INFO ------ Personal Fans Page: 3
Sun, 24 Sep 2017 22:00:04 INFO ------ Personal Fans Page: 4
Sun, 24 Sep 2017 22:00:04 INFO ------ Personal Fans Page: 5
Sun, 24 Sep 2017 22:00:05 INFO ------ Personal Fans Page: 6
Sun, 24 Sep 2017 22:00:06 INFO ------ Personal Fans Page: 7
Sun, 24 Sep 2017 22:00:07 INFO ------ Personal Fans Page: 8
Sun, 24 Sep 2017 22:00:07 INFO ------ Personal Fans Page: 9
Sun, 24 Sep 2017 22:00:08 INFO Personal uid: 5767149194, name: 唯愿无事常相伴儿
Sun, 24 Sep 2017 22:00:09 INFO -- Personal pageId: 1005055767149194
Sun, 24 Sep 2017 22:00:09 INFO ---- Get Personal Info
Sun, 24 Sep 2017 22:00:11 INFO ---- Get Personal Fans
Sun, 24 Sep 2017 22:00:11 INFO ------ Personal Fans Page: 1
Sun, 24 Sep 2017 22:00:12 INFO ------ Personal Fans Page: 2
Sun, 24 Sep 2017 22:00:13 INFO ------ Personal Fans Page: 3
Sun, 24 Sep 2017 22:00:13 INFO ------ Personal Fans Page: 4
Sun, 24 Sep 2017 22:00:14 INFO ------ Personal Fans Page: 5
Sun, 24 Sep 2017 22:00:15 INFO ------ Personal Fans Page: 6
Sun, 24 Sep 2017 22:00:16 INFO ------ Personal Fans Page: 7
Sun, 24 Sep 2017 22:00:17 INFO ------ Personal Fans Page: 8
Sun, 24 Sep 2017 22:00:18 INFO ------ Personal Fans Page: 9
Sun, 24 Sep 2017 22:00:18 INFO ------ Personal Fans Page: 10
Sun, 24 Sep 2017 22:00:19 INFO ------ Personal Fans Page: 11
Sun, 24 Sep 2017 22:00:20 INFO ------ Personal Fans Page: 12
Sun, 24 Sep 2017 22:00:21 INFO ------ Personal Fans Page: 13
Sun, 24 Sep 2017 22:00:21 INFO ------ Personal Fans Page: 14
Sun, 24 Sep 2017 22:00:22 INFO ------ Personal Fans Page: 15
Sun, 24 Sep 2017 22:00:23 INFO Personal uid: 5768135082, name: 飘香的夏梦
Sun, 24 Sep 2017 22:00:24 INFO -- Personal pageId: 1005055768135082
Sun, 24 Sep 2017 22:00:24 INFO ---- Get Personal Info
Sun, 24 Sep 2017 22:00:25 INFO ---- Get Personal Fans
Sun, 24 Sep 2017 22:00:25 INFO ------ Personal Fans Page: 1
Sun, 24 Sep 2017 22:00:26 INFO ------ Personal Fans Page: 2
Sun, 24 Sep 2017 22:00:27 INFO ------ Personal Fans Page: 3
Sun, 24 Sep 2017 22:00:28 INFO ------ Personal Fans Page: 4
Sun, 24 Sep 2017 22:00:29 INFO ------ Personal Fans Page: 5
Sun, 24 Sep 2017 22:00:29 INFO ------ Personal Fans Page: 6
Sun, 24 Sep 2017 22:00:30 INFO Personal uid: 5768315778, name: 一个小奶酪
Sun, 24 Sep 2017 22:00:31 INFO -- Personal pageId: 1005055768315778
Sun, 24 Sep 2017 22:00:31 INFO ---- Get Personal Info
Sun, 24 Sep 2017 22:00:32 INFO ---- Get Personal Fans
Sun, 24 Sep 2017 22:00:32 INFO ------ Personal Fans Page: 1
Sun, 24 Sep 2017 22:00:34 INFO ------ Personal Fans Page: 2
Sun, 24 Sep 2017 22:00:35 INFO ------ Personal Fans Page: 3
Sun, 24 Sep 2017 22:00:37 INFO ------ Personal Fans Page: 4
