Tue, 26 Sep 2017 07:33:29 INFO working for 3138 s
Tue, 26 Sep 2017 07:33:29 INFO Personal uid: 2464310623, name: 王帅怎么办
Tue, 26 Sep 2017 07:33:29 INFO Starting new HTTPS connection (1): weibo.com
Tue, 26 Sep 2017 07:33:35 INFO -- Personal pageId: 1005052464310623
Tue, 26 Sep 2017 07:33:35 INFO ---- Get Personal Info
Tue, 26 Sep 2017 07:33:35 INFO Starting new HTTPS connection (1): weibo.com
Tue, 26 Sep 2017 07:33:36 INFO ---- Get Personal Fans
Tue, 26 Sep 2017 07:33:36 INFO ------ Personal Fans Page: 1
Tue, 26 Sep 2017 07:33:36 INFO Starting new HTTPS connection (1): weibo.com
Tue, 26 Sep 2017 07:33:37 INFO ------ Personal Fans Page: 2
Tue, 26 Sep 2017 07:33:37 INFO Starting new HTTPS connection (1): weibo.com
Tue, 26 Sep 2017 07:33:38 INFO ------ Personal Fans Page: 3
Tue, 26 Sep 2017 07:33:38 INFO Starting new HTTPS connection (1): weibo.com
Tue, 26 Sep 2017 07:33:39 INFO ------ Personal Fans Page: 4
Tue, 26 Sep 2017 07:33:39 INFO Starting new HTTPS connection (1): weibo.com
Tue, 26 Sep 2017 07:33:40 INFO ------ Personal Fans Page: 5
Tue, 26 Sep 2017 07:33:40 INFO Starting new HTTPS connection (1): weibo.com
Tue, 26 Sep 2017 07:33:42 INFO ------ Personal Fans Page: 6
Tue, 26 Sep 2017 07:33:42 INFO Starting new HTTPS connection (1): weibo.com
Tue, 26 Sep 2017 07:33:42 INFO Personal uid: 2466528384, name: 好运来啦啦
Tue, 26 Sep 2017 07:33:42 INFO Starting new HTTPS connection (1): weibo.com
Tue, 26 Sep 2017 07:33:43 INFO -- Personal pageId: 1005052466528384
Tue, 26 Sep 2017 07:33:43 INFO ---- Get Personal Info
Tue, 26 Sep 2017 07:33:43 INFO Starting new HTTPS connection (1): weibo.com
Tue, 26 Sep 2017 07:33:44 INFO ---- Get Personal Fans
Tue, 26 Sep 2017 07:33:44 INFO ------ Personal Fans Page: 1
Tue, 26 Sep 2017 07:33:44 INFO Starting new HTTPS connection (1): weibo.com
Tue, 26 Sep 2017 07:33:45 INFO ------ Personal Fans Page: 2
Tue, 26 Sep 2017 07:33:45 INFO Starting new HTTPS connection (1): weibo.com
Tue, 26 Sep 2017 07:33:46 INFO ------ Personal Fans Page: 3
Tue, 26 Sep 2017 07:33:46 INFO Starting new HTTPS connection (1): weibo.com
Tue, 26 Sep 2017 07:33:47 INFO ------ Personal Fans Page: 4
Tue, 26 Sep 2017 07:33:47 INFO Starting new HTTPS connection (1): weibo.com
Tue, 26 Sep 2017 07:33:49 INFO ------ Personal Fans Page: 5
Tue, 26 Sep 2017 07:33:49 INFO Starting new HTTPS connection (1): weibo.com
Tue, 26 Sep 2017 07:33:50 INFO ------ Personal Fans Page: 6
Tue, 26 Sep 2017 07:33:50 INFO Starting new HTTPS connection (1): weibo.com
Tue, 26 Sep 2017 07:33:50 INFO Personal uid: 2466537844, name: 刘小越shining越
Tue, 26 Sep 2017 07:33:50 INFO Starting new HTTPS connection (1): weibo.com
Tue, 26 Sep 2017 07:33:51 INFO -- Personal pageId: 1005052466537844
Tue, 26 Sep 2017 07:33:51 INFO ---- Get Personal Info
Tue, 26 Sep 2017 07:33:51 INFO Starting new HTTPS connection (1): weibo.com
Tue, 26 Sep 2017 07:33:52 INFO ---- Get Personal Fans
Tue, 26 Sep 2017 07:33:53 INFO ------ Personal Fans Page: 1
Tue, 26 Sep 2017 07:33:53 INFO Starting new HTTPS connection (1): weibo.com
Tue, 26 Sep 2017 07:33:54 INFO ------ Personal Fans Page: 2
Tue, 26 Sep 2017 07:33:54 INFO Starting new HTTPS connection (1): weibo.com
Tue, 26 Sep 2017 07:33:55 INFO ------ Personal Fans Page: 3
Tue, 26 Sep 2017 07:33:55 INFO Starting new HTTPS connection (1): weibo.com
Tue, 26 Sep 2017 07:33:56 INFO ------ Personal Fans Page: 4
Tue, 26 Sep 2017 07:33:56 INFO Starting new HTTPS connection (1): weibo.com
Tue, 26 Sep 2017 07:33:57 INFO ------ Personal Fans Page: 5
Tue, 26 Sep 2017 07:33:57 INFO Starting new HTTPS connection (1): weibo.com
Tue, 26 Sep 2017 07:33:58 INFO ------ Personal Fans Page: 6
Tue, 26 Sep 2017 07:33:58 INFO Starting new HTTPS connection (1): weibo.com
Tue, 26 Sep 2017 07:33:59 INFO Personal uid: 2466720332, name: 永远的怀念0123
Tue, 26 Sep 2017 07:33:59 INFO Starting new HTTPS connection (1): weibo.com
Tue, 26 Sep 2017 07:34:00 INFO -- Personal pageId: 1005052466720332
Tue, 26 Sep 2017 07:34:00 INFO ---- Get Personal Info
Tue, 26 Sep 2017 07:34:00 INFO Starting new HTTPS connection (1): weibo.com
Tue, 26 Sep 2017 07:34:00 INFO ---- Get Personal Fans
Tue, 26 Sep 2017 07:34:01 INFO ------ Personal Fans Page: 1
Tue, 26 Sep 2017 07:34:01 INFO Starting new HTTPS connection (1): weibo.com
Tue, 26 Sep 2017 07:34:02 INFO ------ Personal Fans Page: 2
Tue, 26 Sep 2017 07:34:02 INFO Starting new HTTPS connection (1): weibo.com
Tue, 26 Sep 2017 07:34:03 INFO ------ Personal Fans Page: 3
Tue, 26 Sep 2017 07:34:03 INFO Starting new HTTPS connection (1): weibo.com
Tue, 26 Sep 2017 07:34:04 INFO ------ Personal Fans Page: 4
Tue, 26 Sep 2017 07:34:04 INFO Starting new HTTPS connection (1): weibo.com
Tue, 26 Sep 2017 07:34:05 INFO ------ Personal Fans Page: 5
Tue, 26 Sep 2017 07:34:05 INFO Starting new HTTPS connection (1): weibo.com
Tue, 26 Sep 2017 07:34:07 INFO ------ Personal Fans Page: 6
Tue, 26 Sep 2017 07:34:07 INFO Starting new HTTPS connection (1): weibo.com
Tue, 26 Sep 2017 07:34:08 INFO Personal uid: 2467813893, name: sanier__ye
Tue, 26 Sep 2017 07:34:08 INFO Starting new HTTPS connection (1): weibo.com
Tue, 26 Sep 2017 07:34:08 INFO -- Personal pageId: 1005052467813893
Tue, 26 Sep 2017 07:34:08 INFO ---- Get Personal Info
Tue, 26 Sep 2017 07:34:08 INFO Starting new HTTPS connection (1): weibo.com
Tue, 26 Sep 2017 07:34:09 INFO ---- Get Personal Fans
Tue, 26 Sep 2017 07:34:09 INFO ------ Personal Fans Page: 1
Tue, 26 Sep 2017 07:34:09 INFO Starting new HTTPS connection (1): weibo.com
Tue, 26 Sep 2017 07:34:11 INFO ------ Personal Fans Page: 2
Tue, 26 Sep 2017 07:34:11 INFO Starting new HTTPS connection (1): weibo.com
Tue, 26 Sep 2017 07:34:12 INFO ------ Personal Fans Page: 3
Tue, 26 Sep 2017 07:34:12 INFO Starting new HTTPS connection (1): weibo.com
Tue, 26 Sep 2017 07:34:13 INFO ------ Personal Fans Page: 4
Tue, 26 Sep 2017 07:34:13 INFO Starting new HTTPS connection (1): weibo.com
Tue, 26 Sep 2017 07:34:14 INFO ------ Personal Fans Page: 5
Tue, 26 Sep 2017 07:34:14 INFO Starting new HTTPS connection (1): weibo.com
Tue, 26 Sep 2017 07:34:15 INFO ------ Personal Fans Page: 6
Tue, 26 Sep 2017 07:34:15 INFO Starting new HTTPS connection (1): weibo.com
Tue, 26 Sep 2017 07:34:16 INFO Personal uid: 2468332662, name: 紫霞宝宝_
Tue, 26 Sep 2017 07:34:16 INFO Starting new HTTPS connection (1): weibo.com
Tue, 26 Sep 2017 07:34:16 INFO Starting new HTTPS connection (1): passport.weibo.com
Tue, 26 Sep 2017 07:34:16 INFO -- Personal pageId: 1005052468332662
Tue, 26 Sep 2017 07:34:16 INFO ---- Get Personal Info
Tue, 26 Sep 2017 07:34:16 INFO Starting new HTTPS connection (1): weibo.com
Tue, 26 Sep 2017 07:34:16 INFO ---- Get Personal Fans
Tue, 26 Sep 2017 07:34:17 INFO ------ Personal Fans Page: 1
Tue, 26 Sep 2017 07:34:17 INFO Starting new HTTPS connection (1): weibo.com
Tue, 26 Sep 2017 07:34:18 INFO ------ Personal Fans Page: 2
Tue, 26 Sep 2017 07:34:18 INFO Starting new HTTPS connection (1): weibo.com
Tue, 26 Sep 2017 07:34:19 INFO ------ Personal Fans Page: 3
Tue, 26 Sep 2017 07:34:19 INFO Starting new HTTPS connection (1): weibo.com
Tue, 26 Sep 2017 07:34:21 INFO ------ Personal Fans Page: 4
Tue, 26 Sep 2017 07:34:21 INFO Starting new HTTPS connection (1): weibo.com
Tue, 26 Sep 2017 07:34:22 INFO ------ Personal Fans Page: 5
Tue, 26 Sep 2017 07:34:22 INFO Starting new HTTPS connection (1): weibo.com
Tue, 26 Sep 2017 07:34:23 INFO ------ Personal Fans Page: 6
Tue, 26 Sep 2017 07:34:23 INFO Starting new HTTPS connection (1): weibo.com
Tue, 26 Sep 2017 07:34:23 INFO Personal uid: 2473671661, name: 爱是唯一2012
Tue, 26 Sep 2017 07:34:23 INFO Starting new HTTPS connection (1): weibo.com
Tue, 26 Sep 2017 07:34:25 INFO -- Personal pageId: 1005052473671661
Tue, 26 Sep 2017 07:34:25 INFO ---- Get Personal Info
Tue, 26 Sep 2017 07:34:25 INFO Starting new HTTPS connection (1): weibo.com
Tue, 26 Sep 2017 07:34:25 INFO ---- Get Personal Fans
Tue, 26 Sep 2017 07:34:26 INFO ------ Personal Fans Page: 1
Tue, 26 Sep 2017 07:34:26 INFO Starting new HTTPS connection (1): weibo.com
Tue, 26 Sep 2017 07:34:27 INFO ------ Personal Fans Page: 2
Tue, 26 Sep 2017 07:34:27 INFO Starting new HTTPS connection (1): weibo.com
Tue, 26 Sep 2017 07:34:28 INFO ------ Personal Fans Page: 3
Tue, 26 Sep 2017 07:34:28 INFO Starting new HTTPS connection (1): weibo.com
Tue, 26 Sep 2017 07:34:28 INFO Personal uid: 2473687824, name: milly黄
Tue, 26 Sep 2017 07:34:28 INFO Starting new HTTPS connection (1): weibo.com
Tue, 26 Sep 2017 07:34:29 INFO -- Personal pageId: 1005052473687824
Tue, 26 Sep 2017 07:34:29 INFO ---- Get Personal Info
Tue, 26 Sep 2017 07:34:29 INFO Starting new HTTPS connection (1): weibo.com
Tue, 26 Sep 2017 07:34:29 INFO ---- Get Personal Fans
Tue, 26 Sep 2017 07:34:30 INFO ------ Personal Fans Page: 1
Tue, 26 Sep 2017 07:34:30 INFO Starting new HTTPS connection (1): weibo.com
Tue, 26 Sep 2017 07:34:31 INFO ------ Personal Fans Page: 2
Tue, 26 Sep 2017 07:34:31 INFO Starting new HTTPS connection (1): weibo.com
Tue, 26 Sep 2017 07:34:32 INFO ------ Personal Fans Page: 3
Tue, 26 Sep 2017 07:34:32 INFO Starting new HTTPS connection (1): weibo.com
Tue, 26 Sep 2017 07:34:33 INFO ------ Personal Fans Page: 4
Tue, 26 Sep 2017 07:34:33 INFO Starting new HTTPS connection (1): weibo.com
Tue, 26 Sep 2017 07:34:34 INFO ------ Personal Fans Page: 5
Tue, 26 Sep 2017 07:34:34 INFO Starting new HTTPS connection (1): weibo.com
Tue, 26 Sep 2017 07:34:37 INFO ------ Personal Fans Page: 6
Tue, 26 Sep 2017 07:34:37 INFO Starting new HTTPS connection (1): weibo.com
Tue, 26 Sep 2017 07:34:37 INFO Personal uid: 2475289981, name: 劳资想吃肉
Tue, 26 Sep 2017 07:34:37 INFO Starting new HTTPS connection (1): weibo.com
