Sun, 24 Sep 2017 20:16:11 INFO Personal uid: 1000908625, name: M鹿M娇娇
Sun, 24 Sep 2017 20:16:13 INFO -- Personal pageId: 1005051000908625
Sun, 24 Sep 2017 20:16:13 INFO ---- Get Personal Info
Sun, 24 Sep 2017 20:16:14 INFO ---- Get Personal Fans
Sun, 24 Sep 2017 20:16:14 INFO ------ Personal Fans Page: 1
Sun, 24 Sep 2017 20:16:15 INFO ------ Personal Fans Page: 2
Sun, 24 Sep 2017 20:16:16 INFO ------ Personal Fans Page: 3
Sun, 24 Sep 2017 20:16:17 INFO ------ Personal Fans Page: 4
Sun, 24 Sep 2017 20:16:18 INFO ------ Personal Fans Page: 5
Sun, 24 Sep 2017 20:16:18 INFO ------ Personal Fans Page: 6
Sun, 24 Sep 2017 20:16:19 INFO ------ Personal Fans Page: 7
Sun, 24 Sep 2017 20:16:20 INFO ------ Personal Fans Page: 8
Sun, 24 Sep 2017 20:16:21 INFO ------ Personal Fans Page: 9
Sun, 24 Sep 2017 20:16:22 INFO ------ Personal Fans Page: 10
Sun, 24 Sep 2017 20:16:22 INFO ------ Personal Fans Page: 11
Sun, 24 Sep 2017 20:16:23 INFO ------ Personal Fans Page: 12
Sun, 24 Sep 2017 20:16:24 INFO Personal uid: 1005397012, name: 哆哆-c
Sun, 24 Sep 2017 20:16:25 INFO -- Personal pageId: 1005051005397012
Sun, 24 Sep 2017 20:16:25 INFO ---- Get Personal Info
Sun, 24 Sep 2017 20:16:26 INFO ---- Get Personal Fans
Sun, 24 Sep 2017 20:16:26 INFO ------ Personal Fans Page: 1
Sun, 24 Sep 2017 20:16:27 INFO ------ Personal Fans Page: 2
Sun, 24 Sep 2017 20:16:28 INFO ------ Personal Fans Page: 3
Sun, 24 Sep 2017 20:16:29 INFO ------ Personal Fans Page: 4
Sun, 24 Sep 2017 20:16:30 INFO ------ Personal Fans Page: 5
Sun, 24 Sep 2017 20:16:31 INFO ------ Personal Fans Page: 6
Sun, 24 Sep 2017 20:16:32 INFO ------ Personal Fans Page: 7
Sun, 24 Sep 2017 20:16:32 INFO ------ Personal Fans Page: 8
Sun, 24 Sep 2017 20:16:34 INFO ------ Personal Fans Page: 9
Sun, 24 Sep 2017 20:16:34 INFO ------ Personal Fans Page: 10
Sun, 24 Sep 2017 20:16:35 INFO ------ Personal Fans Page: 11
Sun, 24 Sep 2017 20:16:36 INFO ------ Personal Fans Page: 12
Sun, 24 Sep 2017 20:16:36 INFO ------ Personal Fans Page: 13
Sun, 24 Sep 2017 20:16:37 INFO ------ Personal Fans Page: 14
Sun, 24 Sep 2017 20:16:38 INFO ------ Personal Fans Page: 15
Sun, 24 Sep 2017 20:16:39 INFO ------ Personal Fans Page: 16
Sun, 24 Sep 2017 20:16:40 INFO ------ Personal Fans Page: 17
Sun, 24 Sep 2017 20:16:41 INFO ------ Personal Fans Page: 18
Sun, 24 Sep 2017 20:16:42 INFO ------ Personal Fans Page: 19
Sun, 24 Sep 2017 20:16:44 INFO ------ Personal Fans Page: 20
Sun, 24 Sep 2017 20:16:45 INFO ------ Personal Fans Page: 21
Sun, 24 Sep 2017 20:16:46 INFO ------ Personal Fans Page: 22
Sun, 24 Sep 2017 20:16:46 INFO ------ Personal Fans Page: 23
Sun, 24 Sep 2017 20:16:47 INFO ------ Personal Fans Page: 24
Sun, 24 Sep 2017 20:16:48 INFO ------ Personal Fans Page: 25
Sun, 24 Sep 2017 20:16:49 INFO Personal uid: 1006872511, name: 寒暄子墨
Sun, 24 Sep 2017 20:16:50 INFO -- Personal pageId: 1005051006872511
Sun, 24 Sep 2017 20:16:50 INFO ---- Get Personal Info
Sun, 24 Sep 2017 20:16:51 INFO ---- Get Personal Fans
Sun, 24 Sep 2017 20:16:51 INFO ------ Personal Fans Page: 1
Sun, 24 Sep 2017 20:16:53 INFO ------ Personal Fans Page: 2
Sun, 24 Sep 2017 20:16:54 INFO ------ Personal Fans Page: 3
Sun, 24 Sep 2017 20:16:54 INFO ------ Personal Fans Page: 4
Sun, 24 Sep 2017 20:16:55 INFO ------ Personal Fans Page: 5
Sun, 24 Sep 2017 20:16:56 INFO ------ Personal Fans Page: 6
Sun, 24 Sep 2017 20:16:57 INFO ------ Personal Fans Page: 7
Sun, 24 Sep 2017 20:16:57 INFO ------ Personal Fans Page: 8
Sun, 24 Sep 2017 20:16:58 INFO ------ Personal Fans Page: 9
Sun, 24 Sep 2017 20:16:59 INFO ------ Personal Fans Page: 10
Sun, 24 Sep 2017 20:17:00 INFO ------ Personal Fans Page: 11
Sun, 24 Sep 2017 20:17:01 INFO ------ Personal Fans Page: 12
Sun, 24 Sep 2017 20:17:01 INFO ------ Personal Fans Page: 13
Sun, 24 Sep 2017 20:17:02 INFO ------ Personal Fans Page: 14
Sun, 24 Sep 2017 20:17:03 INFO ------ Personal Fans Page: 15
Sun, 24 Sep 2017 20:17:04 INFO ------ Personal Fans Page: 16
Sun, 24 Sep 2017 20:17:05 INFO ------ Personal Fans Page: 17
Sun, 24 Sep 2017 20:17:06 INFO ------ Personal Fans Page: 18
Sun, 24 Sep 2017 20:17:07 INFO ------ Personal Fans Page: 19
Sun, 24 Sep 2017 20:17:07 INFO ------ Personal Fans Page: 20
Sun, 24 Sep 2017 20:17:08 INFO ------ Personal Fans Page: 21
Sun, 24 Sep 2017 20:17:09 INFO ------ Personal Fans Page: 22
Sun, 24 Sep 2017 20:17:10 INFO ------ Personal Fans Page: 23
Sun, 24 Sep 2017 20:17:11 INFO ------ Personal Fans Page: 24
Sun, 24 Sep 2017 20:17:12 INFO ------ Personal Fans Page: 25
Sun, 24 Sep 2017 20:17:13 INFO ------ Personal Fans Page: 26
Sun, 24 Sep 2017 20:17:14 INFO ------ Personal Fans Page: 27
Sun, 24 Sep 2017 20:17:15 INFO ------ Personal Fans Page: 28
Sun, 24 Sep 2017 20:17:16 INFO ------ Personal Fans Page: 29
Sun, 24 Sep 2017 20:17:17 INFO ------ Personal Fans Page: 30
Sun, 24 Sep 2017 20:17:18 INFO ------ Personal Fans Page: 31
Sun, 24 Sep 2017 20:17:19 INFO ------ Personal Fans Page: 32
Sun, 24 Sep 2017 20:17:20 INFO ------ Personal Fans Page: 33
Sun, 24 Sep 2017 20:17:21 INFO ------ Personal Fans Page: 34
Sun, 24 Sep 2017 20:17:22 INFO ------ Personal Fans Page: 35
Sun, 24 Sep 2017 20:17:23 INFO ------ Personal Fans Page: 36
Sun, 24 Sep 2017 20:17:24 INFO ------ Personal Fans Page: 37
Sun, 24 Sep 2017 20:17:26 INFO ------ Personal Fans Page: 38
Sun, 24 Sep 2017 20:17:27 INFO ------ Personal Fans Page: 39
Sun, 24 Sep 2017 20:17:28 INFO ------ Personal Fans Page: 40
Sun, 24 Sep 2017 20:17:28 INFO ------ Personal Fans Page: 41
Sun, 24 Sep 2017 20:17:29 INFO ------ Personal Fans Page: 42
Sun, 24 Sep 2017 20:17:30 INFO ------ Personal Fans Page: 43
Sun, 24 Sep 2017 20:17:31 INFO ------ Personal Fans Page: 44
Sun, 24 Sep 2017 20:17:32 INFO Personal uid: 1007618180, name: 骑着毛驴攆跑车
Sun, 24 Sep 2017 20:17:32 INFO -- Personal pageId: 1005051007618180
Sun, 24 Sep 2017 20:17:32 INFO ---- Get Personal Info
Sun, 24 Sep 2017 20:17:34 INFO ---- Get Personal Fans
Sun, 24 Sep 2017 20:17:34 INFO ------ Personal Fans Page: 1
Sun, 24 Sep 2017 20:17:34 INFO ------ Personal Fans Page: 2
Sun, 24 Sep 2017 20:17:35 INFO ------ Personal Fans Page: 3
Sun, 24 Sep 2017 20:17:36 INFO Personal uid: 1007779192, name: Juzi免费招衣服代理女装代理
Sun, 24 Sep 2017 20:17:37 INFO -- Personal pageId: 1005051007779192
Sun, 24 Sep 2017 20:17:37 INFO ---- Get Personal Info
Sun, 24 Sep 2017 20:17:38 INFO ---- Get Personal Fans
Sun, 24 Sep 2017 20:17:38 INFO ------ Personal Fans Page: 1
Sun, 24 Sep 2017 20:17:39 INFO ------ Personal Fans Page: 2
Sun, 24 Sep 2017 20:17:40 INFO ------ Personal Fans Page: 3
Sun, 24 Sep 2017 20:17:40 INFO ------ Personal Fans Page: 4
Sun, 24 Sep 2017 20:17:41 INFO ------ Personal Fans Page: 5
Sun, 24 Sep 2017 20:17:42 INFO ------ Personal Fans Page: 6
Sun, 24 Sep 2017 20:17:43 INFO ------ Personal Fans Page: 7
Sun, 24 Sep 2017 20:17:44 INFO ------ Personal Fans Page: 8
Sun, 24 Sep 2017 20:17:45 INFO ------ Personal Fans Page: 9
Sun, 24 Sep 2017 20:17:46 INFO ------ Personal Fans Page: 10
Sun, 24 Sep 2017 20:17:47 INFO Personal uid: 1008362647, name: 用户xo4c1buyqy
Sun, 24 Sep 2017 20:17:48 INFO -- Personal pageId: 1005051008362647
Sun, 24 Sep 2017 20:17:48 INFO ---- Get Personal Info
Sun, 24 Sep 2017 20:17:50 INFO ---- Get Personal Fans
Sun, 24 Sep 2017 20:17:50 INFO ------ Personal Fans Page: 1
Sun, 24 Sep 2017 20:17:51 INFO ------ Personal Fans Page: 2
Sun, 24 Sep 2017 20:17:52 INFO ------ Personal Fans Page: 3
Sun, 24 Sep 2017 20:17:53 INFO ------ Personal Fans Page: 4
Sun, 24 Sep 2017 20:17:53 INFO ------ Personal Fans Page: 5
Sun, 24 Sep 2017 20:17:54 INFO ------ Personal Fans Page: 6
Sun, 24 Sep 2017 20:17:55 INFO ------ Personal Fans Page: 7
Sun, 24 Sep 2017 20:17:55 INFO ------ Personal Fans Page: 8
Sun, 24 Sep 2017 20:17:56 INFO ------ Personal Fans Page: 9
Sun, 24 Sep 2017 20:17:57 INFO ------ Personal Fans Page: 10
Sun, 24 Sep 2017 20:17:58 INFO ------ Personal Fans Page: 11
Sun, 24 Sep 2017 20:17:58 INFO Personal uid: 1014255451, name: 牙医小学生
Sun, 24 Sep 2017 20:17:59 INFO -- Personal pageId: 1005051014255451
Sun, 24 Sep 2017 20:17:59 INFO ---- Get Personal Info
Sun, 24 Sep 2017 20:18:00 INFO ---- Get Personal Fans
Sun, 24 Sep 2017 20:18:00 INFO ------ Personal Fans Page: 1
Sun, 24 Sep 2017 20:18:01 INFO ------ Personal Fans Page: 2
Sun, 24 Sep 2017 20:18:02 INFO ------ Personal Fans Page: 3
Sun, 24 Sep 2017 20:18:03 INFO ------ Personal Fans Page: 4
Sun, 24 Sep 2017 20:18:03 INFO ------ Personal Fans Page: 5
Sun, 24 Sep 2017 20:18:04 INFO ------ Personal Fans Page: 6
Sun, 24 Sep 2017 20:18:05 INFO ------ Personal Fans Page: 7
Sun, 24 Sep 2017 20:18:06 INFO ------ Personal Fans Page: 8
Sun, 24 Sep 2017 20:18:07 INFO ------ Personal Fans Page: 9
Sun, 24 Sep 2017 20:18:07 INFO ------ Personal Fans Page: 10
Sun, 24 Sep 2017 20:18:08 INFO ------ Personal Fans Page: 11
Sun, 24 Sep 2017 20:18:09 INFO ------ Personal Fans Page: 12
Sun, 24 Sep 2017 20:18:10 INFO ------ Personal Fans Page: 13
Sun, 24 Sep 2017 20:18:11 INFO Personal uid: 1015722607, name: Liu婷婷ting
Sun, 24 Sep 2017 20:18:11 INFO -- Personal pageId: 1005051015722607
Sun, 24 Sep 2017 20:18:11 INFO ---- Get Personal Info
Sun, 24 Sep 2017 20:18:13 INFO ---- Get Personal Fans
Sun, 24 Sep 2017 20:18:13 INFO ------ Personal Fans Page: 1
Sun, 24 Sep 2017 20:18:14 INFO ------ Personal Fans Page: 2
Sun, 24 Sep 2017 20:18:17 INFO ------ Personal Fans Page: 3
Sun, 24 Sep 2017 20:18:18 INFO ------ Personal Fans Page: 4
Sun, 24 Sep 2017 20:18:19 INFO ------ Personal Fans Page: 5
Sun, 24 Sep 2017 20:18:20 INFO ------ Personal Fans Page: 6
Sun, 24 Sep 2017 20:18:22 INFO ------ Personal Fans Page: 7
Sun, 24 Sep 2017 20:18:24 INFO ------ Personal Fans Page: 8
Sun, 24 Sep 2017 20:18:25 INFO ------ Personal Fans Page: 9
Sun, 24 Sep 2017 20:18:26 INFO Personal uid: 1016863844, name: 用户bdpv1eacms
Sun, 24 Sep 2017 20:18:29 INFO -- Personal pageId: 1005051016863844
Sun, 24 Sep 2017 20:18:29 INFO ---- Get Personal Info
Sun, 24 Sep 2017 20:18:30 INFO ---- Get Personal Fans
Sun, 24 Sep 2017 20:18:30 INFO ------ Personal Fans Page: 1
Sun, 24 Sep 2017 20:18:32 INFO ------ Personal Fans Page: 2
Sun, 24 Sep 2017 20:18:34 INFO ------ Personal Fans Page: 3
Sun, 24 Sep 2017 20:18:36 INFO ------ Personal Fans Page: 4
Sun, 24 Sep 2017 20:18:37 INFO ------ Personal Fans Page: 5
Sun, 24 Sep 2017 20:18:38 INFO ------ Personal Fans Page: 6
Sun, 24 Sep 2017 20:18:39 INFO ------ Personal Fans Page: 7
Sun, 24 Sep 2017 20:18:40 INFO ------ Personal Fans Page: 8
Sun, 24 Sep 2017 20:18:42 INFO ------ Personal Fans Page: 9
Sun, 24 Sep 2017 20:18:44 INFO ------ Personal Fans Page: 10
Sun, 24 Sep 2017 20:18:46 INFO ------ Personal Fans Page: 11
Sun, 24 Sep 2017 20:18:46 INFO Personal uid: 1017552677, name: 穆穆雪儿
Sun, 24 Sep 2017 20:18:48 INFO -- Personal pageId: 1005051017552677
Sun, 24 Sep 2017 20:18:48 INFO ---- Get Personal Info
Sun, 24 Sep 2017 20:18:49 INFO ---- Get Personal Fans
Sun, 24 Sep 2017 20:18:49 INFO ------ Personal Fans Page: 1
Sun, 24 Sep 2017 20:18:51 INFO ------ Personal Fans Page: 2
Sun, 24 Sep 2017 20:18:52 INFO ------ Personal Fans Page: 3
Sun, 24 Sep 2017 20:18:53 INFO ------ Personal Fans Page: 4
Sun, 24 Sep 2017 20:18:55 INFO ------ Personal Fans Page: 5
Sun, 24 Sep 2017 20:18:58 INFO ------ Personal Fans Page: 6
Sun, 24 Sep 2017 20:19:00 INFO ------ Personal Fans Page: 7
Sun, 24 Sep 2017 20:19:01 INFO ------ Personal Fans Page: 8
Sun, 24 Sep 2017 20:19:02 INFO ------ Personal Fans Page: 9
Sun, 24 Sep 2017 20:19:03 INFO ------ Personal Fans Page: 10
Sun, 24 Sep 2017 20:19:05 INFO ------ Personal Fans Page: 11
Sun, 24 Sep 2017 20:19:06 INFO ------ Personal Fans Page: 12
Sun, 24 Sep 2017 20:19:07 INFO ------ Personal Fans Page: 13
Sun, 24 Sep 2017 20:19:08 INFO ------ Personal Fans Page: 14
Sun, 24 Sep 2017 20:19:09 INFO ------ Personal Fans Page: 15
Sun, 24 Sep 2017 20:19:10 INFO ------ Personal Fans Page: 16
Sun, 24 Sep 2017 20:19:12 INFO ------ Personal Fans Page: 17
Sun, 24 Sep 2017 20:19:14 INFO ------ Personal Fans Page: 18
Sun, 24 Sep 2017 20:19:15 INFO ------ Personal Fans Page: 19
Sun, 24 Sep 2017 20:19:17 INFO ------ Personal Fans Page: 20
Sun, 24 Sep 2017 20:19:18 INFO Personal uid: 1018261607, name: 用户xnttptpv4j
Sun, 24 Sep 2017 20:19:20 INFO -- Personal pageId: 1005051018261607
Sun, 24 Sep 2017 20:19:20 INFO ---- Get Personal Info
Sun, 24 Sep 2017 20:19:21 INFO ---- Get Personal Fans
Sun, 24 Sep 2017 20:19:21 INFO ------ Personal Fans Page: 1
Sun, 24 Sep 2017 20:19:24 INFO ------ Personal Fans Page: 2
Sun, 24 Sep 2017 20:19:26 INFO ------ Personal Fans Page: 3
Sun, 24 Sep 2017 20:19:27 INFO ------ Personal Fans Page: 4
Sun, 24 Sep 2017 20:19:29 INFO ------ Personal Fans Page: 5
Sun, 24 Sep 2017 20:19:30 INFO ------ Personal Fans Page: 6
Sun, 24 Sep 2017 20:19:31 INFO Personal uid: 1018306423, name: Sprite-fong
Sun, 24 Sep 2017 20:19:33 INFO -- Personal pageId: 1005051018306423
Sun, 24 Sep 2017 20:19:33 INFO ---- Get Personal Info
Sun, 24 Sep 2017 20:19:35 INFO ---- Get Personal Fans
Sun, 24 Sep 2017 20:19:35 INFO ------ Personal Fans Page: 1
Sun, 24 Sep 2017 20:19:37 INFO ------ Personal Fans Page: 2
Sun, 24 Sep 2017 20:19:38 INFO ------ Personal Fans Page: 3
Sun, 24 Sep 2017 20:19:40 INFO ------ Personal Fans Page: 4
Sun, 24 Sep 2017 20:19:41 INFO ------ Personal Fans Page: 5
Sun, 24 Sep 2017 20:19:42 INFO Personal uid: 1021302503, name: 吾家有女0000
Sun, 24 Sep 2017 20:19:44 INFO -- Personal pageId: 1005051021302503
Sun, 24 Sep 2017 20:19:44 INFO ---- Get Personal Info
Sun, 24 Sep 2017 20:19:47 INFO ---- Get Personal Fans
Sun, 24 Sep 2017 20:19:47 INFO ------ Personal Fans Page: 1
Sun, 24 Sep 2017 20:19:48 INFO ------ Personal Fans Page: 2
Sun, 24 Sep 2017 20:19:48 INFO ------ Personal Fans Page: 3
Sun, 24 Sep 2017 20:19:49 INFO ------ Personal Fans Page: 4
Sun, 24 Sep 2017 20:19:50 INFO ------ Personal Fans Page: 5
Sun, 24 Sep 2017 20:19:51 INFO ------ Personal Fans Page: 6
Sun, 24 Sep 2017 20:19:51 INFO ------ Personal Fans Page: 7
Sun, 24 Sep 2017 20:19:52 INFO ------ Personal Fans Page: 8
Sun, 24 Sep 2017 20:19:53 INFO ------ Personal Fans Page: 9
Sun, 24 Sep 2017 20:19:53 INFO ------ Personal Fans Page: 10
Sun, 24 Sep 2017 20:19:54 INFO ------ Personal Fans Page: 11
Sun, 24 Sep 2017 20:19:54 INFO Personal uid: 1021383844, name: 子暮水萱
Sun, 24 Sep 2017 20:19:56 INFO -- Personal pageId: 1005051021383844
Sun, 24 Sep 2017 20:19:56 INFO ---- Get Personal Info
Sun, 24 Sep 2017 20:19:57 INFO ---- Get Personal Fans
Sun, 24 Sep 2017 20:19:57 INFO ------ Personal Fans Page: 1
Sun, 24 Sep 2017 20:19:59 INFO ------ Personal Fans Page: 2
Sun, 24 Sep 2017 20:20:00 INFO ------ Personal Fans Page: 3
Sun, 24 Sep 2017 20:20:00 INFO ------ Personal Fans Page: 4
Sun, 24 Sep 2017 20:20:02 INFO ------ Personal Fans Page: 5
Sun, 24 Sep 2017 20:20:03 INFO ------ Personal Fans Page: 6
Sun, 24 Sep 2017 20:20:04 INFO ------ Personal Fans Page: 7
Sun, 24 Sep 2017 20:20:05 INFO ------ Personal Fans Page: 8
Sun, 24 Sep 2017 20:20:06 INFO ------ Personal Fans Page: 9
Sun, 24 Sep 2017 20:20:07 INFO ------ Personal Fans Page: 10
Sun, 24 Sep 2017 20:20:08 INFO ------ Personal Fans Page: 11
Sun, 24 Sep 2017 20:20:09 INFO ------ Personal Fans Page: 12
Sun, 24 Sep 2017 20:20:10 INFO ------ Personal Fans Page: 13
Sun, 24 Sep 2017 20:20:11 INFO ------ Personal Fans Page: 14
Sun, 24 Sep 2017 20:20:11 INFO ------ Personal Fans Page: 15
Sun, 24 Sep 2017 20:20:12 INFO Personal uid: 1031669260, name: Weirdo-SU
Sun, 24 Sep 2017 20:20:13 INFO -- Personal pageId: 1005051031669260
Sun, 24 Sep 2017 20:20:13 INFO ---- Get Personal Info
Sun, 24 Sep 2017 20:20:14 INFO ---- Get Personal Fans
Sun, 24 Sep 2017 20:20:14 INFO ------ Personal Fans Page: 1
Sun, 24 Sep 2017 20:20:15 INFO ------ Personal Fans Page: 2
Sun, 24 Sep 2017 20:20:16 INFO ------ Personal Fans Page: 3
Sun, 24 Sep 2017 20:20:16 INFO ------ Personal Fans Page: 4
Sun, 24 Sep 2017 20:20:17 INFO ------ Personal Fans Page: 5
Sun, 24 Sep 2017 20:20:18 INFO Personal uid: 1035057980, name: 沙子010
Sun, 24 Sep 2017 20:20:20 INFO -- Personal pageId: 1005051035057980
Sun, 24 Sep 2017 20:20:20 INFO ---- Get Personal Info
Sun, 24 Sep 2017 20:20:21 INFO ---- Get Personal Fans
Sun, 24 Sep 2017 20:20:21 INFO ------ Personal Fans Page: 1
Sun, 24 Sep 2017 20:20:22 INFO ------ Personal Fans Page: 2
Sun, 24 Sep 2017 20:20:23 INFO ------ Personal Fans Page: 3
Sun, 24 Sep 2017 20:20:24 INFO ------ Personal Fans Page: 4
Sun, 24 Sep 2017 20:20:25 INFO ------ Personal Fans Page: 5
Sun, 24 Sep 2017 20:20:25 INFO ------ Personal Fans Page: 6
Sun, 24 Sep 2017 20:20:27 INFO ------ Personal Fans Page: 7
Sun, 24 Sep 2017 20:20:27 INFO ------ Personal Fans Page: 8
Sun, 24 Sep 2017 20:20:28 INFO ------ Personal Fans Page: 9
Sun, 24 Sep 2017 20:20:29 INFO ------ Personal Fans Page: 10
Sun, 24 Sep 2017 20:20:30 INFO ------ Personal Fans Page: 11
Sun, 24 Sep 2017 20:20:31 INFO ------ Personal Fans Page: 12
Sun, 24 Sep 2017 20:20:31 INFO ------ Personal Fans Page: 13
Sun, 24 Sep 2017 20:20:32 INFO Personal uid: 1039521873, name: 尤尤8076
Sun, 24 Sep 2017 20:20:33 INFO -- Personal pageId: 1005051039521873
Sun, 24 Sep 2017 20:20:33 INFO ---- Get Personal Info
Sun, 24 Sep 2017 20:20:35 INFO ---- Get Personal Fans
Sun, 24 Sep 2017 20:20:35 INFO ------ Personal Fans Page: 1
Sun, 24 Sep 2017 20:20:36 INFO ------ Personal Fans Page: 2
Sun, 24 Sep 2017 20:20:37 INFO ------ Personal Fans Page: 3
Sun, 24 Sep 2017 20:20:38 INFO ------ Personal Fans Page: 4
Sun, 24 Sep 2017 20:20:39 INFO ------ Personal Fans Page: 5
Sun, 24 Sep 2017 20:20:40 INFO ------ Personal Fans Page: 6
Sun, 24 Sep 2017 20:20:41 INFO ------ Personal Fans Page: 7
Sun, 24 Sep 2017 20:20:42 INFO ------ Personal Fans Page: 8
Sun, 24 Sep 2017 20:20:43 INFO ------ Personal Fans Page: 9
Sun, 24 Sep 2017 20:20:44 INFO ------ Personal Fans Page: 10
Sun, 24 Sep 2017 20:20:45 INFO ------ Personal Fans Page: 11
Sun, 24 Sep 2017 20:20:46 INFO ------ Personal Fans Page: 12
Sun, 24 Sep 2017 20:20:46 INFO ------ Personal Fans Page: 13
Sun, 24 Sep 2017 20:20:47 INFO ------ Personal Fans Page: 14
Sun, 24 Sep 2017 20:20:48 INFO ------ Personal Fans Page: 15
Sun, 24 Sep 2017 20:20:49 INFO ------ Personal Fans Page: 16
Sun, 24 Sep 2017 20:20:50 INFO ------ Personal Fans Page: 17
Sun, 24 Sep 2017 20:20:51 INFO ------ Personal Fans Page: 18
Sun, 24 Sep 2017 20:20:52 INFO ------ Personal Fans Page: 19
Sun, 24 Sep 2017 20:20:53 INFO ------ Personal Fans Page: 20
Sun, 24 Sep 2017 20:20:53 INFO ------ Personal Fans Page: 21
Sun, 24 Sep 2017 20:20:54 INFO ------ Personal Fans Page: 22
Sun, 24 Sep 2017 20:20:55 INFO ------ Personal Fans Page: 23
Sun, 24 Sep 2017 20:20:56 INFO ------ Personal Fans Page: 24
Sun, 24 Sep 2017 20:20:57 INFO ------ Personal Fans Page: 25
Sun, 24 Sep 2017 20:20:57 INFO ------ Personal Fans Page: 26
Sun, 24 Sep 2017 20:20:59 INFO ------ Personal Fans Page: 27
Sun, 24 Sep 2017 20:21:00 INFO ------ Personal Fans Page: 28
Sun, 24 Sep 2017 20:21:02 INFO ------ Personal Fans Page: 29
Sun, 24 Sep 2017 20:21:03 INFO ------ Personal Fans Page: 30
Sun, 24 Sep 2017 20:21:04 INFO ------ Personal Fans Page: 31
Sun, 24 Sep 2017 20:21:05 INFO ------ Personal Fans Page: 32
Sun, 24 Sep 2017 20:21:06 INFO ------ Personal Fans Page: 33
Sun, 24 Sep 2017 20:21:07 INFO ------ Personal Fans Page: 34
Sun, 24 Sep 2017 20:21:08 INFO ------ Personal Fans Page: 35
Sun, 24 Sep 2017 20:21:10 INFO ------ Personal Fans Page: 36
Sun, 24 Sep 2017 20:21:11 INFO ------ Personal Fans Page: 37
Sun, 24 Sep 2017 20:21:12 INFO Personal uid: 1042102817, name: 小水滴童鞋
Sun, 24 Sep 2017 20:21:14 INFO -- Personal pageId: 1005051042102817
Sun, 24 Sep 2017 20:21:14 INFO ---- Get Personal Info
Sun, 24 Sep 2017 20:21:15 INFO ---- Get Personal Fans
Sun, 24 Sep 2017 20:21:15 INFO ------ Personal Fans Page: 1
Sun, 24 Sep 2017 20:21:16 INFO ------ Personal Fans Page: 2
Sun, 24 Sep 2017 20:21:17 INFO ------ Personal Fans Page: 3
Sun, 24 Sep 2017 20:21:18 INFO ------ Personal Fans Page: 4
Sun, 24 Sep 2017 20:21:20 INFO ------ Personal Fans Page: 5
Sun, 24 Sep 2017 20:21:21 INFO ------ Personal Fans Page: 6
Sun, 24 Sep 2017 20:21:22 INFO ------ Personal Fans Page: 7
Sun, 24 Sep 2017 20:21:23 INFO ------ Personal Fans Page: 8
Sun, 24 Sep 2017 20:21:24 INFO Personal uid: 1042544727, name: yu520_笨豬豬
Sun, 24 Sep 2017 20:21:27 INFO -- Personal pageId: 1005051042544727
Sun, 24 Sep 2017 20:21:27 INFO ---- Get Personal Info
Sun, 24 Sep 2017 20:21:28 INFO ---- Get Personal Fans
Sun, 24 Sep 2017 20:21:28 INFO ------ Personal Fans Page: 1
Sun, 24 Sep 2017 20:21:29 INFO ------ Personal Fans Page: 2
Sun, 24 Sep 2017 20:21:32 INFO ------ Personal Fans Page: 3
Sun, 24 Sep 2017 20:21:33 INFO ------ Personal Fans Page: 4
Sun, 24 Sep 2017 20:21:34 INFO ------ Personal Fans Page: 5
Sun, 24 Sep 2017 20:21:36 INFO ------ Personal Fans Page: 6
Sun, 24 Sep 2017 20:21:37 INFO ------ Personal Fans Page: 7
Sun, 24 Sep 2017 20:21:38 INFO ------ Personal Fans Page: 8
Sun, 24 Sep 2017 20:21:41 INFO ------ Personal Fans Page: 9
Sun, 24 Sep 2017 20:21:42 INFO Personal uid: 1044452873, name: 茕灵小薇
Sun, 24 Sep 2017 20:21:44 INFO -- Personal pageId: 1005051044452873
Sun, 24 Sep 2017 20:21:44 INFO ---- Get Personal Info
Sun, 24 Sep 2017 20:21:45 INFO ---- Get Personal Fans
Sun, 24 Sep 2017 20:21:45 INFO ------ Personal Fans Page: 1
Sun, 24 Sep 2017 20:21:46 INFO ------ Personal Fans Page: 2
Sun, 24 Sep 2017 20:21:48 INFO ------ Personal Fans Page: 3
Sun, 24 Sep 2017 20:21:50 INFO ------ Personal Fans Page: 4
Sun, 24 Sep 2017 20:21:51 INFO ------ Personal Fans Page: 5
Sun, 24 Sep 2017 20:21:53 INFO ------ Personal Fans Page: 6
Sun, 24 Sep 2017 20:21:53 INFO Personal uid: 1046693204, name: 雪之芩
Sun, 24 Sep 2017 20:21:56 INFO -- Personal pageId: 1005051046693204
Sun, 24 Sep 2017 20:21:56 INFO ---- Get Personal Info
Sun, 24 Sep 2017 20:21:57 INFO ---- Get Personal Fans
Sun, 24 Sep 2017 20:21:57 INFO ------ Personal Fans Page: 1
Sun, 24 Sep 2017 20:21:59 INFO ------ Personal Fans Page: 2
Sun, 24 Sep 2017 20:22:00 INFO ------ Personal Fans Page: 3
Sun, 24 Sep 2017 20:22:01 INFO ------ Personal Fans Page: 4
Sun, 24 Sep 2017 20:22:03 INFO ------ Personal Fans Page: 5
Sun, 24 Sep 2017 20:22:04 INFO ------ Personal Fans Page: 6
Sun, 24 Sep 2017 20:22:05 INFO ------ Personal Fans Page: 7
Sun, 24 Sep 2017 20:22:06 INFO ------ Personal Fans Page: 8
Sun, 24 Sep 2017 20:22:08 INFO Personal uid: 1048302374, name: 妮娃娃Elaine
Sun, 24 Sep 2017 20:22:11 INFO -- Personal pageId: 1005051048302374
Sun, 24 Sep 2017 20:22:11 INFO ---- Get Personal Info
Sun, 24 Sep 2017 20:22:12 INFO ---- Get Personal Fans
Sun, 24 Sep 2017 20:22:12 INFO ------ Personal Fans Page: 1
Sun, 24 Sep 2017 20:22:13 INFO ------ Personal Fans Page: 2
Sun, 24 Sep 2017 20:22:15 INFO ------ Personal Fans Page: 3
Sun, 24 Sep 2017 20:22:17 INFO ------ Personal Fans Page: 4
Sun, 24 Sep 2017 20:22:18 INFO ------ Personal Fans Page: 5
Sun, 24 Sep 2017 20:22:20 INFO ------ Personal Fans Page: 6
Sun, 24 Sep 2017 20:22:22 INFO ------ Personal Fans Page: 7
Sun, 24 Sep 2017 20:22:24 INFO ------ Personal Fans Page: 8
Sun, 24 Sep 2017 20:22:26 INFO ------ Personal Fans Page: 9
Sun, 24 Sep 2017 20:22:27 INFO ------ Personal Fans Page: 10
Sun, 24 Sep 2017 20:22:28 INFO Personal uid: 1049606925, name: 浮生之
Sun, 24 Sep 2017 20:22:31 INFO -- Personal pageId: 1005051049606925
Sun, 24 Sep 2017 20:22:31 INFO ---- Get Personal Info
Sun, 24 Sep 2017 20:22:32 INFO ---- Get Personal Fans
Sun, 24 Sep 2017 20:22:32 INFO ------ Personal Fans Page: 1
Sun, 24 Sep 2017 20:22:33 INFO ------ Personal Fans Page: 2
Sun, 24 Sep 2017 20:22:35 INFO ------ Personal Fans Page: 3
Sun, 24 Sep 2017 20:22:37 INFO ------ Personal Fans Page: 4
Sun, 24 Sep 2017 20:22:39 INFO ------ Personal Fans Page: 5
Sun, 24 Sep 2017 20:22:41 INFO ------ Personal Fans Page: 6
Sun, 24 Sep 2017 20:22:42 INFO ------ Personal Fans Page: 7
Sun, 24 Sep 2017 20:22:43 INFO ------ Personal Fans Page: 8
Sun, 24 Sep 2017 20:22:44 INFO ------ Personal Fans Page: 9
Sun, 24 Sep 2017 20:22:46 INFO ------ Personal Fans Page: 10
Sun, 24 Sep 2017 20:22:49 INFO ------ Personal Fans Page: 11
Sun, 24 Sep 2017 20:22:50 INFO ------ Personal Fans Page: 12
Sun, 24 Sep 2017 20:22:52 INFO ------ Personal Fans Page: 13
Sun, 24 Sep 2017 20:22:53 INFO ------ Personal Fans Page: 14
Sun, 24 Sep 2017 20:22:54 INFO ------ Personal Fans Page: 15
Sun, 24 Sep 2017 20:22:56 INFO ------ Personal Fans Page: 16
Sun, 24 Sep 2017 20:22:57 INFO ------ Personal Fans Page: 17
Sun, 24 Sep 2017 20:22:59 INFO ------ Personal Fans Page: 18
Sun, 24 Sep 2017 20:23:00 INFO ------ Personal Fans Page: 19
Sun, 24 Sep 2017 20:23:01 INFO ------ Personal Fans Page: 20
Sun, 24 Sep 2017 20:23:03 INFO ------ Personal Fans Page: 21
Sun, 24 Sep 2017 20:23:04 INFO ------ Personal Fans Page: 22
Sun, 24 Sep 2017 20:23:05 INFO ------ Personal Fans Page: 23
Sun, 24 Sep 2017 20:23:08 INFO ------ Personal Fans Page: 24
Sun, 24 Sep 2017 20:23:10 INFO ------ Personal Fans Page: 25
Sun, 24 Sep 2017 20:23:11 INFO ------ Personal Fans Page: 26
Sun, 24 Sep 2017 20:23:13 INFO ------ Personal Fans Page: 27
Sun, 24 Sep 2017 20:23:14 INFO ------ Personal Fans Page: 28
Sun, 24 Sep 2017 20:23:18 INFO ------ Personal Fans Page: 29
Sun, 24 Sep 2017 20:23:20 INFO ------ Personal Fans Page: 30
Sun, 24 Sep 2017 20:23:22 INFO ------ Personal Fans Page: 31
Sun, 24 Sep 2017 20:23:23 INFO ------ Personal Fans Page: 32
Sun, 24 Sep 2017 20:23:24 INFO ------ Personal Fans Page: 33
Sun, 24 Sep 2017 20:23:26 INFO ------ Personal Fans Page: 34
Sun, 24 Sep 2017 20:23:27 INFO ------ Personal Fans Page: 35
Sun, 24 Sep 2017 20:23:28 INFO ------ Personal Fans Page: 36
Sun, 24 Sep 2017 20:23:29 INFO ------ Personal Fans Page: 37
Sun, 24 Sep 2017 20:23:31 INFO ------ Personal Fans Page: 38
Sun, 24 Sep 2017 20:23:33 INFO ------ Personal Fans Page: 39
Sun, 24 Sep 2017 20:23:37 INFO ------ Personal Fans Page: 40
Sun, 24 Sep 2017 20:23:38 INFO ------ Personal Fans Page: 41
Sun, 24 Sep 2017 20:23:40 INFO ------ Personal Fans Page: 42
Sun, 24 Sep 2017 20:23:42 INFO ------ Personal Fans Page: 43
Sun, 24 Sep 2017 20:23:43 INFO ------ Personal Fans Page: 44
Sun, 24 Sep 2017 20:23:44 INFO ------ Personal Fans Page: 45
Sun, 24 Sep 2017 20:23:46 INFO ------ Personal Fans Page: 46
Sun, 24 Sep 2017 20:23:47 INFO ------ Personal Fans Page: 47
Sun, 24 Sep 2017 20:23:49 INFO ------ Personal Fans Page: 48
Sun, 24 Sep 2017 20:23:50 INFO ------ Personal Fans Page: 49
Sun, 24 Sep 2017 20:23:52 INFO ------ Personal Fans Page: 50
Sun, 24 Sep 2017 20:23:54 INFO ------ Personal Fans Page: 51
Sun, 24 Sep 2017 20:23:56 INFO Personal uid: 1055666577, name: xiaolin1985
Sun, 24 Sep 2017 20:23:58 INFO -- Personal pageId: 1005051055666577
Sun, 24 Sep 2017 20:23:58 INFO ---- Get Personal Info
Sun, 24 Sep 2017 20:23:59 INFO ---- Get Personal Fans
Sun, 24 Sep 2017 20:23:59 INFO ------ Personal Fans Page: 1
Sun, 24 Sep 2017 20:24:00 INFO ------ Personal Fans Page: 2
Sun, 24 Sep 2017 20:24:03 INFO ------ Personal Fans Page: 3
Sun, 24 Sep 2017 20:24:05 INFO ------ Personal Fans Page: 4
Sun, 24 Sep 2017 20:24:08 INFO ------ Personal Fans Page: 5
Sun, 24 Sep 2017 20:24:09 INFO ------ Personal Fans Page: 6
Sun, 24 Sep 2017 20:24:12 INFO ------ Personal Fans Page: 7
Sun, 24 Sep 2017 20:24:14 INFO ------ Personal Fans Page: 8
Sun, 24 Sep 2017 20:24:15 INFO ------ Personal Fans Page: 9
Sun, 24 Sep 2017 20:24:17 INFO ------ Personal Fans Page: 10
Sun, 24 Sep 2017 20:24:19 INFO ------ Personal Fans Page: 11
Sun, 24 Sep 2017 20:24:21 INFO ------ Personal Fans Page: 12
Sun, 24 Sep 2017 20:24:22 INFO ------ Personal Fans Page: 13
Sun, 24 Sep 2017 20:24:23 INFO ------ Personal Fans Page: 14
Sun, 24 Sep 2017 20:24:26 INFO ------ Personal Fans Page: 15
Sun, 24 Sep 2017 20:24:27 INFO ------ Personal Fans Page: 16
Sun, 24 Sep 2017 20:24:29 INFO ------ Personal Fans Page: 17
Sun, 24 Sep 2017 20:24:30 INFO ------ Personal Fans Page: 18
Sun, 24 Sep 2017 20:24:32 INFO ------ Personal Fans Page: 19
Sun, 24 Sep 2017 20:24:33 INFO ------ Personal Fans Page: 20
Sun, 24 Sep 2017 20:24:35 INFO ------ Personal Fans Page: 21
Sun, 24 Sep 2017 20:24:36 INFO ------ Personal Fans Page: 22
Sun, 24 Sep 2017 20:24:38 INFO ------ Personal Fans Page: 23
Sun, 24 Sep 2017 20:24:40 INFO ------ Personal Fans Page: 24
Sun, 24 Sep 2017 20:24:43 INFO ------ Personal Fans Page: 25
Sun, 24 Sep 2017 20:24:44 INFO ------ Personal Fans Page: 26
Sun, 24 Sep 2017 20:24:45 INFO ------ Personal Fans Page: 27
Sun, 24 Sep 2017 20:24:47 INFO ------ Personal Fans Page: 28
Sun, 24 Sep 2017 20:24:49 INFO ------ Personal Fans Page: 29
Sun, 24 Sep 2017 20:24:50 INFO ------ Personal Fans Page: 30
Sun, 24 Sep 2017 20:24:51 INFO ------ Personal Fans Page: 31
Sun, 24 Sep 2017 20:24:53 INFO ------ Personal Fans Page: 32
Sun, 24 Sep 2017 20:24:56 INFO ------ Personal Fans Page: 33
Sun, 24 Sep 2017 20:24:57 INFO ------ Personal Fans Page: 34
Sun, 24 Sep 2017 20:24:59 INFO ------ Personal Fans Page: 35
Sun, 24 Sep 2017 20:25:00 INFO ------ Personal Fans Page: 36
Sun, 24 Sep 2017 20:25:01 INFO ------ Personal Fans Page: 37
Sun, 24 Sep 2017 20:25:03 INFO ------ Personal Fans Page: 38
Sun, 24 Sep 2017 20:25:05 INFO ------ Personal Fans Page: 39
Sun, 24 Sep 2017 20:25:07 INFO ------ Personal Fans Page: 40
Sun, 24 Sep 2017 20:25:08 INFO ------ Personal Fans Page: 41
Sun, 24 Sep 2017 20:25:10 INFO ------ Personal Fans Page: 42
Sun, 24 Sep 2017 20:25:11 INFO ------ Personal Fans Page: 43
Sun, 24 Sep 2017 20:25:12 INFO ------ Personal Fans Page: 44
Sun, 24 Sep 2017 20:25:14 INFO ------ Personal Fans Page: 45
Sun, 24 Sep 2017 20:25:15 INFO ------ Personal Fans Page: 46
Sun, 24 Sep 2017 20:25:18 INFO ------ Personal Fans Page: 47
Sun, 24 Sep 2017 20:25:19 INFO ------ Personal Fans Page: 48
Sun, 24 Sep 2017 20:25:20 INFO ------ Personal Fans Page: 49
Sun, 24 Sep 2017 20:25:22 INFO ------ Personal Fans Page: 50
Sun, 24 Sep 2017 20:25:23 INFO ------ Personal Fans Page: 51
Sun, 24 Sep 2017 20:25:24 INFO ------ Personal Fans Page: 52
Sun, 24 Sep 2017 20:25:26 INFO ------ Personal Fans Page: 53
Sun, 24 Sep 2017 20:25:28 INFO ------ Personal Fans Page: 54
Sun, 24 Sep 2017 20:25:30 INFO ------ Personal Fans Page: 55
Sun, 24 Sep 2017 20:25:32 INFO ------ Personal Fans Page: 56
Sun, 24 Sep 2017 20:25:33 INFO ------ Personal Fans Page: 57
Sun, 24 Sep 2017 20:25:35 INFO ------ Personal Fans Page: 58
Sun, 24 Sep 2017 20:25:38 INFO ------ Personal Fans Page: 59
Sun, 24 Sep 2017 20:25:39 INFO ------ Personal Fans Page: 60
Sun, 24 Sep 2017 20:25:41 INFO ------ Personal Fans Page: 61
Sun, 24 Sep 2017 20:25:42 INFO ------ Personal Fans Page: 62
Sun, 24 Sep 2017 20:25:43 INFO ------ Personal Fans Page: 63
Sun, 24 Sep 2017 20:25:45 INFO ------ Personal Fans Page: 64
Sun, 24 Sep 2017 20:25:46 INFO Personal uid: 1056801775, name: 鱼鱼的微笑1214
Sun, 24 Sep 2017 20:25:48 INFO -- Personal pageId: 1005051056801775
Sun, 24 Sep 2017 20:25:48 INFO ---- Get Personal Info
Sun, 24 Sep 2017 20:25:49 INFO ---- Get Personal Fans
Sun, 24 Sep 2017 20:25:49 INFO ------ Personal Fans Page: 1
Sun, 24 Sep 2017 20:25:52 INFO ------ Personal Fans Page: 2
Sun, 24 Sep 2017 20:25:54 INFO ------ Personal Fans Page: 3
Sun, 24 Sep 2017 20:25:55 INFO ------ Personal Fans Page: 4
Sun, 24 Sep 2017 20:25:56 INFO ------ Personal Fans Page: 5
Sun, 24 Sep 2017 20:25:58 INFO ------ Personal Fans Page: 6
Sun, 24 Sep 2017 20:25:59 INFO ------ Personal Fans Page: 7
Sun, 24 Sep 2017 20:26:01 INFO ------ Personal Fans Page: 8
Sun, 24 Sep 2017 20:26:02 INFO ------ Personal Fans Page: 9
Sun, 24 Sep 2017 20:26:03 INFO ------ Personal Fans Page: 10
Sun, 24 Sep 2017 20:26:05 INFO ------ Personal Fans Page: 11
Sun, 24 Sep 2017 20:26:06 INFO ------ Personal Fans Page: 12
Sun, 24 Sep 2017 20:26:07 INFO ------ Personal Fans Page: 13
Sun, 24 Sep 2017 20:26:09 INFO ------ Personal Fans Page: 14
Sun, 24 Sep 2017 20:26:10 INFO ------ Personal Fans Page: 15
Sun, 24 Sep 2017 20:26:12 INFO ------ Personal Fans Page: 16
Sun, 24 Sep 2017 20:26:14 INFO ------ Personal Fans Page: 17
Sun, 24 Sep 2017 20:26:16 INFO ------ Personal Fans Page: 18
Sun, 24 Sep 2017 20:26:18 INFO ------ Personal Fans Page: 19
Sun, 24 Sep 2017 20:26:19 INFO ------ Personal Fans Page: 20
Sun, 24 Sep 2017 20:26:21 INFO ------ Personal Fans Page: 21
Sun, 24 Sep 2017 20:26:23 INFO ------ Personal Fans Page: 22
Sun, 24 Sep 2017 20:26:24 INFO Personal uid: 1058894952, name: 凡灰
Sun, 24 Sep 2017 20:26:25 INFO -- Personal pageId: 
Sun, 24 Sep 2017 20:26:25 INFO ---- Get Personal Info
