Mon, 25 Sep 2017 23:58:28 INFO Personal uid: 1830585900, name: DEER勛--
Mon, 25 Sep 2017 23:58:29 INFO Starting new HTTPS connection (1): weibo.com
Mon, 25 Sep 2017 23:58:29 INFO -- Personal pageId: 1005051830585900
Mon, 25 Sep 2017 23:58:29 INFO ---- Get Personal Info
Mon, 25 Sep 2017 23:58:29 INFO Starting new HTTPS connection (1): weibo.com
Mon, 25 Sep 2017 23:58:30 INFO ---- Get Personal Fans
Mon, 25 Sep 2017 23:58:30 INFO ------ Personal Fans Page: 1
Mon, 25 Sep 2017 23:58:30 INFO Starting new HTTPS connection (1): weibo.com
Mon, 25 Sep 2017 23:58:30 INFO ------ Personal Fans Page: 2
Mon, 25 Sep 2017 23:58:30 INFO Starting new HTTPS connection (1): weibo.com
Mon, 25 Sep 2017 23:58:31 INFO ------ Personal Fans Page: 3
Mon, 25 Sep 2017 23:58:31 INFO Starting new HTTPS connection (1): weibo.com
Mon, 25 Sep 2017 23:58:32 INFO ------ Personal Fans Page: 4
Mon, 25 Sep 2017 23:58:32 INFO Starting new HTTPS connection (1): weibo.com
Mon, 25 Sep 2017 23:58:33 INFO ------ Personal Fans Page: 5
Mon, 25 Sep 2017 23:58:33 INFO Starting new HTTPS connection (1): weibo.com
Mon, 25 Sep 2017 23:58:34 INFO ------ Personal Fans Page: 6
Mon, 25 Sep 2017 23:58:34 INFO Starting new HTTPS connection (1): weibo.com
Mon, 25 Sep 2017 23:58:34 INFO Personal uid: 1831157071, name: Emailcheng
Mon, 25 Sep 2017 23:58:34 INFO Starting new HTTPS connection (1): weibo.com
Mon, 25 Sep 2017 23:58:35 INFO Starting new HTTPS connection (1): passport.weibo.com
Mon, 25 Sep 2017 23:58:40 INFO -- Personal pageId: 1005051831157071
Mon, 25 Sep 2017 23:58:40 INFO ---- Get Personal Info
Mon, 25 Sep 2017 23:58:40 INFO Starting new HTTPS connection (1): weibo.com
Mon, 25 Sep 2017 23:58:40 INFO ---- Get Personal Fans
Mon, 25 Sep 2017 23:58:40 INFO ------ Personal Fans Page: 1
Mon, 25 Sep 2017 23:58:40 INFO Starting new HTTPS connection (1): weibo.com
Mon, 25 Sep 2017 23:58:41 INFO ------ Personal Fans Page: 2
Mon, 25 Sep 2017 23:58:41 INFO Starting new HTTPS connection (1): weibo.com
Mon, 25 Sep 2017 23:58:42 INFO ------ Personal Fans Page: 3
Mon, 25 Sep 2017 23:58:42 INFO Starting new HTTPS connection (1): weibo.com
Mon, 25 Sep 2017 23:58:43 INFO ------ Personal Fans Page: 4
Mon, 25 Sep 2017 23:58:43 INFO Starting new HTTPS connection (1): weibo.com
Mon, 25 Sep 2017 23:58:44 INFO ------ Personal Fans Page: 5
Mon, 25 Sep 2017 23:58:44 INFO Starting new HTTPS connection (1): weibo.com
Mon, 25 Sep 2017 23:58:45 INFO ------ Personal Fans Page: 6
Mon, 25 Sep 2017 23:58:45 INFO Starting new HTTPS connection (1): weibo.com
Mon, 25 Sep 2017 23:58:45 INFO Personal uid: 1831585580, name: -hf--
Mon, 25 Sep 2017 23:58:45 INFO Starting new HTTPS connection (1): weibo.com
Mon, 25 Sep 2017 23:58:46 INFO Starting new HTTPS connection (1): passport.weibo.com
Mon, 25 Sep 2017 23:58:46 INFO -- Personal pageId: 1005051831585580
Mon, 25 Sep 2017 23:58:46 INFO ---- Get Personal Info
Mon, 25 Sep 2017 23:58:46 INFO Starting new HTTPS connection (1): weibo.com
Mon, 25 Sep 2017 23:58:46 INFO ---- Get Personal Fans
Mon, 25 Sep 2017 23:58:46 INFO ------ Personal Fans Page: 1
Mon, 25 Sep 2017 23:58:46 INFO Starting new HTTPS connection (1): weibo.com
Mon, 25 Sep 2017 23:58:47 INFO ------ Personal Fans Page: 2
Mon, 25 Sep 2017 23:58:47 INFO Starting new HTTPS connection (1): weibo.com
Mon, 25 Sep 2017 23:58:48 INFO ------ Personal Fans Page: 3
Mon, 25 Sep 2017 23:58:48 INFO Starting new HTTPS connection (1): weibo.com
Mon, 25 Sep 2017 23:58:49 INFO ------ Personal Fans Page: 4
Mon, 25 Sep 2017 23:58:49 INFO Starting new HTTPS connection (1): weibo.com
Mon, 25 Sep 2017 23:58:50 INFO ------ Personal Fans Page: 5
Mon, 25 Sep 2017 23:58:50 INFO Starting new HTTPS connection (1): weibo.com
Mon, 25 Sep 2017 23:58:51 INFO ------ Personal Fans Page: 6
Mon, 25 Sep 2017 23:58:51 INFO Starting new HTTPS connection (1): weibo.com
Mon, 25 Sep 2017 23:58:51 INFO Personal uid: 1832055912, name: 1张家辉
Mon, 25 Sep 2017 23:58:51 INFO Starting new HTTPS connection (1): weibo.com
Mon, 25 Sep 2017 23:58:52 INFO Starting new HTTPS connection (1): passport.weibo.com
Mon, 25 Sep 2017 23:58:52 INFO -- Personal pageId: 1005051832055912
Mon, 25 Sep 2017 23:58:52 INFO ---- Get Personal Info
Mon, 25 Sep 2017 23:58:52 INFO Starting new HTTPS connection (1): weibo.com
Mon, 25 Sep 2017 23:58:53 INFO ---- Get Personal Fans
Mon, 25 Sep 2017 23:58:53 INFO ------ Personal Fans Page: 1
Mon, 25 Sep 2017 23:58:53 INFO Starting new HTTPS connection (1): weibo.com
Mon, 25 Sep 2017 23:58:53 INFO ------ Personal Fans Page: 2
Mon, 25 Sep 2017 23:58:53 INFO Starting new HTTPS connection (1): weibo.com
Mon, 25 Sep 2017 23:58:54 INFO ------ Personal Fans Page: 3
Mon, 25 Sep 2017 23:58:54 INFO Starting new HTTPS connection (1): weibo.com
Mon, 25 Sep 2017 23:58:55 INFO ------ Personal Fans Page: 4
Mon, 25 Sep 2017 23:58:55 INFO Starting new HTTPS connection (1): weibo.com
Mon, 25 Sep 2017 23:58:56 INFO ------ Personal Fans Page: 5
Mon, 25 Sep 2017 23:58:56 INFO Starting new HTTPS connection (1): weibo.com
Mon, 25 Sep 2017 23:58:57 INFO ------ Personal Fans Page: 6
Mon, 25 Sep 2017 23:58:57 INFO Starting new HTTPS connection (1): weibo.com
Mon, 25 Sep 2017 23:58:57 INFO Personal uid: 1832180001, name: 幸运芭比有机器猫
Mon, 25 Sep 2017 23:58:57 INFO Starting new HTTPS connection (1): weibo.com
Mon, 25 Sep 2017 23:58:59 INFO Starting new HTTPS connection (1): passport.weibo.com
Mon, 25 Sep 2017 23:58:59 INFO -- Personal pageId: 1005051832180001
Mon, 25 Sep 2017 23:58:59 INFO ---- Get Personal Info
Mon, 25 Sep 2017 23:58:59 INFO Starting new HTTPS connection (1): weibo.com
Mon, 25 Sep 2017 23:58:59 INFO ---- Get Personal Fans
Mon, 25 Sep 2017 23:58:59 INFO ------ Personal Fans Page: 1
Mon, 25 Sep 2017 23:58:59 INFO Starting new HTTPS connection (1): weibo.com
Mon, 25 Sep 2017 23:59:00 INFO ------ Personal Fans Page: 2
Mon, 25 Sep 2017 23:59:00 INFO Starting new HTTPS connection (1): weibo.com
Mon, 25 Sep 2017 23:59:01 INFO ------ Personal Fans Page: 3
Mon, 25 Sep 2017 23:59:01 INFO Starting new HTTPS connection (1): weibo.com
Mon, 25 Sep 2017 23:59:02 INFO ------ Personal Fans Page: 4
Mon, 25 Sep 2017 23:59:02 INFO Starting new HTTPS connection (1): weibo.com
Mon, 25 Sep 2017 23:59:03 INFO ------ Personal Fans Page: 5
Mon, 25 Sep 2017 23:59:03 INFO Starting new HTTPS connection (1): weibo.com
Mon, 25 Sep 2017 23:59:04 INFO ------ Personal Fans Page: 6
Mon, 25 Sep 2017 23:59:04 INFO Starting new HTTPS connection (1): weibo.com
Mon, 25 Sep 2017 23:59:05 INFO Personal uid: 1832569804, name: Qhelena
Mon, 25 Sep 2017 23:59:05 INFO Starting new HTTPS connection (1): weibo.com
Mon, 25 Sep 2017 23:59:07 INFO -- Personal pageId: 1005051832569804
Mon, 25 Sep 2017 23:59:07 INFO ---- Get Personal Info
Mon, 25 Sep 2017 23:59:07 INFO Starting new HTTPS connection (1): weibo.com
Mon, 25 Sep 2017 23:59:07 INFO ---- Get Personal Fans
Mon, 25 Sep 2017 23:59:07 INFO ------ Personal Fans Page: 1
Mon, 25 Sep 2017 23:59:07 INFO Starting new HTTPS connection (1): weibo.com
Mon, 25 Sep 2017 23:59:09 INFO ------ Personal Fans Page: 2
Mon, 25 Sep 2017 23:59:09 INFO Starting new HTTPS connection (1): weibo.com
Mon, 25 Sep 2017 23:59:10 INFO ------ Personal Fans Page: 3
Mon, 25 Sep 2017 23:59:10 INFO Starting new HTTPS connection (1): weibo.com
Mon, 25 Sep 2017 23:59:10 INFO ------ Personal Fans Page: 4
Mon, 25 Sep 2017 23:59:10 INFO Starting new HTTPS connection (1): weibo.com
Mon, 25 Sep 2017 23:59:11 INFO ------ Personal Fans Page: 5
Mon, 25 Sep 2017 23:59:11 INFO Starting new HTTPS connection (1): weibo.com
Mon, 25 Sep 2017 23:59:12 INFO ------ Personal Fans Page: 6
Mon, 25 Sep 2017 23:59:12 INFO Starting new HTTPS connection (1): weibo.com
Mon, 25 Sep 2017 23:59:12 INFO Personal uid: 1832787170, name: 大朵连
Mon, 25 Sep 2017 23:59:12 INFO Starting new HTTPS connection (1): weibo.com
Mon, 25 Sep 2017 23:59:13 INFO -- Personal pageId: 1005051832787170
Mon, 25 Sep 2017 23:59:13 INFO ---- Get Personal Info
Mon, 25 Sep 2017 23:59:13 INFO Starting new HTTPS connection (1): weibo.com
Mon, 25 Sep 2017 23:59:14 INFO ---- Get Personal Fans
Mon, 25 Sep 2017 23:59:14 INFO ------ Personal Fans Page: 1
Mon, 25 Sep 2017 23:59:14 INFO Starting new HTTPS connection (1): weibo.com
Mon, 25 Sep 2017 23:59:15 INFO ------ Personal Fans Page: 2
Mon, 25 Sep 2017 23:59:15 INFO Starting new HTTPS connection (1): weibo.com
Mon, 25 Sep 2017 23:59:16 INFO ------ Personal Fans Page: 3
Mon, 25 Sep 2017 23:59:16 INFO Starting new HTTPS connection (1): weibo.com
Mon, 25 Sep 2017 23:59:17 INFO ------ Personal Fans Page: 4
Mon, 25 Sep 2017 23:59:17 INFO Starting new HTTPS connection (1): weibo.com
Mon, 25 Sep 2017 23:59:18 INFO ------ Personal Fans Page: 5
Mon, 25 Sep 2017 23:59:18 INFO Starting new HTTPS connection (1): weibo.com
Mon, 25 Sep 2017 23:59:19 INFO ------ Personal Fans Page: 6
Mon, 25 Sep 2017 23:59:19 INFO Starting new HTTPS connection (1): weibo.com
Mon, 25 Sep 2017 23:59:19 INFO Personal uid: 1832942784, name: 小八真萌
Mon, 25 Sep 2017 23:59:19 INFO Starting new HTTPS connection (1): weibo.com
Mon, 25 Sep 2017 23:59:21 INFO -- Personal pageId: 1005051832942784
Mon, 25 Sep 2017 23:59:21 INFO ---- Get Personal Info
Mon, 25 Sep 2017 23:59:21 INFO Starting new HTTPS connection (1): weibo.com
Mon, 25 Sep 2017 23:59:22 INFO ---- Get Personal Fans
Mon, 25 Sep 2017 23:59:22 INFO ------ Personal Fans Page: 1
Mon, 25 Sep 2017 23:59:22 INFO Starting new HTTPS connection (1): weibo.com
Mon, 25 Sep 2017 23:59:24 INFO ------ Personal Fans Page: 2
Mon, 25 Sep 2017 23:59:24 INFO Starting new HTTPS connection (1): weibo.com
Mon, 25 Sep 2017 23:59:24 INFO ------ Personal Fans Page: 3
Mon, 25 Sep 2017 23:59:24 INFO Starting new HTTPS connection (1): weibo.com
Mon, 25 Sep 2017 23:59:26 INFO ------ Personal Fans Page: 4
Mon, 25 Sep 2017 23:59:26 INFO Starting new HTTPS connection (1): weibo.com
Mon, 25 Sep 2017 23:59:27 INFO ------ Personal Fans Page: 5
Mon, 25 Sep 2017 23:59:27 INFO Starting new HTTPS connection (1): weibo.com
Mon, 25 Sep 2017 23:59:27 INFO ------ Personal Fans Page: 6
Mon, 25 Sep 2017 23:59:27 INFO Starting new HTTPS connection (1): weibo.com
Mon, 25 Sep 2017 23:59:28 INFO Personal uid: 1833016747, name: 高兴Helen
Mon, 25 Sep 2017 23:59:28 INFO Starting new HTTPS connection (1): weibo.com
Mon, 25 Sep 2017 23:59:28 INFO Starting new HTTPS connection (1): passport.weibo.com
Mon, 25 Sep 2017 23:59:29 INFO -- Personal pageId: 1005051833016747
Mon, 25 Sep 2017 23:59:29 INFO ---- Get Personal Info
Mon, 25 Sep 2017 23:59:29 INFO Starting new HTTPS connection (1): weibo.com
Mon, 25 Sep 2017 23:59:30 INFO ---- Get Personal Fans
Mon, 25 Sep 2017 23:59:30 INFO ------ Personal Fans Page: 1
Mon, 25 Sep 2017 23:59:30 INFO Starting new HTTPS connection (1): weibo.com
Mon, 25 Sep 2017 23:59:31 INFO ------ Personal Fans Page: 2
Mon, 25 Sep 2017 23:59:31 INFO Starting new HTTPS connection (1): weibo.com
Mon, 25 Sep 2017 23:59:32 INFO ------ Personal Fans Page: 3
Mon, 25 Sep 2017 23:59:32 INFO Starting new HTTPS connection (1): weibo.com
Mon, 25 Sep 2017 23:59:32 INFO ------ Personal Fans Page: 4
Mon, 25 Sep 2017 23:59:32 INFO Starting new HTTPS connection (1): weibo.com
Mon, 25 Sep 2017 23:59:33 INFO ------ Personal Fans Page: 5
Mon, 25 Sep 2017 23:59:33 INFO Starting new HTTPS connection (1): weibo.com
Mon, 25 Sep 2017 23:59:34 INFO ------ Personal Fans Page: 6
Mon, 25 Sep 2017 23:59:34 INFO Starting new HTTPS connection (1): weibo.com
Mon, 25 Sep 2017 23:59:35 INFO Personal uid: 1833253521, name: _Y-Qun
Mon, 25 Sep 2017 23:59:35 INFO Starting new HTTPS connection (1): weibo.com
Mon, 25 Sep 2017 23:59:36 INFO -- Personal pageId: 1005051833253521
Mon, 25 Sep 2017 23:59:36 INFO ---- Get Personal Info
Mon, 25 Sep 2017 23:59:36 INFO Starting new HTTPS connection (1): weibo.com
Mon, 25 Sep 2017 23:59:37 INFO ---- Get Personal Fans
Mon, 25 Sep 2017 23:59:37 INFO ------ Personal Fans Page: 1
Mon, 25 Sep 2017 23:59:37 INFO Starting new HTTPS connection (1): weibo.com
Mon, 25 Sep 2017 23:59:38 INFO ------ Personal Fans Page: 2
Mon, 25 Sep 2017 23:59:38 INFO Starting new HTTPS connection (1): weibo.com
Mon, 25 Sep 2017 23:59:39 INFO ------ Personal Fans Page: 3
Mon, 25 Sep 2017 23:59:39 INFO Starting new HTTPS connection (1): weibo.com
Mon, 25 Sep 2017 23:59:40 INFO ------ Personal Fans Page: 4
Mon, 25 Sep 2017 23:59:40 INFO Starting new HTTPS connection (1): weibo.com
Mon, 25 Sep 2017 23:59:40 INFO ------ Personal Fans Page: 5
Mon, 25 Sep 2017 23:59:40 INFO Starting new HTTPS connection (1): weibo.com
Mon, 25 Sep 2017 23:59:41 INFO ------ Personal Fans Page: 6
Mon, 25 Sep 2017 23:59:41 INFO Starting new HTTPS connection (1): weibo.com
Mon, 25 Sep 2017 23:59:41 INFO Personal uid: 1833685191, name: 愍醴而行
Mon, 25 Sep 2017 23:59:41 INFO Starting new HTTPS connection (1): weibo.com
Mon, 25 Sep 2017 23:59:42 INFO -- Personal pageId: 1005051833685191
Mon, 25 Sep 2017 23:59:42 INFO ---- Get Personal Info
Mon, 25 Sep 2017 23:59:42 INFO Starting new HTTPS connection (1): weibo.com
Mon, 25 Sep 2017 23:59:44 INFO ---- Get Personal Fans
Mon, 25 Sep 2017 23:59:44 INFO ------ Personal Fans Page: 1
Mon, 25 Sep 2017 23:59:44 INFO Starting new HTTPS connection (1): weibo.com
Mon, 25 Sep 2017 23:59:45 INFO ------ Personal Fans Page: 2
Mon, 25 Sep 2017 23:59:45 INFO Starting new HTTPS connection (1): weibo.com
Mon, 25 Sep 2017 23:59:46 INFO ------ Personal Fans Page: 3
Mon, 25 Sep 2017 23:59:46 INFO Starting new HTTPS connection (1): weibo.com
Mon, 25 Sep 2017 23:59:47 INFO ------ Personal Fans Page: 4
Mon, 25 Sep 2017 23:59:47 INFO Starting new HTTPS connection (1): weibo.com
Mon, 25 Sep 2017 23:59:47 INFO ------ Personal Fans Page: 5
Mon, 25 Sep 2017 23:59:47 INFO Starting new HTTPS connection (1): weibo.com
Mon, 25 Sep 2017 23:59:48 INFO ------ Personal Fans Page: 6
Mon, 25 Sep 2017 23:59:48 INFO Starting new HTTPS connection (1): weibo.com
Mon, 25 Sep 2017 23:59:48 INFO Personal uid: 1833827820, name: 暖阳猫猫
Mon, 25 Sep 2017 23:59:48 INFO Starting new HTTPS connection (1): weibo.com
Mon, 25 Sep 2017 23:59:50 INFO -- Personal pageId: 1005051833827820
Mon, 25 Sep 2017 23:59:50 INFO ---- Get Personal Info
Mon, 25 Sep 2017 23:59:50 INFO Starting new HTTPS connection (1): weibo.com
Mon, 25 Sep 2017 23:59:51 INFO ---- Get Personal Fans
Mon, 25 Sep 2017 23:59:51 INFO ------ Personal Fans Page: 1
Mon, 25 Sep 2017 23:59:51 INFO Starting new HTTPS connection (1): weibo.com
Mon, 25 Sep 2017 23:59:52 INFO ------ Personal Fans Page: 2
Mon, 25 Sep 2017 23:59:52 INFO Starting new HTTPS connection (1): weibo.com
Mon, 25 Sep 2017 23:59:53 INFO ------ Personal Fans Page: 3
Mon, 25 Sep 2017 23:59:53 INFO Starting new HTTPS connection (1): weibo.com
Mon, 25 Sep 2017 23:59:54 INFO ------ Personal Fans Page: 4
Mon, 25 Sep 2017 23:59:54 INFO Starting new HTTPS connection (1): weibo.com
Mon, 25 Sep 2017 23:59:54 INFO ------ Personal Fans Page: 5
Mon, 25 Sep 2017 23:59:54 INFO Starting new HTTPS connection (1): weibo.com
Mon, 25 Sep 2017 23:59:55 INFO ------ Personal Fans Page: 6
Mon, 25 Sep 2017 23:59:55 INFO Starting new HTTPS connection (1): weibo.com
Mon, 25 Sep 2017 23:59:56 INFO Personal uid: 1834315405, name: 白依白顺
Mon, 25 Sep 2017 23:59:56 INFO Starting new HTTPS connection (1): weibo.com
Mon, 25 Sep 2017 23:59:56 INFO Starting new HTTPS connection (1): passport.weibo.com
Mon, 25 Sep 2017 23:59:56 INFO -- Personal pageId: 1005051834315405
Mon, 25 Sep 2017 23:59:56 INFO ---- Get Personal Info
Mon, 25 Sep 2017 23:59:56 INFO Starting new HTTPS connection (1): weibo.com
Mon, 25 Sep 2017 23:59:58 INFO ---- Get Personal Fans
Mon, 25 Sep 2017 23:59:58 INFO ------ Personal Fans Page: 1
Mon, 25 Sep 2017 23:59:58 INFO Starting new HTTPS connection (1): weibo.com
Mon, 25 Sep 2017 23:59:59 INFO ------ Personal Fans Page: 2
Mon, 25 Sep 2017 23:59:59 INFO Starting new HTTPS connection (1): weibo.com
Tue, 26 Sep 2017 00:00:00 INFO ------ Personal Fans Page: 3
Tue, 26 Sep 2017 00:00:00 INFO Starting new HTTPS connection (1): weibo.com
Tue, 26 Sep 2017 00:00:01 INFO ------ Personal Fans Page: 4
Tue, 26 Sep 2017 00:00:01 INFO Starting new HTTPS connection (1): weibo.com
Tue, 26 Sep 2017 00:00:02 INFO ------ Personal Fans Page: 5
Tue, 26 Sep 2017 00:00:02 INFO Starting new HTTPS connection (1): weibo.com
Tue, 26 Sep 2017 00:00:02 INFO ------ Personal Fans Page: 6
Tue, 26 Sep 2017 00:00:02 INFO Starting new HTTPS connection (1): weibo.com
Tue, 26 Sep 2017 00:00:03 INFO Personal uid: 1834339057, name: 饼子嗷的一声就炸了
Tue, 26 Sep 2017 00:00:03 INFO Starting new HTTPS connection (1): weibo.com
Tue, 26 Sep 2017 00:00:05 INFO -- Personal pageId: 1005051834339057
Tue, 26 Sep 2017 00:00:05 INFO ---- Get Personal Info
Tue, 26 Sep 2017 00:00:05 INFO Starting new HTTPS connection (1): weibo.com
Tue, 26 Sep 2017 00:00:06 INFO ---- Get Personal Fans
Tue, 26 Sep 2017 00:00:06 INFO ------ Personal Fans Page: 1
Tue, 26 Sep 2017 00:00:06 INFO Starting new HTTPS connection (1): weibo.com
Tue, 26 Sep 2017 00:00:07 INFO ------ Personal Fans Page: 2
Tue, 26 Sep 2017 00:00:07 INFO Starting new HTTPS connection (1): weibo.com
Tue, 26 Sep 2017 00:00:08 INFO ------ Personal Fans Page: 3
Tue, 26 Sep 2017 00:00:08 INFO Starting new HTTPS connection (1): weibo.com
Tue, 26 Sep 2017 00:00:08 INFO ------ Personal Fans Page: 4
Tue, 26 Sep 2017 00:00:08 INFO Starting new HTTPS connection (1): weibo.com
Tue, 26 Sep 2017 00:00:09 INFO ------ Personal Fans Page: 5
Tue, 26 Sep 2017 00:00:09 INFO Starting new HTTPS connection (1): weibo.com
Tue, 26 Sep 2017 00:00:10 INFO ------ Personal Fans Page: 6
Tue, 26 Sep 2017 00:00:10 INFO Starting new HTTPS connection (1): weibo.com
Tue, 26 Sep 2017 00:00:11 INFO Personal uid: 1834483135, name: 薄荷5005
Tue, 26 Sep 2017 00:00:11 INFO Starting new HTTPS connection (1): weibo.com
Tue, 26 Sep 2017 00:00:12 INFO -- Personal pageId: 1005051834483135
Tue, 26 Sep 2017 00:00:12 INFO ---- Get Personal Info
Tue, 26 Sep 2017 00:00:12 INFO Starting new HTTPS connection (1): weibo.com
Tue, 26 Sep 2017 00:00:13 INFO ---- Get Personal Fans
Tue, 26 Sep 2017 00:00:13 INFO ------ Personal Fans Page: 1
Tue, 26 Sep 2017 00:00:13 INFO Starting new HTTPS connection (1): weibo.com
Tue, 26 Sep 2017 00:00:14 INFO ------ Personal Fans Page: 2
Tue, 26 Sep 2017 00:00:14 INFO Starting new HTTPS connection (1): weibo.com
Tue, 26 Sep 2017 00:00:15 INFO ------ Personal Fans Page: 3
Tue, 26 Sep 2017 00:00:15 INFO Starting new HTTPS connection (1): weibo.com
Tue, 26 Sep 2017 00:00:16 INFO ------ Personal Fans Page: 4
Tue, 26 Sep 2017 00:00:16 INFO Starting new HTTPS connection (1): weibo.com
Tue, 26 Sep 2017 00:00:16 INFO ------ Personal Fans Page: 5
Tue, 26 Sep 2017 00:00:16 INFO Starting new HTTPS connection (1): weibo.com
Tue, 26 Sep 2017 00:00:17 INFO ------ Personal Fans Page: 6
Tue, 26 Sep 2017 00:00:17 INFO Starting new HTTPS connection (1): weibo.com
Tue, 26 Sep 2017 00:00:18 INFO Personal uid: 1834561281, name: DOER2005
Tue, 26 Sep 2017 00:00:18 INFO Starting new HTTPS connection (1): weibo.com
Tue, 26 Sep 2017 00:00:18 INFO -- Personal pageId: 1005051834561281
Tue, 26 Sep 2017 00:00:18 INFO ---- Get Personal Info
Tue, 26 Sep 2017 00:00:18 INFO Starting new HTTPS connection (1): weibo.com
Tue, 26 Sep 2017 00:00:20 INFO ---- Get Personal Fans
Tue, 26 Sep 2017 00:00:20 INFO ------ Personal Fans Page: 1
Tue, 26 Sep 2017 00:00:20 INFO Starting new HTTPS connection (1): weibo.com
Tue, 26 Sep 2017 00:00:21 INFO ------ Personal Fans Page: 2
Tue, 26 Sep 2017 00:00:21 INFO Starting new HTTPS connection (1): weibo.com
Tue, 26 Sep 2017 00:00:22 INFO ------ Personal Fans Page: 3
Tue, 26 Sep 2017 00:00:22 INFO Starting new HTTPS connection (1): weibo.com
Tue, 26 Sep 2017 00:00:23 INFO ------ Personal Fans Page: 4
Tue, 26 Sep 2017 00:00:23 INFO Starting new HTTPS connection (1): weibo.com
Tue, 26 Sep 2017 00:00:24 INFO ------ Personal Fans Page: 5
Tue, 26 Sep 2017 00:00:24 INFO Starting new HTTPS connection (1): weibo.com
Tue, 26 Sep 2017 00:00:25 INFO ------ Personal Fans Page: 6
Tue, 26 Sep 2017 00:00:25 INFO Starting new HTTPS connection (1): weibo.com
Tue, 26 Sep 2017 00:00:26 INFO Personal uid: 1834652401, name: Drama_quEEn_likes_ice_cream
Tue, 26 Sep 2017 00:00:26 INFO Starting new HTTPS connection (1): weibo.com
Tue, 26 Sep 2017 00:00:27 INFO -- Personal pageId: 1005051834652401
Tue, 26 Sep 2017 00:00:27 INFO ---- Get Personal Info
Tue, 26 Sep 2017 00:00:27 INFO Starting new HTTPS connection (1): weibo.com
Tue, 26 Sep 2017 00:00:28 INFO ---- Get Personal Fans
Tue, 26 Sep 2017 00:00:28 INFO ------ Personal Fans Page: 1
Tue, 26 Sep 2017 00:00:28 INFO Starting new HTTPS connection (1): weibo.com
Tue, 26 Sep 2017 00:00:29 INFO ------ Personal Fans Page: 2
Tue, 26 Sep 2017 00:00:29 INFO Starting new HTTPS connection (1): weibo.com
Tue, 26 Sep 2017 00:00:30 INFO ------ Personal Fans Page: 3
Tue, 26 Sep 2017 00:00:30 INFO Starting new HTTPS connection (1): weibo.com
Tue, 26 Sep 2017 00:00:30 INFO ------ Personal Fans Page: 4
Tue, 26 Sep 2017 00:00:30 INFO Starting new HTTPS connection (1): weibo.com
Tue, 26 Sep 2017 00:00:31 INFO ------ Personal Fans Page: 5
Tue, 26 Sep 2017 00:00:31 INFO Starting new HTTPS connection (1): weibo.com
Tue, 26 Sep 2017 00:00:32 INFO ------ Personal Fans Page: 6
Tue, 26 Sep 2017 00:00:32 INFO Starting new HTTPS connection (1): weibo.com
Tue, 26 Sep 2017 00:00:33 INFO Personal uid: 1834955575, name: air小灰灰
Tue, 26 Sep 2017 00:00:33 INFO Starting new HTTPS connection (1): weibo.com
Tue, 26 Sep 2017 00:00:39 INFO -- Personal pageId: 1005051834955575
Tue, 26 Sep 2017 00:00:39 INFO ---- Get Personal Info
Tue, 26 Sep 2017 00:00:39 INFO Starting new HTTPS connection (1): weibo.com
Tue, 26 Sep 2017 00:00:39 INFO ---- Get Personal Fans
Tue, 26 Sep 2017 00:00:39 INFO ------ Personal Fans Page: 1
Tue, 26 Sep 2017 00:00:39 INFO Starting new HTTPS connection (1): weibo.com
Tue, 26 Sep 2017 00:00:43 INFO ------ Personal Fans Page: 2
Tue, 26 Sep 2017 00:00:43 INFO Starting new HTTPS connection (1): weibo.com
Tue, 26 Sep 2017 00:00:43 INFO ------ Personal Fans Page: 3
Tue, 26 Sep 2017 00:00:43 INFO Starting new HTTPS connection (1): weibo.com
Tue, 26 Sep 2017 00:00:44 INFO ------ Personal Fans Page: 4
Tue, 26 Sep 2017 00:00:44 INFO Starting new HTTPS connection (1): weibo.com
Tue, 26 Sep 2017 00:00:45 INFO ------ Personal Fans Page: 5
Tue, 26 Sep 2017 00:00:45 INFO Starting new HTTPS connection (1): weibo.com
Tue, 26 Sep 2017 00:00:46 INFO ------ Personal Fans Page: 6
Tue, 26 Sep 2017 00:00:46 INFO Starting new HTTPS connection (1): weibo.com
Tue, 26 Sep 2017 00:00:47 INFO Personal uid: 1835577507, name: 丘刺了山的青
Tue, 26 Sep 2017 00:00:47 INFO Starting new HTTPS connection (1): weibo.com
Tue, 26 Sep 2017 00:00:47 INFO -- Personal pageId: 1005051835577507
Tue, 26 Sep 2017 00:00:47 INFO ---- Get Personal Info
Tue, 26 Sep 2017 00:00:47 INFO Starting new HTTPS connection (1): weibo.com
Tue, 26 Sep 2017 00:00:48 INFO ---- Get Personal Fans
Tue, 26 Sep 2017 00:00:48 INFO ------ Personal Fans Page: 1
Tue, 26 Sep 2017 00:00:48 INFO Starting new HTTPS connection (1): weibo.com
Tue, 26 Sep 2017 00:00:49 INFO ------ Personal Fans Page: 2
Tue, 26 Sep 2017 00:00:49 INFO Starting new HTTPS connection (1): weibo.com
Tue, 26 Sep 2017 00:00:50 INFO ------ Personal Fans Page: 3
Tue, 26 Sep 2017 00:00:50 INFO Starting new HTTPS connection (1): weibo.com
Tue, 26 Sep 2017 00:00:51 INFO ------ Personal Fans Page: 4
Tue, 26 Sep 2017 00:00:51 INFO Starting new HTTPS connection (1): weibo.com
Tue, 26 Sep 2017 00:00:52 INFO ------ Personal Fans Page: 5
Tue, 26 Sep 2017 00:00:52 INFO Starting new HTTPS connection (1): weibo.com
Tue, 26 Sep 2017 00:00:53 INFO ------ Personal Fans Page: 6
Tue, 26 Sep 2017 00:00:53 INFO Starting new HTTPS connection (1): weibo.com
Tue, 26 Sep 2017 00:00:54 INFO Personal uid: 1836344871, name: 设计师中原
Tue, 26 Sep 2017 00:00:54 INFO Starting new HTTPS connection (1): weibo.com
Tue, 26 Sep 2017 00:00:54 INFO Starting new HTTPS connection (1): passport.weibo.com
Tue, 26 Sep 2017 00:00:54 INFO -- Personal pageId: 1005051836344871
Tue, 26 Sep 2017 00:00:54 INFO ---- Get Personal Info
Tue, 26 Sep 2017 00:00:54 INFO Starting new HTTPS connection (1): weibo.com
Tue, 26 Sep 2017 00:00:55 INFO ---- Get Personal Fans
Tue, 26 Sep 2017 00:00:55 INFO ------ Personal Fans Page: 1
Tue, 26 Sep 2017 00:00:55 INFO Starting new HTTPS connection (1): weibo.com
Tue, 26 Sep 2017 00:00:56 INFO ------ Personal Fans Page: 2
Tue, 26 Sep 2017 00:00:56 INFO Starting new HTTPS connection (1): weibo.com
Tue, 26 Sep 2017 00:00:58 INFO ------ Personal Fans Page: 3
Tue, 26 Sep 2017 00:00:58 INFO Starting new HTTPS connection (1): weibo.com
Tue, 26 Sep 2017 00:00:59 INFO ------ Personal Fans Page: 4
Tue, 26 Sep 2017 00:00:59 INFO Starting new HTTPS connection (1): weibo.com
Tue, 26 Sep 2017 00:01:00 INFO ------ Personal Fans Page: 5
Tue, 26 Sep 2017 00:01:00 INFO Starting new HTTPS connection (1): weibo.com
Tue, 26 Sep 2017 00:01:02 INFO ------ Personal Fans Page: 6
Tue, 26 Sep 2017 00:01:02 INFO Starting new HTTPS connection (1): weibo.com
Tue, 26 Sep 2017 00:01:03 INFO Personal uid: 1836598295, name: 呆哥丶Confucius
Tue, 26 Sep 2017 00:01:03 INFO Starting new HTTPS connection (1): weibo.com
Tue, 26 Sep 2017 00:01:05 INFO Starting new HTTPS connection (1): passport.weibo.com
Tue, 26 Sep 2017 00:01:05 INFO -- Personal pageId: 1005051836598295
Tue, 26 Sep 2017 00:01:05 INFO ---- Get Personal Info
Tue, 26 Sep 2017 00:01:05 INFO Starting new HTTPS connection (1): weibo.com
Tue, 26 Sep 2017 00:01:07 INFO ---- Get Personal Fans
Tue, 26 Sep 2017 00:01:07 INFO ------ Personal Fans Page: 1
Tue, 26 Sep 2017 00:01:07 INFO Starting new HTTPS connection (1): weibo.com
Tue, 26 Sep 2017 00:01:08 INFO ------ Personal Fans Page: 2
Tue, 26 Sep 2017 00:01:08 INFO Starting new HTTPS connection (1): weibo.com
Tue, 26 Sep 2017 00:01:09 INFO ------ Personal Fans Page: 3
Tue, 26 Sep 2017 00:01:09 INFO Starting new HTTPS connection (1): weibo.com
Tue, 26 Sep 2017 00:01:10 INFO ------ Personal Fans Page: 4
Tue, 26 Sep 2017 00:01:10 INFO Starting new HTTPS connection (1): weibo.com
Tue, 26 Sep 2017 00:01:11 INFO ------ Personal Fans Page: 5
Tue, 26 Sep 2017 00:01:11 INFO Starting new HTTPS connection (1): weibo.com
Tue, 26 Sep 2017 00:01:12 INFO ------ Personal Fans Page: 6
Tue, 26 Sep 2017 00:01:12 INFO Starting new HTTPS connection (1): weibo.com
Tue, 26 Sep 2017 00:01:12 INFO Personal uid: 1836916980, name: Double_L娟
Tue, 26 Sep 2017 00:01:12 INFO Starting new HTTPS connection (1): weibo.com
Tue, 26 Sep 2017 00:01:13 INFO -- Personal pageId: 1005051836916980
Tue, 26 Sep 2017 00:01:13 INFO ---- Get Personal Info
Tue, 26 Sep 2017 00:01:13 INFO Starting new HTTPS connection (1): weibo.com
Tue, 26 Sep 2017 00:01:14 INFO ---- Get Personal Fans
Tue, 26 Sep 2017 00:01:14 INFO ------ Personal Fans Page: 1
Tue, 26 Sep 2017 00:01:14 INFO Starting new HTTPS connection (1): weibo.com
Tue, 26 Sep 2017 00:01:15 INFO ------ Personal Fans Page: 2
Tue, 26 Sep 2017 00:01:15 INFO Starting new HTTPS connection (1): weibo.com
Tue, 26 Sep 2017 00:01:16 INFO ------ Personal Fans Page: 3
Tue, 26 Sep 2017 00:01:16 INFO Starting new HTTPS connection (1): weibo.com
Tue, 26 Sep 2017 00:01:17 INFO ------ Personal Fans Page: 4
Tue, 26 Sep 2017 00:01:17 INFO Starting new HTTPS connection (1): weibo.com
Tue, 26 Sep 2017 00:01:18 INFO ------ Personal Fans Page: 5
Tue, 26 Sep 2017 00:01:18 INFO Starting new HTTPS connection (1): weibo.com
Tue, 26 Sep 2017 00:01:19 INFO ------ Personal Fans Page: 6
Tue, 26 Sep 2017 00:01:19 INFO Starting new HTTPS connection (1): weibo.com
Tue, 26 Sep 2017 00:01:20 INFO Personal uid: 1836967671, name: 丹丹要淡定625
Tue, 26 Sep 2017 00:01:20 INFO Starting new HTTPS connection (1): weibo.com
Tue, 26 Sep 2017 00:01:22 INFO -- Personal pageId: 1005051836967671
Tue, 26 Sep 2017 00:01:22 INFO ---- Get Personal Info
Tue, 26 Sep 2017 00:01:22 INFO Starting new HTTPS connection (1): weibo.com
Tue, 26 Sep 2017 00:01:23 INFO ---- Get Personal Fans
Tue, 26 Sep 2017 00:01:23 INFO ------ Personal Fans Page: 1
Tue, 26 Sep 2017 00:01:23 INFO Starting new HTTPS connection (1): weibo.com
Tue, 26 Sep 2017 00:01:24 INFO ------ Personal Fans Page: 2
Tue, 26 Sep 2017 00:01:24 INFO Starting new HTTPS connection (1): weibo.com
Tue, 26 Sep 2017 00:01:25 INFO ------ Personal Fans Page: 3
Tue, 26 Sep 2017 00:01:25 INFO Starting new HTTPS connection (1): weibo.com
Tue, 26 Sep 2017 00:01:26 INFO ------ Personal Fans Page: 4
Tue, 26 Sep 2017 00:01:26 INFO Starting new HTTPS connection (1): weibo.com
Tue, 26 Sep 2017 00:01:27 INFO ------ Personal Fans Page: 5
Tue, 26 Sep 2017 00:01:27 INFO Starting new HTTPS connection (1): weibo.com
Tue, 26 Sep 2017 00:01:28 INFO ------ Personal Fans Page: 6
Tue, 26 Sep 2017 00:01:28 INFO Starting new HTTPS connection (1): weibo.com
Tue, 26 Sep 2017 00:01:29 INFO Personal uid: 1839639442, name: 一夂考拉
Tue, 26 Sep 2017 00:01:29 INFO Starting new HTTPS connection (1): weibo.com
Tue, 26 Sep 2017 00:01:29 INFO Starting new HTTPS connection (1): passport.weibo.com
Tue, 26 Sep 2017 00:01:29 INFO -- Personal pageId: 1005051839639442
Tue, 26 Sep 2017 00:01:29 INFO ---- Get Personal Info
Tue, 26 Sep 2017 00:01:29 INFO Starting new HTTPS connection (1): weibo.com
Tue, 26 Sep 2017 00:01:30 INFO ---- Get Personal Fans
Tue, 26 Sep 2017 00:01:30 INFO ------ Personal Fans Page: 1
Tue, 26 Sep 2017 00:01:30 INFO Starting new HTTPS connection (1): weibo.com
Tue, 26 Sep 2017 00:01:30 INFO ------ Personal Fans Page: 2
Tue, 26 Sep 2017 00:01:30 INFO Starting new HTTPS connection (1): weibo.com
Tue, 26 Sep 2017 00:01:31 INFO ------ Personal Fans Page: 3
Tue, 26 Sep 2017 00:01:31 INFO Starting new HTTPS connection (1): weibo.com
Tue, 26 Sep 2017 00:01:32 INFO ------ Personal Fans Page: 4
Tue, 26 Sep 2017 00:01:32 INFO Starting new HTTPS connection (1): weibo.com
Tue, 26 Sep 2017 00:01:34 INFO ------ Personal Fans Page: 5
Tue, 26 Sep 2017 00:01:34 INFO Starting new HTTPS connection (1): weibo.com
Tue, 26 Sep 2017 00:01:35 INFO ------ Personal Fans Page: 6
Tue, 26 Sep 2017 00:01:35 INFO Starting new HTTPS connection (1): weibo.com
Tue, 26 Sep 2017 00:01:35 INFO Personal uid: 1839820261, name: 霖-LIN_395
Tue, 26 Sep 2017 00:01:35 INFO Starting new HTTPS connection (1): weibo.com
Tue, 26 Sep 2017 00:01:38 INFO -- Personal pageId: 1005051839820261
Tue, 26 Sep 2017 00:01:38 INFO ---- Get Personal Info
Tue, 26 Sep 2017 00:01:38 INFO Starting new HTTPS connection (1): weibo.com
Tue, 26 Sep 2017 00:01:38 INFO ---- Get Personal Fans
Tue, 26 Sep 2017 00:01:38 INFO ------ Personal Fans Page: 1
Tue, 26 Sep 2017 00:01:38 INFO Starting new HTTPS connection (1): weibo.com
Tue, 26 Sep 2017 00:01:40 INFO ------ Personal Fans Page: 2
Tue, 26 Sep 2017 00:01:40 INFO Starting new HTTPS connection (1): weibo.com
Tue, 26 Sep 2017 00:01:40 INFO ------ Personal Fans Page: 3
Tue, 26 Sep 2017 00:01:40 INFO Starting new HTTPS connection (1): weibo.com
Tue, 26 Sep 2017 00:01:41 INFO ------ Personal Fans Page: 4
Tue, 26 Sep 2017 00:01:41 INFO Starting new HTTPS connection (1): weibo.com
Tue, 26 Sep 2017 00:01:43 INFO ------ Personal Fans Page: 5
Tue, 26 Sep 2017 00:01:43 INFO Starting new HTTPS connection (1): weibo.com
Tue, 26 Sep 2017 00:01:44 INFO ------ Personal Fans Page: 6
Tue, 26 Sep 2017 00:01:44 INFO Starting new HTTPS connection (1): weibo.com
Tue, 26 Sep 2017 00:01:44 INFO Personal uid: 1840844340, name: grownCL
Tue, 26 Sep 2017 00:01:44 INFO Starting new HTTPS connection (1): weibo.com
Tue, 26 Sep 2017 00:01:47 INFO -- Personal pageId: 1005051840844340
Tue, 26 Sep 2017 00:01:47 INFO ---- Get Personal Info
Tue, 26 Sep 2017 00:01:47 INFO Starting new HTTPS connection (1): weibo.com
Tue, 26 Sep 2017 00:01:47 INFO ---- Get Personal Fans
Tue, 26 Sep 2017 00:01:47 INFO ------ Personal Fans Page: 1
Tue, 26 Sep 2017 00:01:47 INFO Starting new HTTPS connection (1): weibo.com
Tue, 26 Sep 2017 00:01:48 INFO ------ Personal Fans Page: 2
Tue, 26 Sep 2017 00:01:48 INFO Starting new HTTPS connection (1): weibo.com
Tue, 26 Sep 2017 00:01:50 INFO ------ Personal Fans Page: 3
Tue, 26 Sep 2017 00:01:50 INFO Starting new HTTPS connection (1): weibo.com
Tue, 26 Sep 2017 00:01:51 INFO ------ Personal Fans Page: 4
Tue, 26 Sep 2017 00:01:51 INFO Starting new HTTPS connection (1): weibo.com
Tue, 26 Sep 2017 00:01:52 INFO ------ Personal Fans Page: 5
Tue, 26 Sep 2017 00:01:52 INFO Starting new HTTPS connection (1): weibo.com
Tue, 26 Sep 2017 00:01:53 INFO Personal uid: 1840908585, name: maodun_123
Tue, 26 Sep 2017 00:01:53 INFO Starting new HTTPS connection (1): weibo.com
Tue, 26 Sep 2017 00:01:54 INFO -- Personal pageId: 1005051840908585
Tue, 26 Sep 2017 00:01:54 INFO ---- Get Personal Info
Tue, 26 Sep 2017 00:01:54 INFO Starting new HTTPS connection (1): weibo.com
Tue, 26 Sep 2017 00:01:55 INFO ---- Get Personal Fans
Tue, 26 Sep 2017 00:01:55 INFO ------ Personal Fans Page: 1
Tue, 26 Sep 2017 00:01:55 INFO Starting new HTTPS connection (1): weibo.com
Tue, 26 Sep 2017 00:01:56 INFO ------ Personal Fans Page: 2
Tue, 26 Sep 2017 00:01:56 INFO Starting new HTTPS connection (1): weibo.com
Tue, 26 Sep 2017 00:01:57 INFO ------ Personal Fans Page: 3
Tue, 26 Sep 2017 00:01:57 INFO Starting new HTTPS connection (1): weibo.com
Tue, 26 Sep 2017 00:01:58 INFO ------ Personal Fans Page: 4
Tue, 26 Sep 2017 00:01:58 INFO Starting new HTTPS connection (1): weibo.com
Tue, 26 Sep 2017 00:02:01 INFO ------ Personal Fans Page: 5
Tue, 26 Sep 2017 00:02:01 INFO Starting new HTTPS connection (1): weibo.com
Tue, 26 Sep 2017 00:02:03 INFO ------ Personal Fans Page: 6
Tue, 26 Sep 2017 00:02:03 INFO Starting new HTTPS connection (1): weibo.com
Tue, 26 Sep 2017 00:02:04 INFO Personal uid: 1841030782, name: 搞切泥赛之板板
Tue, 26 Sep 2017 00:02:04 INFO Starting new HTTPS connection (1): weibo.com
Tue, 26 Sep 2017 00:02:04 INFO Starting new HTTPS connection (1): passport.weibo.com
Tue, 26 Sep 2017 00:02:04 INFO -- Personal pageId: 1005051841030782
Tue, 26 Sep 2017 00:02:04 INFO ---- Get Personal Info
Tue, 26 Sep 2017 00:02:04 INFO Starting new HTTPS connection (1): weibo.com
Tue, 26 Sep 2017 00:02:06 INFO ---- Get Personal Fans
Tue, 26 Sep 2017 00:02:06 INFO ------ Personal Fans Page: 1
Tue, 26 Sep 2017 00:02:06 INFO Starting new HTTPS connection (1): weibo.com
Tue, 26 Sep 2017 00:02:08 INFO ------ Personal Fans Page: 2
Tue, 26 Sep 2017 00:02:08 INFO Starting new HTTPS connection (1): weibo.com
Tue, 26 Sep 2017 00:02:09 INFO ------ Personal Fans Page: 3
Tue, 26 Sep 2017 00:02:09 INFO Starting new HTTPS connection (1): weibo.com
Tue, 26 Sep 2017 00:02:09 INFO ------ Personal Fans Page: 4
Tue, 26 Sep 2017 00:02:09 INFO Starting new HTTPS connection (1): weibo.com
Tue, 26 Sep 2017 00:02:10 INFO ------ Personal Fans Page: 5
Tue, 26 Sep 2017 00:02:10 INFO Starting new HTTPS connection (1): weibo.com
Tue, 26 Sep 2017 00:02:11 INFO ------ Personal Fans Page: 6
Tue, 26 Sep 2017 00:02:11 INFO Starting new HTTPS connection (1): weibo.com
Tue, 26 Sep 2017 00:02:12 INFO Personal uid: 1841440065, name: 海外升学指导
Tue, 26 Sep 2017 00:02:12 INFO Starting new HTTPS connection (1): weibo.com
Tue, 26 Sep 2017 00:02:12 INFO Starting new HTTPS connection (1): passport.weibo.com
Tue, 26 Sep 2017 00:02:12 INFO -- Personal pageId: 1005051841440065
Tue, 26 Sep 2017 00:02:12 INFO ---- Get Personal Info
Tue, 26 Sep 2017 00:02:12 INFO Starting new HTTPS connection (1): weibo.com
Tue, 26 Sep 2017 00:02:13 INFO ---- Get Personal Fans
Tue, 26 Sep 2017 00:02:13 INFO ------ Personal Fans Page: 1
Tue, 26 Sep 2017 00:02:13 INFO Starting new HTTPS connection (1): weibo.com
Tue, 26 Sep 2017 00:02:14 INFO ------ Personal Fans Page: 2
Tue, 26 Sep 2017 00:02:14 INFO Starting new HTTPS connection (1): weibo.com
Tue, 26 Sep 2017 00:02:15 INFO ------ Personal Fans Page: 3
Tue, 26 Sep 2017 00:02:15 INFO Starting new HTTPS connection (1): weibo.com
Tue, 26 Sep 2017 00:02:16 INFO ------ Personal Fans Page: 4
Tue, 26 Sep 2017 00:02:16 INFO Starting new HTTPS connection (1): weibo.com
Tue, 26 Sep 2017 00:02:17 INFO ------ Personal Fans Page: 5
Tue, 26 Sep 2017 00:02:17 INFO Starting new HTTPS connection (1): weibo.com
Tue, 26 Sep 2017 00:02:17 INFO ------ Personal Fans Page: 6
Tue, 26 Sep 2017 00:02:17 INFO Starting new HTTPS connection (1): weibo.com
Tue, 26 Sep 2017 00:02:18 INFO Personal uid: 1841504883, name: 懒蛋lilith
Tue, 26 Sep 2017 00:02:18 INFO Starting new HTTPS connection (1): weibo.com
Tue, 26 Sep 2017 00:02:19 INFO -- Personal pageId: 1005051841504883
Tue, 26 Sep 2017 00:02:19 INFO ---- Get Personal Info
Tue, 26 Sep 2017 00:02:19 INFO Starting new HTTPS connection (1): weibo.com
Tue, 26 Sep 2017 00:02:20 INFO ---- Get Personal Fans
Tue, 26 Sep 2017 00:02:20 INFO ------ Personal Fans Page: 1
Tue, 26 Sep 2017 00:02:20 INFO Starting new HTTPS connection (1): weibo.com
Tue, 26 Sep 2017 00:02:21 INFO ------ Personal Fans Page: 2
Tue, 26 Sep 2017 00:02:21 INFO Starting new HTTPS connection (1): weibo.com
Tue, 26 Sep 2017 00:02:22 INFO ------ Personal Fans Page: 3
Tue, 26 Sep 2017 00:02:22 INFO Starting new HTTPS connection (1): weibo.com
Tue, 26 Sep 2017 00:02:23 INFO ------ Personal Fans Page: 4
Tue, 26 Sep 2017 00:02:23 INFO Starting new HTTPS connection (1): weibo.com
Tue, 26 Sep 2017 00:02:24 INFO ------ Personal Fans Page: 5
Tue, 26 Sep 2017 00:02:24 INFO Starting new HTTPS connection (1): weibo.com
Tue, 26 Sep 2017 00:02:25 INFO ------ Personal Fans Page: 6
Tue, 26 Sep 2017 00:02:25 INFO Starting new HTTPS connection (1): weibo.com
Tue, 26 Sep 2017 00:02:26 INFO Personal uid: 1841594473, name: 曲奇PINK
Tue, 26 Sep 2017 00:02:26 INFO Starting new HTTPS connection (1): weibo.com
Tue, 26 Sep 2017 00:02:27 INFO -- Personal pageId: 1005051841594473
Tue, 26 Sep 2017 00:02:27 INFO ---- Get Personal Info
Tue, 26 Sep 2017 00:02:27 INFO Starting new HTTPS connection (1): weibo.com
Tue, 26 Sep 2017 00:02:28 INFO ---- Get Personal Fans
Tue, 26 Sep 2017 00:02:28 INFO ------ Personal Fans Page: 1
Tue, 26 Sep 2017 00:02:28 INFO Starting new HTTPS connection (1): weibo.com
Tue, 26 Sep 2017 00:02:29 INFO ------ Personal Fans Page: 2
Tue, 26 Sep 2017 00:02:29 INFO Starting new HTTPS connection (1): weibo.com
Tue, 26 Sep 2017 00:02:30 INFO ------ Personal Fans Page: 3
Tue, 26 Sep 2017 00:02:30 INFO Starting new HTTPS connection (1): weibo.com
Tue, 26 Sep 2017 00:02:31 INFO ------ Personal Fans Page: 4
Tue, 26 Sep 2017 00:02:31 INFO Starting new HTTPS connection (1): weibo.com
Tue, 26 Sep 2017 00:02:32 INFO ------ Personal Fans Page: 5
Tue, 26 Sep 2017 00:02:32 INFO Starting new HTTPS connection (1): weibo.com
Tue, 26 Sep 2017 00:02:32 INFO ------ Personal Fans Page: 6
Tue, 26 Sep 2017 00:02:32 INFO Starting new HTTPS connection (1): weibo.com
Tue, 26 Sep 2017 00:02:33 INFO Personal uid: 1841859903, name: 轻氧燕窝蕾蕾酱
Tue, 26 Sep 2017 00:02:33 INFO Starting new HTTPS connection (1): weibo.com
Tue, 26 Sep 2017 00:02:34 INFO -- Personal pageId: 1005051841859903
Tue, 26 Sep 2017 00:02:34 INFO ---- Get Personal Info
Tue, 26 Sep 2017 00:02:34 INFO Starting new HTTPS connection (1): weibo.com
Tue, 26 Sep 2017 00:02:35 INFO ---- Get Personal Fans
Tue, 26 Sep 2017 00:02:35 INFO ------ Personal Fans Page: 1
Tue, 26 Sep 2017 00:02:35 INFO Starting new HTTPS connection (1): weibo.com
Tue, 26 Sep 2017 00:02:36 INFO ------ Personal Fans Page: 2
Tue, 26 Sep 2017 00:02:36 INFO Starting new HTTPS connection (1): weibo.com
Tue, 26 Sep 2017 00:02:37 INFO ------ Personal Fans Page: 3
Tue, 26 Sep 2017 00:02:37 INFO Starting new HTTPS connection (1): weibo.com
Tue, 26 Sep 2017 00:02:37 INFO ------ Personal Fans Page: 4
Tue, 26 Sep 2017 00:02:37 INFO Starting new HTTPS connection (1): weibo.com
Tue, 26 Sep 2017 00:02:38 INFO ------ Personal Fans Page: 5
Tue, 26 Sep 2017 00:02:38 INFO Starting new HTTPS connection (1): weibo.com
Tue, 26 Sep 2017 00:02:39 INFO ------ Personal Fans Page: 6
Tue, 26 Sep 2017 00:02:39 INFO Starting new HTTPS connection (1): weibo.com
Tue, 26 Sep 2017 00:02:40 INFO Personal uid: 1842084204, name: LHJI
Tue, 26 Sep 2017 00:02:40 INFO Starting new HTTPS connection (1): weibo.com
Tue, 26 Sep 2017 00:02:41 INFO -- Personal pageId: 1005051842084204
Tue, 26 Sep 2017 00:02:41 INFO ---- Get Personal Info
Tue, 26 Sep 2017 00:02:41 INFO Starting new HTTPS connection (1): weibo.com
Tue, 26 Sep 2017 00:02:43 INFO ---- Get Personal Fans
Tue, 26 Sep 2017 00:02:43 INFO ------ Personal Fans Page: 1
Tue, 26 Sep 2017 00:02:43 INFO Starting new HTTPS connection (1): weibo.com
Tue, 26 Sep 2017 00:02:44 INFO ------ Personal Fans Page: 2
Tue, 26 Sep 2017 00:02:44 INFO Starting new HTTPS connection (1): weibo.com
Tue, 26 Sep 2017 00:02:45 INFO ------ Personal Fans Page: 3
Tue, 26 Sep 2017 00:02:45 INFO Starting new HTTPS connection (1): weibo.com
Tue, 26 Sep 2017 00:02:46 INFO ------ Personal Fans Page: 4
Tue, 26 Sep 2017 00:02:46 INFO Starting new HTTPS connection (1): weibo.com
Tue, 26 Sep 2017 00:02:47 INFO ------ Personal Fans Page: 5
Tue, 26 Sep 2017 00:02:47 INFO Starting new HTTPS connection (1): weibo.com
Tue, 26 Sep 2017 00:02:48 INFO ------ Personal Fans Page: 6
Tue, 26 Sep 2017 00:02:48 INFO Starting new HTTPS connection (1): weibo.com
Tue, 26 Sep 2017 00:02:49 INFO Personal uid: 1842296781, name: 郑晓郑
Tue, 26 Sep 2017 00:02:49 INFO Starting new HTTPS connection (1): weibo.com
Tue, 26 Sep 2017 00:02:51 INFO -- Personal pageId: 1005051842296781
Tue, 26 Sep 2017 00:02:51 INFO ---- Get Personal Info
Tue, 26 Sep 2017 00:02:51 INFO Starting new HTTPS connection (1): weibo.com
Tue, 26 Sep 2017 00:02:52 INFO ---- Get Personal Fans
Tue, 26 Sep 2017 00:02:52 INFO ------ Personal Fans Page: 1
Tue, 26 Sep 2017 00:02:52 INFO Starting new HTTPS connection (1): weibo.com
Tue, 26 Sep 2017 00:02:53 INFO ------ Personal Fans Page: 2
Tue, 26 Sep 2017 00:02:53 INFO Starting new HTTPS connection (1): weibo.com
Tue, 26 Sep 2017 00:02:54 INFO ------ Personal Fans Page: 3
Tue, 26 Sep 2017 00:02:54 INFO Starting new HTTPS connection (1): weibo.com
Tue, 26 Sep 2017 00:02:55 INFO ------ Personal Fans Page: 4
Tue, 26 Sep 2017 00:02:55 INFO Starting new HTTPS connection (1): weibo.com
Tue, 26 Sep 2017 00:02:56 INFO ------ Personal Fans Page: 5
Tue, 26 Sep 2017 00:02:56 INFO Starting new HTTPS connection (1): weibo.com
Tue, 26 Sep 2017 00:02:57 INFO ------ Personal Fans Page: 6
Tue, 26 Sep 2017 00:02:57 INFO Starting new HTTPS connection (1): weibo.com
Tue, 26 Sep 2017 00:02:58 INFO Personal uid: 1842648630, name: 十一月的阳光sun
Tue, 26 Sep 2017 00:02:58 INFO Starting new HTTPS connection (1): weibo.com
Tue, 26 Sep 2017 00:02:59 INFO -- Personal pageId: 1005051842648630
Tue, 26 Sep 2017 00:02:59 INFO ---- Get Personal Info
Tue, 26 Sep 2017 00:02:59 INFO Starting new HTTPS connection (1): weibo.com
Tue, 26 Sep 2017 00:03:00 INFO ---- Get Personal Fans
Tue, 26 Sep 2017 00:03:00 INFO ------ Personal Fans Page: 1
Tue, 26 Sep 2017 00:03:00 INFO Starting new HTTPS connection (1): weibo.com
Tue, 26 Sep 2017 00:03:01 INFO ------ Personal Fans Page: 2
Tue, 26 Sep 2017 00:03:01 INFO Starting new HTTPS connection (1): weibo.com
Tue, 26 Sep 2017 00:03:02 INFO ------ Personal Fans Page: 3
Tue, 26 Sep 2017 00:03:02 INFO Starting new HTTPS connection (1): weibo.com
Tue, 26 Sep 2017 00:03:02 INFO ------ Personal Fans Page: 4
Tue, 26 Sep 2017 00:03:02 INFO Starting new HTTPS connection (1): weibo.com
Tue, 26 Sep 2017 00:03:03 INFO ------ Personal Fans Page: 5
Tue, 26 Sep 2017 00:03:03 INFO Starting new HTTPS connection (1): weibo.com
Tue, 26 Sep 2017 00:03:04 INFO ------ Personal Fans Page: 6
Tue, 26 Sep 2017 00:03:04 INFO Starting new HTTPS connection (1): weibo.com
Tue, 26 Sep 2017 00:03:05 INFO Personal uid: 1842745684, name: 陆拾肆街坊
Tue, 26 Sep 2017 00:03:05 INFO Starting new HTTPS connection (1): weibo.com
Tue, 26 Sep 2017 00:03:06 INFO -- Personal pageId: 1005051842745684
Tue, 26 Sep 2017 00:03:06 INFO ---- Get Personal Info
Tue, 26 Sep 2017 00:03:06 INFO Starting new HTTPS connection (1): weibo.com
Tue, 26 Sep 2017 00:03:07 INFO ---- Get Personal Fans
Tue, 26 Sep 2017 00:03:07 INFO ------ Personal Fans Page: 1
Tue, 26 Sep 2017 00:03:07 INFO Starting new HTTPS connection (1): weibo.com
Tue, 26 Sep 2017 00:03:08 INFO ------ Personal Fans Page: 2
Tue, 26 Sep 2017 00:03:08 INFO Starting new HTTPS connection (1): weibo.com
Tue, 26 Sep 2017 00:03:09 INFO ------ Personal Fans Page: 3
Tue, 26 Sep 2017 00:03:09 INFO Starting new HTTPS connection (1): weibo.com
Tue, 26 Sep 2017 00:03:09 INFO ------ Personal Fans Page: 4
Tue, 26 Sep 2017 00:03:09 INFO Starting new HTTPS connection (1): weibo.com
Tue, 26 Sep 2017 00:03:11 INFO ------ Personal Fans Page: 5
Tue, 26 Sep 2017 00:03:11 INFO Starting new HTTPS connection (1): weibo.com
Tue, 26 Sep 2017 00:03:11 INFO ------ Personal Fans Page: 6
Tue, 26 Sep 2017 00:03:11 INFO Starting new HTTPS connection (1): weibo.com
Tue, 26 Sep 2017 00:03:12 INFO Personal uid: 1842980600, name: Jackie8846
Tue, 26 Sep 2017 00:03:12 INFO Starting new HTTPS connection (1): weibo.com
Tue, 26 Sep 2017 00:03:13 INFO -- Personal pageId: 1005051842980600
Tue, 26 Sep 2017 00:03:13 INFO ---- Get Personal Info
Tue, 26 Sep 2017 00:03:13 INFO Starting new HTTPS connection (1): weibo.com
Tue, 26 Sep 2017 00:03:14 INFO ---- Get Personal Fans
Tue, 26 Sep 2017 00:03:14 INFO ------ Personal Fans Page: 1
Tue, 26 Sep 2017 00:03:14 INFO Starting new HTTPS connection (1): weibo.com
Tue, 26 Sep 2017 00:03:15 INFO ------ Personal Fans Page: 2
Tue, 26 Sep 2017 00:03:15 INFO Starting new HTTPS connection (1): weibo.com
Tue, 26 Sep 2017 00:03:15 INFO ------ Personal Fans Page: 3
Tue, 26 Sep 2017 00:03:15 INFO Starting new HTTPS connection (1): weibo.com
Tue, 26 Sep 2017 00:03:16 INFO ------ Personal Fans Page: 4
Tue, 26 Sep 2017 00:03:16 INFO Starting new HTTPS connection (1): weibo.com
Tue, 26 Sep 2017 00:03:17 INFO ------ Personal Fans Page: 5
Tue, 26 Sep 2017 00:03:17 INFO Starting new HTTPS connection (1): weibo.com
Tue, 26 Sep 2017 00:03:18 INFO ------ Personal Fans Page: 6
Tue, 26 Sep 2017 00:03:18 INFO Starting new HTTPS connection (1): weibo.com
Tue, 26 Sep 2017 00:03:19 INFO Personal uid: 1843713292, name: 泳CheunG
Tue, 26 Sep 2017 00:03:19 INFO Starting new HTTPS connection (1): weibo.com
Tue, 26 Sep 2017 00:03:19 INFO Starting new HTTPS connection (1): passport.weibo.com
Tue, 26 Sep 2017 00:03:19 INFO -- Personal pageId: 1005051843713292
Tue, 26 Sep 2017 00:03:19 INFO ---- Get Personal Info
Tue, 26 Sep 2017 00:03:19 INFO Starting new HTTPS connection (1): weibo.com
Tue, 26 Sep 2017 00:03:21 INFO ---- Get Personal Fans
Tue, 26 Sep 2017 00:03:21 INFO ------ Personal Fans Page: 1
Tue, 26 Sep 2017 00:03:21 INFO Starting new HTTPS connection (1): weibo.com
Tue, 26 Sep 2017 00:03:22 INFO ------ Personal Fans Page: 2
Tue, 26 Sep 2017 00:03:22 INFO Starting new HTTPS connection (1): weibo.com
Tue, 26 Sep 2017 00:03:23 INFO ------ Personal Fans Page: 3
Tue, 26 Sep 2017 00:03:23 INFO Starting new HTTPS connection (1): weibo.com
Tue, 26 Sep 2017 00:03:24 INFO ------ Personal Fans Page: 4
Tue, 26 Sep 2017 00:03:24 INFO Starting new HTTPS connection (1): weibo.com
Tue, 26 Sep 2017 00:03:25 INFO ------ Personal Fans Page: 5
Tue, 26 Sep 2017 00:03:25 INFO Starting new HTTPS connection (1): weibo.com
Tue, 26 Sep 2017 00:03:26 INFO ------ Personal Fans Page: 6
Tue, 26 Sep 2017 00:03:26 INFO Starting new HTTPS connection (1): weibo.com
Tue, 26 Sep 2017 00:03:26 INFO Personal uid: 1843881635, name: Cuckoo_hi
Tue, 26 Sep 2017 00:03:26 INFO Starting new HTTPS connection (1): weibo.com
Tue, 26 Sep 2017 00:03:27 INFO -- Personal pageId: 1005051843881635
Tue, 26 Sep 2017 00:03:27 INFO ---- Get Personal Info
Tue, 26 Sep 2017 00:03:27 INFO Starting new HTTPS connection (1): weibo.com
Tue, 26 Sep 2017 00:03:28 INFO ---- Get Personal Fans
Tue, 26 Sep 2017 00:03:28 INFO ------ Personal Fans Page: 1
Tue, 26 Sep 2017 00:03:28 INFO Starting new HTTPS connection (1): weibo.com
Tue, 26 Sep 2017 00:03:29 INFO ------ Personal Fans Page: 2
Tue, 26 Sep 2017 00:03:29 INFO Starting new HTTPS connection (1): weibo.com
Tue, 26 Sep 2017 00:03:30 INFO ------ Personal Fans Page: 3
Tue, 26 Sep 2017 00:03:30 INFO Starting new HTTPS connection (1): weibo.com
Tue, 26 Sep 2017 00:03:31 INFO ------ Personal Fans Page: 4
Tue, 26 Sep 2017 00:03:31 INFO Starting new HTTPS connection (1): weibo.com
Tue, 26 Sep 2017 00:03:32 INFO ------ Personal Fans Page: 5
Tue, 26 Sep 2017 00:03:32 INFO Starting new HTTPS connection (1): weibo.com
Tue, 26 Sep 2017 00:03:32 INFO ------ Personal Fans Page: 6
Tue, 26 Sep 2017 00:03:32 INFO Starting new HTTPS connection (1): weibo.com
Tue, 26 Sep 2017 00:03:33 INFO Personal uid: 1843921865, name: 行走的人生啊
Tue, 26 Sep 2017 00:03:33 INFO Starting new HTTPS connection (1): weibo.com
Tue, 26 Sep 2017 00:03:35 INFO -- Personal pageId: 1005051843921865
Tue, 26 Sep 2017 00:03:35 INFO ---- Get Personal Info
Tue, 26 Sep 2017 00:03:35 INFO Starting new HTTPS connection (1): weibo.com
Tue, 26 Sep 2017 00:03:35 INFO ---- Get Personal Fans
Tue, 26 Sep 2017 00:03:35 INFO ------ Personal Fans Page: 1
Tue, 26 Sep 2017 00:03:35 INFO Starting new HTTPS connection (1): weibo.com
Tue, 26 Sep 2017 00:03:37 INFO ------ Personal Fans Page: 2
Tue, 26 Sep 2017 00:03:37 INFO Starting new HTTPS connection (1): weibo.com
Tue, 26 Sep 2017 00:03:37 INFO ------ Personal Fans Page: 3
Tue, 26 Sep 2017 00:03:37 INFO Starting new HTTPS connection (1): weibo.com
Tue, 26 Sep 2017 00:03:38 INFO ------ Personal Fans Page: 4
Tue, 26 Sep 2017 00:03:38 INFO Starting new HTTPS connection (1): weibo.com
Tue, 26 Sep 2017 00:03:39 INFO ------ Personal Fans Page: 5
Tue, 26 Sep 2017 00:03:39 INFO Starting new HTTPS connection (1): weibo.com
Tue, 26 Sep 2017 00:03:40 INFO ------ Personal Fans Page: 6
Tue, 26 Sep 2017 00:03:40 INFO Starting new HTTPS connection (1): weibo.com
Tue, 26 Sep 2017 00:03:41 INFO Personal uid: 1844098347, name: 张-小见
Tue, 26 Sep 2017 00:03:41 INFO Starting new HTTPS connection (1): weibo.com
Tue, 26 Sep 2017 00:03:42 INFO -- Personal pageId: 1005051844098347
Tue, 26 Sep 2017 00:03:42 INFO ---- Get Personal Info
Tue, 26 Sep 2017 00:03:42 INFO Starting new HTTPS connection (1): weibo.com
Tue, 26 Sep 2017 00:03:42 INFO ---- Get Personal Fans
Tue, 26 Sep 2017 00:03:42 INFO ------ Personal Fans Page: 1
Tue, 26 Sep 2017 00:03:42 INFO Starting new HTTPS connection (1): weibo.com
Tue, 26 Sep 2017 00:03:43 INFO ------ Personal Fans Page: 2
Tue, 26 Sep 2017 00:03:43 INFO Starting new HTTPS connection (1): weibo.com
Tue, 26 Sep 2017 00:03:44 INFO ------ Personal Fans Page: 3
Tue, 26 Sep 2017 00:03:44 INFO Starting new HTTPS connection (1): weibo.com
Tue, 26 Sep 2017 00:03:45 INFO ------ Personal Fans Page: 4
Tue, 26 Sep 2017 00:03:45 INFO Starting new HTTPS connection (1): weibo.com
Tue, 26 Sep 2017 00:03:46 INFO ------ Personal Fans Page: 5
Tue, 26 Sep 2017 00:03:46 INFO Starting new HTTPS connection (1): weibo.com
Tue, 26 Sep 2017 00:03:48 INFO ------ Personal Fans Page: 6
Tue, 26 Sep 2017 00:03:48 INFO Starting new HTTPS connection (1): weibo.com
Tue, 26 Sep 2017 00:03:50 INFO Personal uid: 1844168961, name: 橙子柚酱
Tue, 26 Sep 2017 00:03:50 INFO Starting new HTTPS connection (1): weibo.com
Tue, 26 Sep 2017 00:03:50 INFO Starting new HTTPS connection (1): passport.weibo.com
Tue, 26 Sep 2017 00:03:50 INFO -- Personal pageId: 1005051844168961
Tue, 26 Sep 2017 00:03:50 INFO ---- Get Personal Info
Tue, 26 Sep 2017 00:03:50 INFO Starting new HTTPS connection (1): weibo.com
Tue, 26 Sep 2017 00:03:51 INFO ---- Get Personal Fans
Tue, 26 Sep 2017 00:03:51 INFO ------ Personal Fans Page: 1
Tue, 26 Sep 2017 00:03:51 INFO Starting new HTTPS connection (1): weibo.com
Tue, 26 Sep 2017 00:03:52 INFO ------ Personal Fans Page: 2
Tue, 26 Sep 2017 00:03:52 INFO Starting new HTTPS connection (1): weibo.com
Tue, 26 Sep 2017 00:03:52 INFO ------ Personal Fans Page: 3
Tue, 26 Sep 2017 00:03:52 INFO Starting new HTTPS connection (1): weibo.com
Tue, 26 Sep 2017 00:03:53 INFO ------ Personal Fans Page: 4
Tue, 26 Sep 2017 00:03:53 INFO Starting new HTTPS connection (1): weibo.com
Tue, 26 Sep 2017 00:03:54 INFO ------ Personal Fans Page: 5
Tue, 26 Sep 2017 00:03:54 INFO Starting new HTTPS connection (1): weibo.com
Tue, 26 Sep 2017 00:03:55 INFO ------ Personal Fans Page: 6
Tue, 26 Sep 2017 00:03:55 INFO Starting new HTTPS connection (1): weibo.com
Tue, 26 Sep 2017 00:03:56 INFO Personal uid: 1844523437, name: 笨小孩不小孩
Tue, 26 Sep 2017 00:03:56 INFO Starting new HTTPS connection (1): weibo.com
Tue, 26 Sep 2017 00:03:57 INFO -- Personal pageId: 1005051844523437
Tue, 26 Sep 2017 00:03:57 INFO ---- Get Personal Info
Tue, 26 Sep 2017 00:03:57 INFO Starting new HTTPS connection (1): weibo.com
Tue, 26 Sep 2017 00:03:58 INFO ---- Get Personal Fans
Tue, 26 Sep 2017 00:03:58 INFO ------ Personal Fans Page: 1
Tue, 26 Sep 2017 00:03:58 INFO Starting new HTTPS connection (1): weibo.com
Tue, 26 Sep 2017 00:03:58 INFO ------ Personal Fans Page: 2
Tue, 26 Sep 2017 00:03:58 INFO Starting new HTTPS connection (1): weibo.com
Tue, 26 Sep 2017 00:03:59 INFO ------ Personal Fans Page: 3
Tue, 26 Sep 2017 00:03:59 INFO Starting new HTTPS connection (1): weibo.com
Tue, 26 Sep 2017 00:04:00 INFO ------ Personal Fans Page: 4
Tue, 26 Sep 2017 00:04:00 INFO Starting new HTTPS connection (1): weibo.com
Tue, 26 Sep 2017 00:04:00 INFO ------ Personal Fans Page: 5
Tue, 26 Sep 2017 00:04:00 INFO Starting new HTTPS connection (1): weibo.com
Tue, 26 Sep 2017 00:04:01 INFO ------ Personal Fans Page: 6
Tue, 26 Sep 2017 00:04:01 INFO Starting new HTTPS connection (1): weibo.com
Tue, 26 Sep 2017 00:04:02 INFO Personal uid: 1845389113, name: 小妈养娃
Tue, 26 Sep 2017 00:04:02 INFO Starting new HTTPS connection (1): weibo.com
Tue, 26 Sep 2017 00:04:03 INFO -- Personal pageId: 1005051845389113
Tue, 26 Sep 2017 00:04:03 INFO ---- Get Personal Info
Tue, 26 Sep 2017 00:04:03 INFO Starting new HTTPS connection (1): weibo.com
Tue, 26 Sep 2017 00:04:03 INFO ---- Get Personal Fans
Tue, 26 Sep 2017 00:04:03 INFO ------ Personal Fans Page: 1
Tue, 26 Sep 2017 00:04:03 INFO Starting new HTTPS connection (1): weibo.com
Tue, 26 Sep 2017 00:04:04 INFO ------ Personal Fans Page: 2
Tue, 26 Sep 2017 00:04:04 INFO Starting new HTTPS connection (1): weibo.com
Tue, 26 Sep 2017 00:04:05 INFO ------ Personal Fans Page: 3
Tue, 26 Sep 2017 00:04:05 INFO Starting new HTTPS connection (1): weibo.com
Tue, 26 Sep 2017 00:04:07 INFO ------ Personal Fans Page: 4
Tue, 26 Sep 2017 00:04:07 INFO Starting new HTTPS connection (1): weibo.com
Tue, 26 Sep 2017 00:04:08 INFO ------ Personal Fans Page: 5
Tue, 26 Sep 2017 00:04:08 INFO Starting new HTTPS connection (1): weibo.com
Tue, 26 Sep 2017 00:04:09 INFO ------ Personal Fans Page: 6
Tue, 26 Sep 2017 00:04:09 INFO Starting new HTTPS connection (1): weibo.com
Tue, 26 Sep 2017 00:04:09 INFO Personal uid: 1845706715, name: May__嘻嘻
Tue, 26 Sep 2017 00:04:09 INFO Starting new HTTPS connection (1): weibo.com
Tue, 26 Sep 2017 00:04:11 INFO -- Personal pageId: 1005051845706715
Tue, 26 Sep 2017 00:04:11 INFO ---- Get Personal Info
Tue, 26 Sep 2017 00:04:11 INFO Starting new HTTPS connection (1): weibo.com
Tue, 26 Sep 2017 00:04:11 INFO ---- Get Personal Fans
Tue, 26 Sep 2017 00:04:11 INFO ------ Personal Fans Page: 1
Tue, 26 Sep 2017 00:04:11 INFO Starting new HTTPS connection (1): weibo.com
Tue, 26 Sep 2017 00:04:14 INFO ------ Personal Fans Page: 2
Tue, 26 Sep 2017 00:04:14 INFO Starting new HTTPS connection (1): weibo.com
Tue, 26 Sep 2017 00:04:15 INFO ------ Personal Fans Page: 3
Tue, 26 Sep 2017 00:04:15 INFO Starting new HTTPS connection (1): weibo.com
Tue, 26 Sep 2017 00:04:16 INFO ------ Personal Fans Page: 4
Tue, 26 Sep 2017 00:04:16 INFO Starting new HTTPS connection (1): weibo.com
Tue, 26 Sep 2017 00:04:17 INFO ------ Personal Fans Page: 5
Tue, 26 Sep 2017 00:04:17 INFO Starting new HTTPS connection (1): weibo.com
Tue, 26 Sep 2017 00:04:18 INFO ------ Personal Fans Page: 6
Tue, 26 Sep 2017 00:04:18 INFO Starting new HTTPS connection (1): weibo.com
Tue, 26 Sep 2017 00:04:19 INFO Personal uid: 1845989825, name: 花生妞乃图娃
Tue, 26 Sep 2017 00:04:19 INFO Starting new HTTPS connection (1): weibo.com
Tue, 26 Sep 2017 00:04:19 INFO Starting new HTTPS connection (1): passport.weibo.com
Tue, 26 Sep 2017 00:04:19 INFO -- Personal pageId: 1005051845989825
Tue, 26 Sep 2017 00:04:19 INFO ---- Get Personal Info
Tue, 26 Sep 2017 00:04:19 INFO Starting new HTTPS connection (1): weibo.com
Tue, 26 Sep 2017 00:04:20 INFO ---- Get Personal Fans
Tue, 26 Sep 2017 00:04:20 INFO ------ Personal Fans Page: 1
Tue, 26 Sep 2017 00:04:20 INFO Starting new HTTPS connection (1): weibo.com
Tue, 26 Sep 2017 00:04:21 INFO ------ Personal Fans Page: 2
Tue, 26 Sep 2017 00:04:21 INFO Starting new HTTPS connection (1): weibo.com
Tue, 26 Sep 2017 00:04:22 INFO ------ Personal Fans Page: 3
Tue, 26 Sep 2017 00:04:22 INFO Starting new HTTPS connection (1): weibo.com
Tue, 26 Sep 2017 00:04:23 INFO ------ Personal Fans Page: 4
Tue, 26 Sep 2017 00:04:23 INFO Starting new HTTPS connection (1): weibo.com
Tue, 26 Sep 2017 00:04:24 INFO ------ Personal Fans Page: 5
Tue, 26 Sep 2017 00:04:24 INFO Starting new HTTPS connection (1): weibo.com
Tue, 26 Sep 2017 00:04:25 INFO ------ Personal Fans Page: 6
Tue, 26 Sep 2017 00:04:25 INFO Starting new HTTPS connection (1): weibo.com
Tue, 26 Sep 2017 00:04:25 INFO Personal uid: 1846221590, name: 灬郑家尛妞灬
Tue, 26 Sep 2017 00:04:25 INFO Starting new HTTPS connection (1): weibo.com
Tue, 26 Sep 2017 00:04:26 INFO Starting new HTTPS connection (1): passport.weibo.com
Tue, 26 Sep 2017 00:04:26 INFO -- Personal pageId: 1005051846221590
Tue, 26 Sep 2017 00:04:26 INFO ---- Get Personal Info
Tue, 26 Sep 2017 00:04:26 INFO Starting new HTTPS connection (1): weibo.com
Tue, 26 Sep 2017 00:04:27 INFO ---- Get Personal Fans
Tue, 26 Sep 2017 00:04:27 INFO ------ Personal Fans Page: 1
Tue, 26 Sep 2017 00:04:27 INFO Starting new HTTPS connection (1): weibo.com
Tue, 26 Sep 2017 00:04:28 INFO ------ Personal Fans Page: 2
Tue, 26 Sep 2017 00:04:28 INFO Starting new HTTPS connection (1): weibo.com
Tue, 26 Sep 2017 00:04:29 INFO ------ Personal Fans Page: 3
Tue, 26 Sep 2017 00:04:29 INFO Starting new HTTPS connection (1): weibo.com
Tue, 26 Sep 2017 00:04:30 INFO ------ Personal Fans Page: 4
Tue, 26 Sep 2017 00:04:30 INFO Starting new HTTPS connection (1): weibo.com
Tue, 26 Sep 2017 00:04:31 INFO ------ Personal Fans Page: 5
Tue, 26 Sep 2017 00:04:31 INFO Starting new HTTPS connection (1): weibo.com
Tue, 26 Sep 2017 00:04:31 INFO ------ Personal Fans Page: 6
Tue, 26 Sep 2017 00:04:31 INFO Starting new HTTPS connection (1): weibo.com
Tue, 26 Sep 2017 00:04:32 INFO Personal uid: 1846745157, name: 无缘无故1002
Tue, 26 Sep 2017 00:04:32 INFO Starting new HTTPS connection (1): weibo.com
Tue, 26 Sep 2017 00:04:34 INFO -- Personal pageId: 1005051846745157
Tue, 26 Sep 2017 00:04:34 INFO ---- Get Personal Info
Tue, 26 Sep 2017 00:04:34 INFO Starting new HTTPS connection (1): weibo.com
Tue, 26 Sep 2017 00:04:36 INFO ---- Get Personal Fans
Tue, 26 Sep 2017 00:04:36 INFO ------ Personal Fans Page: 1
Tue, 26 Sep 2017 00:04:36 INFO Starting new HTTPS connection (1): weibo.com
Tue, 26 Sep 2017 00:04:37 INFO ------ Personal Fans Page: 2
Tue, 26 Sep 2017 00:04:37 INFO Starting new HTTPS connection (1): weibo.com
Tue, 26 Sep 2017 00:04:38 INFO ------ Personal Fans Page: 3
Tue, 26 Sep 2017 00:04:38 INFO Starting new HTTPS connection (1): weibo.com
Tue, 26 Sep 2017 00:04:38 INFO ------ Personal Fans Page: 4
Tue, 26 Sep 2017 00:04:38 INFO Starting new HTTPS connection (1): weibo.com
Tue, 26 Sep 2017 00:04:39 INFO ------ Personal Fans Page: 5
Tue, 26 Sep 2017 00:04:39 INFO Starting new HTTPS connection (1): weibo.com
Tue, 26 Sep 2017 00:04:39 INFO ------ Personal Fans Page: 6
Tue, 26 Sep 2017 00:04:39 INFO Starting new HTTPS connection (1): weibo.com
Tue, 26 Sep 2017 00:04:40 INFO Personal uid: 1846813490, name: Fish芳芳
Tue, 26 Sep 2017 00:04:40 INFO Starting new HTTPS connection (1): weibo.com
Tue, 26 Sep 2017 00:04:43 INFO -- Personal pageId: 1005051846813490
Tue, 26 Sep 2017 00:04:43 INFO ---- Get Personal Info
Tue, 26 Sep 2017 00:04:43 INFO Starting new HTTPS connection (1): weibo.com
Tue, 26 Sep 2017 00:04:44 INFO ---- Get Personal Fans
Tue, 26 Sep 2017 00:04:44 INFO ------ Personal Fans Page: 1
Tue, 26 Sep 2017 00:04:44 INFO Starting new HTTPS connection (1): weibo.com
Tue, 26 Sep 2017 00:04:45 INFO ------ Personal Fans Page: 2
Tue, 26 Sep 2017 00:04:45 INFO Starting new HTTPS connection (1): weibo.com
Tue, 26 Sep 2017 00:04:46 INFO ------ Personal Fans Page: 3
Tue, 26 Sep 2017 00:04:46 INFO Starting new HTTPS connection (1): weibo.com
Tue, 26 Sep 2017 00:04:47 INFO ------ Personal Fans Page: 4
Tue, 26 Sep 2017 00:04:47 INFO Starting new HTTPS connection (1): weibo.com
Tue, 26 Sep 2017 00:04:48 INFO ------ Personal Fans Page: 5
Tue, 26 Sep 2017 00:04:48 INFO Starting new HTTPS connection (1): weibo.com
Tue, 26 Sep 2017 00:04:49 INFO ------ Personal Fans Page: 6
Tue, 26 Sep 2017 00:04:49 INFO Starting new HTTPS connection (1): weibo.com
Tue, 26 Sep 2017 00:04:49 INFO Personal uid: 1846846291, name: Eddie阳
Tue, 26 Sep 2017 00:04:49 INFO Starting new HTTPS connection (1): weibo.com
Tue, 26 Sep 2017 00:04:51 INFO -- Personal pageId: 1005051846846291
Tue, 26 Sep 2017 00:04:51 INFO ---- Get Personal Info
Tue, 26 Sep 2017 00:04:51 INFO Starting new HTTPS connection (1): weibo.com
Tue, 26 Sep 2017 00:04:51 INFO ---- Get Personal Fans
Tue, 26 Sep 2017 00:04:51 INFO ------ Personal Fans Page: 1
Tue, 26 Sep 2017 00:04:51 INFO Starting new HTTPS connection (1): weibo.com
Tue, 26 Sep 2017 00:04:52 INFO ------ Personal Fans Page: 2
Tue, 26 Sep 2017 00:04:52 INFO Starting new HTTPS connection (1): weibo.com
Tue, 26 Sep 2017 00:04:53 INFO ------ Personal Fans Page: 3
Tue, 26 Sep 2017 00:04:53 INFO Starting new HTTPS connection (1): weibo.com
Tue, 26 Sep 2017 00:04:54 INFO ------ Personal Fans Page: 4
Tue, 26 Sep 2017 00:04:54 INFO Starting new HTTPS connection (1): weibo.com
Tue, 26 Sep 2017 00:04:55 INFO ------ Personal Fans Page: 5
Tue, 26 Sep 2017 00:04:55 INFO Starting new HTTPS connection (1): weibo.com
Tue, 26 Sep 2017 00:04:56 INFO ------ Personal Fans Page: 6
Tue, 26 Sep 2017 00:04:56 INFO Starting new HTTPS connection (1): weibo.com
Tue, 26 Sep 2017 00:04:57 INFO Personal uid: 1847010002, name: 胖未遂
Tue, 26 Sep 2017 00:04:57 INFO Starting new HTTPS connection (1): weibo.com
Tue, 26 Sep 2017 00:04:58 INFO -- Personal pageId: 1005051847010002
Tue, 26 Sep 2017 00:04:58 INFO ---- Get Personal Info
Tue, 26 Sep 2017 00:04:58 INFO Starting new HTTPS connection (1): weibo.com
Tue, 26 Sep 2017 00:04:59 INFO ---- Get Personal Fans
Tue, 26 Sep 2017 00:04:59 INFO ------ Personal Fans Page: 1
Tue, 26 Sep 2017 00:04:59 INFO Starting new HTTPS connection (1): weibo.com
Tue, 26 Sep 2017 00:05:00 INFO ------ Personal Fans Page: 2
Tue, 26 Sep 2017 00:05:00 INFO Starting new HTTPS connection (1): weibo.com
Tue, 26 Sep 2017 00:05:01 INFO ------ Personal Fans Page: 3
Tue, 26 Sep 2017 00:05:01 INFO Starting new HTTPS connection (1): weibo.com
Tue, 26 Sep 2017 00:05:03 INFO ------ Personal Fans Page: 4
Tue, 26 Sep 2017 00:05:03 INFO Starting new HTTPS connection (1): weibo.com
Tue, 26 Sep 2017 00:05:03 INFO ------ Personal Fans Page: 5
Tue, 26 Sep 2017 00:05:03 INFO Starting new HTTPS connection (1): weibo.com
Tue, 26 Sep 2017 00:05:05 INFO ------ Personal Fans Page: 6
Tue, 26 Sep 2017 00:05:05 INFO Starting new HTTPS connection (1): weibo.com
Tue, 26 Sep 2017 00:05:06 INFO Personal uid: 1847164405, name: 刘晨熙小妹妹的妈咪
Tue, 26 Sep 2017 00:05:06 INFO Starting new HTTPS connection (1): weibo.com
Tue, 26 Sep 2017 00:05:07 INFO -- Personal pageId: 1005051847164405
Tue, 26 Sep 2017 00:05:07 INFO ---- Get Personal Info
Tue, 26 Sep 2017 00:05:07 INFO Starting new HTTPS connection (1): weibo.com
Tue, 26 Sep 2017 00:05:08 INFO ---- Get Personal Fans
Tue, 26 Sep 2017 00:05:08 INFO ------ Personal Fans Page: 1
Tue, 26 Sep 2017 00:05:08 INFO Starting new HTTPS connection (1): weibo.com
Tue, 26 Sep 2017 00:05:09 INFO ------ Personal Fans Page: 2
Tue, 26 Sep 2017 00:05:09 INFO Starting new HTTPS connection (1): weibo.com
Tue, 26 Sep 2017 00:05:10 INFO ------ Personal Fans Page: 3
Tue, 26 Sep 2017 00:05:10 INFO Starting new HTTPS connection (1): weibo.com
Tue, 26 Sep 2017 00:05:11 INFO ------ Personal Fans Page: 4
Tue, 26 Sep 2017 00:05:11 INFO Starting new HTTPS connection (1): weibo.com
Tue, 26 Sep 2017 00:05:11 INFO ------ Personal Fans Page: 5
Tue, 26 Sep 2017 00:05:11 INFO Starting new HTTPS connection (1): weibo.com
Tue, 26 Sep 2017 00:05:12 INFO ------ Personal Fans Page: 6
Tue, 26 Sep 2017 00:05:12 INFO Starting new HTTPS connection (1): weibo.com
Tue, 26 Sep 2017 00:05:13 INFO Personal uid: 1847539687, name: kiss小希
Tue, 26 Sep 2017 00:05:13 INFO Starting new HTTPS connection (1): weibo.com
Tue, 26 Sep 2017 00:05:15 INFO -- Personal pageId: 1005051847539687
Tue, 26 Sep 2017 00:05:15 INFO ---- Get Personal Info
Tue, 26 Sep 2017 00:05:15 INFO Starting new HTTPS connection (1): weibo.com
Tue, 26 Sep 2017 00:05:15 INFO ---- Get Personal Fans
Tue, 26 Sep 2017 00:05:15 INFO ------ Personal Fans Page: 1
Tue, 26 Sep 2017 00:05:15 INFO Starting new HTTPS connection (1): weibo.com
Tue, 26 Sep 2017 00:05:16 INFO ------ Personal Fans Page: 2
Tue, 26 Sep 2017 00:05:16 INFO Starting new HTTPS connection (1): weibo.com
Tue, 26 Sep 2017 00:05:17 INFO ------ Personal Fans Page: 3
Tue, 26 Sep 2017 00:05:17 INFO Starting new HTTPS connection (1): weibo.com
Tue, 26 Sep 2017 00:05:18 INFO ------ Personal Fans Page: 4
Tue, 26 Sep 2017 00:05:18 INFO Starting new HTTPS connection (1): weibo.com
Tue, 26 Sep 2017 00:05:18 INFO ------ Personal Fans Page: 5
Tue, 26 Sep 2017 00:05:18 INFO Starting new HTTPS connection (1): weibo.com
Tue, 26 Sep 2017 00:05:19 INFO ------ Personal Fans Page: 6
Tue, 26 Sep 2017 00:05:19 INFO Starting new HTTPS connection (1): weibo.com
Tue, 26 Sep 2017 00:05:20 INFO Personal uid: 1847891882, name: 起立_you
Tue, 26 Sep 2017 00:05:20 INFO Starting new HTTPS connection (1): weibo.com
Tue, 26 Sep 2017 00:05:20 INFO Starting new HTTPS connection (1): passport.weibo.com
Tue, 26 Sep 2017 00:05:20 INFO -- Personal pageId: 1005051847891882
Tue, 26 Sep 2017 00:05:20 INFO ---- Get Personal Info
Tue, 26 Sep 2017 00:05:20 INFO Starting new HTTPS connection (1): weibo.com
Tue, 26 Sep 2017 00:05:21 INFO ---- Get Personal Fans
Tue, 26 Sep 2017 00:05:21 INFO ------ Personal Fans Page: 1
Tue, 26 Sep 2017 00:05:21 INFO Starting new HTTPS connection (1): weibo.com
Tue, 26 Sep 2017 00:05:22 INFO ------ Personal Fans Page: 2
Tue, 26 Sep 2017 00:05:22 INFO Starting new HTTPS connection (1): weibo.com
Tue, 26 Sep 2017 00:05:23 INFO ------ Personal Fans Page: 3
Tue, 26 Sep 2017 00:05:23 INFO Starting new HTTPS connection (1): weibo.com
Tue, 26 Sep 2017 00:05:24 INFO ------ Personal Fans Page: 4
Tue, 26 Sep 2017 00:05:24 INFO Starting new HTTPS connection (1): weibo.com
Tue, 26 Sep 2017 00:05:25 INFO ------ Personal Fans Page: 5
Tue, 26 Sep 2017 00:05:25 INFO Starting new HTTPS connection (1): weibo.com
Tue, 26 Sep 2017 00:05:26 INFO ------ Personal Fans Page: 6
Tue, 26 Sep 2017 00:05:26 INFO Starting new HTTPS connection (1): weibo.com
Tue, 26 Sep 2017 00:05:27 INFO Personal uid: 1848035463, name: 懒姑娘要起床
Tue, 26 Sep 2017 00:05:27 INFO Starting new HTTPS connection (1): weibo.com
Tue, 26 Sep 2017 00:05:28 INFO -- Personal pageId: 1005051848035463
Tue, 26 Sep 2017 00:05:28 INFO ---- Get Personal Info
Tue, 26 Sep 2017 00:05:28 INFO Starting new HTTPS connection (1): weibo.com
Tue, 26 Sep 2017 00:05:30 INFO ---- Get Personal Fans
Tue, 26 Sep 2017 00:05:30 INFO ------ Personal Fans Page: 1
Tue, 26 Sep 2017 00:05:30 INFO Starting new HTTPS connection (1): weibo.com
Tue, 26 Sep 2017 00:05:31 INFO ------ Personal Fans Page: 2
Tue, 26 Sep 2017 00:05:31 INFO Starting new HTTPS connection (1): weibo.com
Tue, 26 Sep 2017 00:05:31 INFO ------ Personal Fans Page: 3
Tue, 26 Sep 2017 00:05:31 INFO Starting new HTTPS connection (1): weibo.com
Tue, 26 Sep 2017 00:05:32 INFO ------ Personal Fans Page: 4
Tue, 26 Sep 2017 00:05:32 INFO Starting new HTTPS connection (1): weibo.com
Tue, 26 Sep 2017 00:05:33 INFO ------ Personal Fans Page: 5
Tue, 26 Sep 2017 00:05:33 INFO Starting new HTTPS connection (1): weibo.com
Tue, 26 Sep 2017 00:05:34 INFO ------ Personal Fans Page: 6
Tue, 26 Sep 2017 00:05:34 INFO Starting new HTTPS connection (1): weibo.com
Tue, 26 Sep 2017 00:05:34 INFO Personal uid: 1848285794, name: babyteno的麻麻
Tue, 26 Sep 2017 00:05:34 INFO Starting new HTTPS connection (1): weibo.com
Tue, 26 Sep 2017 00:05:36 INFO -- Personal pageId: 1005051848285794
Tue, 26 Sep 2017 00:05:36 INFO ---- Get Personal Info
Tue, 26 Sep 2017 00:05:36 INFO Starting new HTTPS connection (1): weibo.com
Tue, 26 Sep 2017 00:05:38 INFO ---- Get Personal Fans
Tue, 26 Sep 2017 00:05:38 INFO ------ Personal Fans Page: 1
Tue, 26 Sep 2017 00:05:38 INFO Starting new HTTPS connection (1): weibo.com
Tue, 26 Sep 2017 00:05:39 INFO ------ Personal Fans Page: 2
Tue, 26 Sep 2017 00:05:39 INFO Starting new HTTPS connection (1): weibo.com
Tue, 26 Sep 2017 00:05:40 INFO ------ Personal Fans Page: 3
Tue, 26 Sep 2017 00:05:40 INFO Starting new HTTPS connection (1): weibo.com
Tue, 26 Sep 2017 00:05:40 INFO ------ Personal Fans Page: 4
Tue, 26 Sep 2017 00:05:40 INFO Starting new HTTPS connection (1): weibo.com
Tue, 26 Sep 2017 00:05:41 INFO ------ Personal Fans Page: 5
Tue, 26 Sep 2017 00:05:41 INFO Starting new HTTPS connection (1): weibo.com
Tue, 26 Sep 2017 00:05:42 INFO ------ Personal Fans Page: 6
Tue, 26 Sep 2017 00:05:42 INFO Starting new HTTPS connection (1): weibo.com
Tue, 26 Sep 2017 00:05:43 INFO Personal uid: 1848568571, name: 小仙女的娘亲亲
Tue, 26 Sep 2017 00:05:43 INFO Starting new HTTPS connection (1): weibo.com
Tue, 26 Sep 2017 00:05:44 INFO -- Personal pageId: 1005051848568571
Tue, 26 Sep 2017 00:05:44 INFO ---- Get Personal Info
Tue, 26 Sep 2017 00:05:44 INFO Starting new HTTPS connection (1): weibo.com
Tue, 26 Sep 2017 00:05:46 INFO ---- Get Personal Fans
Tue, 26 Sep 2017 00:05:46 INFO ------ Personal Fans Page: 1
Tue, 26 Sep 2017 00:05:46 INFO Starting new HTTPS connection (1): weibo.com
Tue, 26 Sep 2017 00:05:47 INFO ------ Personal Fans Page: 2
Tue, 26 Sep 2017 00:05:47 INFO Starting new HTTPS connection (1): weibo.com
Tue, 26 Sep 2017 00:05:48 INFO ------ Personal Fans Page: 3
Tue, 26 Sep 2017 00:05:48 INFO Starting new HTTPS connection (1): weibo.com
Tue, 26 Sep 2017 00:05:48 INFO ------ Personal Fans Page: 4
Tue, 26 Sep 2017 00:05:48 INFO Starting new HTTPS connection (1): weibo.com
Tue, 26 Sep 2017 00:05:49 INFO ------ Personal Fans Page: 5
Tue, 26 Sep 2017 00:05:49 INFO Starting new HTTPS connection (1): weibo.com
Tue, 26 Sep 2017 00:05:50 INFO ------ Personal Fans Page: 6
Tue, 26 Sep 2017 00:05:50 INFO Starting new HTTPS connection (1): weibo.com
Tue, 26 Sep 2017 00:05:50 INFO Personal uid: 1849279470, name: 我是一只没人要的小虫子
Tue, 26 Sep 2017 00:05:50 INFO Starting new HTTPS connection (1): weibo.com
Tue, 26 Sep 2017 00:05:51 INFO Starting new HTTPS connection (1): passport.weibo.com
Tue, 26 Sep 2017 00:05:51 INFO -- Personal pageId: 1005051849279470
Tue, 26 Sep 2017 00:05:51 INFO ---- Get Personal Info
Tue, 26 Sep 2017 00:05:51 INFO Starting new HTTPS connection (1): weibo.com
Tue, 26 Sep 2017 00:05:52 INFO ---- Get Personal Fans
Tue, 26 Sep 2017 00:05:52 INFO ------ Personal Fans Page: 1
Tue, 26 Sep 2017 00:05:52 INFO Starting new HTTPS connection (1): weibo.com
Tue, 26 Sep 2017 00:05:53 INFO ------ Personal Fans Page: 2
Tue, 26 Sep 2017 00:05:53 INFO Starting new HTTPS connection (1): weibo.com
Tue, 26 Sep 2017 00:05:54 INFO ------ Personal Fans Page: 3
Tue, 26 Sep 2017 00:05:54 INFO Starting new HTTPS connection (1): weibo.com
Tue, 26 Sep 2017 00:05:55 INFO ------ Personal Fans Page: 4
Tue, 26 Sep 2017 00:05:55 INFO Starting new HTTPS connection (1): weibo.com
Tue, 26 Sep 2017 00:05:56 INFO ------ Personal Fans Page: 5
Tue, 26 Sep 2017 00:05:56 INFO Starting new HTTPS connection (1): weibo.com
Tue, 26 Sep 2017 00:05:57 INFO ------ Personal Fans Page: 6
Tue, 26 Sep 2017 00:05:57 INFO Starting new HTTPS connection (1): weibo.com
Tue, 26 Sep 2017 00:05:57 INFO Personal uid: 1850084155, name: yoyompc
Tue, 26 Sep 2017 00:05:57 INFO Starting new HTTPS connection (1): weibo.com
Tue, 26 Sep 2017 00:05:58 INFO -- Personal pageId: 1005051850084155
Tue, 26 Sep 2017 00:05:58 INFO ---- Get Personal Info
Tue, 26 Sep 2017 00:05:58 INFO Starting new HTTPS connection (1): weibo.com
Tue, 26 Sep 2017 00:06:00 INFO ---- Get Personal Fans
Tue, 26 Sep 2017 00:06:00 INFO ------ Personal Fans Page: 1
Tue, 26 Sep 2017 00:06:00 INFO Starting new HTTPS connection (1): weibo.com
Tue, 26 Sep 2017 00:06:00 INFO ------ Personal Fans Page: 2
Tue, 26 Sep 2017 00:06:00 INFO Starting new HTTPS connection (1): weibo.com
Tue, 26 Sep 2017 00:06:01 INFO ------ Personal Fans Page: 3
Tue, 26 Sep 2017 00:06:01 INFO Starting new HTTPS connection (1): weibo.com
Tue, 26 Sep 2017 00:06:02 INFO ------ Personal Fans Page: 4
Tue, 26 Sep 2017 00:06:02 INFO Starting new HTTPS connection (1): weibo.com
Tue, 26 Sep 2017 00:06:03 INFO Personal uid: 1850190795, name: 珊珊_CC
Tue, 26 Sep 2017 00:06:03 INFO Starting new HTTPS connection (1): weibo.com
Tue, 26 Sep 2017 00:06:04 INFO -- Personal pageId: 1005051850190795
Tue, 26 Sep 2017 00:06:04 INFO ---- Get Personal Info
Tue, 26 Sep 2017 00:06:04 INFO Starting new HTTPS connection (1): weibo.com
Tue, 26 Sep 2017 00:06:06 INFO ---- Get Personal Fans
Tue, 26 Sep 2017 00:06:06 INFO ------ Personal Fans Page: 1
Tue, 26 Sep 2017 00:06:06 INFO Starting new HTTPS connection (1): weibo.com
Tue, 26 Sep 2017 00:06:06 INFO ------ Personal Fans Page: 2
Tue, 26 Sep 2017 00:06:06 INFO Starting new HTTPS connection (1): weibo.com
Tue, 26 Sep 2017 00:06:07 INFO ------ Personal Fans Page: 3
Tue, 26 Sep 2017 00:06:07 INFO Starting new HTTPS connection (1): weibo.com
Tue, 26 Sep 2017 00:06:08 INFO ------ Personal Fans Page: 4
Tue, 26 Sep 2017 00:06:08 INFO Starting new HTTPS connection (1): weibo.com
