Sun, 24 Sep 2017 14:21:49 INFO Get char: 诵
Sun, 24 Sep 2017 14:21:50 INFO Get char: 请
Sun, 24 Sep 2017 14:21:51 INFO -- username: 请检查网名, id: 3201105450
Sun, 24 Sep 2017 14:21:51 INFO -- username: 请叫我李勤奋, id: 6022476557
Sun, 24 Sep 2017 14:21:51 INFO -- username: 请叫我李勤奋, id: 6022476557
Sun, 24 Sep 2017 14:21:51 INFO Get char: 诸
Sun, 24 Sep 2017 14:21:52 INFO Get char: 诹
Sun, 24 Sep 2017 14:21:52 INFO Get char: 诺
Sun, 24 Sep 2017 14:21:56 INFO -- username: 萌诺吖, id: 5875285574
Sun, 24 Sep 2017 14:21:56 INFO -- username: 雪諾相依, id: 1774563044
Sun, 24 Sep 2017 14:21:56 INFO -- username: 雪諾相依, id: 1774563044
Sun, 24 Sep 2017 14:21:56 INFO Get char: 读
Sun, 24 Sep 2017 14:21:58 INFO -- username: 暮读晨耕, id: 1618385593
Sun, 24 Sep 2017 14:21:58 INFO -- username: 爱读书的小胖妞, id: 5833996915
Sun, 24 Sep 2017 14:21:58 INFO -- username: 晴耕雨读2014, id: 6097095424
Sun, 24 Sep 2017 14:21:58 INFO -- username: 晴耕雨读2014, id: 6097095424
Sun, 24 Sep 2017 14:21:58 INFO Get char: 诼
Sun, 24 Sep 2017 14:21:59 INFO Get char: 诽
Sun, 24 Sep 2017 14:22:00 INFO Get char: 课
Sun, 24 Sep 2017 14:22:00 INFO Get char: 诿
Sun, 24 Sep 2017 14:22:01 INFO Get char: 谀
Sun, 24 Sep 2017 14:22:02 INFO Get char: 谁
