Sun, 24 Sep 2017 14:56:27 INFO Get char: 黟
Sun, 24 Sep 2017 14:56:28 INFO Get char: 黝
Sun, 24 Sep 2017 14:56:29 INFO Get char: 黠
Sun, 24 Sep 2017 14:56:30 INFO Get char: 黡
Sun, 24 Sep 2017 14:56:31 INFO Get char: 黢
Sun, 24 Sep 2017 14:56:32 INFO Get char: 黥
Sun, 24 Sep 2017 14:56:33 INFO Get char: 黧
Sun, 24 Sep 2017 14:56:33 INFO Get char: 黩
Sun, 24 Sep 2017 14:56:34 INFO Get char: 黪
Sun, 24 Sep 2017 14:56:34 INFO Get char: 黯
Sun, 24 Sep 2017 14:56:35 INFO Get char: 黹
Sun, 24 Sep 2017 14:56:35 INFO Get char: 黻
Sun, 24 Sep 2017 14:56:36 INFO Get char: 黼
Sun, 24 Sep 2017 14:56:37 INFO Get char: 黾
Sun, 24 Sep 2017 14:56:37 INFO Get char: 鼋
Sun, 24 Sep 2017 14:56:38 INFO Get char: 鼍
Sun, 24 Sep 2017 14:56:39 INFO Get char: 鼎
Sun, 24 Sep 2017 14:56:40 INFO Get char: 鼐
Sun, 24 Sep 2017 14:56:40 INFO Get char: 鼒
Sun, 24 Sep 2017 14:56:41 INFO Get char: 鼓
Sun, 24 Sep 2017 14:56:42 INFO Get char: 鼗
Sun, 24 Sep 2017 14:56:43 INFO Get char: 鼙
Sun, 24 Sep 2017 14:56:43 INFO Get char: 鼠
Sun, 24 Sep 2017 14:56:45 INFO -- username: 霹雳馋鼠, id: 2345440853
Sun, 24 Sep 2017 14:56:45 INFO -- username: 贪婪成瘾的懒鼠, id: 5465326320
Sun, 24 Sep 2017 14:56:45 INFO -- username: 贪婪成瘾的懒鼠, id: 5465326320
Sun, 24 Sep 2017 14:56:45 INFO Get char: 鼢
Sun, 24 Sep 2017 14:56:46 INFO Get char: 鼩
Sun, 24 Sep 2017 14:56:47 INFO Get char: 鼫
Sun, 24 Sep 2017 14:56:48 INFO Get char: 鼬
Sun, 24 Sep 2017 14:56:48 INFO Get char: 鼯
Sun, 24 Sep 2017 14:56:49 INFO Get char: 鼱
Sun, 24 Sep 2017 14:56:50 INFO Get char: 鼷
Sun, 24 Sep 2017 14:56:51 INFO Get char: 鼹
Sun, 24 Sep 2017 14:56:52 INFO Get char: 鼻
Sun, 24 Sep 2017 14:56:54 INFO -- username: 长鼻子大灰, id: 1898852607
Sun, 24 Sep 2017 14:56:54 INFO -- username: 长鼻子大灰, id: 1898852607
Sun, 24 Sep 2017 14:56:54 INFO Get char: 鼽
Sun, 24 Sep 2017 14:56:55 INFO Get char: 鼾
Sun, 24 Sep 2017 14:56:56 INFO Get char: 齁
Sun, 24 Sep 2017 14:56:57 INFO Get char: 齇
Sun, 24 Sep 2017 14:56:57 INFO Get char: 齉
Sun, 24 Sep 2017 14:56:58 INFO Get char: 齐
Sun, 24 Sep 2017 14:56:58 INFO Get char: 齑
Sun, 24 Sep 2017 14:56:59 INFO Get char: 齿
Sun, 24 Sep 2017 14:57:00 INFO Get char: 龀
Sun, 24 Sep 2017 14:57:01 INFO Get char: 龁
Sun, 24 Sep 2017 14:57:01 INFO Get char: 龂
Sun, 24 Sep 2017 14:57:02 INFO Get char: 龃
Sun, 24 Sep 2017 14:57:03 INFO Get char: 龄
Sun, 24 Sep 2017 14:57:04 INFO -- username: H小洁妙龄少女, id: 6283158283
Sun, 24 Sep 2017 14:57:04 INFO -- username: H小洁妙龄少女, id: 6283158283
Sun, 24 Sep 2017 14:57:04 INFO Get char: 龅
Sun, 24 Sep 2017 14:57:05 INFO Get char: 龆
Sun, 24 Sep 2017 14:57:06 INFO Get char: 龇
Sun, 24 Sep 2017 14:57:07 INFO Get char: 龈
Sun, 24 Sep 2017 14:57:09 INFO Get char: 龉
Sun, 24 Sep 2017 14:57:10 INFO Get char: 龊
Sun, 24 Sep 2017 14:57:11 INFO Get char: 龋
Sun, 24 Sep 2017 14:57:11 INFO Get char: 龌
Sun, 24 Sep 2017 14:57:12 INFO Get char: 龙
Sun, 24 Sep 2017 14:57:14 INFO -- username: 酸奶味志龙-, id: 5747030599
Sun, 24 Sep 2017 14:57:14 INFO -- username: 酸奶味志龙-, id: 5747030599
Sun, 24 Sep 2017 14:57:14 INFO Get char: 龚
Sun, 24 Sep 2017 14:57:15 INFO Get char: 龛
Sun, 24 Sep 2017 14:57:15 INFO Get char: 龟
Sun, 24 Sep 2017 14:57:16 INFO Get char: 龠
Sun, 24 Sep 2017 14:57:16 INFO Get char: 龢
Sun, 24 Sep 2017 14:57:17 INFO Get char: 鿍
Sun, 24 Sep 2017 14:57:18 INFO Get char: 鿎
Sun, 24 Sep 2017 14:57:19 INFO Get char: 鿏
Sun, 24 Sep 2017 14:57:19 INFO Get char: 㑇
Sun, 24 Sep 2017 14:57:21 INFO Get char: 㑊
Sun, 24 Sep 2017 14:57:21 INFO Get char: 㕮
Sun, 24 Sep 2017 14:57:22 INFO Get char: 㘎
Sun, 24 Sep 2017 14:57:23 INFO Get char: 㙍
Sun, 24 Sep 2017 14:57:23 INFO Get char: 㙘
Sun, 24 Sep 2017 14:57:24 INFO Get char: 㙦
Sun, 24 Sep 2017 14:57:25 INFO Get char: 㛃
Sun, 24 Sep 2017 14:57:25 INFO Get char: 㛚
Sun, 24 Sep 2017 14:57:26 INFO Get char: 㛹
Sun, 24 Sep 2017 14:57:27 INFO Get char: 㟃
Sun, 24 Sep 2017 14:57:27 INFO Get char: 㠇
Sun, 24 Sep 2017 14:57:28 INFO Get char: 㠓
Sun, 24 Sep 2017 14:57:29 INFO Get char: 㤘
Sun, 24 Sep 2017 14:57:30 INFO Get char: 㥄
Sun, 24 Sep 2017 14:57:32 INFO Get char: 㧐
Sun, 24 Sep 2017 14:57:33 INFO Get char: 㧑
Sun, 24 Sep 2017 14:57:34 INFO Get char: 㧟
Sun, 24 Sep 2017 14:57:34 INFO Get char: 㫰
Sun, 24 Sep 2017 14:57:35 INFO Get char: 㬊
Sun, 24 Sep 2017 14:57:36 INFO Get char: 㬎
Sun, 24 Sep 2017 14:57:37 INFO Get char: 㬚
Sun, 24 Sep 2017 14:57:38 INFO Get char: 㭎
Sun, 24 Sep 2017 14:57:38 INFO Get char: 㭕
Sun, 24 Sep 2017 14:57:39 INFO Get char: 㮾
Sun, 24 Sep 2017 14:57:39 INFO Get char: 㰀
Sun, 24 Sep 2017 14:57:40 INFO Get char: 㳇
Sun, 24 Sep 2017 14:57:41 INFO Get char: 㳘
Sun, 24 Sep 2017 14:57:41 INFO Get char: 㳚
Sun, 24 Sep 2017 14:57:43 INFO Get char: 㴔
Sun, 24 Sep 2017 14:57:44 INFO Get char: 㵐
Sun, 24 Sep 2017 14:57:45 INFO Get char: 㶲
Sun, 24 Sep 2017 14:57:46 INFO Get char: 㸆
Sun, 24 Sep 2017 14:57:47 INFO Get char: 㸌
Sun, 24 Sep 2017 14:57:47 INFO Get char: 㺄
Sun, 24 Sep 2017 14:57:48 INFO Get char: 㻬
Sun, 24 Sep 2017 14:57:49 INFO Get char: 㽏
Sun, 24 Sep 2017 14:57:49 INFO Get char: 㿠
Sun, 24 Sep 2017 14:57:51 INFO Get char: 䁖
Sun, 24 Sep 2017 14:57:52 INFO Get char: 䂮
Sun, 24 Sep 2017 14:57:53 INFO Get char: 䃅
Sun, 24 Sep 2017 14:57:53 INFO Get char: 䃎
Sun, 24 Sep 2017 14:57:54 INFO Get char: 䅟
Sun, 24 Sep 2017 14:57:55 INFO Get char: 䌹
Sun, 24 Sep 2017 14:57:56 INFO Get char: 䎃
Sun, 24 Sep 2017 14:57:57 INFO Get char: 䎖
Sun, 24 Sep 2017 14:57:58 INFO Get char: 䏝
Sun, 24 Sep 2017 14:57:58 INFO Get char: 䏡
Sun, 24 Sep 2017 14:57:59 INFO Get char: 䏲
Sun, 24 Sep 2017 14:58:00 INFO Get char: 䐃
Sun, 24 Sep 2017 14:58:00 INFO Get char: 䓖
Sun, 24 Sep 2017 14:58:01 INFO Get char: 䓛
Sun, 24 Sep 2017 14:58:02 INFO Get char: 䓨
Sun, 24 Sep 2017 14:58:03 INFO Get char: 䓫
Sun, 24 Sep 2017 14:58:03 INFO Get char: 䓬
Sun, 24 Sep 2017 14:58:04 INFO Get char: 䗖
Sun, 24 Sep 2017 14:58:05 INFO Get char: 䗛
Sun, 24 Sep 2017 14:58:06 INFO Get char: 䗪
Sun, 24 Sep 2017 14:58:07 INFO Get char: 䗴
Sun, 24 Sep 2017 14:58:08 INFO Get char: 䜣
Sun, 24 Sep 2017 14:58:08 INFO Get char: 䝙
Sun, 24 Sep 2017 14:58:09 INFO Get char: 䢺
Sun, 24 Sep 2017 14:58:10 INFO Get char: 䢼
Sun, 24 Sep 2017 14:58:11 INFO Get char: 䣘
Sun, 24 Sep 2017 14:58:11 INFO Get char: 䥽
Sun, 24 Sep 2017 14:58:12 INFO Get char: 䦃
Sun, 24 Sep 2017 14:58:13 INFO Get char: 䲟
Sun, 24 Sep 2017 14:58:13 INFO Get char: 䲠
Sun, 24 Sep 2017 14:58:14 INFO Get char: 䲢
Sun, 24 Sep 2017 14:58:15 INFO Get char: 䴓
Sun, 24 Sep 2017 14:58:16 INFO Get char: 䴔
Sun, 24 Sep 2017 14:58:16 INFO Get char: 䴕
Sun, 24 Sep 2017 14:58:17 INFO Get char: 䴖
Sun, 24 Sep 2017 14:58:18 INFO Get char: 䴗
Sun, 24 Sep 2017 14:58:18 INFO Get char: 䴘
Sun, 24 Sep 2017 14:58:19 INFO Get char: 䴙
Sun, 24 Sep 2017 14:58:20 INFO Get char: 䶮
Sun, 24 Sep 2017 14:58:21 INFO Get char: 𠅤
Sun, 24 Sep 2017 14:58:21 INFO Get char: 𠙶
Sun, 24 Sep 2017 14:58:21 INFO Get char: 𠳐
Sun, 24 Sep 2017 14:58:22 INFO Get char: 𡎚
Sun, 24 Sep 2017 14:58:22 INFO Get char: 𡐓
Sun, 24 Sep 2017 14:58:23 INFO Get char: 𣗋
Sun, 24 Sep 2017 14:58:24 INFO Get char: 𣲗
Sun, 24 Sep 2017 14:58:25 INFO Get char: 𣲘
Sun, 24 Sep 2017 14:58:25 INFO Get char: 𣸣
Sun, 24 Sep 2017 14:58:26 INFO Get char: 𤧛
Sun, 24 Sep 2017 14:58:27 INFO Get char: 𤩽
Sun, 24 Sep 2017 14:58:27 INFO Get char: 𤫉
Sun, 24 Sep 2017 14:58:28 INFO Get char: 𥔲
Sun, 24 Sep 2017 14:58:29 INFO Get char: 𥕢
Sun, 24 Sep 2017 14:58:29 INFO Get char: 𥖨
Sun, 24 Sep 2017 14:58:30 INFO Get char: 𥻗
Sun, 24 Sep 2017 14:58:31 INFO Get char: 𦈡
Sun, 24 Sep 2017 14:58:32 INFO Get char: 𦒍
Sun, 24 Sep 2017 14:58:32 INFO Get char: 𦙶
Sun, 24 Sep 2017 14:58:33 INFO Get char: 𦝼
Sun, 24 Sep 2017 14:58:33 INFO Get char: 𦭜
Sun, 24 Sep 2017 14:58:34 INFO Get char: 𦰡
Sun, 24 Sep 2017 14:58:35 INFO Get char: 𧿹
Sun, 24 Sep 2017 14:58:35 INFO Get char: 𨐈
Sun, 24 Sep 2017 14:58:36 INFO Get char: 𨙸
Sun, 24 Sep 2017 14:58:36 INFO Get char: 𨚕
Sun, 24 Sep 2017 14:58:37 INFO Get char: 𨟠
Sun, 24 Sep 2017 14:58:38 INFO Get char: 𨭉
Sun, 24 Sep 2017 14:58:38 INFO Get char: 𨱇
Sun, 24 Sep 2017 14:58:39 INFO Get char: 𨱏
Sun, 24 Sep 2017 14:58:40 INFO Get char: 𨱑
Sun, 24 Sep 2017 14:58:40 INFO Get char: 𨱔
Sun, 24 Sep 2017 14:58:41 INFO Get char: 𨺙
Sun, 24 Sep 2017 14:58:41 INFO Get char: 𩽾
Sun, 24 Sep 2017 14:58:42 INFO Get char: 𩾃
Sun, 24 Sep 2017 14:58:43 INFO Get char: 𩾌
Sun, 24 Sep 2017 14:58:43 INFO Get char: 𪟝
Sun, 24 Sep 2017 14:58:44 INFO Get char: 𪣻
Sun, 24 Sep 2017 14:58:44 INFO Get char: 𪤗
Sun, 24 Sep 2017 14:58:45 INFO Get char: 𪨰
Sun, 24 Sep 2017 14:58:46 INFO Get char: 𪨶
Sun, 24 Sep 2017 14:58:47 INFO Get char: 𪩘
Sun, 24 Sep 2017 14:58:47 INFO Get char: 𪾢
Sun, 24 Sep 2017 14:58:48 INFO Get char: 𫄧
Sun, 24 Sep 2017 14:58:48 INFO Get char: 𫄨
Sun, 24 Sep 2017 14:58:49 INFO Get char: 𫄷
Sun, 24 Sep 2017 14:58:49 INFO Get char: 𫄸
Sun, 24 Sep 2017 14:58:50 INFO Get char: 𫇭
Sun, 24 Sep 2017 14:58:51 INFO Get char: 𫌀
Sun, 24 Sep 2017 14:58:52 INFO Get char: 𫍣
Sun, 24 Sep 2017 14:58:53 INFO Get char: 𫍯
Sun, 24 Sep 2017 14:58:53 INFO Get char: 𫍲
Sun, 24 Sep 2017 14:58:54 INFO Get char: 𫍽
Sun, 24 Sep 2017 14:58:54 INFO Get char: 𫐄
Sun, 24 Sep 2017 14:58:55 INFO Get char: 𫐐
Sun, 24 Sep 2017 14:58:56 INFO Get char: 𫐓
Sun, 24 Sep 2017 14:58:56 INFO Get char: 𫑡
Sun, 24 Sep 2017 14:58:57 INFO Get char: 𫓧
Sun, 24 Sep 2017 14:58:57 INFO Get char: 𫓯
Sun, 24 Sep 2017 14:58:58 INFO Get char: 𫓶
Sun, 24 Sep 2017 14:58:58 INFO Get char: 𫓹
Sun, 24 Sep 2017 14:58:59 INFO Get char: 𫔍
Sun, 24 Sep 2017 14:59:01 INFO Get char: 𫔎
Sun, 24 Sep 2017 14:59:01 INFO Get char: 𫔶
Sun, 24 Sep 2017 14:59:02 INFO Get char: 𫖮
Sun, 24 Sep 2017 14:59:02 INFO Get char: 𫖯
Sun, 24 Sep 2017 14:59:03 INFO Get char: 𫖳
Sun, 24 Sep 2017 14:59:04 INFO Get char: 𫗧
Sun, 24 Sep 2017 14:59:05 INFO Get char: 𫗴
Sun, 24 Sep 2017 14:59:06 INFO Get char: 𫘜
Sun, 24 Sep 2017 14:59:07 INFO Get char: 𫘝
Sun, 24 Sep 2017 14:59:08 INFO Get char: 𫘦
Sun, 24 Sep 2017 14:59:09 INFO Get char: 𫘧
Sun, 24 Sep 2017 14:59:10 INFO Get char: 𫘨
Sun, 24 Sep 2017 14:59:10 INFO Get char: 𫘪
Sun, 24 Sep 2017 14:59:11 INFO Get char: 𫘬
Sun, 24 Sep 2017 14:59:12 INFO Get char: 𫚕
Sun, 24 Sep 2017 14:59:12 INFO Get char: 𫚖
Sun, 24 Sep 2017 14:59:14 INFO Get char: 𫚭
Sun, 24 Sep 2017 14:59:15 INFO Get char: 𫛭
Sun, 24 Sep 2017 14:59:16 INFO Get char: 𫞩
Sun, 24 Sep 2017 14:59:17 INFO Get char: 𫟅
Sun, 24 Sep 2017 14:59:18 INFO Get char: 𫟦
Sun, 24 Sep 2017 14:59:18 INFO Get char: 𫟹
Sun, 24 Sep 2017 14:59:19 INFO Get char: 𫟼
Sun, 24 Sep 2017 14:59:19 INFO Get char: 𫠆
Sun, 24 Sep 2017 14:59:21 INFO Get char: 𫠊
Sun, 24 Sep 2017 14:59:22 INFO Get char: 𫠜
Sun, 24 Sep 2017 14:59:23 INFO Get char: 𫢸
Sun, 24 Sep 2017 14:59:24 INFO Get char: 𫫇
Sun, 24 Sep 2017 14:59:24 INFO Get char: 𫭟
Sun, 24 Sep 2017 14:59:25 INFO Get char: 𫭢
Sun, 24 Sep 2017 14:59:26 INFO Get char: 𫭼
Sun, 24 Sep 2017 14:59:26 INFO Get char: 𫮃
Sun, 24 Sep 2017 14:59:27 INFO Get char: 𫰛
Sun, 24 Sep 2017 14:59:28 INFO Get char: 𫵷
Sun, 24 Sep 2017 14:59:28 INFO Get char: 𫶇
Sun, 24 Sep 2017 14:59:30 INFO Get char: 𫷷
Sun, 24 Sep 2017 14:59:30 INFO Get char: 𫸩
Sun, 24 Sep 2017 14:59:31 INFO Get char: 𬀩
Sun, 24 Sep 2017 14:59:32 INFO Get char: 𬀪
Sun, 24 Sep 2017 14:59:33 INFO Get char: 𬂩
Sun, 24 Sep 2017 14:59:33 INFO Get char: 𬃊
Sun, 24 Sep 2017 14:59:34 INFO Get char: 𬇕
Sun, 24 Sep 2017 14:59:35 INFO Get char: 𬇙
Sun, 24 Sep 2017 14:59:35 INFO Get char: 𬇹
Sun, 24 Sep 2017 14:59:36 INFO Get char: 𬉼
Sun, 24 Sep 2017 14:59:37 INFO Get char: 𬊈
Sun, 24 Sep 2017 14:59:38 INFO Get char: 𬊤
Sun, 24 Sep 2017 14:59:38 INFO Get char: 𬌗
Sun, 24 Sep 2017 14:59:39 INFO Get char: 𬍛
Sun, 24 Sep 2017 14:59:40 INFO Get char: 𬍡
Sun, 24 Sep 2017 14:59:40 INFO Get char: 𬍤
Sun, 24 Sep 2017 14:59:41 INFO Get char: 𬒈
Sun, 24 Sep 2017 14:59:42 INFO Get char: 𬒔
Sun, 24 Sep 2017 14:59:42 INFO Get char: 𬒗
Sun, 24 Sep 2017 14:59:43 INFO Get char: 𬕂
Sun, 24 Sep 2017 14:59:44 INFO Get char: 𬘓
Sun, 24 Sep 2017 14:59:45 INFO Get char: 𬘘
Sun, 24 Sep 2017 14:59:46 INFO Get char: 𬘡
Sun, 24 Sep 2017 14:59:46 INFO Get char: 𬘩
Sun, 24 Sep 2017 14:59:48 INFO Get char: 𬘫
Sun, 24 Sep 2017 14:59:49 INFO Get char: 𬘬
Sun, 24 Sep 2017 14:59:49 INFO Get char: 𬘭
Sun, 24 Sep 2017 14:59:50 INFO Get char: 𬘯
Sun, 24 Sep 2017 14:59:51 INFO Get char: 𬙂
Sun, 24 Sep 2017 14:59:51 INFO Get char: 𬙊
Sun, 24 Sep 2017 14:59:52 INFO Get char: 𬙋
Sun, 24 Sep 2017 14:59:54 INFO Get char: 𬜬
Sun, 24 Sep 2017 14:59:57 INFO Get char: 𬜯
Sun, 24 Sep 2017 14:59:59 INFO Get char: 𬞟
Sun, 24 Sep 2017 15:00:02 INFO Get char: 𬟁
Sun, 24 Sep 2017 15:00:02 INFO Get char: 𬟽
Sun, 24 Sep 2017 15:00:03 INFO Get char: 𬣙
Sun, 24 Sep 2017 15:00:04 INFO Get char: 𬣞
Sun, 24 Sep 2017 15:00:05 INFO Get char: 𬣡
Sun, 24 Sep 2017 15:00:06 INFO Get char: 𬣳
Sun, 24 Sep 2017 15:00:06 INFO Get char: 𬤇
Sun, 24 Sep 2017 15:00:07 INFO Get char: 𬤊
Sun, 24 Sep 2017 15:00:07 INFO Get char: 𬤝
Sun, 24 Sep 2017 15:00:08 INFO Get char: 𬨂
Sun, 24 Sep 2017 15:00:09 INFO Get char: 𬨎
Sun, 24 Sep 2017 15:00:10 INFO Get char: 𬩽
Sun, 24 Sep 2017 15:00:11 INFO Get char: 𬪩
Sun, 24 Sep 2017 15:00:12 INFO Get char: 𬬩
Sun, 24 Sep 2017 15:00:12 INFO Get char: 𬬭
Sun, 24 Sep 2017 15:00:13 INFO Get char: 𬬮
Sun, 24 Sep 2017 15:00:14 INFO Get char: 𬬱
Sun, 24 Sep 2017 15:00:14 INFO Get char: 𬬸
Sun, 24 Sep 2017 15:00:15 INFO Get char: 𬬹
Sun, 24 Sep 2017 15:00:16 INFO Get char: 𬬻
Sun, 24 Sep 2017 15:00:17 INFO Get char: 𬬿
Sun, 24 Sep 2017 15:00:17 INFO Get char: 𬭁
Sun, 24 Sep 2017 15:00:18 INFO Get char: 𬭊
Sun, 24 Sep 2017 15:00:19 INFO Get char: 𬭎
Sun, 24 Sep 2017 15:00:20 INFO Get char: 𬭚
Sun, 24 Sep 2017 15:00:21 INFO Get char: 𬭛
Sun, 24 Sep 2017 15:00:21 INFO Get char: 𬭤
Sun, 24 Sep 2017 15:00:22 INFO Get char: 𬭩
Sun, 24 Sep 2017 15:00:23 INFO Get char: 𬭬
Sun, 24 Sep 2017 15:00:23 INFO Get char: 𬭯
Sun, 24 Sep 2017 15:00:24 INFO Get char: 𬭳
Sun, 24 Sep 2017 15:00:25 INFO Get char: 𬭶
Sun, 24 Sep 2017 15:00:26 INFO Get char: 𬭸
Sun, 24 Sep 2017 15:00:27 INFO Get char: 𬭼
Sun, 24 Sep 2017 15:00:28 INFO Get char: 𬮱
Sun, 24 Sep 2017 15:00:28 INFO Get char: 𬮿
Sun, 24 Sep 2017 15:00:29 INFO Get char: 𬯀
Sun, 24 Sep 2017 15:00:30 INFO Get char: 𬯎
Sun, 24 Sep 2017 15:00:31 INFO Get char: 𬱖
Sun, 24 Sep 2017 15:00:31 INFO Get char: 𬱟
Sun, 24 Sep 2017 15:00:33 INFO Get char: 𬳵
Sun, 24 Sep 2017 15:00:34 INFO Get char: 𬳶
Sun, 24 Sep 2017 15:00:35 INFO Get char: 𬳽
Sun, 24 Sep 2017 15:00:36 INFO Get char: 𬳿
Sun, 24 Sep 2017 15:00:36 INFO Get char: 𬴂
Sun, 24 Sep 2017 15:00:37 INFO Get char: 𬴃
Sun, 24 Sep 2017 15:00:38 INFO Get char: 𬴊
Sun, 24 Sep 2017 15:00:39 INFO Get char: 𬶋
Sun, 24 Sep 2017 15:00:40 INFO Get char: 𬶍
Sun, 24 Sep 2017 15:00:41 INFO Get char: 𬶏
Sun, 24 Sep 2017 15:00:41 INFO Get char: 𬶐
Sun, 24 Sep 2017 15:00:42 INFO Get char: 𬶟
Sun, 24 Sep 2017 15:00:43 INFO Get char: 𬶠
Sun, 24 Sep 2017 15:00:43 INFO Get char: 𬶨
Sun, 24 Sep 2017 15:00:44 INFO Get char: 𬶭
Sun, 24 Sep 2017 15:00:45 INFO Get char: 𬶮
Sun, 24 Sep 2017 15:00:46 INFO Get char: 𬷕
Sun, 24 Sep 2017 15:00:46 INFO Get char: 𬸘
Sun, 24 Sep 2017 15:00:47 INFO Get char: 𬸚
Sun, 24 Sep 2017 15:00:48 INFO Get char: 𬸣
Sun, 24 Sep 2017 15:00:48 INFO Get char: 𬸦
Sun, 24 Sep 2017 15:00:49 INFO Get char: 𬸪
Sun, 24 Sep 2017 15:00:49 INFO Get char: 𬹼
Sun, 24 Sep 2017 15:00:50 INFO Get char: 𬺈
Sun, 24 Sep 2017 15:00:51 INFO Get char: 𬺓
