Sun, 24 Sep 2017 23:09:34 INFO Personal uid: 1431559607, name: 静伴青岳
Sun, 24 Sep 2017 23:09:35 INFO -- Personal pageId: 1005051431559607
Sun, 24 Sep 2017 23:09:35 INFO ---- Get Personal Info
Sun, 24 Sep 2017 23:09:36 INFO ---- Get Personal Fans
Sun, 24 Sep 2017 23:09:36 INFO ------ Personal Fans Page: 1
Sun, 24 Sep 2017 23:09:37 INFO ------ Personal Fans Page: 2
Sun, 24 Sep 2017 23:09:38 INFO ------ Personal Fans Page: 3
Sun, 24 Sep 2017 23:09:39 INFO ------ Personal Fans Page: 4
Sun, 24 Sep 2017 23:09:40 INFO ------ Personal Fans Page: 5
Sun, 24 Sep 2017 23:09:40 INFO ------ Personal Fans Page: 6
Sun, 24 Sep 2017 23:09:41 INFO ------ Personal Fans Page: 7
Sun, 24 Sep 2017 23:09:42 INFO ------ Personal Fans Page: 8
Sun, 24 Sep 2017 23:09:43 INFO ------ Personal Fans Page: 9
Sun, 24 Sep 2017 23:09:44 INFO ------ Personal Fans Page: 10
Sun, 24 Sep 2017 23:09:45 INFO ------ Personal Fans Page: 11
Sun, 24 Sep 2017 23:09:46 INFO ------ Personal Fans Page: 12
Sun, 24 Sep 2017 23:09:47 INFO ------ Personal Fans Page: 13
Sun, 24 Sep 2017 23:09:47 INFO ------ Personal Fans Page: 14
Sun, 24 Sep 2017 23:09:48 INFO ------ Personal Fans Page: 15
Sun, 24 Sep 2017 23:09:49 INFO ------ Personal Fans Page: 16
Sun, 24 Sep 2017 23:09:50 INFO ------ Personal Fans Page: 17
Sun, 24 Sep 2017 23:09:52 INFO ------ Personal Fans Page: 18
Sun, 24 Sep 2017 23:09:53 INFO ------ Personal Fans Page: 19
Sun, 24 Sep 2017 23:09:54 INFO ------ Personal Fans Page: 20
Sun, 24 Sep 2017 23:09:55 INFO ------ Personal Fans Page: 21
Sun, 24 Sep 2017 23:09:56 INFO ------ Personal Fans Page: 22
Sun, 24 Sep 2017 23:09:57 INFO ------ Personal Fans Page: 23
Sun, 24 Sep 2017 23:09:58 INFO ------ Personal Fans Page: 24
Sun, 24 Sep 2017 23:09:59 INFO ------ Personal Fans Page: 25
Sun, 24 Sep 2017 23:10:00 INFO ------ Personal Fans Page: 26
Sun, 24 Sep 2017 23:10:01 INFO ------ Personal Fans Page: 27
Sun, 24 Sep 2017 23:10:01 INFO ------ Personal Fans Page: 28
Sun, 24 Sep 2017 23:10:03 INFO ------ Personal Fans Page: 29
Sun, 24 Sep 2017 23:10:05 INFO ------ Personal Fans Page: 30
Sun, 24 Sep 2017 23:10:05 INFO ------ Personal Fans Page: 31
Sun, 24 Sep 2017 23:10:06 INFO ------ Personal Fans Page: 32
Sun, 24 Sep 2017 23:10:07 INFO ------ Personal Fans Page: 33
Sun, 24 Sep 2017 23:10:09 INFO Personal uid: 1432312961, name: 别逗了妞妞---
Sun, 24 Sep 2017 23:10:11 INFO -- Personal pageId: 1005051432312961
Sun, 24 Sep 2017 23:10:11 INFO ---- Get Personal Info
Sun, 24 Sep 2017 23:10:12 INFO ---- Get Personal Fans
Sun, 24 Sep 2017 23:10:12 INFO ------ Personal Fans Page: 1
Sun, 24 Sep 2017 23:10:13 INFO ------ Personal Fans Page: 2
Sun, 24 Sep 2017 23:10:14 INFO ------ Personal Fans Page: 3
Sun, 24 Sep 2017 23:10:15 INFO ------ Personal Fans Page: 4
Sun, 24 Sep 2017 23:10:16 INFO ------ Personal Fans Page: 5
Sun, 24 Sep 2017 23:10:17 INFO ------ Personal Fans Page: 6
Sun, 24 Sep 2017 23:10:18 INFO ------ Personal Fans Page: 7
Sun, 24 Sep 2017 23:10:19 INFO ------ Personal Fans Page: 8
Sun, 24 Sep 2017 23:10:19 INFO Personal uid: 1433449032, name: CaroleClimb
Sun, 24 Sep 2017 23:10:20 INFO -- Personal pageId: 1005051433449032
Sun, 24 Sep 2017 23:10:20 INFO ---- Get Personal Info
Sun, 24 Sep 2017 23:10:21 INFO ---- Get Personal Fans
Sun, 24 Sep 2017 23:10:21 INFO ------ Personal Fans Page: 1
Sun, 24 Sep 2017 23:10:23 INFO ------ Personal Fans Page: 2
Sun, 24 Sep 2017 23:10:23 INFO ------ Personal Fans Page: 3
Sun, 24 Sep 2017 23:10:24 INFO ------ Personal Fans Page: 4
Sun, 24 Sep 2017 23:10:25 INFO ------ Personal Fans Page: 5
Sun, 24 Sep 2017 23:10:26 INFO ------ Personal Fans Page: 6
Sun, 24 Sep 2017 23:10:27 INFO ------ Personal Fans Page: 7
Sun, 24 Sep 2017 23:10:27 INFO ------ Personal Fans Page: 8
Sun, 24 Sep 2017 23:10:28 INFO ------ Personal Fans Page: 9
Sun, 24 Sep 2017 23:10:29 INFO ------ Personal Fans Page: 10
Sun, 24 Sep 2017 23:10:31 INFO ------ Personal Fans Page: 11
Sun, 24 Sep 2017 23:10:32 INFO ------ Personal Fans Page: 12
Sun, 24 Sep 2017 23:10:33 INFO ------ Personal Fans Page: 13
Sun, 24 Sep 2017 23:10:34 INFO ------ Personal Fans Page: 14
Sun, 24 Sep 2017 23:10:35 INFO ------ Personal Fans Page: 15
Sun, 24 Sep 2017 23:10:36 INFO ------ Personal Fans Page: 16
Sun, 24 Sep 2017 23:10:37 INFO ------ Personal Fans Page: 17
Sun, 24 Sep 2017 23:10:39 INFO ------ Personal Fans Page: 18
Sun, 24 Sep 2017 23:10:40 INFO ------ Personal Fans Page: 19
Sun, 24 Sep 2017 23:10:41 INFO ------ Personal Fans Page: 20
Sun, 24 Sep 2017 23:10:42 INFO ------ Personal Fans Page: 21
Sun, 24 Sep 2017 23:10:44 INFO ------ Personal Fans Page: 22
Sun, 24 Sep 2017 23:10:45 INFO ------ Personal Fans Page: 23
Sun, 24 Sep 2017 23:10:46 INFO ------ Personal Fans Page: 24
Sun, 24 Sep 2017 23:10:46 INFO ------ Personal Fans Page: 25
Sun, 24 Sep 2017 23:10:47 INFO Personal uid: 1434593841, name: 宁静那兰
Sun, 24 Sep 2017 23:10:49 INFO -- Personal pageId: 1005051434593841
Sun, 24 Sep 2017 23:10:49 INFO ---- Get Personal Info
Sun, 24 Sep 2017 23:10:50 INFO ---- Get Personal Fans
Sun, 24 Sep 2017 23:10:50 INFO ------ Personal Fans Page: 1
Sun, 24 Sep 2017 23:10:52 INFO ------ Personal Fans Page: 2
