Sun, 24 Sep 2017 17:01:30 INFO Get Page: 1
Sun, 24 Sep 2017 17:01:31 INFO -- username: 一汪雨田, id: 6374570981
Sun, 24 Sep 2017 17:01:31 INFO -- username: 铂金巧克力, id: 1816711264
Sun, 24 Sep 2017 17:01:31 INFO -- username: AllenW34, id: 2717099351
Sun, 24 Sep 2017 17:01:31 INFO -- username: 小4Girl, id: 1880398292
Sun, 24 Sep 2017 17:01:31 INFO -- username: 陈Chan__, id: 1913728201
Sun, 24 Sep 2017 17:01:31 INFO -- username: 无爱病者, id: 3863248798
Sun, 24 Sep 2017 17:01:31 INFO -- username: 朶圈圈, id: 1857181831
Sun, 24 Sep 2017 17:01:31 INFO -- username: 夏天到了77973, id: 5485917668
Sun, 24 Sep 2017 17:01:31 INFO -- username: MrYeo, id: 3658947311
Sun, 24 Sep 2017 17:01:31 INFO -- username: erchao1985, id: 2160920612
Sun, 24 Sep 2017 17:01:31 INFO -- username: ______左, id: 2748653547
Sun, 24 Sep 2017 17:01:31 INFO -- username: go丫娃娃, id: 2154227112
Sun, 24 Sep 2017 17:01:31 INFO -- username: -Noe-, id: 1634371994
Sun, 24 Sep 2017 17:01:31 INFO -- username: 摄影师森德, id: 3880521819
Sun, 24 Sep 2017 17:01:31 INFO -- username: reverie_程童鞋, id: 2259104487
Sun, 24 Sep 2017 17:01:31 INFO -- username: 喔明天更好, id: 2630393303
Sun, 24 Sep 2017 17:01:31 INFO -- username: 大影海外购, id: 2759118927
Sun, 24 Sep 2017 17:01:31 INFO -- username: Enjoy_JuDy, id: 1735508405
Sun, 24 Sep 2017 17:01:31 INFO -- username: 小清新mamie, id: 2682253262
Sun, 24 Sep 2017 17:01:31 INFO -- username: Oo大头菟0O, id: 2626359433
Sun, 24 Sep 2017 17:01:31 INFO Get Page: 2
Sun, 24 Sep 2017 17:01:31 INFO -- username: 阿三小卷卷, id: 1784856103
Sun, 24 Sep 2017 17:01:31 INFO -- username: 大妖小怪妈, id: 6326602853
Sun, 24 Sep 2017 17:01:31 INFO -- username: 飘香的夏梦, id: 5768135082
Sun, 24 Sep 2017 17:01:31 INFO -- username: 无伴奏22, id: 2719387961
Sun, 24 Sep 2017 17:01:31 INFO -- username: 他们叫我陈先生200, id: 6053314477
Sun, 24 Sep 2017 17:01:31 INFO -- username: 超级可爱的伊, id: 2659162033
Sun, 24 Sep 2017 17:01:31 INFO -- username: 葉詠Varanese, id: 1744870463
Sun, 24 Sep 2017 17:01:31 INFO -- username: 手机用户2005224075_161, id: 2005224075
Sun, 24 Sep 2017 17:01:31 INFO -- username: 我是小小吴先生, id: 2535447561
Sun, 24 Sep 2017 17:01:31 INFO -- username: 阿U-i, id: 5671419868
Sun, 24 Sep 2017 17:01:31 INFO -- username: 加菲猫之荒岛重生, id: 3046243015
Sun, 24 Sep 2017 17:01:31 INFO -- username: QianQian82, id: 5762410023
Sun, 24 Sep 2017 17:01:31 INFO -- username: 紫馨蕙蓝, id: 5614277008
Sun, 24 Sep 2017 17:01:31 INFO -- username: 要做日向彻_, id: 2681983864
Sun, 24 Sep 2017 17:01:31 INFO -- username: 左手小金牙, id: 1770112717
Sun, 24 Sep 2017 17:01:31 INFO -- username: 你们太乱了, id: 3040369444
Sun, 24 Sep 2017 17:01:31 INFO -- username: 祛斑祛痘去黑头-女性健康, id: 6213769961
Sun, 24 Sep 2017 17:01:31 INFO -- username: 吾生wl, id: 5195731913
Sun, 24 Sep 2017 17:01:31 INFO -- username: 太乐201707, id: 6323777769
Sun, 24 Sep 2017 17:01:31 INFO -- username: 杰儿李, id: 5420713645
Sun, 24 Sep 2017 17:01:31 INFO Get Page: 3
Sun, 24 Sep 2017 17:01:33 INFO -- username: WGP25853, id: 5582122803
Sun, 24 Sep 2017 17:01:33 INFO -- username: 杨君君s, id: 5289796195
Sun, 24 Sep 2017 17:01:33 INFO -- username: 德州扑克联盟, id: 5634446530
Sun, 24 Sep 2017 17:01:33 INFO -- username: 芒果很甜长得酸, id: 5351754275
Sun, 24 Sep 2017 17:01:33 INFO -- username: 蔡彩菜-, id: 1956070054
Sun, 24 Sep 2017 17:01:33 INFO -- username: 黑眼圈归来, id: 5503102654
Sun, 24 Sep 2017 17:01:33 INFO -- username: 芁槑槑, id: 6089839894
Sun, 24 Sep 2017 17:01:33 INFO -- username: YANG杨紫妍, id: 5417688712
Sun, 24 Sep 2017 17:01:33 INFO -- username: 春鱼叶暖, id: 3051271563
Sun, 24 Sep 2017 17:01:33 INFO -- username: piuno大好菜刀眼and西园寺萌少爷, id: 1872840222
Sun, 24 Sep 2017 17:01:33 INFO -- username: 十指相握手心相对, id: 5394615799
Sun, 24 Sep 2017 17:01:33 INFO -- username: -小梨子--, id: 2514846287
Sun, 24 Sep 2017 17:01:33 INFO -- username: crazy恶僧, id: 2715976921
Sun, 24 Sep 2017 17:01:33 INFO -- username: 小米坊, id: 1418983042
Sun, 24 Sep 2017 17:01:33 INFO -- username: 3维o_O喇3, id: 1788437791
Sun, 24 Sep 2017 17:01:33 INFO -- username: 小安_海外仓储, id: 2139495863
Sun, 24 Sep 2017 17:01:33 INFO -- username: sweetheart丶梦, id: 6299528002
Sun, 24 Sep 2017 17:01:33 INFO -- username: 玛拉糕的, id: 5395023671
Sun, 24 Sep 2017 17:01:33 INFO -- username: AnQi王安琪, id: 1757477043
Sun, 24 Sep 2017 17:01:33 INFO -- username: faa_chan, id: 1744928267
Sun, 24 Sep 2017 17:01:33 INFO Get Page: 4
Sun, 24 Sep 2017 17:01:33 INFO -- username: 用户6100462854, id: 6100462854
Sun, 24 Sep 2017 17:01:33 INFO -- username: 邝小榕, id: 2566549852
Sun, 24 Sep 2017 17:01:33 INFO -- username: 陈慕亦恩, id: 6334199023
Sun, 24 Sep 2017 17:01:33 INFO -- username: candy_mak, id: 1728214585
Sun, 24 Sep 2017 17:01:33 INFO -- username: 逆暖6058251315, id: 6058251315
Sun, 24 Sep 2017 17:01:33 INFO -- username: a348803732, id: 1927897693
Sun, 24 Sep 2017 17:01:33 INFO -- username: MOT茉特执行总代, id: 2833763942
Sun, 24 Sep 2017 17:01:33 INFO -- username: Amyolo薇, id: 5306814073
Sun, 24 Sep 2017 17:01:33 INFO -- username: Mic_keyZhou, id: 2621310203
Sun, 24 Sep 2017 17:01:33 INFO -- username: 无缘无故1002, id: 1846745157
Sun, 24 Sep 2017 17:01:33 INFO -- username: 黄宇凤的微博, id: 2627200461
Sun, 24 Sep 2017 17:01:33 INFO -- username: 李同学ME, id: 1889375255
Sun, 24 Sep 2017 17:01:33 INFO -- username: 几何的, id: 5150671383
Sun, 24 Sep 2017 17:01:33 INFO -- username: 桃山水泊, id: 1151735113
Sun, 24 Sep 2017 17:01:33 INFO -- username: 用户6078011598, id: 6078011598
Sun, 24 Sep 2017 17:01:33 INFO -- username: 团小沅, id: 5394114230
Sun, 24 Sep 2017 17:01:33 INFO -- username: 头顶小草, id: 2289088942
Sun, 24 Sep 2017 17:01:33 INFO -- username: Yasuka_ZZ, id: 1889808625
Sun, 24 Sep 2017 17:01:33 INFO -- username: 小二来一块上好的五花肉, id: 6284225803
Sun, 24 Sep 2017 17:01:33 INFO -- username: SHEN111112, id: 2731664415
Sun, 24 Sep 2017 17:01:33 INFO Get Page: 5
Sun, 24 Sep 2017 17:01:34 INFO -- username: suny高端有机护肤馆, id: 2506483081
Sun, 24 Sep 2017 17:01:34 INFO -- username: Aimee熊宝宝, id: 2546515740
Sun, 24 Sep 2017 17:01:34 INFO -- username: 1472夏, id: 5933200004
Sun, 24 Sep 2017 17:01:34 INFO -- username: 小让室内设计, id: 5692550186
Sun, 24 Sep 2017 17:01:34 INFO -- username: 丫丫10019, id: 6372043336
Sun, 24 Sep 2017 17:01:34 INFO -- username: 嘎嘎5937814299, id: 5937814299
Sun, 24 Sep 2017 17:01:34 INFO -- username: 田恬Abby, id: 5633195973
Sun, 24 Sep 2017 17:01:34 INFO -- username: 欧也-, id: 2675534781
Sun, 24 Sep 2017 17:01:34 INFO -- username: 飞驰方遒, id: 6155790791
Sun, 24 Sep 2017 17:01:34 INFO -- username: 萨瓦尔斯, id: 2809865057
Sun, 24 Sep 2017 17:01:34 INFO -- username: Dee_dgh_nine, id: 2618512777
Sun, 24 Sep 2017 17:01:34 INFO -- username: 木子丁, id: 1760936745
Sun, 24 Sep 2017 17:01:34 INFO -- username: 王小凤2823062753, id: 2823062753
Sun, 24 Sep 2017 17:01:34 INFO -- username: 犀牛群岛, id: 5355879534
Sun, 24 Sep 2017 17:01:34 INFO -- username: oh---潘---么, id: 2845215150
Sun, 24 Sep 2017 17:01:34 INFO -- username: XXXXyiwen, id: 5824397452
Sun, 24 Sep 2017 17:01:34 INFO -- username: 伴我玖516, id: 6345091238
Sun, 24 Sep 2017 17:01:34 INFO -- username: 路人z的名单, id: 6257996523
Sun, 24 Sep 2017 17:01:34 INFO -- username: 懒惰的猫咪20609, id: 6293972718
Sun, 24 Sep 2017 17:01:34 INFO -- username: 青08079, id: 2141894650
Sun, 24 Sep 2017 17:01:34 INFO Get Page: 6
Sun, 24 Sep 2017 17:01:35 INFO -- username: _陳小氣, id: 1868227622
Sun, 24 Sep 2017 17:01:35 INFO -- username: 彩色咖啡2012, id: 2033207105
Sun, 24 Sep 2017 17:01:35 INFO -- username: 啦啦啦啦啦啦落雨大, id: 2512964280
Sun, 24 Sep 2017 17:01:35 INFO -- username: 用户6373367310, id: 6373367310
Sun, 24 Sep 2017 17:01:35 INFO -- username: 柠檬麻麻tantanica, id: 2180115662
Sun, 24 Sep 2017 17:01:35 INFO -- username: 西京Gao, id: 5735276347
Sun, 24 Sep 2017 17:01:35 INFO -- username: 2017蒲公英的种子, id: 5994455616
Sun, 24 Sep 2017 17:01:35 INFO -- username: 77小姐和她的先生, id: 5389872821
Sun, 24 Sep 2017 17:01:35 INFO -- username: s浅水菇凉柠檬泪i, id: 5354258341
Sun, 24 Sep 2017 17:01:35 INFO -- username: 唰唰你今天加班了吗, id: 1968358293
Sun, 24 Sep 2017 17:01:35 INFO -- username: Doigt文文, id: 3210917823
Sun, 24 Sep 2017 17:01:35 INFO -- username: 徕鑫传媒, id: 5328431945
Sun, 24 Sep 2017 17:01:35 INFO -- username: 古韵留香lll, id: 2085811983
Sun, 24 Sep 2017 17:01:35 INFO -- username: 千金是吃货, id: 2920653545
Sun, 24 Sep 2017 17:01:35 INFO -- username: Ccoquettishell, id: 3699570497
Sun, 24 Sep 2017 17:01:35 INFO -- username: Anne木易娟儿, id: 2692738191
Sun, 24 Sep 2017 17:01:35 INFO -- username: 黑暗料理鸡汤婊, id: 1817813385
Sun, 24 Sep 2017 17:01:35 INFO -- username: ni待到山花烂漫时, id: 5835813340
Sun, 24 Sep 2017 17:01:35 INFO -- username: 小鬼哇哇哇, id: 6148142999
Sun, 24 Sep 2017 17:01:35 INFO -- username: 果子姚姚妈, id: 3213771595
Sun, 24 Sep 2017 17:01:35 INFO Get Page: 7
Sun, 24 Sep 2017 17:01:36 INFO -- username: 愚人3399, id: 5836247546
Sun, 24 Sep 2017 17:01:36 INFO -- username: aliceyccc, id: 5450163017
Sun, 24 Sep 2017 17:01:36 INFO -- username: 干杯颜颜-1994, id: 6186237284
Sun, 24 Sep 2017 17:01:36 INFO -- username: 喝醉了迩背我, id: 2117089995
Sun, 24 Sep 2017 17:01:36 INFO -- username: 黑铁时代的绿毛水怪, id: 1756734277
Sun, 24 Sep 2017 17:01:36 INFO -- username: A妍妍_1688, id: 6083778926
Sun, 24 Sep 2017 17:01:36 INFO -- username: 手机用户3241593332, id: 3241593332
Sun, 24 Sep 2017 17:01:36 INFO -- username: 31号同学mmz, id: 5949669384
Sun, 24 Sep 2017 17:01:36 INFO -- username: 席LOL, id: 6368342255
Sun, 24 Sep 2017 17:01:36 INFO -- username: 大王月月, id: 3275032082
Sun, 24 Sep 2017 17:01:36 INFO -- username: 大手咩咩, id: 5706470224
Sun, 24 Sep 2017 17:01:36 INFO -- username: 用户6070157079, id: 6070157079
Sun, 24 Sep 2017 17:01:36 INFO -- username: maodun_123, id: 1840908585
Sun, 24 Sep 2017 17:01:36 INFO -- username: 遗失的茜宝, id: 2851905292
Sun, 24 Sep 2017 17:01:36 INFO -- username: 玄o一, id: 6231828129
Sun, 24 Sep 2017 17:01:36 INFO -- username: 南瓜马车车车, id: 2994654522
Sun, 24 Sep 2017 17:01:36 INFO -- username: 熊宝妈咪的宝屋, id: 6357655278
Sun, 24 Sep 2017 17:01:36 INFO -- username: Xia夏茭白, id: 5832298489
Sun, 24 Sep 2017 17:01:36 INFO -- username: 萌妹纸吕红华, id: 6369478451
Sun, 24 Sep 2017 17:01:36 INFO -- username: HeIianthus, id: 5746424041
Sun, 24 Sep 2017 17:01:36 INFO Get Page: 8
Sun, 24 Sep 2017 17:01:37 INFO -- username: Meng1728, id: 1818744904
Sun, 24 Sep 2017 17:01:37 INFO -- username: 静坐1993, id: 2519386124
Sun, 24 Sep 2017 17:01:37 INFO -- username: 胖猪猪鸡排联盟, id: 5652450379
Sun, 24 Sep 2017 17:01:37 INFO -- username: 啊哈可爱多51020, id: 6251614483
Sun, 24 Sep 2017 17:01:37 INFO -- username: 007Cccc, id: 5386500509
Sun, 24 Sep 2017 17:01:37 INFO -- username: 依瑾花开uy, id: 2731767040
Sun, 24 Sep 2017 17:01:37 INFO -- username: 呆逗逗小丸子, id: 3905158465
Sun, 24 Sep 2017 17:01:37 INFO -- username: 小张张张爱生活, id: 6310205937
Sun, 24 Sep 2017 17:01:37 INFO -- username: 逍遥宫主爱凡凡, id: 3493157013
Sun, 24 Sep 2017 17:01:37 INFO -- username: 英飞43244, id: 5446886280
Sun, 24 Sep 2017 17:01:37 INFO -- username: 姜志娟sally, id: 3137453391
Sun, 24 Sep 2017 17:01:37 INFO -- username: 1nwonderland, id: 2010955235
Sun, 24 Sep 2017 17:01:37 INFO -- username: 杰西卡sama, id: 5738524942
Sun, 24 Sep 2017 17:01:37 INFO -- username: 再清澈的水也抵不住洗, id: 5878972490
Sun, 24 Sep 2017 17:01:37 INFO -- username: YOMILLY悦美励女神范胸器, id: 2315453222
Sun, 24 Sep 2017 17:01:37 INFO -- username: Minyu105, id: 2029618803
Sun, 24 Sep 2017 17:01:37 INFO -- username: 彺焕鵬Hp-King, id: 1803890884
Sun, 24 Sep 2017 17:01:37 INFO -- username: Q_QMomo, id: 5310634799
Sun, 24 Sep 2017 17:01:37 INFO -- username: 用户83va9mcnmw, id: 2218283583
Sun, 24 Sep 2017 17:01:37 INFO -- username: 巫山神女杯艺术电影周, id: 5836527497
Sun, 24 Sep 2017 17:01:37 INFO Get Page: 9
Sun, 24 Sep 2017 17:01:38 INFO -- username: 清晰柠檬霞霞, id: 5653678039
Sun, 24 Sep 2017 17:01:38 INFO -- username: ZhaoYFen, id: 5501016748
Sun, 24 Sep 2017 17:01:38 INFO -- username: 芄子菌, id: 2154494373
Sun, 24 Sep 2017 17:01:38 INFO -- username: 斑马教育-王永乐, id: 1561701355
Sun, 24 Sep 2017 17:01:38 INFO -- username: 唐三啊啊啊, id: 5770895213
Sun, 24 Sep 2017 17:01:38 INFO -- username: 用户6369010282, id: 6369010282
Sun, 24 Sep 2017 17:01:38 INFO -- username: 萌娃-妍姐, id: 2150717447
Sun, 24 Sep 2017 17:01:38 INFO -- username: 油炸小鱼小虾, id: 6014994255
Sun, 24 Sep 2017 17:01:38 INFO -- username: 用户5397111488, id: 5397111488
Sun, 24 Sep 2017 17:01:38 INFO -- username: Victoeia晶晶, id: 5208293136
Sun, 24 Sep 2017 17:01:38 INFO -- username: 秧秧02, id: 3937507220
Sun, 24 Sep 2017 17:01:38 INFO -- username: 三王三马1314, id: 6372981708
Sun, 24 Sep 2017 17:01:38 INFO -- username: 用户6336300520, id: 6336300520
Sun, 24 Sep 2017 17:01:38 INFO -- username: 白雪儿Cheryl, id: 6255648227
Sun, 24 Sep 2017 17:01:38 INFO -- username: A427A, id: 5582682768
Sun, 24 Sep 2017 17:01:38 INFO -- username: 用户6372948166, id: 6372948166
Sun, 24 Sep 2017 17:01:38 INFO -- username: 花果山的核桃, id: 3150651877
Sun, 24 Sep 2017 17:01:38 INFO -- username: 肖丽GD, id: 5872579309
Sun, 24 Sep 2017 17:01:38 INFO -- username: 用户6025016123, id: 6025016123
Sun, 24 Sep 2017 17:01:38 INFO -- username: AT嫣嫣护肤, id: 5617921039
Sun, 24 Sep 2017 17:01:38 INFO Get Page: 10
Sun, 24 Sep 2017 17:01:39 INFO -- username: 淼淼永远是正版, id: 5886405045
Sun, 24 Sep 2017 17:01:39 INFO -- username: 迷迭佐岸, id: 5017976378
Sun, 24 Sep 2017 17:01:39 INFO -- username: wolf_瞻翔, id: 2733034210
Sun, 24 Sep 2017 17:01:39 INFO -- username: 我是杨小肉yst, id: 6091302441
Sun, 24 Sep 2017 17:01:39 INFO -- username: 用户6185015879, id: 6185015879
Sun, 24 Sep 2017 17:01:39 INFO -- username: 仰望星空IL99, id: 1208405861
Sun, 24 Sep 2017 17:01:39 INFO -- username: 那个蓝鲸, id: 5320899821
Sun, 24 Sep 2017 17:01:39 INFO -- username: lavender丶琪, id: 2961469094
Sun, 24 Sep 2017 17:01:39 INFO -- username: Freedom大爷, id: 3665035130
Sun, 24 Sep 2017 17:01:39 INFO -- username: Soul-江, id: 6152127792
Sun, 24 Sep 2017 17:01:39 INFO -- username: 积极向上的LaLa, id: 2706885250
Sun, 24 Sep 2017 17:01:39 INFO -- username: 嘟嘟-布丁可乐, id: 3262389971
Sun, 24 Sep 2017 17:01:39 INFO -- username: Mize小公主, id: 6089609481
Sun, 24 Sep 2017 17:01:39 INFO -- username: 小迷糊蛋--牛牛, id: 2462216825
Sun, 24 Sep 2017 17:01:39 INFO -- username: 古墓派Da仙儿, id: 2037428651
Sun, 24 Sep 2017 17:01:39 INFO -- username: Garden阿逗, id: 1916762291
Sun, 24 Sep 2017 17:01:39 INFO -- username: 存活在土澳的小吃货, id: 2384882024
Sun, 24 Sep 2017 17:01:39 INFO -- username: statice-, id: 2594916725
Sun, 24 Sep 2017 17:01:39 INFO -- username: MR_尐黑黑, id: 2539976261
Sun, 24 Sep 2017 17:01:39 INFO -- username: 享受电影和音乐的宅男, id: 1401506380
Sun, 24 Sep 2017 17:01:39 INFO Get Page: 11
Sun, 24 Sep 2017 17:01:40 INFO -- username: 相舆科技, id: 5638863044
Sun, 24 Sep 2017 17:01:40 INFO -- username: JJreality, id: 1774311654
Sun, 24 Sep 2017 17:01:40 INFO -- username: 学习只有学习, id: 6368146797
Sun, 24 Sep 2017 17:01:40 INFO -- username: 赵二宝的麻麻, id: 3935077052
Sun, 24 Sep 2017 17:01:40 INFO -- username: 琴笙歌笙乐笙笙, id: 2565940722
Sun, 24 Sep 2017 17:01:40 INFO -- username: 大石爱屁股, id: 5522031785
Sun, 24 Sep 2017 17:01:40 INFO -- username: Myra魏晓乐, id: 1679579535
Sun, 24 Sep 2017 17:01:40 INFO -- username: 汤玉珊-Evita, id: 2830276472
Sun, 24 Sep 2017 17:01:40 INFO -- username: x-ms-x, id: 3814614833
Sun, 24 Sep 2017 17:01:40 INFO -- username: 项记, id: 1748176667
Sun, 24 Sep 2017 17:01:40 INFO -- username: Miss_焕, id: 2658991937
Sun, 24 Sep 2017 17:01:40 INFO -- username: 隽隽201707, id: 6300697797
Sun, 24 Sep 2017 17:01:40 INFO -- username: 你说着LQ, id: 5170506850
Sun, 24 Sep 2017 17:01:40 INFO -- username: 用户5635098920, id: 5635098920
Sun, 24 Sep 2017 17:01:40 INFO -- username: linsa要健康, id: 2386548597
Sun, 24 Sep 2017 17:01:40 INFO -- username: 唉哟啊哟哎哟, id: 5753788015
Sun, 24 Sep 2017 17:01:40 INFO -- username: Kennyjie888, id: 3346887934
Sun, 24 Sep 2017 17:01:40 INFO -- username: 当时我不在案发现场, id: 1363458463
Sun, 24 Sep 2017 17:01:40 INFO -- username: 小金鱼小公举, id: 1784804592
Sun, 24 Sep 2017 17:01:40 INFO -- username: 低调后嚣张, id: 2129327353
Sun, 24 Sep 2017 17:01:40 INFO Get Page: 12
Sun, 24 Sep 2017 17:01:41 INFO -- username: 用户6001770559, id: 6001770559
Sun, 24 Sep 2017 17:01:41 INFO -- username: 颜小旭desind, id: 5494455824
Sun, 24 Sep 2017 17:01:41 INFO -- username: 饼子嗷的一声就炸了, id: 1834339057
Sun, 24 Sep 2017 17:01:41 INFO -- username: 付霜年, id: 5199709730
Sun, 24 Sep 2017 17:01:41 INFO -- username: 少林shine, id: 5766340311
Sun, 24 Sep 2017 17:01:41 INFO -- username: SophiaHF, id: 2632436451
Sun, 24 Sep 2017 17:01:41 INFO -- username: 夏青的微博818, id: 2129682971
Sun, 24 Sep 2017 17:01:41 INFO -- username: 珠珠小姐, id: 1739576372
Sun, 24 Sep 2017 17:01:41 INFO -- username: 手机用户1868721610, id: 1868721610
Sun, 24 Sep 2017 17:01:41 INFO -- username: nuan1977, id: 3866243923
Sun, 24 Sep 2017 17:01:41 INFO -- username: 雅雯Babyface, id: 3802229836
Sun, 24 Sep 2017 17:01:41 INFO -- username: H小洁妙龄少女, id: 6283158283
Sun, 24 Sep 2017 17:01:41 INFO -- username: DDR12138, id: 5445007742
Sun, 24 Sep 2017 17:01:41 INFO -- username: 没有昵称的微博名__-, id: 3425202532
Sun, 24 Sep 2017 17:01:41 INFO -- username: Sweetheart-An, id: 5656589374
Sun, 24 Sep 2017 17:01:41 INFO -- username: Baixiaoz郑小白, id: 1107546795
Sun, 24 Sep 2017 17:01:41 INFO -- username: 木阿木_, id: 1943570162
Sun, 24 Sep 2017 17:01:41 INFO -- username: 胖之前, id: 2199243733
Sun, 24 Sep 2017 17:01:41 INFO -- username: Jennyren2010, id: 1567156651
Sun, 24 Sep 2017 17:01:41 INFO -- username: 做自己的娜, id: 3463839962
Sun, 24 Sep 2017 17:01:41 INFO Get Page: 13
Sun, 24 Sep 2017 17:01:42 INFO -- username: 咖啡加点妍, id: 1883766114
Sun, 24 Sep 2017 17:01:42 INFO -- username: 用户6205842233, id: 6205842233
Sun, 24 Sep 2017 17:01:42 INFO -- username: Chmeg, id: 3880098969
Sun, 24 Sep 2017 17:01:42 INFO -- username: 橘子色调, id: 5501663426
Sun, 24 Sep 2017 17:01:42 INFO -- username: 白訂先生, id: 5684645120
Sun, 24 Sep 2017 17:01:42 INFO -- username: 用户6264239587, id: 6264239587
Sun, 24 Sep 2017 17:01:42 INFO -- username: 糖丫头儿, id: 5018793947
Sun, 24 Sep 2017 17:01:42 INFO -- username: BeginAgainr, id: 2611835294
Sun, 24 Sep 2017 17:01:42 INFO -- username: 想了很久也不知道起什么名字, id: 3196776493
Sun, 24 Sep 2017 17:01:42 INFO -- username: Minal-JKS, id: 1730463500
Sun, 24 Sep 2017 17:01:42 INFO -- username: 梦大小洁, id: 3925675812
Sun, 24 Sep 2017 17:01:42 INFO -- username: 如颕随行75217, id: 6238456908
Sun, 24 Sep 2017 17:01:42 INFO -- username: trally水灵灵, id: 6109894513
Sun, 24 Sep 2017 17:01:42 INFO -- username: midsunshine, id: 1858664380
Sun, 24 Sep 2017 17:01:42 INFO -- username: 喧闹_90758, id: 3288023832
Sun, 24 Sep 2017 17:01:42 INFO -- username: 顺和本草, id: 5931339398
Sun, 24 Sep 2017 17:01:42 INFO -- username: 彪哥他嘉卉, id: 1648549617
Sun, 24 Sep 2017 17:01:42 INFO -- username: 水瓶座的秦时明月, id: 5364291143
Sun, 24 Sep 2017 17:01:42 INFO -- username: 飞舞的黑发丝, id: 5394843424
Sun, 24 Sep 2017 17:01:42 INFO -- username: NaNa小金鱼, id: 5105526559
Sun, 24 Sep 2017 17:01:42 INFO Get Page: 14
Sun, 24 Sep 2017 17:01:43 INFO -- username: z1hangj2iaw3, id: 3199619687
Sun, 24 Sep 2017 17:01:43 INFO -- username: suny32253, id: 5106983830
Sun, 24 Sep 2017 17:01:43 INFO -- username: 爬格子的臭书生-azhen, id: 3362614872
Sun, 24 Sep 2017 17:01:43 INFO -- username: 茕灵小薇, id: 1044452873
Sun, 24 Sep 2017 17:01:43 INFO -- username: XXIAOWENYONG, id: 5792622457
Sun, 24 Sep 2017 17:01:43 INFO -- username: shashali小盆友, id: 2249769441
Sun, 24 Sep 2017 17:01:43 INFO -- username: 小甘哈哈, id: 5358179044
Sun, 24 Sep 2017 17:01:43 INFO -- username: 面条不是喵, id: 3380018812
Sun, 24 Sep 2017 17:01:43 INFO -- username: ffwei08, id: 2631008171
Sun, 24 Sep 2017 17:01:43 INFO -- username: 湘西同盟会, id: 1956801984
Sun, 24 Sep 2017 17:01:43 INFO -- username: 一只小坑坑, id: 1705996735
Sun, 24 Sep 2017 17:01:43 INFO -- username: 唐小杰, id: 1731556567
Sun, 24 Sep 2017 17:01:43 INFO -- username: isunny6517, id: 5661901484
Sun, 24 Sep 2017 17:01:43 INFO -- username: 敢不敢让我走运, id: 3286733534
Sun, 24 Sep 2017 17:01:43 INFO -- username: smile笑笑的围脖, id: 2804356262
Sun, 24 Sep 2017 17:01:43 INFO -- username: 用户6366819043, id: 6366819043
Sun, 24 Sep 2017 17:01:43 INFO -- username: 男孩IIIO, id: 5785050324
Sun, 24 Sep 2017 17:01:43 INFO -- username: 玉手可得, id: 2927687113
Sun, 24 Sep 2017 17:01:43 INFO -- username: 珂兰淮南南体验店-希希, id: 6074190405
Sun, 24 Sep 2017 17:01:43 INFO -- username: 童神Jori, id: 1295682497
Sun, 24 Sep 2017 17:01:43 INFO Get Page: 15
Sun, 24 Sep 2017 17:01:44 INFO -- username: 一朵朵美颜, id: 2717793211
Sun, 24 Sep 2017 17:01:44 INFO -- username: 大甜甜2015, id: 2276659213
Sun, 24 Sep 2017 17:01:44 INFO -- username: 鑫玺招商部总监丁静, id: 5487347072
Sun, 24 Sep 2017 17:01:44 INFO -- username: -诗婷i, id: 5234733994
Sun, 24 Sep 2017 17:01:44 INFO -- username: PRIApang, id: 2601890220
Sun, 24 Sep 2017 17:01:44 INFO -- username: 五2222是苏苏, id: 2520293545
Sun, 24 Sep 2017 17:01:44 INFO -- username: 刘尚林本人, id: 1095082674
Sun, 24 Sep 2017 17:01:44 INFO -- username: 晴耕雨读2014, id: 6097095424
Sun, 24 Sep 2017 17:01:44 INFO -- username: 黃黃黃仙女啊, id: 6290501635
Sun, 24 Sep 2017 17:01:44 INFO -- username: 名牌女装男装箱包饰品折扣店, id: 6296308552
Sun, 24 Sep 2017 17:01:44 INFO -- username: 快乐一族3479739325, id: 3479739325
Sun, 24 Sep 2017 17:01:44 INFO -- username: Shuangy_u, id: 1874635753
Sun, 24 Sep 2017 17:01:44 INFO -- username: 妮宝宝的小窝, id: 3222584634
Sun, 24 Sep 2017 17:01:44 INFO -- username: 夏儿穗, id: 1967030745
Sun, 24 Sep 2017 17:01:44 INFO -- username: 墙内的树櫴, id: 2694781742
Sun, 24 Sep 2017 17:01:44 INFO -- username: fhtyz, id: 3292786977
Sun, 24 Sep 2017 17:01:44 INFO -- username: 遛狗云端, id: 5514643509
Sun, 24 Sep 2017 17:01:44 INFO -- username: 一盘泓烧肉, id: 1623036787
Sun, 24 Sep 2017 17:01:44 INFO -- username: 农村太路也很深, id: 6160568326
Sun, 24 Sep 2017 17:01:44 INFO -- username: 向日葵妆后慧子, id: 3954360970
Sun, 24 Sep 2017 17:01:44 INFO Get Page: 16
Sun, 24 Sep 2017 17:01:45 INFO -- username: DUDanger, id: 5643366591
Sun, 24 Sep 2017 17:01:45 INFO -- username: 一只小黄公寓, id: 5994955947
Sun, 24 Sep 2017 17:01:45 INFO -- username: 橘子_Tang, id: 2843081834
Sun, 24 Sep 2017 17:01:45 INFO -- username: 格格不入的怪诞, id: 3234117980
Sun, 24 Sep 2017 17:01:45 INFO -- username: 越吃越瘦的小V, id: 1764693064
Sun, 24 Sep 2017 17:01:45 INFO -- username: KaNok_, id: 2620896905
Sun, 24 Sep 2017 17:01:45 INFO -- username: 用户6364531877, id: 6364531877
Sun, 24 Sep 2017 17:01:45 INFO -- username: -糖果也都吃完了, id: 2023598827
Sun, 24 Sep 2017 17:01:45 INFO -- username: 严竣琦Jimky, id: 5470184733
Sun, 24 Sep 2017 17:01:45 INFO -- username: 大鹿鹿-0612, id: 6186180586
Sun, 24 Sep 2017 17:01:45 INFO -- username: 云端之上恋歌732016, id: 6371939569
Sun, 24 Sep 2017 17:01:45 INFO -- username: 晨曦__扑朔迷离, id: 5066313067
Sun, 24 Sep 2017 17:01:45 INFO -- username: 天羽20132013, id: 3188176572
Sun, 24 Sep 2017 17:01:45 INFO -- username: Turnleft--, id: 1805576365
Sun, 24 Sep 2017 17:01:45 INFO -- username: -Voler-, id: 2662939623
Sun, 24 Sep 2017 17:01:45 INFO -- username: ccta_15740, id: 5353387082
Sun, 24 Sep 2017 17:01:45 INFO -- username: 木土LaLa, id: 2276810174
Sun, 24 Sep 2017 17:01:45 INFO -- username: 安小婷2, id: 3713234092
Sun, 24 Sep 2017 17:01:45 INFO -- username: 跃东瀛日本留学, id: 5473323820
Sun, 24 Sep 2017 17:01:45 INFO -- username: hong200212, id: 5925496914
Sun, 24 Sep 2017 17:01:45 INFO Get Page: 17
Sun, 24 Sep 2017 17:01:46 INFO -- username: Bear喂, id: 6206013228
Sun, 24 Sep 2017 17:01:46 INFO -- username: 知行合一丨苏瑞, id: 2975997964
Sun, 24 Sep 2017 17:01:46 INFO -- username: 用户6352535004, id: 6352535004
Sun, 24 Sep 2017 17:01:46 INFO -- username: 尒sssss, id: 2069241271
Sun, 24 Sep 2017 17:01:46 INFO -- username: 用户6093744498, id: 6093744498
Sun, 24 Sep 2017 17:01:46 INFO -- username: 明明那么幸福, id: 5177101567
Sun, 24 Sep 2017 17:01:46 INFO -- username: 用户5482455509, id: 5482455509
Sun, 24 Sep 2017 17:01:46 INFO -- username: 轻雾微尘细雨, id: 3227162210
Sun, 24 Sep 2017 17:01:46 INFO -- username: Detective_霖, id: 3215458622
Sun, 24 Sep 2017 17:01:46 INFO -- username: 请叫我李勤奋, id: 6022476557
Sun, 24 Sep 2017 17:01:46 INFO -- username: 柚子yyc, id: 2168680014
Sun, 24 Sep 2017 17:01:46 INFO -- username: momo夏微, id: 2176431685
Sun, 24 Sep 2017 17:01:46 INFO -- username: 姑娘要幸福哟, id: 2201450193
Sun, 24 Sep 2017 17:01:46 INFO -- username: LY520819, id: 5738720680
Sun, 24 Sep 2017 17:01:46 INFO -- username: 福来77, id: 2440592951
Sun, 24 Sep 2017 17:01:46 INFO -- username: 岩石上的梅花, id: 3908180320
Sun, 24 Sep 2017 17:01:46 INFO -- username: 大连金石滩洛可可假日公寓, id: 6021540485
Sun, 24 Sep 2017 17:01:46 INFO -- username: 小李籽-, id: 1906363637
Sun, 24 Sep 2017 17:01:46 INFO -- username: 木有微博odk, id: 2935232825
Sun, 24 Sep 2017 17:01:46 INFO -- username: 房勇连_肥兔, id: 2608658172
Sun, 24 Sep 2017 17:01:46 INFO Get Page: 18
Sun, 24 Sep 2017 17:01:47 INFO -- username: 芒果味的青菜, id: 5632844603
Sun, 24 Sep 2017 17:01:47 INFO -- username: 往事不堪回味--只能一路向前, id: 2014772044
Sun, 24 Sep 2017 17:01:47 INFO -- username: 滋小妞, id: 1806220543
Sun, 24 Sep 2017 17:01:47 INFO -- username: 我我我我我庆馨儿, id: 1101814317
Sun, 24 Sep 2017 17:01:47 INFO -- username: 如果有一天糖果的梦想会实现, id: 3204500792
Sun, 24 Sep 2017 17:01:47 INFO -- username: 或者说你倩儿爷现在正在转运, id: 2691652767
Sun, 24 Sep 2017 17:01:47 INFO -- username: 贵气小曼, id: 6332266267
Sun, 24 Sep 2017 17:01:47 INFO -- username: o等闲变却故人心, id: 5299236224
Sun, 24 Sep 2017 17:01:47 INFO -- username: 男朋友的一个女朋友, id: 3184296267
Sun, 24 Sep 2017 17:01:47 INFO -- username: coco喜糖, id: 2822966411
Sun, 24 Sep 2017 17:01:47 INFO -- username: 覃思言, id: 1651423841
Sun, 24 Sep 2017 17:01:47 INFO -- username: Dream美娜子, id: 5821099756
Sun, 24 Sep 2017 17:01:47 INFO -- username: DY的赟赟, id: 2638746762
Sun, 24 Sep 2017 17:01:47 INFO -- username: 爱情多简单, id: 5143078005
Sun, 24 Sep 2017 17:01:47 INFO -- username: 炮炮boombo, id: 5515970949
Sun, 24 Sep 2017 17:01:47 INFO -- username: 玲15105, id: 5865619542
Sun, 24 Sep 2017 17:01:47 INFO -- username: 萌妹子大琦琦, id: 6367020641
Sun, 24 Sep 2017 17:01:47 INFO -- username: M钙奶王, id: 2771653102
Sun, 24 Sep 2017 17:01:47 INFO -- username: YYYXXLO3O, id: 6003829959
Sun, 24 Sep 2017 17:01:47 INFO -- username: 曲奇PINK, id: 1841594473
Sun, 24 Sep 2017 17:01:47 INFO Get Page: 19
Sun, 24 Sep 2017 17:01:48 INFO -- username: BeBe-颖, id: 1743128881
Sun, 24 Sep 2017 17:01:48 INFO -- username: 温柔的驯兽师花园, id: 5810375609
Sun, 24 Sep 2017 17:01:48 INFO -- username: 穿鞋小能手, id: 1994356454
Sun, 24 Sep 2017 17:01:48 INFO -- username: bh_momo, id: 5598707921
Sun, 24 Sep 2017 17:01:48 INFO -- username: 朵朵Twp, id: 2173988587
Sun, 24 Sep 2017 17:01:48 INFO -- username: leo特特, id: 2131030355
Sun, 24 Sep 2017 17:01:48 INFO -- username: 小董De信仰, id: 2174802790
Sun, 24 Sep 2017 17:01:48 INFO -- username: 世界尽头de旅行, id: 2918641763
Sun, 24 Sep 2017 17:01:48 INFO -- username: 用户6278184885, id: 6278184885
Sun, 24 Sep 2017 17:01:48 INFO -- username: __小小小宝, id: 5788966879
Sun, 24 Sep 2017 17:01:48 INFO -- username: 个别另类, id: 5371518872
Sun, 24 Sep 2017 17:01:48 INFO -- username: 神灵羽芒, id: 5034255844
Sun, 24 Sep 2017 17:01:48 INFO -- username: 烟花繁--红尘碾, id: 3701749421
Sun, 24 Sep 2017 17:01:48 INFO -- username: 刘小越shining越, id: 2466537844
Sun, 24 Sep 2017 17:01:48 INFO -- username: 留_心听, id: 2055093463
Sun, 24 Sep 2017 17:01:48 INFO -- username: 燕鸿OLin, id: 6045874825
Sun, 24 Sep 2017 17:01:48 INFO -- username: only_lhl, id: 1719176444
Sun, 24 Sep 2017 17:01:48 INFO -- username: 遇见爱情2010, id: 1869403812
Sun, 24 Sep 2017 17:01:48 INFO -- username: 刘艳坤3126992243, id: 3126992243
Sun, 24 Sep 2017 17:01:48 INFO -- username: 一个在南方的北方女孩, id: 6033025938
Sun, 24 Sep 2017 17:01:48 INFO Get Page: 20
Sun, 24 Sep 2017 17:01:49 INFO -- username: 长鼻子大灰, id: 1898852607
Sun, 24 Sep 2017 17:01:49 INFO -- username: Minoz_快快, id: 1102272615
Sun, 24 Sep 2017 17:01:49 INFO -- username: 我偏偏就不编辑昵称咋地, id: 2110979701
Sun, 24 Sep 2017 17:01:49 INFO -- username: 劉恩惠520, id: 2901474143
Sun, 24 Sep 2017 17:01:49 INFO -- username: 朵咩咩baby王艺璇, id: 5778904290
Sun, 24 Sep 2017 17:01:49 INFO -- username: 乐银花, id: 5292801557
Sun, 24 Sep 2017 17:01:49 INFO -- username: 暗-淡-默-然-, id: 2519193852
Sun, 24 Sep 2017 17:01:49 INFO -- username: 叮叮丫297, id: 1771530545
Sun, 24 Sep 2017 17:01:49 INFO -- username: 挺宝在美, id: 1738271351
Sun, 24 Sep 2017 17:01:49 INFO -- username: L丹1219, id: 3853338600
Sun, 24 Sep 2017 17:01:49 INFO -- username: Lagunalin, id: 2307732054
Sun, 24 Sep 2017 17:01:49 INFO -- username: 美丽的日子07, id: 1765350664
Sun, 24 Sep 2017 17:01:49 INFO -- username: 93Benson, id: 1908675164
Sun, 24 Sep 2017 17:01:49 INFO -- username: 自然起源叶之韵IDo董事Eve磨砂, id: 5226301703
Sun, 24 Sep 2017 17:01:49 INFO -- username: Juzi免费招衣服代理女装代理, id: 1007779192
Sun, 24 Sep 2017 17:01:49 INFO -- username: kiwi_tz, id: 1967686595
Sun, 24 Sep 2017 17:01:49 INFO -- username: 妖精zw, id: 1806693674
Sun, 24 Sep 2017 17:01:49 INFO -- username: 睡在泡沫里, id: 2126302342
Sun, 24 Sep 2017 17:01:49 INFO -- username: 959夏天, id: 3628269495
Sun, 24 Sep 2017 17:01:49 INFO -- username: 东北大汉董鑫, id: 3956927732
Sun, 24 Sep 2017 17:01:49 INFO Get Page: 21
Sun, 24 Sep 2017 17:01:50 INFO -- username: 泡泡_20170, id: 5772766837
Sun, 24 Sep 2017 17:01:50 INFO -- username: 华子58489, id: 5560822043
Sun, 24 Sep 2017 17:01:50 INFO -- username: GenieYean, id: 1747055850
Sun, 24 Sep 2017 17:01:50 INFO -- username: Qian-zls, id: 1779679100
Sun, 24 Sep 2017 17:01:50 INFO -- username: LuckyBaby佳琪6002, id: 2019797735
Sun, 24 Sep 2017 17:01:50 INFO -- username: TemperamentSY, id: 5868391594
Sun, 24 Sep 2017 17:01:50 INFO -- username: star_1213, id: 2640759174
Sun, 24 Sep 2017 17:01:50 INFO -- username: 吃汤圆12041990, id: 2645236147
Sun, 24 Sep 2017 17:01:50 INFO -- username: 惦记211, id: 3376881850
Sun, 24 Sep 2017 17:01:50 INFO -- username: a爱生活爱大博, id: 2112648463
Sun, 24 Sep 2017 17:01:50 INFO -- username: 旺仔小屁屁lee, id: 1790787997
Sun, 24 Sep 2017 17:01:50 INFO -- username: -嘿丶Baby, id: 3232278584
Sun, 24 Sep 2017 17:01:50 INFO -- username: 看看题看看, id: 1572675480
Sun, 24 Sep 2017 17:01:50 INFO -- username: 不二-小七, id: 1118671394
Sun, 24 Sep 2017 17:01:50 INFO -- username: 兽兽异兽兽, id: 5204416990
Sun, 24 Sep 2017 17:01:50 INFO -- username: 世界纪录52, id: 5357011000
Sun, 24 Sep 2017 17:01:50 INFO -- username: 名都被占用我没得叫啦, id: 5124885045
Sun, 24 Sep 2017 17:01:50 INFO -- username: 婚后不失宠, id: 6146890123
Sun, 24 Sep 2017 17:01:50 INFO -- username: L--YUN, id: 2070039713
Sun, 24 Sep 2017 17:01:50 INFO -- username: 小火碳200706, id: 3946965949
Sun, 24 Sep 2017 17:01:50 INFO Get Page: 22
Sun, 24 Sep 2017 17:01:52 INFO -- username: zoe小水仙2016, id: 6089779294
Sun, 24 Sep 2017 17:01:52 INFO -- username: EInnnnnne, id: 2897653713
Sun, 24 Sep 2017 17:01:52 INFO -- username: 莉瑛, id: 1727312510
Sun, 24 Sep 2017 17:01:52 INFO -- username: 剧好看露露啊, id: 3854783660
Sun, 24 Sep 2017 17:01:52 INFO -- username: 红叶漫山伴烟雨, id: 2832885150
Sun, 24 Sep 2017 17:01:52 INFO -- username: -G贺大玲也疯狂, id: 1781550043
Sun, 24 Sep 2017 17:01:52 INFO -- username: 小叼手, id: 2501370981
Sun, 24 Sep 2017 17:01:52 INFO -- username: SFWSXLP, id: 3748208167
Sun, 24 Sep 2017 17:01:52 INFO -- username: fishvsjackie, id: 5854372049
Sun, 24 Sep 2017 17:01:52 INFO -- username: M昭鹿林M, id: 5384174333
Sun, 24 Sep 2017 17:01:52 INFO -- username: Jack_Huang8, id: 1806766641
Sun, 24 Sep 2017 17:01:52 INFO -- username: 没完没了的任务, id: 2144579885
Sun, 24 Sep 2017 17:01:52 INFO -- username: tao爷-, id: 5856629903
Sun, 24 Sep 2017 17:01:52 INFO -- username: 风风2066410163, id: 2066410163
Sun, 24 Sep 2017 17:01:52 INFO -- username: 情话619, id: 5093984834
Sun, 24 Sep 2017 17:01:52 INFO -- username: DASHU24, id: 3418848800
Sun, 24 Sep 2017 17:01:52 INFO -- username: 马大哈再不能哈哈哈, id: 2386278391
Sun, 24 Sep 2017 17:01:52 INFO -- username: 玉净花明2012, id: 2722097193
Sun, 24 Sep 2017 17:01:52 INFO -- username: 你找找找不到的陈涛涛, id: 3844954377
Sun, 24 Sep 2017 17:01:52 INFO Get Page: 23
Sun, 24 Sep 2017 17:01:53 INFO -- username: 妞妞家的胖熊, id: 5405397696
Sun, 24 Sep 2017 17:01:53 INFO -- username: 一个高冷的板凳w, id: 5276645694
Sun, 24 Sep 2017 17:01:53 INFO -- username: 颜小沫沫520, id: 5453076579
Sun, 24 Sep 2017 17:01:53 INFO -- username: 风吹裤衩屁g凉, id: 3088993372
Sun, 24 Sep 2017 17:01:53 INFO -- username: 沚蘅, id: 3304449505
Sun, 24 Sep 2017 17:01:53 INFO -- username: 玉儿有梦想-5366, id: 6105564047
Sun, 24 Sep 2017 17:01:53 INFO -- username: 天空那朵云05, id: 5627660095
Sun, 24 Sep 2017 17:01:53 INFO -- username: 铭阳星空, id: 1312790773
Sun, 24 Sep 2017 17:01:53 INFO -- username: 娜蘭玉, id: 3286294553
Sun, 24 Sep 2017 17:01:53 INFO -- username: Rqianhui, id: 5254897563
Sun, 24 Sep 2017 17:01:53 INFO -- username: 九金金金金金, id: 2530787427
Sun, 24 Sep 2017 17:01:53 INFO -- username: 酉星之, id: 5190564133
Sun, 24 Sep 2017 17:01:53 INFO -- username: 用户6365035974, id: 6365035974
Sun, 24 Sep 2017 17:01:53 INFO -- username: xynia蕗還狠苌, id: 2624991534
Sun, 24 Sep 2017 17:01:53 INFO -- username: 用户6067478469, id: 6067478469
Sun, 24 Sep 2017 17:01:53 INFO -- username: Samamtha因爱而爱, id: 2120944895
Sun, 24 Sep 2017 17:01:53 INFO -- username: HeZami同學, id: 1812889232
Sun, 24 Sep 2017 17:01:53 INFO -- username: Jinchun201709, id: 6370052755
Sun, 24 Sep 2017 17:01:53 INFO -- username: 帅李一, id: 3880255632
Sun, 24 Sep 2017 17:01:53 INFO -- username: LLS西乐, id: 1900099621
Sun, 24 Sep 2017 17:01:53 INFO Get Page: 24
Sun, 24 Sep 2017 17:01:53 INFO -- username: 不丂仆先生, id: 5092526999
Sun, 24 Sep 2017 17:01:53 INFO -- username: jinkingfeng, id: 1647340352
Sun, 24 Sep 2017 17:01:53 INFO -- username: 天亮说晚安____张雅舒, id: 2646559151
Sun, 24 Sep 2017 17:01:53 INFO -- username: 游杺, id: 2143079117
Sun, 24 Sep 2017 17:01:53 INFO -- username: 晶兒_Joyce, id: 1863333165
Sun, 24 Sep 2017 17:01:53 INFO -- username: 峻男童童, id: 5074534531
Sun, 24 Sep 2017 17:01:53 INFO -- username: 不爱啤酒爱雪碧炸鸡, id: 3625466047
Sun, 24 Sep 2017 17:01:53 INFO -- username: 西瓜味Yang静, id: 6351823798
Sun, 24 Sep 2017 17:01:53 INFO -- username: 一设空计, id: 5409144279
Sun, 24 Sep 2017 17:01:53 INFO -- username: arlene---, id: 2135113501
Sun, 24 Sep 2017 17:01:53 INFO -- username: 石榴子涵, id: 5226193352
Sun, 24 Sep 2017 17:01:53 INFO -- username: 边际风, id: 5463152587
Sun, 24 Sep 2017 17:01:53 INFO -- username: 作图的小伙, id: 5038013609
Sun, 24 Sep 2017 17:01:53 INFO -- username: 西风破川, id: 5744184623
Sun, 24 Sep 2017 17:01:53 INFO -- username: Oo壊脾氣oO, id: 1864834074
Sun, 24 Sep 2017 17:01:53 INFO -- username: 小1是小易, id: 2826933223
Sun, 24 Sep 2017 17:01:53 INFO -- username: 举头三尺有九絮, id: 5607203474
Sun, 24 Sep 2017 17:01:53 INFO -- username: psycho伊gyw, id: 5545485746
Sun, 24 Sep 2017 17:01:53 INFO -- username: 用户5192272664, id: 5192272664
Sun, 24 Sep 2017 17:01:53 INFO -- username: 沐子小小美, id: 6339587167
Sun, 24 Sep 2017 17:01:53 INFO Get Page: 25
Sun, 24 Sep 2017 17:01:54 INFO -- username: 木已沉舟11, id: 5189882579
Sun, 24 Sep 2017 17:01:54 INFO -- username: 用户6152111901, id: 6152111901
Sun, 24 Sep 2017 17:01:54 INFO -- username: 吓吓_吓屎你, id: 2747610442
Sun, 24 Sep 2017 17:01:54 INFO -- username: 爱读书的小胖妞, id: 5833996915
Sun, 24 Sep 2017 17:01:54 INFO -- username: 哎嘿775, id: 6343116915
Sun, 24 Sep 2017 17:01:54 INFO -- username: smile_思思a, id: 5833924658
Sun, 24 Sep 2017 17:01:54 INFO -- username: Jennifer杰J, id: 5463601017
Sun, 24 Sep 2017 17:01:54 INFO -- username: 咚不咙咚娜, id: 5251599476
Sun, 24 Sep 2017 17:01:54 INFO -- username: 萍果Apply_970, id: 2752059331
Sun, 24 Sep 2017 17:01:54 INFO -- username: 淡蓝色浅海8, id: 2833238422
Sun, 24 Sep 2017 17:01:54 INFO -- username: 小小小的大白, id: 5345865583
Sun, 24 Sep 2017 17:01:54 INFO -- username: 李明114, id: 5118918419
Sun, 24 Sep 2017 17:01:54 INFO -- username: oTina米苏, id: 3140652713
Sun, 24 Sep 2017 17:01:54 INFO -- username: Emmary, id: 1501482420
Sun, 24 Sep 2017 17:01:54 INFO -- username: 和自己战斗的R, id: 1688121847
Sun, 24 Sep 2017 17:01:54 INFO -- username: KSyi, id: 2715605110
Sun, 24 Sep 2017 17:01:54 INFO -- username: 知性漫画集, id: 5403405296
Sun, 24 Sep 2017 17:01:54 INFO -- username: 小新-31, id: 5269308421
Sun, 24 Sep 2017 17:01:54 INFO -- username: 七月清流-, id: 5448965579
Sun, 24 Sep 2017 17:01:54 INFO -- username: RabbitShanghai, id: 2106632855
Sun, 24 Sep 2017 17:01:54 INFO Get Page: 26
Sun, 24 Sep 2017 17:01:55 INFO -- username: 用户6322911365, id: 6322911365
Sun, 24 Sep 2017 17:01:55 INFO -- username: 红儿218, id: 5252102689
Sun, 24 Sep 2017 17:01:55 INFO -- username: 费星更-nl, id: 6113102608
Sun, 24 Sep 2017 17:01:55 INFO -- username: 嘉倫Gary, id: 2214085981
Sun, 24 Sep 2017 17:01:55 INFO -- username: cevanyou, id: 6256314684
Sun, 24 Sep 2017 17:01:55 INFO -- username: 困了-zZ, id: 3355122872
Sun, 24 Sep 2017 17:01:55 INFO -- username: 清淡-Bernice, id: 1978089713
Sun, 24 Sep 2017 17:01:55 INFO -- username: 宅阿五, id: 5867479394
Sun, 24 Sep 2017 17:01:55 INFO -- username: 蒙奇D琳201702, id: 6136567152
Sun, 24 Sep 2017 17:01:55 INFO -- username: 最初022, id: 5869421097
Sun, 24 Sep 2017 17:01:55 INFO -- username: 用户6323435858, id: 6323435858
Sun, 24 Sep 2017 17:01:55 INFO -- username: 装逼遭金雷劈, id: 2212690024
Sun, 24 Sep 2017 17:01:55 INFO -- username: 深海科技23501, id: 6070869523
Sun, 24 Sep 2017 17:01:55 INFO -- username: 用户5518795426, id: 5518795426
Sun, 24 Sep 2017 17:01:55 INFO -- username: 重口味肥狒狒, id: 6140433165
Sun, 24 Sep 2017 17:01:55 INFO -- username: 韦竣然, id: 1133688281
Sun, 24 Sep 2017 17:01:55 INFO -- username: 才女漫步云端-55, id: 6240450961
Sun, 24 Sep 2017 17:01:55 INFO -- username: 用户3607491420, id: 3607491420
Sun, 24 Sep 2017 17:01:55 INFO -- username: Joey--怡怡, id: 1272558565
Sun, 24 Sep 2017 17:01:55 INFO -- username: 杨样浩皓, id: 3221362873
Sun, 24 Sep 2017 17:01:55 INFO Get Page: 27
Sun, 24 Sep 2017 17:01:55 INFO -- username: 用户5761427448, id: 5761427448
Sun, 24 Sep 2017 17:01:55 INFO -- username: 那只从喀纳斯跑出来的大水怪, id: 1240273315
Sun, 24 Sep 2017 17:01:55 INFO -- username: 用户5352878520, id: 5352878520
Sun, 24 Sep 2017 17:01:55 INFO -- username: 喵小姐H_, id: 1767993651
Sun, 24 Sep 2017 17:01:55 INFO -- username: 墨染微凉76899, id: 6348957129
Sun, 24 Sep 2017 17:01:55 INFO -- username: 52放手, id: 6268186043
Sun, 24 Sep 2017 17:01:55 INFO -- username: 萌诺吖, id: 5875285574
Sun, 24 Sep 2017 17:01:55 INFO -- username: qwer马甲1711, id: 5648511900
Sun, 24 Sep 2017 17:01:55 INFO -- username: lesia是好朋友, id: 3755047455
Sun, 24 Sep 2017 17:01:55 INFO -- username: 回忆最美终究是殇, id: 6026187693
Sun, 24 Sep 2017 17:01:55 INFO -- username: 康格多山路, id: 2827855931
Sun, 24 Sep 2017 17:01:55 INFO -- username: 仁人的夏天, id: 1357618354
Sun, 24 Sep 2017 17:01:55 INFO -- username: 菸夕早, id: 1610480511
Sun, 24 Sep 2017 17:01:55 INFO -- username: 欧阳凯任, id: 5264998507
Sun, 24 Sep 2017 17:01:55 INFO -- username: 用户5387367341, id: 5387367341
Sun, 24 Sep 2017 17:01:55 INFO -- username: 萌萌家私房菜, id: 3228464890
Sun, 24 Sep 2017 17:01:55 INFO -- username: jun-左左右右, id: 2083592085
Sun, 24 Sep 2017 17:01:55 INFO -- username: 祖国的鱼香鸡丝, id: 2363428873
Sun, 24 Sep 2017 17:01:55 INFO -- username: 初九姑娘, id: 1710699803
Sun, 24 Sep 2017 17:01:55 INFO Get Page: 28
Sun, 24 Sep 2017 17:01:56 INFO -- username: 用户6068298177, id: 6068298177
Sun, 24 Sep 2017 17:01:56 INFO -- username: RalphAioria, id: 1510395590
Sun, 24 Sep 2017 17:01:56 INFO -- username: 柯柯柯柯1129, id: 2894780495
Sun, 24 Sep 2017 17:01:56 INFO -- username: Joyce2286, id: 2139814643
Sun, 24 Sep 2017 17:01:56 INFO -- username: 莉莉602, id: 1112173093
Sun, 24 Sep 2017 17:01:56 INFO -- username: 香水百合guang, id: 2909334401
Sun, 24 Sep 2017 17:01:56 INFO -- username: Awenc_, id: 5696645134
Sun, 24 Sep 2017 17:01:56 INFO -- username: 1v先生, id: 2157003460
Sun, 24 Sep 2017 17:01:56 INFO -- username: 小明上新疆, id: 5306614174
Sun, 24 Sep 2017 17:01:56 INFO -- username: Song·Yue, id: 6180149091
Sun, 24 Sep 2017 17:01:56 INFO -- username: 莲妹千金, id: 6004977548
Sun, 24 Sep 2017 17:01:56 INFO -- username: 霹雳馋鼠, id: 2345440853
Sun, 24 Sep 2017 17:01:56 INFO -- username: hyunmin哈米, id: 2400717805
Sun, 24 Sep 2017 17:01:56 INFO -- username: 裴知道, id: 2855391997
Sun, 24 Sep 2017 17:01:56 INFO -- username: 扒拉扒拉丸子君, id: 1985629605
Sun, 24 Sep 2017 17:01:56 INFO -- username: 用户6364500278, id: 6364500278
Sun, 24 Sep 2017 17:01:56 INFO -- username: 艾哆咯, id: 2671392000
Sun, 24 Sep 2017 17:01:56 INFO -- username: 发型师廉威, id: 1900123227
Sun, 24 Sep 2017 17:01:56 INFO -- username: 一个蜗阿牛李阳, id: 3624755112
Sun, 24 Sep 2017 17:01:56 INFO -- username: ly线小衣, id: 2356022382
Sun, 24 Sep 2017 17:01:56 INFO Get Page: 29
Sun, 24 Sep 2017 17:01:57 INFO -- username: 少女小魏魏, id: 1850529653
Sun, 24 Sep 2017 17:01:57 INFO -- username: 刘雅琦lyq, id: 5032000384
Sun, 24 Sep 2017 17:01:57 INFO -- username: 十三不靠-单单, id: 1411644214
Sun, 24 Sep 2017 17:01:57 INFO -- username: 宝宝and宝宝869, id: 2900648795
Sun, 24 Sep 2017 17:01:57 INFO -- username: 侃空003, id: 6085509237
Sun, 24 Sep 2017 17:01:57 INFO -- username: 用户5700880403, id: 5700880403
Sun, 24 Sep 2017 17:01:57 INFO -- username: 潴_choco, id: 1796496752
Sun, 24 Sep 2017 17:01:57 INFO -- username: 黑色静谧杭, id: 6193265787
Sun, 24 Sep 2017 17:01:57 INFO -- username: bao51921, id: 2831154961
Sun, 24 Sep 2017 17:01:57 INFO -- username: 小狐狸芸, id: 2736378087
Sun, 24 Sep 2017 17:01:57 INFO -- username: _麻子张, id: 2396699571
Sun, 24 Sep 2017 17:01:57 INFO -- username: 小样儿170, id: 6048247492
Sun, 24 Sep 2017 17:01:57 INFO -- username: 手田糸, id: 6217765073
Sun, 24 Sep 2017 17:01:57 INFO -- username: Kitty_k_he, id: 3255097990
Sun, 24 Sep 2017 17:01:57 INFO -- username: 用户6149238303, id: 6149238303
Sun, 24 Sep 2017 17:01:57 INFO -- username: Kevin_cronus, id: 3106643597
Sun, 24 Sep 2017 17:01:57 INFO -- username: 王倚娜娜, id: 6040754220
Sun, 24 Sep 2017 17:01:57 INFO -- username: 双子座的苏苏1920, id: 6351975623
Sun, 24 Sep 2017 17:01:57 INFO -- username: 宋的的, id: 2809626630
Sun, 24 Sep 2017 17:01:57 INFO -- username: 慕紫幽, id: 2618316691
Sun, 24 Sep 2017 17:01:57 INFO Get Page: 30
Sun, 24 Sep 2017 17:01:58 INFO -- username: 0曾经的曾经0, id: 1719847527
Sun, 24 Sep 2017 17:01:58 INFO -- username: 用户5626103661, id: 5626103661
Sun, 24 Sep 2017 17:01:58 INFO -- username: 灿烈是火伯贤是光, id: 3971949538
Sun, 24 Sep 2017 17:01:58 INFO -- username: ohh特曼, id: 3268233934
Sun, 24 Sep 2017 17:01:58 INFO -- username: sumsidy_, id: 3938250180
Sun, 24 Sep 2017 17:01:58 INFO -- username: 古言言兑, id: 1945628267
Sun, 24 Sep 2017 17:01:58 INFO -- username: 乂亇厶劜, id: 5182563463
Sun, 24 Sep 2017 17:01:58 INFO -- username: M夜的诗人J, id: 3625422753
Sun, 24 Sep 2017 17:01:58 INFO -- username: 亮哥200704, id: 6364370985
Sun, 24 Sep 2017 17:01:58 INFO -- username: Rock_film, id: 2437820124
Sun, 24 Sep 2017 17:01:58 INFO -- username: 靓咩J, id: 1868787832
Sun, 24 Sep 2017 17:01:58 INFO -- username: -罪行-, id: 6236063051
Sun, 24 Sep 2017 17:01:58 INFO -- username: i玩i闹, id: 1082466467
Sun, 24 Sep 2017 17:01:58 INFO -- username: 520711XRQjH, id: 5535961694
Sun, 24 Sep 2017 17:01:58 INFO -- username: I4Anne, id: 2477404062
Sun, 24 Sep 2017 17:01:58 INFO -- username: 尘世丿鬼鬼, id: 3849812783
Sun, 24 Sep 2017 17:01:58 INFO -- username: LJYYYYYY99999, id: 5686916386
Sun, 24 Sep 2017 17:01:58 INFO -- username: Oo丨yin, id: 2011485044
Sun, 24 Sep 2017 17:01:58 INFO -- username: 余宏燃Dui, id: 3222581224
Sun, 24 Sep 2017 17:01:58 INFO -- username: 等待苏醒的沉默, id: 3758913673
Sun, 24 Sep 2017 17:01:58 INFO Get Page: 31
Sun, 24 Sep 2017 17:01:59 INFO -- username: 温思容不是蒜蓉, id: 2293722800
Sun, 24 Sep 2017 17:01:59 INFO -- username: 柯柯and姬姬, id: 1799755030
Sun, 24 Sep 2017 17:01:59 INFO -- username: 瑞恩妈妈的私藏酒窖, id: 2934607491
Sun, 24 Sep 2017 17:01:59 INFO -- username: 陈士华001, id: 1893098347
Sun, 24 Sep 2017 17:01:59 INFO -- username: 婷哪吒i, id: 5905451127
Sun, 24 Sep 2017 17:01:59 INFO -- username: CDJ的客观世界, id: 3032484834
Sun, 24 Sep 2017 17:01:59 INFO -- username: Love静SJ, id: 3131703137
Sun, 24 Sep 2017 17:01:59 INFO -- username: 用户5869680022, id: 5869680022
Sun, 24 Sep 2017 17:01:59 INFO -- username: 王信卓淼, id: 2951164233
Sun, 24 Sep 2017 17:01:59 INFO -- username: 3000姐姐, id: 1882579271
Sun, 24 Sep 2017 17:01:59 INFO -- username: 用户z9qso0029h, id: 3988656877
Sun, 24 Sep 2017 17:01:59 INFO -- username: HJ黄敬, id: 2369147041
Sun, 24 Sep 2017 17:01:59 INFO -- username: 唯一的呼吸, id: 2687453390
Sun, 24 Sep 2017 17:01:59 INFO -- username: vicoyuou, id: 1562660145
Sun, 24 Sep 2017 17:01:59 INFO -- username: 抱元守一_制心一处, id: 1937525034
Sun, 24 Sep 2017 17:01:59 INFO -- username: 小杨yama, id: 2857164594
Sun, 24 Sep 2017 17:01:59 INFO -- username: jason溫俊傑, id: 1944579262
Sun, 24 Sep 2017 17:01:59 INFO -- username: Seatrixi, id: 5172478050
Sun, 24 Sep 2017 17:01:59 INFO -- username: 意馨丶Lostree, id: 1932073112
Sun, 24 Sep 2017 17:01:59 INFO -- username: ZZZHOUWENSHI, id: 1770230102
Sun, 24 Sep 2017 17:01:59 INFO Get Page: 32
Sun, 24 Sep 2017 17:02:00 INFO -- username: 安王_Gaia, id: 2620957855
Sun, 24 Sep 2017 17:02:00 INFO -- username: 我想就这样被你收入囊中, id: 5041433380
Sun, 24 Sep 2017 17:02:00 INFO -- username: Foorei, id: 3865422269
Sun, 24 Sep 2017 17:02:00 INFO -- username: ling-z日记, id: 6037373625
Sun, 24 Sep 2017 17:02:00 INFO -- username: kopit, id: 1782360154
Sun, 24 Sep 2017 17:02:00 INFO -- username: 一吱懶咩, id: 6208283804
Sun, 24 Sep 2017 17:02:00 INFO -- username: 是米鹿呦, id: 5898545385
Sun, 24 Sep 2017 17:02:00 INFO -- username: 多多20110712, id: 1856962624
Sun, 24 Sep 2017 17:02:00 INFO -- username: 都市马车夫, id: 3291340041
Sun, 24 Sep 2017 17:02:00 INFO -- username: 惯我小超人2009, id: 5623694924
Sun, 24 Sep 2017 17:02:00 INFO -- username: 荆小多, id: 1760786194
Sun, 24 Sep 2017 17:02:00 INFO -- username: 基本笨蛋, id: 1864089977
Sun, 24 Sep 2017 17:02:00 INFO -- username: 夜空中最亮的星0319, id: 2698845123
Sun, 24 Sep 2017 17:02:00 INFO -- username: ED-YYYuet, id: 2644694431
Sun, 24 Sep 2017 17:02:00 INFO -- username: 用户5509116166, id: 5509116166
Sun, 24 Sep 2017 17:02:00 INFO -- username: 饰青纯, id: 5652343784
Sun, 24 Sep 2017 17:02:00 INFO -- username: 忙啊一一, id: 3777791857
Sun, 24 Sep 2017 17:02:00 INFO -- username: Mars悅悅y, id: 5717982710
Sun, 24 Sep 2017 17:02:00 INFO -- username: luyun1121, id: 6079599513
Sun, 24 Sep 2017 17:02:00 INFO -- username: 小陈子的成长日记, id: 1609100545
Sun, 24 Sep 2017 17:02:00 INFO Get Page: 33
Sun, 24 Sep 2017 17:02:00 INFO -- username: 失翼的纸飞机, id: 5391863013
Sun, 24 Sep 2017 17:02:00 INFO -- username: 莫忘初心爱宅着689, id: 6345730642
Sun, 24 Sep 2017 17:02:00 INFO -- username: 啾啾啾啾啾啾啊qiu, id: 5471092918
Sun, 24 Sep 2017 17:02:00 INFO -- username: 纯真感动的瞳孔, id: 3857951422
Sun, 24 Sep 2017 17:02:00 INFO -- username: 卮言倥侗, id: 5911053515
Sun, 24 Sep 2017 17:02:00 INFO -- username: baby--末末, id: 2750746513
Sun, 24 Sep 2017 17:02:00 INFO -- username: 布朗菠萝番石榴, id: 1742073330
Sun, 24 Sep 2017 17:02:00 INFO -- username: 风往北吹面包, id: 1223038505
Sun, 24 Sep 2017 17:02:00 INFO -- username: 淡44148, id: 5873674219
Sun, 24 Sep 2017 17:02:00 INFO -- username: happy-小莹, id: 2531763985
Sun, 24 Sep 2017 17:02:00 INFO -- username: 春綕, id: 5574786412
Sun, 24 Sep 2017 17:02:00 INFO -- username: 酸奶味志龙-, id: 5747030599
Sun, 24 Sep 2017 17:02:00 INFO -- username: 鱼宝宝宝宝宝宝宝宝宝, id: 5308649124
Sun, 24 Sep 2017 17:02:00 INFO -- username: 青禾cup, id: 5173636880
Sun, 24 Sep 2017 17:02:00 INFO -- username: 你们的医院, id: 5393280180
Sun, 24 Sep 2017 17:02:00 INFO -- username: 过分善良是件坏事儿, id: 2270507497
Sun, 24 Sep 2017 17:02:00 INFO -- username: Lily苏噢, id: 1756365741
Sun, 24 Sep 2017 17:02:00 INFO -- username: Sun333777Moon, id: 6218525352
Sun, 24 Sep 2017 17:02:00 INFO -- username: miao喵miao1212, id: 2940124897
Sun, 24 Sep 2017 17:02:00 INFO -- username: PossessYou0, id: 5683531308
Sun, 24 Sep 2017 17:02:00 INFO Get Page: 34
Sun, 24 Sep 2017 17:02:02 INFO -- username: 琦31856, id: 5847638656
Sun, 24 Sep 2017 17:02:02 INFO -- username: 米素MISSU, id: 3867217508
Sun, 24 Sep 2017 17:02:02 INFO -- username: 呢么6176101753, id: 6176101753
Sun, 24 Sep 2017 17:02:02 INFO -- username: 天空之城般宁静, id: 5290464262
Sun, 24 Sep 2017 17:02:02 INFO -- username: 藏服原创品牌, id: 5668417736
Sun, 24 Sep 2017 17:02:02 INFO -- username: 用户5823626449, id: 5823626449
Sun, 24 Sep 2017 17:02:02 INFO -- username: 山岚雨海---, id: 3423869482
Sun, 24 Sep 2017 17:02:02 INFO -- username: 纵使短发及肩我还是我, id: 2562909447
Sun, 24 Sep 2017 17:02:02 INFO -- username: z等风飞, id: 5115405668
Sun, 24 Sep 2017 17:02:02 INFO -- username: 周凤奇王嘉明, id: 5676158315
Sun, 24 Sep 2017 17:02:02 INFO -- username: cat_小喵o, id: 1769918141
Sun, 24 Sep 2017 17:02:02 INFO -- username: 冰纯灵初西柚, id: 6162952196
Sun, 24 Sep 2017 17:02:02 INFO -- username: 努力的-小小的太阳, id: 2463656535
Sun, 24 Sep 2017 17:02:02 INFO -- username: 小小小-人-物, id: 3267105492
Sun, 24 Sep 2017 17:02:02 INFO -- username: 用户5856334423, id: 5856334423
Sun, 24 Sep 2017 17:02:02 INFO -- username: 谷梦晗-, id: 5677362654
Sun, 24 Sep 2017 17:02:02 INFO -- username: 一傾風雪一流年-琴師小萱, id: 2612176945
Sun, 24 Sep 2017 17:02:02 INFO -- username: 冰山一族_41902, id: 3986378775
Sun, 24 Sep 2017 17:02:02 INFO -- username: 火耳开, id: 3306027837
Sun, 24 Sep 2017 17:02:02 INFO -- username: 距ZMR离, id: 5869823131
Sun, 24 Sep 2017 17:02:02 INFO Get Page: 35
Sun, 24 Sep 2017 17:02:03 INFO -- username: 用户6142759901, id: 6142759901
Sun, 24 Sep 2017 17:02:03 INFO -- username: 正派的老小姐, id: 6064229019
Sun, 24 Sep 2017 17:02:03 INFO -- username: 張凱蜀黍, id: 5494596224
Sun, 24 Sep 2017 17:02:03 INFO -- username: FindVv, id: 2603562362
Sun, 24 Sep 2017 17:02:03 INFO -- username: 微笑fighting每一天, id: 5319095414
Sun, 24 Sep 2017 17:02:03 INFO -- username: 用户5424525971, id: 5424525971
Sun, 24 Sep 2017 17:02:03 INFO -- username: coki爱吃, id: 3267669854
Sun, 24 Sep 2017 17:02:03 INFO -- username: 程阿楽, id: 5344848411
Sun, 24 Sep 2017 17:02:03 INFO -- username: 用户5645094500, id: 5645094500
Sun, 24 Sep 2017 17:02:03 INFO -- username: 甜甜圈-M, id: 1635933834
Sun, 24 Sep 2017 17:02:03 INFO -- username: 大大酱牛肉面, id: 6337509979
Sun, 24 Sep 2017 17:02:03 INFO -- username: HHHHH洪楚芳, id: 3436301812
Sun, 24 Sep 2017 17:02:03 INFO -- username: 三十好几的阿男, id: 3182967211
Sun, 24 Sep 2017 17:02:03 INFO -- username: 柚子6050021165, id: 6050021165
Sun, 24 Sep 2017 17:02:03 INFO -- username: 梁奇旋, id: 1938318157
Sun, 24 Sep 2017 17:02:03 INFO -- username: -抹茶Matcha, id: 2003559834
Sun, 24 Sep 2017 17:02:03 INFO -- username: XIAOBEIaBEI韩妆欧美代购, id: 5087607010
Sun, 24 Sep 2017 17:02:03 INFO -- username: honey-慧菇凉, id: 3162248747
Sun, 24 Sep 2017 17:02:03 INFO -- username: 贪婪成瘾的懒鼠, id: 5465326320
Sun, 24 Sep 2017 17:02:03 INFO -- username: 翟家小胖妞, id: 3059894255
Sun, 24 Sep 2017 17:02:03 INFO Get Page: 36
Sun, 24 Sep 2017 17:02:04 INFO -- username: 我是殷小爬, id: 3859794167
Sun, 24 Sep 2017 17:02:04 INFO -- username: 紫妞sunshine, id: 3991731415
Sun, 24 Sep 2017 17:02:04 INFO -- username: 小森森森_, id: 2234163764
Sun, 24 Sep 2017 17:02:04 INFO -- username: 99度水6090506768, id: 6090506768
Sun, 24 Sep 2017 17:02:04 INFO -- username: 暮读晨耕, id: 1618385593
Sun, 24 Sep 2017 17:02:04 INFO -- username: 蜡笔小新他妈Mi, id: 5303640545
Sun, 24 Sep 2017 17:02:04 INFO -- username: 哥特的快乐, id: 2949972953
Sun, 24 Sep 2017 17:02:04 INFO -- username: 没有名字的人976, id: 5643859936
Sun, 24 Sep 2017 17:02:04 INFO -- username: yeshasha111, id: 6047983137
Sun, 24 Sep 2017 17:02:04 INFO -- username: TddZq, id: 5547037097
Sun, 24 Sep 2017 17:02:04 INFO -- username: 勇哥哥呢, id: 1810392027
Sun, 24 Sep 2017 17:02:04 INFO -- username: 晶-lee-jing, id: 3219807094
Sun, 24 Sep 2017 17:02:04 INFO -- username: 请检查网名, id: 3201105450
Sun, 24 Sep 2017 17:02:04 INFO -- username: 荣蓉榕, id: 5704672523
Sun, 24 Sep 2017 17:02:04 INFO -- username: yu余香居, id: 5510405906
Sun, 24 Sep 2017 17:02:04 INFO -- username: 我爱高数233, id: 5393399269
Sun, 24 Sep 2017 17:02:04 INFO -- username: 果酱cwz, id: 1881734464
Sun, 24 Sep 2017 17:02:04 INFO -- username: 岸茈汀藍, id: 3235873005
Sun, 24 Sep 2017 17:02:04 INFO -- username: 永远爱你的俊v, id: 5629931466
Sun, 24 Sep 2017 17:02:04 INFO -- username: 大盗Cairu, id: 2609406443
Sun, 24 Sep 2017 17:02:04 INFO Get Page: 37
Sun, 24 Sep 2017 17:02:05 INFO -- username: Tori-CHEN, id: 5754702818
Sun, 24 Sep 2017 17:02:05 INFO -- username: m生如夏花6120, id: 5674010483
Sun, 24 Sep 2017 17:02:05 INFO -- username: 子暮水萱, id: 1021383844
Sun, 24 Sep 2017 17:02:05 INFO -- username: 胖嘟嘟的仙女, id: 5656275853
Sun, 24 Sep 2017 17:02:05 INFO -- username: 我是骄傲的韩某某, id: 3059783511
Sun, 24 Sep 2017 17:02:05 INFO -- username: 基督为我家之主, id: 6056556926
Sun, 24 Sep 2017 17:02:05 INFO -- username: 梁人儿, id: 3170768257
Sun, 24 Sep 2017 17:02:05 INFO -- username: 阿狸雪梨kobe24, id: 5980250425
Sun, 24 Sep 2017 17:02:05 INFO -- username: ApplauseUp, id: 5703713673
Sun, 24 Sep 2017 17:02:05 INFO -- username: PapaWasaRodeo7, id: 5116205726
Sun, 24 Sep 2017 17:02:05 INFO -- username: 韦小七aj, id: 2706728331
Sun, 24 Sep 2017 17:02:05 INFO -- username: Z-Zhyo, id: 2650875303
Sun, 24 Sep 2017 17:02:05 INFO -- username: 梵花姬, id: 1773469900
Sun, 24 Sep 2017 17:02:05 INFO -- username: 杜大人哟, id: 6028723523
Sun, 24 Sep 2017 17:02:05 INFO -- username: 雨夜曼彻斯特_-, id: 3030946775
Sun, 24 Sep 2017 17:02:05 INFO -- username: Sunshine52lw, id: 5942706425
Sun, 24 Sep 2017 17:02:05 INFO -- username: 取个名字好麻烦100990, id: 5064913471
Sun, 24 Sep 2017 17:02:05 INFO -- username: BR想要的东西永远买不完, id: 1761772620
Sun, 24 Sep 2017 17:02:05 INFO -- username: 爱不会等待00396, id: 6039910384
Sun, 24 Sep 2017 17:02:05 INFO -- username: 吕磨磨的嫫嫫, id: 1782689287
Sun, 24 Sep 2017 17:02:05 INFO Get Page: 38
Sun, 24 Sep 2017 17:02:05 INFO -- username: 烟雨匆匆Y云燕Y, id: 1642300071
Sun, 24 Sep 2017 17:02:05 INFO -- username: 哼唧哼唧zm, id: 5964201834
Sun, 24 Sep 2017 17:02:05 INFO -- username: 我闺蜜今年84啦, id: 3188566013
Sun, 24 Sep 2017 17:02:05 INFO -- username: 小绵云, id: 5977230981
Sun, 24 Sep 2017 17:02:05 INFO -- username: 用户6348242396, id: 6348242396
Sun, 24 Sep 2017 17:02:05 INFO -- username: 酸菜不太辣, id: 5776345101
Sun, 24 Sep 2017 17:02:05 INFO -- username: 高罡会发guang, id: 5227787903
Sun, 24 Sep 2017 17:02:05 INFO -- username: 拥抱每个美好的已, id: 3163792633
Sun, 24 Sep 2017 17:02:05 INFO -- username: 陌路离殇的故事, id: 5422272901
Sun, 24 Sep 2017 17:02:05 INFO -- username: 浅唱属于迩的小情歌, id: 2071558781
Sun, 24 Sep 2017 17:02:05 INFO -- username: 黑暗中的一束黎明, id: 5210068779
Sun, 24 Sep 2017 17:02:05 INFO -- username: zl莫凡_566, id: 5434342943
Sun, 24 Sep 2017 17:02:05 INFO -- username: 三万英尺sky, id: 1656193663
Sun, 24 Sep 2017 17:02:05 INFO -- username: 阿清要坚强, id: 6193150984
Sun, 24 Sep 2017 17:02:05 INFO -- username: 海水柔柔, id: 1864823127
Sun, 24 Sep 2017 17:02:05 INFO -- username: 祝祝祝儿, id: 6011896544
Sun, 24 Sep 2017 17:02:05 INFO -- username: 方海绵, id: 1997273834
Sun, 24 Sep 2017 17:02:05 INFO -- username: 土豆在一起, id: 3846234168
Sun, 24 Sep 2017 17:02:05 INFO -- username: 图图爱看猪猪侠, id: 3935905871
Sun, 24 Sep 2017 17:02:05 INFO -- username: 戏三旬, id: 5232100471
Sun, 24 Sep 2017 17:02:05 INFO Get Page: 39
Sun, 24 Sep 2017 17:02:06 INFO -- username: 不要太关注你的脸, id: 1908446125
Sun, 24 Sep 2017 17:02:06 INFO -- username: Fell19-, id: 5807764372
Sun, 24 Sep 2017 17:02:06 INFO -- username: JJ嘉欣XXXX, id: 5693865678
Sun, 24 Sep 2017 17:02:06 INFO -- username: Yue哇, id: 5576740070
Sun, 24 Sep 2017 17:02:06 INFO -- username: 棉宝姐lucky妹滴Daddy, id: 1528227030
Sun, 24 Sep 2017 17:02:06 INFO -- username: 清泉小若, id: 3821799491
Sun, 24 Sep 2017 17:02:06 INFO -- username: 东方萧落, id: 3992375309
Sun, 24 Sep 2017 17:02:06 INFO -- username: 芥末鸡尾酒, id: 1368320663
Sun, 24 Sep 2017 17:02:06 INFO -- username: 阿雷ss, id: 5174018190
Sun, 24 Sep 2017 17:02:06 INFO -- username: 77嘛哩嘛哩轰, id: 3389309112
Sun, 24 Sep 2017 17:02:06 INFO -- username: S小姐-stone, id: 5040336426
Sun, 24 Sep 2017 17:02:06 INFO -- username: 耿直的减肥少年现在是成年人, id: 2251735757
Sun, 24 Sep 2017 17:02:06 INFO -- username: 水竹sadhu, id: 1796622291
Sun, 24 Sep 2017 17:02:06 INFO -- username: 小粒粒福, id: 5628092410
Sun, 24 Sep 2017 17:02:06 INFO -- username: 流萤飞雪lbx, id: 6268170785
Sun, 24 Sep 2017 17:02:06 INFO -- username: PiPi侯·, id: 6346080895
Sun, 24 Sep 2017 17:02:06 INFO -- username: Lisa-乖, id: 2272677827
Sun, 24 Sep 2017 17:02:06 INFO -- username: Yuan元宝的源, id: 1780155981
Sun, 24 Sep 2017 17:02:06 INFO -- username: 777Heaven, id: 3317138305
Sun, 24 Sep 2017 17:02:06 INFO -- username: 玛利亚雪儿, id: 5336226140
Sun, 24 Sep 2017 17:02:06 INFO Get Page: 40
Sun, 24 Sep 2017 17:02:07 INFO -- username: 栖息98, id: 5199746390
Sun, 24 Sep 2017 17:02:07 INFO -- username: 陈浩V2016, id: 5905882110
Sun, 24 Sep 2017 17:02:07 INFO -- username: 红橘青衫, id: 5686713191
Sun, 24 Sep 2017 17:02:07 INFO -- username: 玫瑰玫瑰我是百合, id: 2502663977
Sun, 24 Sep 2017 17:02:07 INFO -- username: 不好好学习是要回家结婚的, id: 6089418819
Sun, 24 Sep 2017 17:02:07 INFO -- username: 瀔水轩主, id: 1641207351
Sun, 24 Sep 2017 17:02:07 INFO -- username: 海外升学指导, id: 1841440065
Sun, 24 Sep 2017 17:02:07 INFO -- username: Mr_Q清先生, id: 1790302973
Sun, 24 Sep 2017 17:02:07 INFO -- username: 雪諾相依, id: 1774563044
Sun, 24 Sep 2017 17:02:07 INFO -- username: 低调的小草莓002, id: 5969718630
Sun, 24 Sep 2017 17:02:07 INFO -- username: 她爱晴晴天, id: 3030183571
Sun, 24 Sep 2017 17:02:07 INFO -- username: 梦的眼泪77100, id: 5863917338
Sun, 24 Sep 2017 17:02:07 INFO -- username: 易昕1688, id: 5826329562
Sun, 24 Sep 2017 17:02:07 INFO -- username: doy逗之无敌, id: 5481299034
Sun, 24 Sep 2017 17:02:07 INFO -- username: 迷鹿w, id: 6053484701
Sun, 24 Sep 2017 17:02:07 INFO -- username: Super肖凤祥-, id: 5856256425
Sun, 24 Sep 2017 17:02:07 INFO -- username: 夙美凭笙, id: 2419833790
Sun, 24 Sep 2017 17:02:07 INFO -- username: 叶仙仙女, id: 1969244607
Sun, 24 Sep 2017 17:02:07 INFO -- username: 噜啦啦啦噜噜噜, id: 5879267315
Sun, 24 Sep 2017 17:02:07 INFO -- username: 美女孙小彩22, id: 6193325977
Sun, 24 Sep 2017 17:02:07 INFO Get Page: 41
Sun, 24 Sep 2017 17:02:07 INFO -- username: 3嗯哼3嗯哼, id: 2754480235
Sun, 24 Sep 2017 17:02:07 INFO -- username: D佳佳仔, id: 5744453871
Sun, 24 Sep 2017 17:02:07 INFO -- username: Jhui框框, id: 1733572854
Sun, 24 Sep 2017 17:02:07 INFO -- username: 唐小糖豆豆, id: 2136478173
Sun, 24 Sep 2017 17:02:07 INFO -- username: MISS__G小姐, id: 2488117762
Sun, 24 Sep 2017 17:02:07 INFO -- username: 周xiao善, id: 2984759033
Sun, 24 Sep 2017 17:02:07 INFO -- username: cici永思, id: 2179409950
Sun, 24 Sep 2017 17:02:07 INFO -- username: 520小王子的小狐狸, id: 6277332998
Sun, 24 Sep 2017 17:02:07 INFO -- username: alaskaska, id: 5309329799
Sun, 24 Sep 2017 17:02:07 INFO -- username: 梦魇之GYT男盆友, id: 5180407860
Sun, 24 Sep 2017 17:02:07 INFO -- username: 猫酱紫via, id: 5982228440
Sun, 24 Sep 2017 17:02:07 INFO -- username: 田志远1980, id: 6339073648
Sun, 24 Sep 2017 17:02:07 INFO -- username: 闫味儿, id: 1925482151
Sun, 24 Sep 2017 17:02:07 INFO -- username: 2019咪, id: 2243329651
Sun, 24 Sep 2017 17:02:07 INFO -- username: Drama_quEEn_likes_ice_cream, id: 1834652401
Sun, 24 Sep 2017 17:02:07 INFO -- username: 肥仔仔JL, id: 5591095681
Sun, 24 Sep 2017 17:02:07 INFO -- username: Zzzzzz冷暖自知, id: 1757965515
Sun, 24 Sep 2017 17:02:07 INFO -- username: shidongjie, id: 2159261414
Sun, 24 Sep 2017 17:02:07 INFO -- username: 汉慧敏, id: 3933198302
Sun, 24 Sep 2017 17:02:07 INFO -- username: 月野兔打dota, id: 5750236203
Sun, 24 Sep 2017 17:02:07 INFO Get Page: 42
Sun, 24 Sep 2017 17:02:09 INFO -- username: miffy--------wong, id: 5119672045
Sun, 24 Sep 2017 17:02:09 INFO -- username: 匠人么, id: 6315223484
Sun, 24 Sep 2017 17:02:09 INFO -- username: 只要有你的地方QQQQ, id: 2646190700
Sun, 24 Sep 2017 17:02:09 INFO -- username: 大屁沽蛋, id: 1728369993
Sun, 24 Sep 2017 17:02:09 INFO -- username: 开心雪梨s, id: 1770990897
Sun, 24 Sep 2017 17:02:09 INFO -- username: 11111111111H24, id: 5208177321
Sun, 24 Sep 2017 17:02:09 INFO -- username: 其实都没有k_, id: 3850502610
Sun, 24 Sep 2017 17:02:09 INFO -- username: 泪雨中忧伤, id: 5335474284
Sun, 24 Sep 2017 17:02:09 INFO -- username: 啊啊樂的世界, id: 5579409519
Sun, 24 Sep 2017 17:02:09 INFO -- username: _jackson和jacky, id: 3297526583
Sun, 24 Sep 2017 17:02:09 INFO -- username: baby昱, id: 1935562242
Sun, 24 Sep 2017 17:02:09 INFO -- username: 三重推荐, id: 2317817012
Sun, 24 Sep 2017 17:02:09 INFO -- username: 电影叭, id: 2423991675
Sun, 24 Sep 2017 17:02:09 INFO -- username: 奡夏小麒麟, id: 3545315421
Sun, 24 Sep 2017 17:02:09 INFO -- username: 子舰BB的一些事一些情, id: 3324722164
Sun, 24 Sep 2017 17:02:09 INFO -- username: 玉馨1116, id: 5717879850
Sun, 24 Sep 2017 17:02:09 INFO -- username: Fish芳芳, id: 1846813490
Sun, 24 Sep 2017 17:02:09 INFO -- username: 月野兔兔兔Two, id: 1913339672
Sun, 24 Sep 2017 17:02:09 INFO -- username: 保护我方江浪浪l, id: 6091156672
Sun, 24 Sep 2017 17:02:09 INFO -- username: 唯晨与谦, id: 2778125873
Sun, 24 Sep 2017 17:02:09 INFO Get Page: 43
Sun, 24 Sep 2017 17:02:10 INFO -- username: 叫我八哥好了_, id: 5727499856
Sun, 24 Sep 2017 17:02:10 INFO -- username: 易烊千玺最好的朋友, id: 5465791739
Sun, 24 Sep 2017 17:02:10 INFO -- username: 橙子柚酱, id: 1844168961
Sun, 24 Sep 2017 17:02:10 INFO -- username: 世界尽头的灵魂歌手Z, id: 6137669367
Sun, 24 Sep 2017 17:02:10 INFO -- username: 王贰拾-, id: 2793258507
Sun, 24 Sep 2017 17:02:10 INFO -- username: 王小豪大大, id: 3258018912
Sun, 24 Sep 2017 17:02:10 INFO -- username: Wlling1987, id: 2605965123
Sun, 24 Sep 2017 17:02:10 INFO -- username: 我担心动物园开连锁店, id: 6003922155
Sun, 24 Sep 2017 17:02:10 INFO -- username: 水果blingbling, id: 5822062133
Sun, 24 Sep 2017 17:02:10 INFO -- username: sharon_n_n, id: 1742741937
Sun, 24 Sep 2017 17:02:10 INFO -- username: 吉他之乡, id: 2483615507
Sun, 24 Sep 2017 17:02:10 INFO -- username: 精彩赛Sir, id: 2007476867
Sun, 24 Sep 2017 17:02:10 INFO -- username: Snow_0229, id: 6165884408
Sun, 24 Sep 2017 17:02:10 INFO -- username: 懒蛋lilith, id: 1841504883
Sun, 24 Sep 2017 17:02:10 INFO -- username: 黃智楌丶, id: 1772022593
Sun, 24 Sep 2017 17:02:10 INFO -- username: 走的不夠專注, id: 1752781724
Sun, 24 Sep 2017 17:02:10 INFO -- username: 大淼miro, id: 3182541092
Sun, 24 Sep 2017 17:02:10 INFO -- username: DIDIAO-SHEHUA, id: 2023077331
Sun, 24 Sep 2017 17:02:10 INFO -- username: __________________沙琪玛, id: 1606382682
Sun, 24 Sep 2017 17:02:10 INFO -- username: 潇氵西人生YXR, id: 5239190380
Sun, 24 Sep 2017 17:02:10 INFO Get Page: 44
Sun, 24 Sep 2017 17:02:11 INFO -- username: 晴朗为何还躲猫猫, id: 5357649140
Sun, 24 Sep 2017 17:02:11 INFO -- username: Kkkkk婷, id: 3298088835
Sun, 24 Sep 2017 17:02:11 INFO -- username: o_biubiubiubiubiu, id: 2687122471
Sun, 24 Sep 2017 17:02:11 INFO -- username: Hathaway00Tiny, id: 2170844530
Sun, 24 Sep 2017 17:02:11 INFO -- username: 一横一竖加五撇, id: 2038612333
Sun, 24 Sep 2017 17:02:11 INFO -- username: 小丸子MM_, id: 2141396531
Sun, 24 Sep 2017 17:02:11 INFO -- username: 阿酱的减肥日记, id: 6032387365
Sun, 24 Sep 2017 17:02:11 INFO -- username: 泳CheunG, id: 1843713292
Sun, 24 Sep 2017 17:02:11 INFO -- username: 十月Octoberlive, id: 5124346801
Sun, 24 Sep 2017 17:02:11 INFO -- username: M-yu遇见相遇预见, id: 2107537500
Sun, 24 Sep 2017 17:02:11 INFO -- username: 泽悦1114, id: 5150101333
Sun, 24 Sep 2017 17:02:11 INFO -- username: DD无心小妖, id: 5534492376
Sun, 24 Sep 2017 17:02:11 INFO -- username: 姣儿哥, id: 2065659373
Sun, 24 Sep 2017 17:02:11 INFO -- username: 来一罐蓝牛, id: 5230977744
Sun, 24 Sep 2017 17:02:11 INFO -- username: 非要改名的zzl, id: 2806095815
Sun, 24 Sep 2017 17:02:11 INFO -- username: FRADYLEE, id: 1821153443
Sun, 24 Sep 2017 17:02:11 INFO -- username: 脸大人好, id: 5297286378
Sun, 24 Sep 2017 17:02:11 INFO -- username: KimiW5, id: 3924149321
Sun, 24 Sep 2017 17:02:11 INFO -- username: 朱巧云y, id: 2663024131
Sun, 24 Sep 2017 17:02:11 INFO -- username: 哈哈哈哈gou, id: 2676289777
Sun, 24 Sep 2017 17:02:11 INFO Get Page: 45
Sun, 24 Sep 2017 17:02:12 INFO -- username: 阿秋阿秋打了个喷嚏, id: 3174357323
Sun, 24 Sep 2017 17:02:12 INFO -- username: 姚轶柔, id: 3813120775
Sun, 24 Sep 2017 17:02:12 INFO -- username: zcz四洒, id: 2456298593
Sun, 24 Sep 2017 17:02:12 INFO -- username: RU敏华, id: 2250399652
Sun, 24 Sep 2017 17:02:12 INFO -- username: 小侯子53, id: 5660806053
Sun, 24 Sep 2017 17:02:12 INFO -- username: 那姓-张啥的, id: 3984057438
Sun, 24 Sep 2017 17:02:12 INFO -- username: 呆哥丶Confucius, id: 1836598295
Sun, 24 Sep 2017 17:02:12 INFO -- username: 唐僧洗头爱飘柔啊哈, id: 5499899825
Sun, 24 Sep 2017 17:02:12 INFO -- username: 双鱼啊静88-88, id: 5289597640
Sun, 24 Sep 2017 17:02:12 INFO -- username: 御姐poin900, id: 5621225668
Sun, 24 Sep 2017 17:02:12 INFO -- username: 用户5310166411, id: 5310166411
Sun, 24 Sep 2017 17:02:12 INFO -- username: BlairLee李蓓贝, id: 1931652493
Sun, 24 Sep 2017 17:02:12 INFO -- username: tersus, id: 2270858343
Sun, 24 Sep 2017 17:02:12 INFO -- username: ___松松Plus, id: 1870544760
Sun, 24 Sep 2017 17:02:12 INFO -- username: 土豆米饭大白菜, id: 5321451712
Sun, 24 Sep 2017 17:02:12 INFO -- username: ________滚94468, id: 6072667671
Sun, 24 Sep 2017 17:02:12 INFO -- username: 蔡军100, id: 1663608435
Sun, 24 Sep 2017 17:02:12 INFO -- username: 汤214214, id: 6056345808
Sun, 24 Sep 2017 17:02:12 INFO -- username: 用户6113341587, id: 6113341587
Sun, 24 Sep 2017 17:02:12 INFO -- username: 菲儿ri, id: 5860088366
Sun, 24 Sep 2017 17:02:12 INFO Get Page: 46
Sun, 24 Sep 2017 17:02:13 INFO -- username: Leeyc_Alin, id: 2871070062
Sun, 24 Sep 2017 17:02:13 INFO -- username: 木子曦光, id: 5595682952
Sun, 24 Sep 2017 17:02:13 INFO -- username: XXXx16660, id: 5846524831
Sun, 24 Sep 2017 17:02:13 INFO -- username: 穿着平底鞋走自己的路, id: 6337612560
Sun, 24 Sep 2017 17:02:13 INFO -- username: 小蓝2016毕业啦, id: 1747925651
Sun, 24 Sep 2017 17:02:13 INFO -- username: 我就是安静的美女子, id: 6028784917
Sun, 24 Sep 2017 17:02:13 INFO -- username: 蘑筱菇茨哒哒哒哒, id: 1829755052
Sun, 24 Sep 2017 17:02:13 INFO -- username: 我哪是什么圣人, id: 2313930065
Sun, 24 Sep 2017 17:02:13 INFO -- username: 柯莫默, id: 5635709845
Sun, 24 Sep 2017 17:02:13 INFO -- username: 杜喜庆-, id: 5136877904
Sun, 24 Sep 2017 17:02:13 INFO -- username: 杨羊阳77, id: 2418013775
Sun, 24 Sep 2017 17:02:13 INFO -- username: Judy任阿娇, id: 1785392914
Sun, 24 Sep 2017 17:02:13 INFO -- username: 乔克1874, id: 2338018395
Sun, 24 Sep 2017 17:02:13 INFO -- username: ccircus_, id: 3930178268
Sun, 24 Sep 2017 17:02:13 INFO -- username: 系or提, id: 1957212575
Sun, 24 Sep 2017 17:02:13 INFO -- username: 黄yx__, id: 5677342953
Sun, 24 Sep 2017 17:02:13 INFO -- username: 几斗小姐, id: 5458667399
Sun, 24 Sep 2017 17:02:13 INFO -- username: 讲道理的尚大仁, id: 2000353385
Sun, 24 Sep 2017 17:02:13 INFO -- username: 苗禾页, id: 5994966461
Sun, 24 Sep 2017 17:02:13 INFO -- username: 路天--, id: 2513625720
Sun, 24 Sep 2017 17:02:13 INFO Get Page: 47
Sun, 24 Sep 2017 17:02:15 INFO -- username: 吴HongDan, id: 5599646744
Sun, 24 Sep 2017 17:02:15 INFO -- username: Emma修炼内功中, id: 3278184175
Sun, 24 Sep 2017 17:02:15 INFO -- username: 就不愿意透露姓名的曼联名宿, id: 3090633737
Sun, 24 Sep 2017 17:02:15 INFO -- username: 小姨妈dabai, id: 2388735801
Sun, 24 Sep 2017 17:02:15 INFO -- username: POLYSE, id: 1817693050
Sun, 24 Sep 2017 17:02:15 INFO -- username: 师傅先睡了, id: 5680166067
Sun, 24 Sep 2017 17:02:15 INFO -- username: STUFF-, id: 3228694173
Sun, 24 Sep 2017 17:02:15 INFO -- username: -ROKIBUN, id: 5711380665
Sun, 24 Sep 2017 17:02:15 INFO -- username: dandelion--lyt, id: 1783898582
Sun, 24 Sep 2017 17:02:15 INFO -- username: 兰恢恢, id: 1648868150
Sun, 24 Sep 2017 17:02:15 INFO -- username: Taflly, id: 5242011402
Sun, 24 Sep 2017 17:02:15 INFO -- username: LYUAN_6Y, id: 1905501663
Sun, 24 Sep 2017 17:02:15 INFO -- username: 麻麻花花儿, id: 2806226000
Sun, 24 Sep 2017 17:02:15 INFO -- username: babyweiflower, id: 5662241453
Sun, 24 Sep 2017 17:02:15 INFO -- username: 湖南农业大学新媒体中心栏目部, id: 5628341018
Sun, 24 Sep 2017 17:02:15 INFO -- username: 濮宜茹, id: 2302052990
Sun, 24 Sep 2017 17:02:15 INFO -- username: Babybaby佳佳, id: 5328902381
Sun, 24 Sep 2017 17:02:15 INFO -- username: 亜FAN, id: 1783933611
Sun, 24 Sep 2017 17:02:15 INFO -- username: 名字都被注册这, id: 2949254580
Sun, 24 Sep 2017 17:02:15 INFO -- username: 乐在其中1719, id: 5826379171
Sun, 24 Sep 2017 17:02:15 INFO Get Page: 48
Sun, 24 Sep 2017 17:02:16 INFO -- username: 没有唯一只有不二, id: 2497793560
Sun, 24 Sep 2017 17:02:16 INFO -- username: 创恋空间--caitin, id: 2313702500
Sun, 24 Sep 2017 17:02:16 INFO -- username: hialiba, id: 2530794854
Sun, 24 Sep 2017 17:02:16 INFO -- username: 黄云皓小蟑螂呀, id: 5314637692
Sun, 24 Sep 2017 17:02:16 INFO -- username: 思思媄, id: 3822154812
Sun, 24 Sep 2017 17:02:16 INFO -- username: 包小先, id: 5447852828
Sun, 24 Sep 2017 17:02:16 INFO -- username: 薄荷少女暖夕夏25534, id: 6075387781
Sun, 24 Sep 2017 17:02:16 INFO -- username: 严钰非常可爱, id: 5824468033
Sun, 24 Sep 2017 17:02:16 INFO -- username: 婉颐敲敲, id: 5398375278
Sun, 24 Sep 2017 17:02:16 INFO -- username: 艺安-, id: 1934133355
Sun, 24 Sep 2017 17:02:16 INFO -- username: 开始减肥的小张, id: 3127631225
Sun, 24 Sep 2017 17:02:16 INFO -- username: 用户6331865279, id: 6331865279
Sun, 24 Sep 2017 17:02:16 INFO -- username: 楼下卖韭菜饼的流氓, id: 2009244881
Sun, 24 Sep 2017 17:02:16 INFO -- username: 草水函涵, id: 5638749190
Sun, 24 Sep 2017 17:02:16 INFO -- username: 摩洛哥小小王子, id: 5416770271
Sun, 24 Sep 2017 17:02:16 INFO -- username: 微商传媒全球招募, id: 3834880096
Sun, 24 Sep 2017 17:02:16 INFO -- username: 妮妮是个肉肉, id: 1811091640
Sun, 24 Sep 2017 17:02:16 INFO -- username: 搞设计的门门, id: 5736411527
Sun, 24 Sep 2017 17:02:16 INFO -- username: 清新璞玉, id: 1962085735
Sun, 24 Sep 2017 17:02:16 INFO -- username: 用户6189997014, id: 6189997014
Sun, 24 Sep 2017 17:02:16 INFO Get Page: 49
Sun, 24 Sep 2017 17:02:17 INFO -- username: 黄传思, id: 5627016441
Sun, 24 Sep 2017 17:02:17 INFO -- username: 疯狂shi界, id: 3721759773
Sun, 24 Sep 2017 17:02:17 INFO -- username: 海风掠过了北极光, id: 5902192164
Sun, 24 Sep 2017 17:02:17 INFO -- username: Jupiter安, id: 3182627284
Sun, 24 Sep 2017 17:02:17 INFO -- username: 向我的想梦前进, id: 5374124261
Sun, 24 Sep 2017 17:02:17 INFO -- username: 谭冉哼唧, id: 2003800465
Sun, 24 Sep 2017 17:02:17 INFO -- username: sandy_H, id: 1789880007
Sun, 24 Sep 2017 17:02:17 INFO -- username: 爱_无悔, id: 5968544490
Sun, 24 Sep 2017 17:02:17 INFO -- username: 风萧萧兮zj, id: 5932756564
Sun, 24 Sep 2017 17:02:17 INFO -- username: 呜啦呜啦啦啦-, id: 5139494606
Sun, 24 Sep 2017 17:02:17 INFO -- username: 李旭啦啦, id: 5518019835
Sun, 24 Sep 2017 17:02:17 INFO -- username: 王凌冶Athena, id: 3890245837
Sun, 24 Sep 2017 17:02:17 INFO -- username: kiko的糖果盒子, id: 1778828592
Sun, 24 Sep 2017 17:02:17 INFO -- username: 木上鹿子LLL, id: 5627464146
Sun, 24 Sep 2017 17:02:17 INFO -- username: Hello-Liar, id: 2385106757
Sun, 24 Sep 2017 17:02:17 INFO -- username: 元气少女悦芽, id: 5386929597
Sun, 24 Sep 2017 17:02:17 INFO -- username: 颜喵喵YANlujie, id: 6063348228
Sun, 24 Sep 2017 17:02:17 INFO -- username: 混世魔王wuil, id: 6031480163
Sun, 24 Sep 2017 17:02:17 INFO -- username: Destiny_iu, id: 3738550975
Sun, 24 Sep 2017 17:02:17 INFO -- username: 小麦色1023, id: 3551117167
Sun, 24 Sep 2017 17:02:17 INFO Get Page: 50
Sun, 24 Sep 2017 17:02:18 INFO -- username: 欢乐多kitty, id: 3952898065
Sun, 24 Sep 2017 17:02:18 INFO -- username: V5白小白, id: 1709148302
Sun, 24 Sep 2017 17:02:18 INFO -- username: 丘刺了山的青, id: 1835577507
Sun, 24 Sep 2017 17:02:18 INFO -- username: 兮12251002, id: 5309777967
Sun, 24 Sep 2017 17:02:18 INFO -- username: 似曾x, id: 3831665123
Sun, 24 Sep 2017 17:02:18 INFO -- username: da竹zhi, id: 5175681373
Sun, 24 Sep 2017 17:02:18 INFO -- username: 当麻201606, id: 5953362362
Sun, 24 Sep 2017 17:02:18 INFO -- username: L_Jodith, id: 3192070863
Sun, 24 Sep 2017 17:02:18 INFO -- username: 宠儿的头像馆, id: 6144612330
Sun, 24 Sep 2017 17:02:18 INFO -- username: 太阳-Su, id: 5651152080
Sun, 24 Sep 2017 17:02:18 INFO -- username: 宏森i, id: 5054307384
Sun, 24 Sep 2017 17:02:18 INFO -- username: 太阳3134254570, id: 3134254570
Sun, 24 Sep 2017 17:02:18 INFO -- username: 流灵蓝, id: 3320460864
Sun, 24 Sep 2017 17:02:18 INFO -- username: 木木家大妹, id: 5902632257
Sun, 24 Sep 2017 17:02:18 INFO -- username: 薛之谦的小迷妹Hero, id: 5386802625
Sun, 24 Sep 2017 17:02:18 INFO -- username: 肆玖城西, id: 3850624361
Sun, 24 Sep 2017 17:02:18 INFO -- username: 脆皮_花生, id: 2965857273
Sun, 24 Sep 2017 17:02:18 INFO -- username: 91iHWLG, id: 6021084319
Sun, 24 Sep 2017 17:02:18 INFO -- username: 白裙当初, id: 5656085611
Sun, 24 Sep 2017 17:02:18 INFO -- username: Liyan-Cao, id: 5392448927
