Sun, 24 Sep 2017 13:47:13 INFO Get char: 珰
Sun, 24 Sep 2017 13:47:17 INFO Get char: 珲
Sun, 24 Sep 2017 13:47:18 INFO Get char: 珵
Sun, 24 Sep 2017 13:47:18 INFO Get char: 珷
Sun, 24 Sep 2017 13:47:19 INFO Get char: 珸
Sun, 24 Sep 2017 13:47:19 INFO Get char: 珹
Sun, 24 Sep 2017 13:47:20 INFO Get char: 珺
Sun, 24 Sep 2017 13:47:21 INFO Get char: 珽
Sun, 24 Sep 2017 13:47:21 INFO Get char: 琀
Sun, 24 Sep 2017 13:47:22 INFO Get char: 球
Sun, 24 Sep 2017 13:47:23 INFO -- username: 微商传媒全球招募, id: 3834880096
Sun, 24 Sep 2017 13:47:23 INFO -- username: 微商传媒全球招募, id: 3834880096
Sun, 24 Sep 2017 13:47:23 INFO Get char: 琄
Sun, 24 Sep 2017 13:47:24 INFO Get char: 琅
Sun, 24 Sep 2017 13:47:24 INFO Get char: 理
Sun, 24 Sep 2017 13:47:25 INFO -- username: 讲道理的尚大仁, id: 2000353385
Sun, 24 Sep 2017 13:47:25 INFO -- username: 黑暗料理鸡汤婊, id: 1817813385
Sun, 24 Sep 2017 13:47:25 INFO -- username: Juzi免费招衣服代理女装代理, id: 1007779192
Sun, 24 Sep 2017 13:47:25 INFO -- username: Juzi免费招衣服代理女装代理, id: 1007779192
Sun, 24 Sep 2017 13:47:25 INFO Get char: 琇
Sun, 24 Sep 2017 13:47:26 INFO Get char: 琈
Sun, 24 Sep 2017 13:47:27 INFO Get char: 琉
Sun, 24 Sep 2017 13:47:27 INFO Get char: 琊
Sun, 24 Sep 2017 13:47:28 INFO Get char: 琎
Sun, 24 Sep 2017 13:47:29 INFO Get char: 琏
Sun, 24 Sep 2017 13:47:30 INFO Get char: 琐
Sun, 24 Sep 2017 13:47:31 INFO Get char: 琔
Sun, 24 Sep 2017 13:47:31 INFO Get char: 琚
Sun, 24 Sep 2017 13:47:32 INFO Get char: 琛
Sun, 24 Sep 2017 13:47:33 INFO Get char: 琟
Sun, 24 Sep 2017 13:47:34 INFO Get char: 琡
Sun, 24 Sep 2017 13:47:34 INFO Get char: 琢
Sun, 24 Sep 2017 13:47:35 INFO Get char: 琤
Sun, 24 Sep 2017 13:47:36 INFO Get char: 琥
Sun, 24 Sep 2017 13:47:36 INFO Get char: 琦
Sun, 24 Sep 2017 13:47:38 INFO -- username: 琦31856, id: 5847638656
Sun, 24 Sep 2017 13:47:38 INFO -- username: 刘雅琦lyq, id: 5032000384
Sun, 24 Sep 2017 13:47:38 INFO -- username: 严竣琦Jimky, id: 5470184733
Sun, 24 Sep 2017 13:47:38 INFO -- username: 萌妹子大琦琦, id: 6367020641
Sun, 24 Sep 2017 13:47:38 INFO -- username: 萌妹子大琦琦, id: 6367020641
Sun, 24 Sep 2017 13:47:38 INFO Get char: 琨
Sun, 24 Sep 2017 13:47:38 INFO Get char: 琪
Sun, 24 Sep 2017 13:47:39 INFO -- username: AnQi王安琪, id: 1757477043
Sun, 24 Sep 2017 13:47:39 INFO -- username: lavender丶琪, id: 2961469094
Sun, 24 Sep 2017 13:47:39 INFO -- username: LuckyBaby佳琪6002, id: 2019797735
Sun, 24 Sep 2017 13:47:39 INFO -- username: __________________沙琪玛, id: 1606382682
Sun, 24 Sep 2017 13:47:39 INFO -- username: __________________沙琪玛, id: 1606382682
Sun, 24 Sep 2017 13:47:39 INFO Get char: 琫
Sun, 24 Sep 2017 13:47:40 INFO Get char: 琬
Sun, 24 Sep 2017 13:47:41 INFO Get char: 琭
Sun, 24 Sep 2017 13:47:42 INFO Get char: 琮
Sun, 24 Sep 2017 13:47:43 INFO Get char: 琯
Sun, 24 Sep 2017 13:47:43 INFO Get char: 琰
Sun, 24 Sep 2017 13:47:44 INFO Get char: 琲
Sun, 24 Sep 2017 13:47:45 INFO Get char: 琳
Sun, 24 Sep 2017 13:47:46 INFO -- username: 蒙奇D琳201702, id: 6136567152
Sun, 24 Sep 2017 13:47:46 INFO -- username: 蒙奇D琳201702, id: 6136567152
Sun, 24 Sep 2017 13:47:46 INFO Get char: 琴
Sun, 24 Sep 2017 13:47:47 INFO -- username: 琴笙歌笙乐笙笙, id: 2565940722
Sun, 24 Sep 2017 13:47:47 INFO -- username: 康格多山路, id: 2827855931
Sun, 24 Sep 2017 13:47:47 INFO -- username: 一傾風雪一流年-琴師小萱, id: 2612176945
Sun, 24 Sep 2017 13:47:47 INFO -- username: 一傾風雪一流年-琴師小萱, id: 2612176945
Sun, 24 Sep 2017 13:47:47 INFO Get char: 琵
Sun, 24 Sep 2017 13:47:48 INFO Get char: 琶
Sun, 24 Sep 2017 13:47:48 INFO Get char: 琼
Sun, 24 Sep 2017 13:47:49 INFO Get char: 瑀
Sun, 24 Sep 2017 13:47:49 INFO Get char: 瑁
Sun, 24 Sep 2017 13:47:50 INFO Get char: 瑂
Sun, 24 Sep 2017 13:47:51 INFO Get char: 瑃
Sun, 24 Sep 2017 13:47:51 INFO Get char: 瑄
Sun, 24 Sep 2017 13:47:52 INFO Get char: 瑅
Sun, 24 Sep 2017 13:47:52 INFO Get char: 瑆
Sun, 24 Sep 2017 13:47:53 INFO Get char: 瑑
Sun, 24 Sep 2017 13:47:54 INFO Get char: 瑓
Sun, 24 Sep 2017 13:47:54 INFO Get char: 瑔
Sun, 24 Sep 2017 13:47:55 INFO Get char: 瑕
Sun, 24 Sep 2017 13:47:56 INFO Get char: 瑖
Sun, 24 Sep 2017 13:47:56 INFO Get char: 瑗
Sun, 24 Sep 2017 13:47:57 INFO Get char: 瑙
Sun, 24 Sep 2017 13:47:58 INFO Get char: 瑚
Sun, 24 Sep 2017 13:47:58 INFO Get char: 瑛
Sun, 24 Sep 2017 13:48:00 INFO -- username: 莉瑛, id: 1727312510
Sun, 24 Sep 2017 13:48:00 INFO -- username: 莉瑛, id: 1727312510
Sun, 24 Sep 2017 13:48:00 INFO Get char: 瑜
Sun, 24 Sep 2017 13:48:00 INFO Get char: 瑝
Sun, 24 Sep 2017 13:48:01 INFO Get char: 瑞
Sun, 24 Sep 2017 13:48:02 INFO -- username: 瑞恩妈妈的私藏酒窖, id: 2934607491
Sun, 24 Sep 2017 13:48:02 INFO -- username: 知行合一丨苏瑞, id: 2975997964
Sun, 24 Sep 2017 13:48:02 INFO -- username: 知行合一丨苏瑞, id: 2975997964
Sun, 24 Sep 2017 13:48:02 INFO Get char: 瑟
Sun, 24 Sep 2017 13:48:03 INFO Get char: 瑢
Sun, 24 Sep 2017 13:48:04 INFO Get char: 瑧
Sun, 24 Sep 2017 13:48:05 INFO Get char: 瑨
Sun, 24 Sep 2017 13:48:05 INFO Get char: 瑬
Sun, 24 Sep 2017 13:48:06 INFO Get char: 瑭
Sun, 24 Sep 2017 13:48:06 INFO Get char: 瑰
Sun, 24 Sep 2017 13:48:07 INFO -- username: 玫瑰玫瑰我是百合, id: 2502663977
Sun, 24 Sep 2017 13:48:07 INFO -- username: 玫瑰玫瑰我是百合, id: 2502663977
Sun, 24 Sep 2017 13:48:07 INFO Get char: 瑱
Sun, 24 Sep 2017 13:48:08 INFO Get char: 瑳
Sun, 24 Sep 2017 13:48:09 INFO Get char: 瑶
Sun, 24 Sep 2017 13:48:10 INFO Get char: 瑷
Sun, 24 Sep 2017 13:48:10 INFO Get char: 瑾
Sun, 24 Sep 2017 13:48:11 INFO -- username: 依瑾花开uy, id: 2731767040
Sun, 24 Sep 2017 13:48:11 INFO -- username: 依瑾花开uy, id: 2731767040
Sun, 24 Sep 2017 13:48:11 INFO Get char: 璀
Sun, 24 Sep 2017 13:48:12 INFO Get char: 璁
Sun, 24 Sep 2017 13:48:12 INFO Get char: 璃
Sun, 24 Sep 2017 13:48:13 INFO Get char: 璆
Sun, 24 Sep 2017 13:48:14 INFO Get char: 璇
Sun, 24 Sep 2017 13:48:16 INFO -- username: 朵咩咩baby王艺璇, id: 5778904290
Sun, 24 Sep 2017 13:48:16 INFO -- username: 朵咩咩baby王艺璇, id: 5778904290
Sun, 24 Sep 2017 13:48:16 INFO Get char: 璈
Sun, 24 Sep 2017 13:48:16 INFO Get char: 璋
Sun, 24 Sep 2017 13:48:17 INFO Get char: 璎
Sun, 24 Sep 2017 13:48:17 INFO Get char: 璐
Sun, 24 Sep 2017 13:48:18 INFO Get char: 璒
Sun, 24 Sep 2017 13:48:18 INFO Get char: 璘
Sun, 24 Sep 2017 13:48:19 INFO Get char: 璜
Sun, 24 Sep 2017 13:48:19 INFO Get char: 璞
Sun, 24 Sep 2017 13:48:21 INFO -- username: 清新璞玉, id: 1962085735
Sun, 24 Sep 2017 13:48:21 INFO -- username: 清新璞玉, id: 1962085735
Sun, 24 Sep 2017 13:48:21 INFO Get char: 璟
Sun, 24 Sep 2017 13:48:22 INFO Get char: 璠
Sun, 24 Sep 2017 13:48:22 INFO Get char: 璥
Sun, 24 Sep 2017 13:48:23 INFO Get char: 璧
Sun, 24 Sep 2017 13:48:23 INFO Get char: 璨
Sun, 24 Sep 2017 13:48:24 INFO Get char: 璩
Sun, 24 Sep 2017 13:48:24 INFO Get char: 璪
Sun, 24 Sep 2017 13:48:25 INFO Get char: 璬
Sun, 24 Sep 2017 13:48:25 INFO Get char: 璮
Sun, 24 Sep 2017 13:48:26 INFO Get char: 璱
Sun, 24 Sep 2017 13:48:26 INFO Get char: 璲
Sun, 24 Sep 2017 13:48:27 INFO Get char: 璺
Sun, 24 Sep 2017 13:48:27 INFO Get char: 瓀
Sun, 24 Sep 2017 13:48:28 INFO Get char: 瓒
Sun, 24 Sep 2017 13:48:29 INFO Get char: 瓖
Sun, 24 Sep 2017 13:48:29 INFO Get char: 瓘
Sun, 24 Sep 2017 13:48:30 INFO Get char: 瓜
Sun, 24 Sep 2017 13:48:31 INFO -- username: 西瓜味Yang静, id: 6351823798
Sun, 24 Sep 2017 13:48:31 INFO -- username: 南瓜马车车车, id: 2994654522
Sun, 24 Sep 2017 13:48:31 INFO -- username: 南瓜马车车车, id: 2994654522
Sun, 24 Sep 2017 13:48:31 INFO Get char: 瓞
Sun, 24 Sep 2017 13:48:31 INFO Get char: 瓠
Sun, 24 Sep 2017 13:48:32 INFO Get char: 瓢
Sun, 24 Sep 2017 13:48:32 INFO Get char: 瓣
Sun, 24 Sep 2017 13:48:33 INFO Get char: 瓤
Sun, 24 Sep 2017 13:48:34 INFO Get char: 瓦
Sun, 24 Sep 2017 13:48:35 INFO -- username: 萨瓦尔斯, id: 2809865057
Sun, 24 Sep 2017 13:48:35 INFO -- username: 萨瓦尔斯, id: 2809865057
Sun, 24 Sep 2017 13:48:35 INFO Get char: 瓮
Sun, 24 Sep 2017 13:48:36 INFO Get char: 瓯
Sun, 24 Sep 2017 13:48:37 INFO Get char: 瓴
Sun, 24 Sep 2017 13:48:38 INFO Get char: 瓶
Sun, 24 Sep 2017 13:48:39 INFO -- username: 水瓶座的秦时明月, id: 5364291143
Sun, 24 Sep 2017 13:48:39 INFO -- username: 水瓶座的秦时明月, id: 5364291143
Sun, 24 Sep 2017 13:48:39 INFO Get char: 瓷
Sun, 24 Sep 2017 13:48:39 INFO Get char: 瓻
Sun, 24 Sep 2017 13:48:40 INFO Get char: 瓿
Sun, 24 Sep 2017 13:48:40 INFO Get char: 甄
Sun, 24 Sep 2017 13:48:41 INFO Get char: 甍
Sun, 24 Sep 2017 13:48:41 INFO Get char: 甏
Sun, 24 Sep 2017 13:48:42 INFO Get char: 甑
Sun, 24 Sep 2017 13:48:42 INFO Get char: 甓
Sun, 24 Sep 2017 13:48:43 INFO Get char: 甗
Sun, 24 Sep 2017 13:48:44 INFO Get char: 甘
Sun, 24 Sep 2017 13:48:45 INFO -- username: 小甘哈哈, id: 5358179044
Sun, 24 Sep 2017 13:48:45 INFO -- username: 小甘哈哈, id: 5358179044
Sun, 24 Sep 2017 13:48:45 INFO Get char: 甚
Sun, 24 Sep 2017 13:48:45 INFO Get char: 甜
Sun, 24 Sep 2017 13:48:48 INFO -- username: 甜甜圈-M, id: 1635933834
Sun, 24 Sep 2017 13:48:48 INFO -- username: 大甜甜2015, id: 2276659213
Sun, 24 Sep 2017 13:48:48 INFO -- username: 芒果很甜长得酸, id: 5351754275
Sun, 24 Sep 2017 13:48:48 INFO -- username: 芒果很甜长得酸, id: 5351754275
Sun, 24 Sep 2017 13:48:48 INFO Get char: 生
Sun, 24 Sep 2017 13:48:50 INFO -- username: 我是小小吴先生, id: 2535447561
Sun, 24 Sep 2017 13:48:50 INFO -- username: 他们叫我陈先生200, id: 6053314477
Sun, 24 Sep 2017 13:48:50 INFO -- username: 吾生wl, id: 5195731913
Sun, 24 Sep 2017 13:48:50 INFO -- username: m生如夏花6120, id: 5674010483
Sun, 24 Sep 2017 13:48:50 INFO -- username: a爱生活爱大博, id: 2112648463
Sun, 24 Sep 2017 13:48:50 INFO -- username: 1v先生, id: 2157003460
Sun, 24 Sep 2017 13:48:50 INFO -- username: 白訂先生, id: 5684645120
Sun, 24 Sep 2017 13:48:50 INFO -- username: 脆皮_花生, id: 2965857273
Sun, 24 Sep 2017 13:48:50 INFO -- username: 不丂仆先生, id: 5092526999
Sun, 24 Sep 2017 13:48:50 INFO -- username: 潇氵西人生YXR, id: 5239190380
Sun, 24 Sep 2017 13:48:50 INFO -- username: 小张张张爱生活, id: 6310205937
Sun, 24 Sep 2017 13:48:50 INFO -- username: Mr_Q清先生, id: 1790302973
Sun, 24 Sep 2017 13:48:50 INFO -- username: 爬格子的臭书生-azhen, id: 3362614872
Sun, 24 Sep 2017 13:48:50 INFO -- username: 加菲猫之荒岛重生, id: 3046243015
Sun, 24 Sep 2017 13:48:50 INFO -- username: 77小姐和她的先生, id: 5389872821
Sun, 24 Sep 2017 13:48:50 INFO -- username: 77小姐和她的先生, id: 5389872821
Sun, 24 Sep 2017 13:48:50 INFO Get char: 甡
Sun, 24 Sep 2017 13:48:51 INFO Get char: 甥
Sun, 24 Sep 2017 13:48:51 INFO Get char: 甦
Sun, 24 Sep 2017 13:48:52 INFO -- username: 知行合一丨苏瑞, id: 2975997964
Sun, 24 Sep 2017 13:48:52 INFO -- username: 等待苏醒的沉默, id: 3758913673
Sun, 24 Sep 2017 13:48:52 INFO -- username: Lily苏噢, id: 1756365741
Sun, 24 Sep 2017 13:48:52 INFO -- username: 双子座的苏苏1920, id: 6351975623
Sun, 24 Sep 2017 13:48:52 INFO -- username: oTina米苏, id: 3140652713
Sun, 24 Sep 2017 13:48:52 INFO -- username: 五2222是苏苏, id: 2520293545
Sun, 24 Sep 2017 13:48:52 INFO -- username: 五2222是苏苏, id: 2520293545
Sun, 24 Sep 2017 13:48:52 INFO Get char: 用
Sun, 24 Sep 2017 13:48:55 INFO -- username: 用户5761427448, id: 5761427448
Sun, 24 Sep 2017 13:48:55 INFO -- username: 用户6278184885, id: 6278184885
Sun, 24 Sep 2017 13:48:55 INFO -- username: 用户6366819043, id: 6366819043
Sun, 24 Sep 2017 13:48:55 INFO -- username: 用户5509116166, id: 5509116166
Sun, 24 Sep 2017 13:48:55 INFO -- username: 用户6372948166, id: 6372948166
Sun, 24 Sep 2017 13:48:55 INFO -- username: 用户6322911365, id: 6322911365
Sun, 24 Sep 2017 13:48:55 INFO -- username: 用户5700880403, id: 5700880403
Sun, 24 Sep 2017 13:48:55 INFO -- username: 用户6323435858, id: 6323435858
Sun, 24 Sep 2017 13:48:55 INFO -- username: 用户6068298177, id: 6068298177
Sun, 24 Sep 2017 13:48:55 INFO -- username: 用户6093744498, id: 6093744498
Sun, 24 Sep 2017 13:48:55 INFO -- username: 用户5310166411, id: 5310166411
Sun, 24 Sep 2017 13:48:55 INFO -- username: 用户5856334423, id: 5856334423
Sun, 24 Sep 2017 13:48:55 INFO -- username: 用户5645094500, id: 5645094500
Sun, 24 Sep 2017 13:48:55 INFO -- username: 用户5869680022, id: 5869680022
Sun, 24 Sep 2017 13:48:55 INFO -- username: 是米鹿呦, id: 5898545385
Sun, 24 Sep 2017 13:48:55 INFO -- username: 用户5192272664, id: 5192272664
Sun, 24 Sep 2017 13:48:55 INFO -- username: 用户6364531877, id: 6364531877
Sun, 24 Sep 2017 13:48:55 INFO -- username: 用户6373367310, id: 6373367310
Sun, 24 Sep 2017 13:48:55 INFO -- username: 用户6070157079, id: 6070157079
Sun, 24 Sep 2017 13:48:55 INFO -- username: 用户6185015879, id: 6185015879
Sun, 24 Sep 2017 13:48:55 INFO -- username: 用户6364500278, id: 6364500278
Sun, 24 Sep 2017 13:48:55 INFO -- username: 用户5352878520, id: 5352878520
Sun, 24 Sep 2017 13:48:55 INFO -- username: 用户6336300520, id: 6336300520
Sun, 24 Sep 2017 13:48:55 INFO -- username: 用户5823626449, id: 5823626449
Sun, 24 Sep 2017 13:48:55 INFO -- username: 用户5635098920, id: 5635098920
Sun, 24 Sep 2017 13:48:55 INFO -- username: 用户6025016123, id: 6025016123
Sun, 24 Sep 2017 13:48:55 INFO -- username: 用户6352535004, id: 6352535004
Sun, 24 Sep 2017 13:48:55 INFO -- username: 用户5397111488, id: 5397111488
Sun, 24 Sep 2017 13:48:55 INFO -- username: 用户6369010282, id: 6369010282
Sun, 24 Sep 2017 13:48:55 INFO -- username: 用户6189997014, id: 6189997014
Sun, 24 Sep 2017 13:48:55 INFO -- username: 用户5424525971, id: 5424525971
Sun, 24 Sep 2017 13:48:55 INFO -- username: 用户6100462854, id: 6100462854
Sun, 24 Sep 2017 13:48:55 INFO -- username: 用户6365035974, id: 6365035974
Sun, 24 Sep 2017 13:48:55 INFO -- username: 用户6152111901, id: 6152111901
Sun, 24 Sep 2017 13:48:55 INFO -- username: 用户5387367341, id: 5387367341
Sun, 24 Sep 2017 13:48:55 INFO -- username: 用户3607491420, id: 3607491420
Sun, 24 Sep 2017 13:48:55 INFO -- username: 用户5482455509, id: 5482455509
Sun, 24 Sep 2017 13:48:55 INFO -- username: 用户83va9mcnmw, id: 2218283583
Sun, 24 Sep 2017 13:48:55 INFO -- username: 用户6264239587, id: 6264239587
Sun, 24 Sep 2017 13:48:55 INFO -- username: 用户5626103661, id: 5626103661
Sun, 24 Sep 2017 13:48:55 INFO -- username: 名都被占用我没得叫啦, id: 5124885045
Sun, 24 Sep 2017 13:48:55 INFO -- username: 用户6149238303, id: 6149238303
Sun, 24 Sep 2017 13:48:55 INFO -- username: 用户6142759901, id: 6142759901
Sun, 24 Sep 2017 13:48:55 INFO -- username: 用户6113341587, id: 6113341587
Sun, 24 Sep 2017 13:48:55 INFO -- username: 用户5518795426, id: 5518795426
Sun, 24 Sep 2017 13:48:55 INFO -- username: 用户6067478469, id: 6067478469
Sun, 24 Sep 2017 13:48:55 INFO -- username: 名牌女装男装箱包饰品折扣店, id: 6296308552
Sun, 24 Sep 2017 13:48:55 INFO -- username: 用户z9qso0029h, id: 3988656877
Sun, 24 Sep 2017 13:48:55 INFO -- username: 用户6001770559, id: 6001770559
Sun, 24 Sep 2017 13:48:55 INFO -- username: 用户6205842233, id: 6205842233
Sun, 24 Sep 2017 13:48:55 INFO -- username: 用户6331865279, id: 6331865279
Sun, 24 Sep 2017 13:48:55 INFO -- username: 用户6348242396, id: 6348242396
Sun, 24 Sep 2017 13:48:55 INFO -- username: 用户6078011598, id: 6078011598
Sun, 24 Sep 2017 13:48:55 INFO -- username: 手机用户1868721610, id: 1868721610
Sun, 24 Sep 2017 13:48:55 INFO -- username: 手机用户3241593332, id: 3241593332
Sun, 24 Sep 2017 13:48:55 INFO -- username: 手机用户2005224075_161, id: 2005224075
Sun, 24 Sep 2017 13:48:55 INFO -- username: 若情能自控要心何用, id: 5404014312
Sun, 24 Sep 2017 13:48:55 INFO -- username: 若情能自控要心何用, id: 5404014312
Sun, 24 Sep 2017 13:48:55 INFO Get char: 甩
Sun, 24 Sep 2017 13:48:56 INFO Get char: 甪
Sun, 24 Sep 2017 13:48:57 INFO Get char: 甫
Sun, 24 Sep 2017 13:48:58 INFO Get char: 甬
Sun, 24 Sep 2017 13:48:58 INFO Get char: 甭
Sun, 24 Sep 2017 13:48:59 INFO Get char: 甯
Sun, 24 Sep 2017 13:49:00 INFO -- username: 天空之城般宁静, id: 5290464262
Sun, 24 Sep 2017 13:49:00 INFO -- username: 天空之城般宁静, id: 5290464262
Sun, 24 Sep 2017 13:49:00 INFO Get char: 田
Sun, 24 Sep 2017 13:49:01 INFO -- username: 田恬Abby, id: 5633195973
Sun, 24 Sep 2017 13:49:01 INFO -- username: 田志远1980, id: 6339073648
Sun, 24 Sep 2017 13:49:01 INFO -- username: 手田糸, id: 6217765073
Sun, 24 Sep 2017 13:49:01 INFO -- username: 手田糸, id: 6217765073
Sun, 24 Sep 2017 13:49:01 INFO Get char: 由
Sun, 24 Sep 2017 13:49:01 INFO Get char: 甲
Sun, 24 Sep 2017 13:49:03 INFO -- username: qwer马甲1711, id: 5648511900
Sun, 24 Sep 2017 13:49:03 INFO -- username: qwer马甲1711, id: 5648511900
Sun, 24 Sep 2017 13:49:03 INFO Get char: 申
Sun, 24 Sep 2017 13:49:04 INFO Get char: 电
Sun, 24 Sep 2017 13:49:05 INFO -- username: 电影叭, id: 2423991675
Sun, 24 Sep 2017 13:49:05 INFO -- username: 享受电影和音乐的宅男, id: 1401506380
Sun, 24 Sep 2017 13:49:05 INFO -- username: 巫山神女杯艺术电影周, id: 5836527497
Sun, 24 Sep 2017 13:49:05 INFO -- username: 巫山神女杯艺术电影周, id: 5836527497
Sun, 24 Sep 2017 13:49:05 INFO Get char: 男
Sun, 24 Sep 2017 13:49:07 INFO -- username: 享受电影和音乐的宅男, id: 1401506380
Sun, 24 Sep 2017 13:49:07 INFO -- username: 男孩IIIO, id: 5785050324
Sun, 24 Sep 2017 13:49:07 INFO -- username: 男朋友的一个女朋友, id: 3184296267
Sun, 24 Sep 2017 13:49:07 INFO -- username: 峻男童童, id: 5074534531
Sun, 24 Sep 2017 13:49:07 INFO -- username: 三十好几的阿男, id: 3182967211
Sun, 24 Sep 2017 13:49:07 INFO -- username: 梦魇之GYT男盆友, id: 5180407860
Sun, 24 Sep 2017 13:49:07 INFO -- username: 享受电影和音乐的宅男, id: 1401506380
Sun, 24 Sep 2017 13:49:07 INFO -- username: 享受电影和音乐的宅男, id: 1401506380
Sun, 24 Sep 2017 13:49:07 INFO Get char: 甸
Sun, 24 Sep 2017 13:49:07 INFO Get char: 町
Sun, 24 Sep 2017 13:49:08 INFO Get char: 画
Sun, 24 Sep 2017 13:49:09 INFO -- username: 知性漫画集, id: 5403405296
Sun, 24 Sep 2017 13:49:09 INFO -- username: 知性漫画集, id: 5403405296
Sun, 24 Sep 2017 13:49:09 INFO Get char: 甾
Sun, 24 Sep 2017 13:49:10 INFO Get char: 畀
Sun, 24 Sep 2017 13:49:10 INFO Get char: 畅
Sun, 24 Sep 2017 13:49:11 INFO Get char: 畈
Sun, 24 Sep 2017 13:49:12 INFO Get char: 畋
Sun, 24 Sep 2017 13:49:13 INFO Get char: 界
Sun, 24 Sep 2017 13:49:14 INFO -- username: 世界纪录52, id: 5357011000
Sun, 24 Sep 2017 13:49:14 INFO -- username: 世界尽头de旅行, id: 2918641763
Sun, 24 Sep 2017 13:49:14 INFO -- username: 世界尽头的灵魂歌手Z, id: 6137669367
Sun, 24 Sep 2017 13:49:14 INFO -- username: 疯狂shi界, id: 3721759773
Sun, 24 Sep 2017 13:49:14 INFO -- username: 啊啊樂的世界, id: 5579409519
Sun, 24 Sep 2017 13:49:14 INFO -- username: CDJ的客观世界, id: 3032484834
Sun, 24 Sep 2017 13:49:14 INFO -- username: CDJ的客观世界, id: 3032484834
Sun, 24 Sep 2017 13:49:14 INFO Get char: 畎
Sun, 24 Sep 2017 13:49:14 INFO Get char: 畏
Sun, 24 Sep 2017 13:49:15 INFO Get char: 畔
Sun, 24 Sep 2017 13:49:16 INFO Get char: 畖
Sun, 24 Sep 2017 13:49:17 INFO Get char: 留
Sun, 24 Sep 2017 13:49:20 INFO -- username: 留_心听, id: 2055093463
Sun, 24 Sep 2017 13:49:20 INFO -- username: 古韵留香lll, id: 2085811983
Sun, 24 Sep 2017 13:49:20 INFO -- username: 跃东瀛日本留学, id: 5473323820
Sun, 24 Sep 2017 13:49:20 INFO -- username: 跃东瀛日本留学, id: 5473323820
Sun, 24 Sep 2017 13:49:20 INFO Get char: 畚
Sun, 24 Sep 2017 13:49:20 INFO Get char: 畛
Sun, 24 Sep 2017 13:49:21 INFO Get char: 畜
Sun, 24 Sep 2017 13:49:22 INFO Get char: 畤
Sun, 24 Sep 2017 13:49:22 INFO Get char: 略
Sun, 24 Sep 2017 13:49:23 INFO Get char: 畦
Sun, 24 Sep 2017 13:49:24 INFO Get char: 番
Sun, 24 Sep 2017 13:49:25 INFO -- username: 布朗菠萝番石榴, id: 1742073330
Sun, 24 Sep 2017 13:49:25 INFO -- username: 布朗菠萝番石榴, id: 1742073330
Sun, 24 Sep 2017 13:49:25 INFO Get char: 畬
Sun, 24 Sep 2017 13:49:25 INFO Get char: 畯
Sun, 24 Sep 2017 13:49:26 INFO Get char: 畲
Sun, 24 Sep 2017 13:49:26 INFO Get char: 畴
Sun, 24 Sep 2017 13:49:27 INFO Get char: 畸
Sun, 24 Sep 2017 13:49:28 INFO Get char: 畹
Sun, 24 Sep 2017 13:49:28 INFO Get char: 畿
Sun, 24 Sep 2017 13:49:29 INFO Get char: 疁
Sun, 24 Sep 2017 13:49:29 INFO Get char: 疃
Sun, 24 Sep 2017 13:49:30 INFO Get char: 疆
Sun, 24 Sep 2017 13:49:31 INFO -- username: 小明上新疆, id: 5306614174
Sun, 24 Sep 2017 13:49:31 INFO -- username: 小明上新疆, id: 5306614174
Sun, 24 Sep 2017 13:49:31 INFO Get char: 疍
Sun, 24 Sep 2017 13:49:32 INFO Get char: 疏
Sun, 24 Sep 2017 13:49:32 INFO Get char: 疐
Sun, 24 Sep 2017 13:49:33 INFO Get char: 疑
Sun, 24 Sep 2017 13:49:33 INFO Get char: 疔
Sun, 24 Sep 2017 13:49:34 INFO Get char: 疖
Sun, 24 Sep 2017 13:49:34 INFO Get char: 疗
Sun, 24 Sep 2017 13:49:35 INFO Get char: 疙
Sun, 24 Sep 2017 13:49:35 INFO Get char: 疚
Sun, 24 Sep 2017 13:49:36 INFO Get char: 疝
Sun, 24 Sep 2017 13:49:36 INFO Get char: 疟
Sun, 24 Sep 2017 13:49:37 INFO Get char: 疠
Sun, 24 Sep 2017 13:49:37 INFO Get char: 疡
Sun, 24 Sep 2017 13:49:38 INFO Get char: 疢
Sun, 24 Sep 2017 13:49:38 INFO Get char: 疣
Sun, 24 Sep 2017 13:49:39 INFO Get char: 疤
Sun, 24 Sep 2017 13:49:40 INFO Get char: 疥
Sun, 24 Sep 2017 13:49:40 INFO Get char: 疫
Sun, 24 Sep 2017 13:49:41 INFO Get char: 疬
Sun, 24 Sep 2017 13:49:42 INFO Get char: 疭
Sun, 24 Sep 2017 13:49:42 INFO Get char: 疮
Sun, 24 Sep 2017 13:49:43 INFO Get char: 疯
Sun, 24 Sep 2017 13:49:44 INFO -- username: 疯狂shi界, id: 3721759773
Sun, 24 Sep 2017 13:49:44 INFO -- username: -G贺大玲也疯狂, id: 1781550043
Sun, 24 Sep 2017 13:49:44 INFO -- username: -G贺大玲也疯狂, id: 1781550043
Sun, 24 Sep 2017 13:49:44 INFO Get char: 疰
Sun, 24 Sep 2017 13:49:45 INFO Get char: 疱
Sun, 24 Sep 2017 13:49:45 INFO Get char: 疲
Sun, 24 Sep 2017 13:49:46 INFO Get char: 疳
Sun, 24 Sep 2017 13:49:47 INFO Get char: 疴
Sun, 24 Sep 2017 13:49:47 INFO Get char: 疵
Sun, 24 Sep 2017 13:49:48 INFO Get char: 疸
Sun, 24 Sep 2017 13:49:49 INFO Get char: 疹
Sun, 24 Sep 2017 13:49:50 INFO Get char: 疼
Sun, 24 Sep 2017 13:49:50 INFO Get char: 疽
Sun, 24 Sep 2017 13:49:52 INFO Get char: 疾
Sun, 24 Sep 2017 13:49:53 INFO Get char: 痂
Sun, 24 Sep 2017 13:49:54 INFO Get char: 痃
Sun, 24 Sep 2017 13:49:54 INFO Get char: 痄
Sun, 24 Sep 2017 13:49:55 INFO Get char: 病
Sun, 24 Sep 2017 13:49:56 INFO Get char: 症
Sun, 24 Sep 2017 13:49:57 INFO Get char: 痈
Sun, 24 Sep 2017 13:49:57 INFO Get char: 痉
Sun, 24 Sep 2017 13:49:58 INFO Get char: 痊
Sun, 24 Sep 2017 13:49:59 INFO Get char: 痍
Sun, 24 Sep 2017 13:49:59 INFO Get char: 痒
Sun, 24 Sep 2017 13:50:00 INFO Get char: 痓
Sun, 24 Sep 2017 13:50:01 INFO Get char: 痔
Sun, 24 Sep 2017 13:50:02 INFO Get char: 痕
Sun, 24 Sep 2017 13:50:03 INFO Get char: 痘
Sun, 24 Sep 2017 13:50:04 INFO -- username: 祛斑祛痘去黑头-女性健康, id: 6213769961
Sun, 24 Sep 2017 13:50:04 INFO -- username: 祛斑祛痘去黑头-女性健康, id: 6213769961
Sun, 24 Sep 2017 13:50:04 INFO Get char: 痛
Sun, 24 Sep 2017 13:50:04 INFO Get char: 痞
Sun, 24 Sep 2017 13:50:05 INFO Get char: 痢
Sun, 24 Sep 2017 13:50:05 INFO Get char: 痣
Sun, 24 Sep 2017 13:50:06 INFO Get char: 痤
Sun, 24 Sep 2017 13:50:07 INFO Get char: 痦
Sun, 24 Sep 2017 13:50:07 INFO Get char: 痧
Sun, 24 Sep 2017 13:50:08 INFO Get char: 痨
Sun, 24 Sep 2017 13:50:09 INFO Get char: 痪
Sun, 24 Sep 2017 13:50:09 INFO Get char: 痫
Sun, 24 Sep 2017 13:50:10 INFO Get char: 痰
Sun, 24 Sep 2017 13:50:10 INFO Get char: 痱
Sun, 24 Sep 2017 13:50:11 INFO Get char: 痴
Sun, 24 Sep 2017 13:50:12 INFO Get char: 痹
Sun, 24 Sep 2017 13:50:13 INFO Get char: 痼
Sun, 24 Sep 2017 13:50:14 INFO Get char: 痿
Sun, 24 Sep 2017 13:50:15 INFO Get char: 瘀
Sun, 24 Sep 2017 13:50:16 INFO Get char: 瘁
Sun, 24 Sep 2017 13:50:16 INFO Get char: 瘃
Sun, 24 Sep 2017 13:50:17 INFO Get char: 瘅
Sun, 24 Sep 2017 13:50:18 INFO Get char: 瘆
Sun, 24 Sep 2017 13:50:18 INFO Get char: 瘊
Sun, 24 Sep 2017 13:50:19 INFO Get char: 瘌
Sun, 24 Sep 2017 13:50:20 INFO Get char: 瘐
Sun, 24 Sep 2017 13:50:21 INFO Get char: 瘕
Sun, 24 Sep 2017 13:50:21 INFO Get char: 瘗
Sun, 24 Sep 2017 13:50:22 INFO Get char: 瘘
Sun, 24 Sep 2017 13:50:22 INFO Get char: 瘙
Sun, 24 Sep 2017 13:50:23 INFO Get char: 瘛
Sun, 24 Sep 2017 13:50:23 INFO Get char: 瘟
Sun, 24 Sep 2017 13:50:24 INFO Get char: 瘠
Sun, 24 Sep 2017 13:50:25 INFO Get char: 瘢
Sun, 24 Sep 2017 13:50:26 INFO Get char: 瘤
Sun, 24 Sep 2017 13:50:27 INFO Get char: 瘥
Sun, 24 Sep 2017 13:50:27 INFO Get char: 瘦
Sun, 24 Sep 2017 13:50:28 INFO -- username: 越吃越瘦的小V, id: 1764693064
Sun, 24 Sep 2017 13:50:28 INFO -- username: 越吃越瘦的小V, id: 1764693064
Sun, 24 Sep 2017 13:50:28 INFO Get char: 瘩
Sun, 24 Sep 2017 13:50:30 INFO Get char: 瘪
Sun, 24 Sep 2017 13:50:30 INFO Get char: 瘫
Sun, 24 Sep 2017 13:50:31 INFO Get char: 瘭
Sun, 24 Sep 2017 13:50:32 INFO Get char: 瘰
Sun, 24 Sep 2017 13:50:32 INFO Get char: 瘳
Sun, 24 Sep 2017 13:50:33 INFO Get char: 瘴
Sun, 24 Sep 2017 13:50:33 INFO Get char: 瘵
Sun, 24 Sep 2017 13:50:34 INFO Get char: 瘸
Sun, 24 Sep 2017 13:50:35 INFO Get char: 瘼
Sun, 24 Sep 2017 13:50:35 INFO Get char: 瘾
Sun, 24 Sep 2017 13:50:37 INFO -- username: 贪婪成瘾的懒鼠, id: 5465326320
Sun, 24 Sep 2017 13:50:37 INFO -- username: 贪婪成瘾的懒鼠, id: 5465326320
Sun, 24 Sep 2017 13:50:37 INFO Get char: 瘿
Sun, 24 Sep 2017 13:50:37 INFO Get char: 癀
Sun, 24 Sep 2017 13:50:37 INFO Get char: 癃
Sun, 24 Sep 2017 13:50:38 INFO Get char: 癌
Sun, 24 Sep 2017 13:50:39 INFO Get char: 癍
Sun, 24 Sep 2017 13:50:39 INFO Get char: 癔
Sun, 24 Sep 2017 13:50:40 INFO Get char: 癖
Sun, 24 Sep 2017 13:50:40 INFO Get char: 癗
Sun, 24 Sep 2017 13:50:41 INFO Get char: 癜
Sun, 24 Sep 2017 13:50:42 INFO Get char: 癞
Sun, 24 Sep 2017 13:50:43 INFO Get char: 癣
Sun, 24 Sep 2017 13:50:43 INFO Get char: 癫
Sun, 24 Sep 2017 13:50:44 INFO Get char: 癯
Sun, 24 Sep 2017 13:50:44 INFO Get char: 癸
Sun, 24 Sep 2017 13:50:45 INFO Get char: 登
Sun, 24 Sep 2017 13:50:46 INFO Get char: 白
Sun, 24 Sep 2017 13:50:47 INFO -- username: 白訂先生, id: 5684645120
Sun, 24 Sep 2017 13:50:47 INFO -- username: 白裙当初, id: 5656085611
Sun, 24 Sep 2017 13:50:47 INFO -- username: 白雪儿Cheryl, id: 6255648227
Sun, 24 Sep 2017 13:50:47 INFO -- username: V5白小白, id: 1709148302
Sun, 24 Sep 2017 13:50:47 INFO -- username: 杰西卡sama, id: 5738524942
Sun, 24 Sep 2017 13:50:47 INFO -- username: Xia夏茭白, id: 5832298489
Sun, 24 Sep 2017 13:50:47 INFO -- username: 小小小的大白, id: 5345865583
Sun, 24 Sep 2017 13:50:47 INFO -- username: 土豆米饭大白菜, id: 5321451712
Sun, 24 Sep 2017 13:50:47 INFO -- username: Baixiaoz郑小白, id: 1107546795
Sun, 24 Sep 2017 13:50:47 INFO -- username: Baixiaoz郑小白, id: 1107546795
Sun, 24 Sep 2017 13:50:47 INFO Get char: 百
Sun, 24 Sep 2017 13:50:49 INFO -- username: 玫瑰玫瑰我是百合, id: 2502663977
Sun, 24 Sep 2017 13:50:49 INFO -- username: 香水百合guang, id: 2909334401
Sun, 24 Sep 2017 13:50:49 INFO -- username: 玫瑰玫瑰我是百合, id: 2502663977
Sun, 24 Sep 2017 13:50:49 INFO -- username: 玫瑰玫瑰我是百合, id: 2502663977
Sun, 24 Sep 2017 13:50:49 INFO Get char: 癿
Sun, 24 Sep 2017 13:50:49 INFO Get char: 皂
Sun, 24 Sep 2017 13:50:50 INFO Get char: 的
Sun, 24 Sep 2017 13:50:56 INFO -- username: 宋的的, id: 2809626630
Sun, 24 Sep 2017 13:50:56 INFO -- username: 走的不夠專注, id: 1752781724
Sun, 24 Sep 2017 13:50:56 INFO -- username: 梦的眼泪77100, id: 5863917338
Sun, 24 Sep 2017 13:50:56 INFO -- username: 她的小情绪反反复复在作怪, id: 6189873031
Sun, 24 Sep 2017 13:50:56 INFO -- username: 几何的, id: 5150671383
Sun, 24 Sep 2017 13:50:56 INFO -- username: DY的赟赟, id: 2638746762
Sun, 24 Sep 2017 13:50:56 INFO -- username: 作图的小伙, id: 5038013609
Sun, 24 Sep 2017 13:50:56 INFO -- username: 遗失的茜宝, id: 2851905292
Sun, 24 Sep 2017 13:50:56 INFO -- username: 你们的医院, id: 5393280180
Sun, 24 Sep 2017 13:50:56 INFO -- username: 唯一的呼吸, id: 2687453390
Sun, 24 Sep 2017 13:50:56 INFO -- username: M夜的诗人J, id: 3625422753
Sun, 24 Sep 2017 13:50:56 INFO -- username: 仁人的夏天, id: 1357618354
Sun, 24 Sep 2017 13:50:56 INFO -- username: 飘香的夏梦, id: 5768135082
Sun, 24 Sep 2017 13:50:56 INFO -- username: 墙内的树櫴, id: 2694781742
Sun, 24 Sep 2017 13:50:56 INFO -- username: 哥特的快乐, id: 2949972953
Sun, 24 Sep 2017 13:50:56 INFO -- username: 宠儿的头像馆, id: 6144612330
Sun, 24 Sep 2017 13:50:56 INFO -- username: 美丽的日子07, id: 1765350664
Sun, 24 Sep 2017 13:50:56 INFO -- username: 失翼的纸飞机, id: 5391863013
Sun, 24 Sep 2017 13:50:56 INFO -- username: 正派的老小姐, id: 6064229019
Sun, 24 Sep 2017 13:50:56 INFO -- username: 飞舞的黑发丝, id: 5394843424
Sun, 24 Sep 2017 13:50:56 INFO -- username: 向我的想梦前进, id: 5374124261
Sun, 24 Sep 2017 13:50:56 INFO -- username: 夏青的微博818, id: 2129682971
Sun, 24 Sep 2017 13:50:56 INFO -- username: 阿酱的减肥日记, id: 6032387365
Sun, 24 Sep 2017 13:50:56 INFO -- username: 祖国的鱼香鸡丝, id: 2363428873
Sun, 24 Sep 2017 13:50:56 INFO -- username: 温柔的驯兽师花园, id: 5810375609
Sun, 24 Sep 2017 13:50:56 INFO -- username: 懒惰的猫咪20609, id: 6293972718
Sun, 24 Sep 2017 13:50:56 INFO -- username: 低调的小草莓002, id: 5969718630
Sun, 24 Sep 2017 13:50:56 INFO -- username: 努力的-小小的太阳, id: 2463656535
Sun, 24 Sep 2017 13:50:56 INFO -- username: 耿直的减肥少年现在是成年人, id: 2251735757
Sun, 24 Sep 2017 13:50:56 INFO -- username: 玛拉糕的, id: 5395023671
Sun, 24 Sep 2017 13:50:56 INFO -- username: 做自己的娜, id: 3463839962
Sun, 24 Sep 2017 13:50:56 INFO -- username: 路人z的名单, id: 6257996523
Sun, 24 Sep 2017 13:50:56 INFO -- username: 吕磨磨的嫫嫫, id: 1782689287
Sun, 24 Sep 2017 13:50:56 INFO -- username: 岩石上的梅花, id: 3908180320
Sun, 24 Sep 2017 13:50:56 INFO -- username: 搞设计的门门, id: 5736411527
Sun, 24 Sep 2017 13:50:56 INFO -- username: 0曾经的曾经0, id: 1719847527
Sun, 24 Sep 2017 13:50:56 INFO -- username: 妞妞家的胖熊, id: 5405397696
Sun, 24 Sep 2017 13:50:56 INFO -- username: 胖嘟嘟的仙女, id: 5656275853
Sun, 24 Sep 2017 13:50:56 INFO -- username: 赵二宝的麻麻, id: 3935077052
Sun, 24 Sep 2017 13:50:56 INFO -- username: 花果山的核桃, id: 3150651877
Sun, 24 Sep 2017 13:50:56 INFO -- username: 小小小的大白, id: 5345865583
Sun, 24 Sep 2017 13:50:56 INFO -- username: 啊啊樂的世界, id: 5579409519
Sun, 24 Sep 2017 13:50:56 INFO -- username: CDJ的客观世界, id: 3032484834
Sun, 24 Sep 2017 13:50:56 INFO -- username: 讲道理的尚大仁, id: 2000353385
Sun, 24 Sep 2017 13:50:56 INFO -- username: 水瓶座的秦时明月, id: 5364291143
Sun, 24 Sep 2017 13:50:56 INFO -- username: 双子座的苏苏1920, id: 6351975623
Sun, 24 Sep 2017 13:50:56 INFO -- username: 男朋友的一个女朋友, id: 3184296267
Sun, 24 Sep 2017 13:50:56 INFO -- username: 爬格子的臭书生-azhen, id: 3362614872
Sun, 24 Sep 2017 13:50:56 INFO -- username: 越吃越瘦的小V, id: 1764693064
Sun, 24 Sep 2017 13:50:56 INFO -- username: 芒果味的青菜, id: 5632844603
Sun, 24 Sep 2017 13:50:56 INFO -- username: 黄宇凤的微博, id: 2627200461
Sun, 24 Sep 2017 13:50:56 INFO -- username: 妮宝宝的小窝, id: 3222584634
Sun, 24 Sep 2017 13:50:56 INFO -- username: 爱读书的小胖妞, id: 5833996915
Sun, 24 Sep 2017 13:50:56 INFO -- username: 黑暗中的一束黎明, id: 5210068779
Sun, 24 Sep 2017 13:50:56 INFO -- username: 小陈子的成长日记, id: 1609100545
Sun, 24 Sep 2017 13:50:56 INFO -- username: 饼子嗷的一声就炸了, id: 1834339057
Sun, 24 Sep 2017 13:50:56 INFO -- username: 薛之谦的小迷妹Hero, id: 5386802625
Sun, 24 Sep 2017 13:50:56 INFO -- username: 再清澈的水也抵不住洗, id: 5878972490
Sun, 24 Sep 2017 13:50:56 INFO -- username: 超级可爱的伊, id: 2659162033
Sun, 24 Sep 2017 13:50:56 INFO -- username: 丘刺了山的青, id: 1835577507
Sun, 24 Sep 2017 13:50:56 INFO -- username: 贪婪成瘾的懒鼠, id: 5465326320
Sun, 24 Sep 2017 13:50:56 INFO -- username: 三十好几的阿男, id: 3182967211
Sun, 24 Sep 2017 13:50:56 INFO -- username: 等待苏醒的沉默, id: 3758913673
Sun, 24 Sep 2017 13:50:56 INFO -- username: 我是骄傲的韩某某, id: 3059783511
Sun, 24 Sep 2017 13:50:56 INFO -- username: 世界尽头的灵魂歌手Z, id: 6137669367
Sun, 24 Sep 2017 13:50:56 INFO -- username: 瑞恩妈妈的私藏酒窖, id: 2934607491
Sun, 24 Sep 2017 13:50:56 INFO -- username: 永远爱你的俊v, id: 5629931466
Sun, 24 Sep 2017 13:50:56 INFO -- username: 非要改名的zzl, id: 2806095815
Sun, 24 Sep 2017 13:50:56 INFO -- username: 陌路离殇的故事, id: 5422272901
Sun, 24 Sep 2017 13:50:56 INFO -- username: 开始减肥的小张, id: 3127631225
Sun, 24 Sep 2017 13:50:56 INFO -- username: kiko的糖果盒子, id: 1778828592
Sun, 24 Sep 2017 13:50:56 INFO -- username: 没完没了的任务, id: 2144579885
Sun, 24 Sep 2017 13:50:56 INFO -- username: 积极向上的LaLa, id: 2706885250
Sun, 24 Sep 2017 13:50:56 INFO -- username: 纯真感动的瞳孔, id: 3857951422
Sun, 24 Sep 2017 13:50:56 INFO -- username: 格格不入的怪诞, id: 3234117980
Sun, 24 Sep 2017 13:50:56 INFO -- username: 熊宝妈咪的宝屋, id: 6357655278
Sun, 24 Sep 2017 13:50:56 INFO -- username: 一个高冷的板凳w, id: 5276645694
Sun, 24 Sep 2017 13:50:56 INFO -- username: 没有名字的人976, id: 5643859936
Sun, 24 Sep 2017 13:50:56 INFO -- username: 黑铁时代的绿毛水怪, id: 1756734277
Sun, 24 Sep 2017 13:50:56 INFO -- username: 没有昵称的微博名__-, id: 3425202532
Sun, 24 Sep 2017 13:50:56 INFO -- username: 我就是安静的美女子, id: 6028784917
Sun, 24 Sep 2017 13:50:56 INFO -- username: 77小姐和她的先生, id: 5389872821
Sun, 24 Sep 2017 13:50:56 INFO -- username: 只要有你的地方QQQQ, id: 2646190700
Sun, 24 Sep 2017 13:50:56 INFO -- username: 子舰BB的一些事一些情, id: 3324722164
Sun, 24 Sep 2017 13:50:56 INFO -- username: BR想要的东西永远买不完, id: 1761772620
Sun, 24 Sep 2017 13:50:56 INFO -- username: 那姓-张啥的, id: 3984057438
Sun, 24 Sep 2017 13:50:56 INFO -- username: 和自己战斗的R, id: 1688121847
Sun, 24 Sep 2017 13:50:56 INFO -- username: 夜空中最亮的星0319, id: 2698845123
Sun, 24 Sep 2017 13:50:56 INFO -- username: 存活在土澳的小吃货, id: 2384882024
Sun, 24 Sep 2017 13:50:56 INFO -- username: 浅唱属于迩的小情歌, id: 2071558781
Sun, 24 Sep 2017 13:50:56 INFO -- username: 一个在南方的北方女孩, id: 6033025938
Sun, 24 Sep 2017 13:50:56 INFO -- username: Yuan元宝的源, id: 1780155981
Sun, 24 Sep 2017 13:50:56 INFO -- username: 不要太关注你的脸, id: 1908446125
Sun, 24 Sep 2017 13:50:56 INFO -- username: 拥抱每个美好的已, id: 3163792633
Sun, 24 Sep 2017 13:50:56 INFO -- username: 楼下卖韭菜饼的流氓, id: 2009244881
Sun, 24 Sep 2017 13:50:56 INFO -- username: 520小王子的小狐狸, id: 6277332998
Sun, 24 Sep 2017 13:50:56 INFO -- username: 易烊千玺最好的朋友, id: 5465791739
Sun, 24 Sep 2017 13:50:56 INFO -- username: 你找找找不到的陈涛涛, id: 3844954377
Sun, 24 Sep 2017 13:50:56 INFO -- username: smile笑笑的围脖, id: 2804356262
Sun, 24 Sep 2017 13:50:56 INFO -- username: 2017蒲公英的种子, id: 5994455616
Sun, 24 Sep 2017 13:50:56 INFO -- username: 享受电影和音乐的宅男, id: 1401506380
Sun, 24 Sep 2017 13:50:56 INFO -- username: 小二来一块上好的五花肉, id: 6284225803
Sun, 24 Sep 2017 13:50:56 INFO -- username: 如果有一天糖果的梦想会实现, id: 3204500792
Sun, 24 Sep 2017 13:50:56 INFO -- username: 穿着平底鞋走自己的路, id: 6337612560
Sun, 24 Sep 2017 13:50:56 INFO -- username: 就不愿意透露姓名的曼联名宿, id: 3090633737
Sun, 24 Sep 2017 13:50:56 INFO -- username: 那只从喀纳斯跑出来的大水怪, id: 1240273315
Sun, 24 Sep 2017 13:50:56 INFO -- username: 不好好学习是要回家结婚的, id: 6089418819
Sun, 24 Sep 2017 13:50:56 INFO -- username: 不好好学习是要回家结婚的, id: 6089418819
Sun, 24 Sep 2017 13:50:56 INFO Get char: 皆
Sun, 24 Sep 2017 13:50:57 INFO Get char: 皇
Sun, 24 Sep 2017 13:50:57 INFO Get char: 皈
Sun, 24 Sep 2017 13:50:57 INFO Get char: 皋
Sun, 24 Sep 2017 13:50:58 INFO Get char: 皎
Sun, 24 Sep 2017 13:50:58 INFO Get char: 皑
Sun, 24 Sep 2017 13:50:59 INFO Get char: 皓
Sun, 24 Sep 2017 13:51:01 INFO -- username: 黄云皓小蟑螂呀, id: 5314637692
Sun, 24 Sep 2017 13:51:01 INFO -- username: 杨样浩皓, id: 3221362873
Sun, 24 Sep 2017 13:51:01 INFO -- username: 杨样浩皓, id: 3221362873
Sun, 24 Sep 2017 13:51:01 INFO Get char: 皕
Sun, 24 Sep 2017 13:51:01 INFO Get char: 皖
Sun, 24 Sep 2017 13:51:02 INFO Get char: 皙
Sun, 24 Sep 2017 13:51:03 INFO Get char: 皛
Sun, 24 Sep 2017 13:51:04 INFO Get char: 皞
Sun, 24 Sep 2017 13:51:05 INFO Get char: 皤
Sun, 24 Sep 2017 13:51:05 INFO Get char: 皦
Sun, 24 Sep 2017 13:51:06 INFO Get char: 皭
Sun, 24 Sep 2017 13:51:06 INFO Get char: 皮
Sun, 24 Sep 2017 13:51:08 INFO -- username: 脆皮_花生, id: 2965857273
Sun, 24 Sep 2017 13:51:08 INFO -- username: 脆皮_花生, id: 2965857273
Sun, 24 Sep 2017 13:51:08 INFO Get char: 皱
Sun, 24 Sep 2017 13:51:09 INFO Get char: 皲
Sun, 24 Sep 2017 13:51:09 INFO Get char: 皴
Sun, 24 Sep 2017 13:51:10 INFO Get char: 皿
Sun, 24 Sep 2017 13:51:10 INFO Get char: 盂
Sun, 24 Sep 2017 13:51:11 INFO Get char: 盅
Sun, 24 Sep 2017 13:51:11 INFO Get char: 盆
Sun, 24 Sep 2017 13:51:12 INFO -- username: 梦魇之GYT男盆友, id: 5180407860
Sun, 24 Sep 2017 13:51:12 INFO -- username: shashali小盆友, id: 2249769441
Sun, 24 Sep 2017 13:51:12 INFO -- username: shashali小盆友, id: 2249769441
Sun, 24 Sep 2017 13:51:12 INFO Get char: 盈
Sun, 24 Sep 2017 13:51:13 INFO Get char: 盉
Sun, 24 Sep 2017 13:51:13 INFO Get char: 益
Sun, 24 Sep 2017 13:51:14 INFO Get char: 盍
Sun, 24 Sep 2017 13:51:14 INFO Get char: 盎
Sun, 24 Sep 2017 13:51:15 INFO Get char: 盏
Sun, 24 Sep 2017 13:51:16 INFO Get char: 盐
Sun, 24 Sep 2017 13:51:17 INFO Get char: 监
Sun, 24 Sep 2017 13:51:18 INFO -- username: 鑫玺招商部总监丁静, id: 5487347072
Sun, 24 Sep 2017 13:51:18 INFO -- username: 鑫玺招商部总监丁静, id: 5487347072
Sun, 24 Sep 2017 13:51:18 INFO Get char: 盒
Sun, 24 Sep 2017 13:51:19 INFO -- username: kiko的糖果盒子, id: 1778828592
Sun, 24 Sep 2017 13:51:19 INFO -- username: kiko的糖果盒子, id: 1778828592
Sun, 24 Sep 2017 13:51:19 INFO Get char: 盔
Sun, 24 Sep 2017 13:51:20 INFO Get char: 盖
Sun, 24 Sep 2017 13:51:20 INFO Get char: 盗
Sun, 24 Sep 2017 13:51:22 INFO -- username: 大盗Cairu, id: 2609406443
Sun, 24 Sep 2017 13:51:22 INFO -- username: 大盗Cairu, id: 2609406443
Sun, 24 Sep 2017 13:51:22 INFO Get char: 盘
Sun, 24 Sep 2017 13:51:23 INFO -- username: 一盘泓烧肉, id: 1623036787
Sun, 24 Sep 2017 13:51:23 INFO -- username: 一盘泓烧肉, id: 1623036787
Sun, 24 Sep 2017 13:51:23 INFO Get char: 盛
Sun, 24 Sep 2017 13:51:23 INFO Get char: 盟
Sun, 24 Sep 2017 13:51:25 INFO -- username: 湘西同盟会, id: 1956801984
Sun, 24 Sep 2017 13:51:25 INFO -- username: 德州扑克联盟, id: 5634446530
Sun, 24 Sep 2017 13:51:25 INFO -- username: 胖猪猪鸡排联盟, id: 5652450379
Sun, 24 Sep 2017 13:51:25 INFO -- username: 胖猪猪鸡排联盟, id: 5652450379
Sun, 24 Sep 2017 13:51:25 INFO Get char: 盥
Sun, 24 Sep 2017 13:51:26 INFO Get char: 盦
Sun, 24 Sep 2017 13:51:26 INFO Get char: 目
Sun, 24 Sep 2017 13:51:27 INFO -- username: 湖南农业大学新媒体中心栏目部, id: 5628341018
Sun, 24 Sep 2017 13:51:27 INFO -- username: 湖南农业大学新媒体中心栏目部, id: 5628341018
Sun, 24 Sep 2017 13:51:27 INFO Get char: 盯
Sun, 24 Sep 2017 13:51:28 INFO Get char: 盱
Sun, 24 Sep 2017 13:51:28 INFO Get char: 盲
Sun, 24 Sep 2017 13:51:29 INFO Get char: 直
Sun, 24 Sep 2017 13:51:30 INFO -- username: 耿直的减肥少年现在是成年人, id: 2251735757
Sun, 24 Sep 2017 13:51:30 INFO -- username: 耿直的减肥少年现在是成年人, id: 2251735757
Sun, 24 Sep 2017 13:51:30 INFO Get char: 盷
Sun, 24 Sep 2017 13:51:31 INFO Get char: 相
Sun, 24 Sep 2017 13:51:32 INFO -- username: 相舆科技, id: 5638863044
Sun, 24 Sep 2017 13:51:32 INFO -- username: 雪諾相依, id: 1774563044
Sun, 24 Sep 2017 13:51:32 INFO -- username: 十指相握手心相对, id: 5394615799
Sun, 24 Sep 2017 13:51:32 INFO -- username: M-yu遇见相遇预见, id: 2107537500
Sun, 24 Sep 2017 13:51:32 INFO -- username: M-yu遇见相遇预见, id: 2107537500
Sun, 24 Sep 2017 13:51:32 INFO Get char: 盹
Sun, 24 Sep 2017 13:51:33 INFO Get char: 盼
Sun, 24 Sep 2017 13:51:33 INFO Get char: 盾
Sun, 24 Sep 2017 13:51:34 INFO Get char: 省
Sun, 24 Sep 2017 13:51:35 INFO Get char: 眄
Sun, 24 Sep 2017 13:51:36 INFO Get char: 眇
Sun, 24 Sep 2017 13:51:37 INFO Get char: 眈
Sun, 24 Sep 2017 13:51:38 INFO Get char: 眉
Sun, 24 Sep 2017 13:51:39 INFO Get char: 眊
Sun, 24 Sep 2017 13:51:40 INFO Get char: 看
Sun, 24 Sep 2017 13:51:41 INFO -- username: 看看题看看, id: 1572675480
Sun, 24 Sep 2017 13:51:41 INFO -- username: 剧好看露露啊, id: 3854783660
Sun, 24 Sep 2017 13:51:41 INFO -- username: 图图爱看猪猪侠, id: 3935905871
Sun, 24 Sep 2017 13:51:41 INFO -- username: 图图爱看猪猪侠, id: 3935905871
Sun, 24 Sep 2017 13:51:41 INFO Get char: 眍
Sun, 24 Sep 2017 13:51:42 INFO Get char: 眙
Sun, 24 Sep 2017 13:51:43 INFO Get char: 眚
Sun, 24 Sep 2017 13:51:43 INFO Get char: 真
Sun, 24 Sep 2017 13:51:44 INFO -- username: 纯真感动的瞳孔, id: 3857951422
Sun, 24 Sep 2017 13:51:44 INFO -- username: 纯真感动的瞳孔, id: 3857951422
Sun, 24 Sep 2017 13:51:44 INFO Get char: 眠
Sun, 24 Sep 2017 13:51:45 INFO Get char: 眢
Sun, 24 Sep 2017 13:51:45 INFO Get char: 眦
Sun, 24 Sep 2017 13:51:46 INFO Get char: 眨
Sun, 24 Sep 2017 13:51:46 INFO Get char: 眩
Sun, 24 Sep 2017 13:51:47 INFO Get char: 眬
Sun, 24 Sep 2017 13:51:48 INFO Get char: 眭
Sun, 24 Sep 2017 13:51:48 INFO Get char: 眯
Sun, 24 Sep 2017 13:51:49 INFO Get char: 眵
Sun, 24 Sep 2017 13:51:50 INFO Get char: 眶
Sun, 24 Sep 2017 13:51:51 INFO Get char: 眷
Sun, 24 Sep 2017 13:51:51 INFO Get char: 眸
Sun, 24 Sep 2017 13:51:52 INFO Get char: 眺
Sun, 24 Sep 2017 13:51:52 INFO Get char: 眼
Sun, 24 Sep 2017 13:51:54 INFO -- username: 黑眼圈归来, id: 5503102654
Sun, 24 Sep 2017 13:51:54 INFO -- username: 梦的眼泪77100, id: 5863917338
Sun, 24 Sep 2017 13:51:54 INFO -- username: piuno大好菜刀眼and西园寺萌少爷, id: 1872840222
Sun, 24 Sep 2017 13:51:54 INFO -- username: piuno大好菜刀眼and西园寺萌少爷, id: 1872840222
Sun, 24 Sep 2017 13:51:54 INFO Get char: 着
Sun, 24 Sep 2017 13:51:55 INFO -- username: 穿着平底鞋走自己的路, id: 6337612560
Sun, 24 Sep 2017 13:51:55 INFO -- username: 你说着LQ, id: 5170506850
Sun, 24 Sep 2017 13:51:55 INFO -- username: 莫忘初心爱宅着689, id: 6345730642
Sun, 24 Sep 2017 13:51:55 INFO -- username: 莫忘初心爱宅着689, id: 6345730642
Sun, 24 Sep 2017 13:51:55 INFO Get char: 睁
Sun, 24 Sep 2017 13:51:56 INFO Get char: 睃
Sun, 24 Sep 2017 13:51:56 INFO Get char: 睄
Sun, 24 Sep 2017 13:51:57 INFO Get char: 睇
Sun, 24 Sep 2017 13:51:58 INFO Get char: 睎
Sun, 24 Sep 2017 13:51:58 INFO Get char: 睐
Sun, 24 Sep 2017 13:51:59 INFO Get char: 睑
Sun, 24 Sep 2017 13:52:00 INFO Get char: 睚
Sun, 24 Sep 2017 13:52:01 INFO Get char: 睛
Sun, 24 Sep 2017 13:52:02 INFO Get char: 睡
Sun, 24 Sep 2017 13:52:03 INFO -- username: 睡在泡沫里, id: 2126302342
Sun, 24 Sep 2017 13:52:03 INFO -- username: 师傅先睡了, id: 5680166067
Sun, 24 Sep 2017 13:52:03 INFO -- username: 师傅先睡了, id: 5680166067
Sun, 24 Sep 2017 13:52:03 INFO Get char: 睢
Sun, 24 Sep 2017 13:52:04 INFO Get char: 督
Sun, 24 Sep 2017 13:52:06 INFO -- username: 基督为我家之主, id: 6056556926
Sun, 24 Sep 2017 13:52:06 INFO -- username: 基督为我家之主, id: 6056556926
Sun, 24 Sep 2017 13:52:06 INFO Get char: 睥
Sun, 24 Sep 2017 13:52:06 INFO Get char: 睦
Sun, 24 Sep 2017 13:52:07 INFO Get char: 睨
Sun, 24 Sep 2017 13:52:07 INFO Get char: 睫
Sun, 24 Sep 2017 13:52:08 INFO Get char: 睬
Sun, 24 Sep 2017 13:52:09 INFO Get char: 睹
Sun, 24 Sep 2017 13:52:10 INFO Get char: 睽
Sun, 24 Sep 2017 13:52:11 INFO Get char: 睾
Sun, 24 Sep 2017 13:52:11 INFO Get char: 睿
Sun, 24 Sep 2017 13:52:13 INFO Get char: 瞀
Sun, 24 Sep 2017 13:52:13 INFO Get char: 瞄
Sun, 24 Sep 2017 13:52:14 INFO Get char: 瞅
Sun, 24 Sep 2017 13:52:15 INFO Get char: 瞋
Sun, 24 Sep 2017 13:52:15 INFO Get char: 瞌
Sun, 24 Sep 2017 13:52:16 INFO Get char: 瞍
Sun, 24 Sep 2017 13:52:17 INFO Get char: 瞎
Sun, 24 Sep 2017 13:52:18 INFO Get char: 瞑
Sun, 24 Sep 2017 13:52:19 INFO Get char: 瞒
Sun, 24 Sep 2017 13:52:20 INFO Get char: 瞟
Sun, 24 Sep 2017 13:52:20 INFO Get char: 瞠
Sun, 24 Sep 2017 13:52:21 INFO Get char: 瞢
Sun, 24 Sep 2017 13:52:21 INFO Get char: 瞥
Sun, 24 Sep 2017 13:52:22 INFO Get char: 瞧
Sun, 24 Sep 2017 13:52:23 INFO Get char: 瞩
Sun, 24 Sep 2017 13:52:23 INFO Get char: 瞪
Sun, 24 Sep 2017 13:52:25 INFO Get char: 瞫
Sun, 24 Sep 2017 13:52:26 INFO Get char: 瞬
Sun, 24 Sep 2017 13:52:27 INFO Get char: 瞭
Sun, 24 Sep 2017 13:52:28 INFO Get char: 瞰
Sun, 24 Sep 2017 13:52:28 INFO Get char: 瞳
Sun, 24 Sep 2017 13:52:29 INFO -- username: 纯真感动的瞳孔, id: 3857951422
Sun, 24 Sep 2017 13:52:29 INFO -- username: 纯真感动的瞳孔, id: 3857951422
Sun, 24 Sep 2017 13:52:29 INFO Get char: 瞵
Sun, 24 Sep 2017 13:52:30 INFO Get char: 瞻
Sun, 24 Sep 2017 13:52:31 INFO -- username: wolf_瞻翔, id: 2733034210
Sun, 24 Sep 2017 13:52:31 INFO -- username: wolf_瞻翔, id: 2733034210
Sun, 24 Sep 2017 13:52:31 INFO Get char: 瞽
Sun, 24 Sep 2017 13:52:32 INFO Get char: 瞿
Sun, 24 Sep 2017 13:52:33 INFO Get char: 矍
Sun, 24 Sep 2017 13:52:34 INFO Get char: 矗
Sun, 24 Sep 2017 13:52:34 INFO Get char: 矛
Sun, 24 Sep 2017 13:52:35 INFO Get char: 矜
Sun, 24 Sep 2017 13:52:36 INFO Get char: 矞
Sun, 24 Sep 2017 13:52:37 INFO Get char: 矢
Sun, 24 Sep 2017 13:52:38 INFO Get char: 矣
Sun, 24 Sep 2017 13:52:39 INFO Get char: 知
Sun, 24 Sep 2017 13:52:41 INFO -- username: 知性漫画集, id: 5403405296
Sun, 24 Sep 2017 13:52:41 INFO -- username: 知行合一丨苏瑞, id: 2975997964
Sun, 24 Sep 2017 13:52:41 INFO -- username: 裴知道, id: 2855391997
Sun, 24 Sep 2017 13:52:41 INFO -- username: Zzzzzz冷暖自知, id: 1757965515
Sun, 24 Sep 2017 13:52:41 INFO -- username: 想了很久也不知道起什么名字, id: 3196776493
Sun, 24 Sep 2017 13:52:41 INFO -- username: Zzzzzz冷暖自知, id: 1757965515
Sun, 24 Sep 2017 13:52:41 INFO -- username: Zzzzzz冷暖自知, id: 1757965515
Sun, 24 Sep 2017 13:52:41 INFO Get char: 矧
Sun, 24 Sep 2017 13:52:42 INFO Get char: 矩
Sun, 24 Sep 2017 13:52:42 INFO Get char: 矫
Sun, 24 Sep 2017 13:52:43 INFO Get char: 矬
Sun, 24 Sep 2017 13:52:45 INFO Get char: 短
Sun, 24 Sep 2017 13:52:46 INFO -- username: 纵使短发及肩我还是我, id: 2562909447
Sun, 24 Sep 2017 13:52:46 INFO -- username: 纵使短发及肩我还是我, id: 2562909447
Sun, 24 Sep 2017 13:52:46 INFO Get char: 矮
Sun, 24 Sep 2017 13:52:47 INFO Get char: 矰
Sun, 24 Sep 2017 13:52:47 INFO Get char: 石
Sun, 24 Sep 2017 13:52:49 INFO -- username: 石榴子涵, id: 5226193352
Sun, 24 Sep 2017 13:52:49 INFO -- username: 大石爱屁股, id: 5522031785
Sun, 24 Sep 2017 13:52:49 INFO -- username: 岩石上的梅花, id: 3908180320
Sun, 24 Sep 2017 13:52:49 INFO -- username: 大连金石滩洛可可假日公寓, id: 6021540485
Sun, 24 Sep 2017 13:52:49 INFO -- username: 布朗菠萝番石榴, id: 1742073330
Sun, 24 Sep 2017 13:52:49 INFO -- username: 布朗菠萝番石榴, id: 1742073330
Sun, 24 Sep 2017 13:52:49 INFO Get char: 矶
Sun, 24 Sep 2017 13:52:50 INFO Get char: 矸
Sun, 24 Sep 2017 13:52:50 INFO Get char: 矻
Sun, 24 Sep 2017 13:52:52 INFO Get char: 矼
Sun, 24 Sep 2017 13:52:53 INFO Get char: 矾
Sun, 24 Sep 2017 13:52:53 INFO Get char: 矿
Sun, 24 Sep 2017 13:52:54 INFO Get char: 砀
Sun, 24 Sep 2017 13:52:55 INFO Get char: 码
Sun, 24 Sep 2017 13:52:55 INFO Get char: 砂
Sun, 24 Sep 2017 13:52:57 INFO -- username: 自然起源叶之韵IDo董事Eve磨砂, id: 5226301703
Sun, 24 Sep 2017 13:52:57 INFO -- username: 自然起源叶之韵IDo董事Eve磨砂, id: 5226301703
Sun, 24 Sep 2017 13:52:57 INFO Get char: 砄
Sun, 24 Sep 2017 13:52:58 INFO Get char: 砆
Sun, 24 Sep 2017 13:52:58 INFO Get char: 砉
Sun, 24 Sep 2017 13:52:59 INFO Get char: 砌
Sun, 24 Sep 2017 13:53:00 INFO Get char: 砍
Sun, 24 Sep 2017 13:53:01 INFO Get char: 砑
Sun, 24 Sep 2017 13:53:01 INFO Get char: 砒
Sun, 24 Sep 2017 13:53:02 INFO Get char: 研
Sun, 24 Sep 2017 13:53:03 INFO Get char: 砖
Sun, 24 Sep 2017 13:53:04 INFO Get char: 砗
Sun, 24 Sep 2017 13:53:05 INFO Get char: 砘
Sun, 24 Sep 2017 13:53:06 INFO Get char: 砚
Sun, 24 Sep 2017 13:53:08 INFO Get char: 砜
Sun, 24 Sep 2017 13:53:08 INFO Get char: 砝
Sun, 24 Sep 2017 13:53:09 INFO Get char: 砟
Sun, 24 Sep 2017 13:53:10 INFO Get char: 砠
Sun, 24 Sep 2017 13:53:11 INFO Get char: 砣
Sun, 24 Sep 2017 13:53:12 INFO Get char: 砥
Sun, 24 Sep 2017 13:53:13 INFO Get char: 砧
Sun, 24 Sep 2017 13:53:13 INFO Get char: 砫
Sun, 24 Sep 2017 13:53:14 INFO Get char: 砬
Sun, 24 Sep 2017 13:53:14 INFO Get char: 砭
Sun, 24 Sep 2017 13:53:15 INFO Get char: 砮
Sun, 24 Sep 2017 13:53:15 INFO Get char: 砰
Sun, 24 Sep 2017 13:53:16 INFO Get char: 破
Sun, 24 Sep 2017 13:53:18 INFO -- username: 西风破川, id: 5744184623
Sun, 24 Sep 2017 13:53:18 INFO -- username: 西风破川, id: 5744184623
Sun, 24 Sep 2017 13:53:18 INFO Get char: 砵
Sun, 24 Sep 2017 13:53:19 INFO Get char: 砷
Sun, 24 Sep 2017 13:53:19 INFO Get char: 砸
Sun, 24 Sep 2017 13:53:20 INFO Get char: 砹
Sun, 24 Sep 2017 13:53:21 INFO Get char: 砺
Sun, 24 Sep 2017 13:53:22 INFO Get char: 砻
Sun, 24 Sep 2017 13:53:22 INFO Get char: 砼
Sun, 24 Sep 2017 13:53:23 INFO Get char: 砾
Sun, 24 Sep 2017 13:53:24 INFO Get char: 础
Sun, 24 Sep 2017 13:53:24 INFO Get char: 硁
Sun, 24 Sep 2017 13:53:25 INFO Get char: 硅
Sun, 24 Sep 2017 13:53:26 INFO Get char: 硇
Sun, 24 Sep 2017 13:53:26 INFO Get char: 硊
Sun, 24 Sep 2017 13:53:27 INFO Get char: 硌
Sun, 24 Sep 2017 13:53:28 INFO Get char: 硍
Sun, 24 Sep 2017 13:53:28 INFO Get char: 硎
Sun, 24 Sep 2017 13:53:29 INFO Get char: 硐
Sun, 24 Sep 2017 13:53:29 INFO Get char: 硒
Sun, 24 Sep 2017 13:53:30 INFO Get char: 硔
Sun, 24 Sep 2017 13:53:31 INFO Get char: 硕
Sun, 24 Sep 2017 13:53:32 INFO Get char: 硖
Sun, 24 Sep 2017 13:53:33 INFO Get char: 硗
Sun, 24 Sep 2017 13:53:33 INFO Get char: 硙
Sun, 24 Sep 2017 13:53:34 INFO Get char: 硚
Sun, 24 Sep 2017 13:53:35 INFO Get char: 硝
Sun, 24 Sep 2017 13:53:35 INFO Get char: 硪
Sun, 24 Sep 2017 13:53:36 INFO Get char: 硫
Sun, 24 Sep 2017 13:53:37 INFO Get char: 硬
Sun, 24 Sep 2017 13:53:37 INFO Get char: 硭
Sun, 24 Sep 2017 13:53:38 INFO Get char: 确
Sun, 24 Sep 2017 13:53:40 INFO Get char: 硼
Sun, 24 Sep 2017 13:53:41 INFO Get char: 硿
Sun, 24 Sep 2017 13:53:41 INFO Get char: 碃
Sun, 24 Sep 2017 13:53:42 INFO Get char: 碇
Sun, 24 Sep 2017 13:53:43 INFO Get char: 碈
Sun, 24 Sep 2017 13:53:44 INFO Get char: 碉
Sun, 24 Sep 2017 13:53:45 INFO Get char: 碌
Sun, 24 Sep 2017 13:53:45 INFO Get char: 碍
Sun, 24 Sep 2017 13:53:46 INFO Get char: 碎
Sun, 24 Sep 2017 13:53:46 INFO Get char: 碏
Sun, 24 Sep 2017 13:53:47 INFO Get char: 碑
Sun, 24 Sep 2017 13:53:48 INFO Get char: 碓
Sun, 24 Sep 2017 13:53:48 INFO Get char: 碗
Sun, 24 Sep 2017 13:53:49 INFO Get char: 碘
Sun, 24 Sep 2017 13:53:50 INFO Get char: 碚
Sun, 24 Sep 2017 13:53:51 INFO Get char: 碛
Sun, 24 Sep 2017 13:53:51 INFO Get char: 碜
Sun, 24 Sep 2017 13:53:52 INFO Get char: 碟
Sun, 24 Sep 2017 13:53:52 INFO Get char: 碡
Sun, 24 Sep 2017 13:53:53 INFO Get char: 碣
Sun, 24 Sep 2017 13:53:54 INFO Get char: 碥
Sun, 24 Sep 2017 13:53:54 INFO Get char: 碧
Sun, 24 Sep 2017 13:53:56 INFO -- username: 不爱啤酒爱雪碧炸鸡, id: 3625466047
Sun, 24 Sep 2017 13:53:56 INFO -- username: 不爱啤酒爱雪碧炸鸡, id: 3625466047
Sun, 24 Sep 2017 13:53:56 INFO Get char: 碨
Sun, 24 Sep 2017 13:53:56 INFO Get char: 碰
Sun, 24 Sep 2017 13:53:57 INFO Get char: 碱
Sun, 24 Sep 2017 13:53:58 INFO Get char: 碲
Sun, 24 Sep 2017 13:53:59 INFO Get char: 碳
Sun, 24 Sep 2017 13:54:01 INFO -- username: 小火碳200706, id: 3946965949
Sun, 24 Sep 2017 13:54:01 INFO -- username: 小火碳200706, id: 3946965949
Sun, 24 Sep 2017 13:54:01 INFO Get char: 碴
Sun, 24 Sep 2017 13:54:01 INFO Get char: 碶
Sun, 24 Sep 2017 13:54:02 INFO Get char: 碹
Sun, 24 Sep 2017 13:54:03 INFO Get char: 碾
Sun, 24 Sep 2017 13:54:04 INFO -- username: 烟花繁--红尘碾, id: 3701749421
Sun, 24 Sep 2017 13:54:04 INFO -- username: 烟花繁--红尘碾, id: 3701749421
Sun, 24 Sep 2017 13:54:04 INFO Get char: 磁
Sun, 24 Sep 2017 13:54:05 INFO Get char: 磅
Sun, 24 Sep 2017 13:54:06 INFO Get char: 磉
Sun, 24 Sep 2017 13:54:07 INFO Get char: 磊
Sun, 24 Sep 2017 13:54:07 INFO Get char: 磋
Sun, 24 Sep 2017 13:54:08 INFO Get char: 磏
Sun, 24 Sep 2017 13:54:08 INFO Get char: 磐
Sun, 24 Sep 2017 13:54:09 INFO Get char: 磔
Sun, 24 Sep 2017 13:54:10 INFO Get char: 磕
Sun, 24 Sep 2017 13:54:11 INFO Get char: 磙
Sun, 24 Sep 2017 13:54:11 INFO Get char: 磜
Sun, 24 Sep 2017 13:54:12 INFO Get char: 磡
Sun, 24 Sep 2017 13:54:13 INFO Get char: 磨
Sun, 24 Sep 2017 13:54:15 INFO -- username: 自然起源叶之韵IDo董事Eve磨砂, id: 5226301703
Sun, 24 Sep 2017 13:54:15 INFO -- username: 吕磨磨的嫫嫫, id: 1782689287
Sun, 24 Sep 2017 13:54:15 INFO -- username: 自然起源叶之韵IDo董事Eve磨砂, id: 5226301703
Sun, 24 Sep 2017 13:54:15 INFO -- username: 自然起源叶之韵IDo董事Eve磨砂, id: 5226301703
Sun, 24 Sep 2017 13:54:15 INFO Get char: 磬
Sun, 24 Sep 2017 13:54:16 INFO Get char: 磲
Sun, 24 Sep 2017 13:54:17 INFO Get char: 磴
Sun, 24 Sep 2017 13:54:18 INFO Get char: 磷
Sun, 24 Sep 2017 13:54:19 INFO Get char: 磹
Sun, 24 Sep 2017 13:54:19 INFO Get char: 磻
Sun, 24 Sep 2017 13:54:20 INFO Get char: 礁
Sun, 24 Sep 2017 13:54:21 INFO Get char: 礅
Sun, 24 Sep 2017 13:54:22 INFO Get char: 礌
Sun, 24 Sep 2017 13:54:23 INFO Get char: 礓
Sun, 24 Sep 2017 13:54:24 INFO Get char: 礞
Sun, 24 Sep 2017 13:54:24 INFO Get char: 礴
Sun, 24 Sep 2017 13:54:26 INFO Get char: 礵
Sun, 24 Sep 2017 13:54:26 INFO Get char: 示
Sun, 24 Sep 2017 13:54:27 INFO Get char: 礼
Sun, 24 Sep 2017 13:54:28 INFO Get char: 社
Sun, 24 Sep 2017 13:54:29 INFO Get char: 祀
Sun, 24 Sep 2017 13:54:29 INFO Get char: 祁
Sun, 24 Sep 2017 13:54:30 INFO Get char: 祃
Sun, 24 Sep 2017 13:54:31 INFO Get char: 祆
Sun, 24 Sep 2017 13:54:31 INFO Get char: 祇
Sun, 24 Sep 2017 13:54:32 INFO Get char: 祈
Sun, 24 Sep 2017 13:54:33 INFO Get char: 祉
Sun, 24 Sep 2017 13:54:33 INFO Get char: 祊
Sun, 24 Sep 2017 13:54:34 INFO Get char: 祋
Sun, 24 Sep 2017 13:54:35 INFO Get char: 祎
Sun, 24 Sep 2017 13:54:36 INFO Get char: 祏
Sun, 24 Sep 2017 13:54:36 INFO Get char: 祐
Sun, 24 Sep 2017 13:54:37 INFO Get char: 祓
Sun, 24 Sep 2017 13:54:38 INFO Get char: 祕
Sun, 24 Sep 2017 13:54:38 INFO Get char: 祖
Sun, 24 Sep 2017 13:54:39 INFO -- username: 祖国的鱼香鸡丝, id: 2363428873
Sun, 24 Sep 2017 13:54:39 INFO -- username: 祖国的鱼香鸡丝, id: 2363428873
Sun, 24 Sep 2017 13:54:39 INFO Get char: 祗
Sun, 24 Sep 2017 13:54:40 INFO Get char: 祚
Sun, 24 Sep 2017 13:54:41 INFO Get char: 祛
Sun, 24 Sep 2017 13:54:43 INFO -- username: 祛斑祛痘去黑头-女性健康, id: 6213769961
Sun, 24 Sep 2017 13:54:43 INFO -- username: 祛斑祛痘去黑头-女性健康, id: 6213769961
Sun, 24 Sep 2017 13:54:43 INFO Get char: 祜
Sun, 24 Sep 2017 13:54:43 INFO Get char: 祝
Sun, 24 Sep 2017 13:54:45 INFO -- username: 祝祝祝儿, id: 6011896544
Sun, 24 Sep 2017 13:54:45 INFO -- username: 祝祝祝儿, id: 6011896544
Sun, 24 Sep 2017 13:54:45 INFO Get char: 神
Sun, 24 Sep 2017 13:54:48 INFO -- username: 神灵羽芒, id: 5034255844
Sun, 24 Sep 2017 13:54:48 INFO -- username: 巫山神女杯艺术电影周, id: 5836527497
Sun, 24 Sep 2017 13:54:48 INFO -- username: YOMILLY悦美励女神范胸器, id: 2315453222
Sun, 24 Sep 2017 13:54:48 INFO -- username: 童神Jori, id: 1295682497
Sun, 24 Sep 2017 13:54:48 INFO -- username: YOMILLY悦美励女神范胸器, id: 2315453222
Sun, 24 Sep 2017 13:54:48 INFO -- username: YOMILLY悦美励女神范胸器, id: 2315453222
Sun, 24 Sep 2017 13:54:48 INFO Get char: 祟
Sun, 24 Sep 2017 13:54:48 INFO Get char: 祠
Sun, 24 Sep 2017 13:54:49 INFO Get char: 祢
Sun, 24 Sep 2017 13:54:50 INFO Get char: 祥
Sun, 24 Sep 2017 13:54:52 INFO -- username: Super肖凤祥-, id: 5856256425
Sun, 24 Sep 2017 13:54:52 INFO -- username: Super肖凤祥-, id: 5856256425
Sun, 24 Sep 2017 13:54:52 INFO Get char: 祧
Sun, 24 Sep 2017 13:54:52 INFO Get char: 票
Sun, 24 Sep 2017 13:54:53 INFO Get char: 祭
Sun, 24 Sep 2017 13:54:54 INFO Get char: 祯
Sun, 24 Sep 2017 13:54:54 INFO Get char: 祲
Sun, 24 Sep 2017 13:54:56 INFO Get char: 祷
Sun, 24 Sep 2017 13:54:56 INFO Get char: 祸
Sun, 24 Sep 2017 13:54:57 INFO Get char: 祺
Sun, 24 Sep 2017 13:54:58 INFO Get char: 祼
Sun, 24 Sep 2017 13:54:58 INFO Get char: 祾
Sun, 24 Sep 2017 13:54:59 INFO Get char: 禀
Sun, 24 Sep 2017 13:55:00 INFO Get char: 禁
Sun, 24 Sep 2017 13:55:00 INFO Get char: 禄
Sun, 24 Sep 2017 13:55:01 INFO Get char: 禅
Sun, 24 Sep 2017 13:55:02 INFO Get char: 禊
Sun, 24 Sep 2017 13:55:02 INFO Get char: 禋
Sun, 24 Sep 2017 13:55:03 INFO Get char: 福
Sun, 24 Sep 2017 13:55:04 INFO -- username: 福来77, id: 2440592951
Sun, 24 Sep 2017 13:55:04 INFO -- username: 小粒粒福, id: 5628092410
Sun, 24 Sep 2017 13:55:04 INFO -- username: 姑娘要幸福哟, id: 2201450193
Sun, 24 Sep 2017 13:55:04 INFO -- username: 明明那么幸福, id: 5177101567
Sun, 24 Sep 2017 13:55:04 INFO -- username: 明明那么幸福, id: 5177101567
Sun, 24 Sep 2017 13:55:04 INFO Get char: 禒
Sun, 24 Sep 2017 13:55:05 INFO Get char: 禔
Sun, 24 Sep 2017 13:55:06 INFO Get char: 禘
Sun, 24 Sep 2017 13:55:07 INFO Get char: 禚
Sun, 24 Sep 2017 13:55:07 INFO Get char: 禛
Sun, 24 Sep 2017 13:55:08 INFO Get char: 禤
Sun, 24 Sep 2017 13:55:08 INFO Get char: 禧
Sun, 24 Sep 2017 13:55:09 INFO Get char: 禳
Sun, 24 Sep 2017 13:55:10 INFO Get char: 禹
Sun, 24 Sep 2017 13:55:10 INFO Get char: 禺
Sun, 24 Sep 2017 13:55:11 INFO Get char: 离
Sun, 24 Sep 2017 13:55:12 INFO -- username: 陌路离殇的故事, id: 5422272901
Sun, 24 Sep 2017 13:55:12 INFO -- username: 距ZMR离, id: 5869823131
Sun, 24 Sep 2017 13:55:12 INFO -- username: 晨曦__扑朔迷离, id: 5066313067
Sun, 24 Sep 2017 13:55:12 INFO -- username: 晨曦__扑朔迷离, id: 5066313067
Sun, 24 Sep 2017 13:55:12 INFO Get char: 禽
Sun, 24 Sep 2017 13:55:13 INFO Get char: 禾
Sun, 24 Sep 2017 13:55:16 INFO -- username: 苗禾页, id: 5994966461
Sun, 24 Sep 2017 13:55:16 INFO -- username: 青禾cup, id: 5173636880
Sun, 24 Sep 2017 13:55:16 INFO -- username: 青禾cup, id: 5173636880
Sun, 24 Sep 2017 13:55:16 INFO Get char: 秀
Sun, 24 Sep 2017 13:55:16 INFO Get char: 私
Sun, 24 Sep 2017 13:55:18 INFO -- username: 萌萌家私房菜, id: 3228464890
Sun, 24 Sep 2017 13:55:18 INFO -- username: 瑞恩妈妈的私藏酒窖, id: 2934607491
Sun, 24 Sep 2017 13:55:18 INFO -- username: 瑞恩妈妈的私藏酒窖, id: 2934607491
Sun, 24 Sep 2017 13:55:18 INFO Get char: 秃
Sun, 24 Sep 2017 13:55:19 INFO Get char: 秆
Sun, 24 Sep 2017 13:55:19 INFO Get char: 秉
Sun, 24 Sep 2017 13:55:20 INFO Get char: 秋
Sun, 24 Sep 2017 13:55:22 INFO -- username: 阿秋阿秋打了个喷嚏, id: 3174357323
Sun, 24 Sep 2017 13:55:22 INFO -- username: 阿秋阿秋打了个喷嚏, id: 3174357323
Sun, 24 Sep 2017 13:55:22 INFO Get char: 种
Sun, 24 Sep 2017 13:55:23 INFO -- username: 2017蒲公英的种子, id: 5994455616
Sun, 24 Sep 2017 13:55:23 INFO -- username: 2017蒲公英的种子, id: 5994455616
Sun, 24 Sep 2017 13:55:23 INFO Get char: 科
Sun, 24 Sep 2017 13:55:25 INFO -- username: 深海科技23501, id: 6070869523
Sun, 24 Sep 2017 13:55:25 INFO -- username: 相舆科技, id: 5638863044
Sun, 24 Sep 2017 13:55:25 INFO -- username: 深海科技23501, id: 6070869523
Sun, 24 Sep 2017 13:55:25 INFO -- username: 深海科技23501, id: 6070869523
Sun, 24 Sep 2017 13:55:25 INFO Get char: 秒
Sun, 24 Sep 2017 13:55:26 INFO Get char: 秕
Sun, 24 Sep 2017 13:55:27 INFO Get char: 秘
Sun, 24 Sep 2017 13:55:27 INFO Get char: 租
Sun, 24 Sep 2017 13:55:28 INFO Get char: 秣
Sun, 24 Sep 2017 13:55:29 INFO Get char: 秤
Sun, 24 Sep 2017 13:55:29 INFO Get char: 秦
Sun, 24 Sep 2017 13:55:31 INFO -- username: 水瓶座的秦时明月, id: 5364291143
Sun, 24 Sep 2017 13:55:31 INFO -- username: 水瓶座的秦时明月, id: 5364291143
Sun, 24 Sep 2017 13:55:31 INFO Get char: 秧
Sun, 24 Sep 2017 13:55:32 INFO -- username: 秧秧02, id: 3937507220
Sun, 24 Sep 2017 13:55:32 INFO -- username: 秧秧02, id: 3937507220
Sun, 24 Sep 2017 13:55:32 INFO Get char: 秩
Sun, 24 Sep 2017 13:55:33 INFO Get char: 秫
Sun, 24 Sep 2017 13:55:33 INFO Get char: 秬
Sun, 24 Sep 2017 13:55:34 INFO Get char: 秭
Sun, 24 Sep 2017 13:55:35 INFO Get char: 积
Sun, 24 Sep 2017 13:55:36 INFO -- username: 积极向上的LaLa, id: 2706885250
Sun, 24 Sep 2017 13:55:36 INFO -- username: 积极向上的LaLa, id: 2706885250
Sun, 24 Sep 2017 13:55:36 INFO Get char: 称
Sun, 24 Sep 2017 13:55:38 INFO -- username: 没有昵称的微博名__-, id: 3425202532
Sun, 24 Sep 2017 13:55:38 INFO -- username: 我偏偏就不编辑昵称咋地, id: 2110979701
Sun, 24 Sep 2017 13:55:38 INFO -- username: 我偏偏就不编辑昵称咋地, id: 2110979701
Sun, 24 Sep 2017 13:55:38 INFO Get char: 秸
Sun, 24 Sep 2017 13:55:39 INFO Get char: 移
Sun, 24 Sep 2017 13:55:39 INFO Get char: 秽
Sun, 24 Sep 2017 13:55:40 INFO Get char: 秾
Sun, 24 Sep 2017 13:55:41 INFO Get char: 稀
Sun, 24 Sep 2017 13:55:43 INFO Get char: 稂
Sun, 24 Sep 2017 13:55:44 INFO Get char: 稃
Sun, 24 Sep 2017 13:55:45 INFO Get char: 稆
Sun, 24 Sep 2017 13:55:46 INFO Get char: 程
Sun, 24 Sep 2017 13:55:48 INFO -- username: 程阿楽, id: 5344848411
Sun, 24 Sep 2017 13:55:48 INFO -- username: reverie_程童鞋, id: 2259104487
Sun, 24 Sep 2017 13:55:48 INFO -- username: reverie_程童鞋, id: 2259104487
Sun, 24 Sep 2017 13:55:48 INFO Get char: 稌
Sun, 24 Sep 2017 13:55:48 INFO Get char: 稍
Sun, 24 Sep 2017 13:55:49 INFO Get char: 税
Sun, 24 Sep 2017 13:55:49 INFO Get char: 稑
Sun, 24 Sep 2017 13:55:50 INFO Get char: 稔
Sun, 24 Sep 2017 13:55:51 INFO Get char: 稗
Sun, 24 Sep 2017 13:55:52 INFO Get char: 稙
Sun, 24 Sep 2017 13:55:52 INFO Get char: 稚
Sun, 24 Sep 2017 13:55:53 INFO Get char: 稞
Sun, 24 Sep 2017 13:55:54 INFO Get char: 稠
Sun, 24 Sep 2017 13:55:55 INFO Get char: 稣
Sun, 24 Sep 2017 13:55:55 INFO Get char: 稳
Sun, 24 Sep 2017 13:55:56 INFO Get char: 稷
Sun, 24 Sep 2017 13:55:57 INFO Get char: 稹
Sun, 24 Sep 2017 13:55:57 INFO Get char: 稻
Sun, 24 Sep 2017 13:55:58 INFO Get char: 稼
Sun, 24 Sep 2017 13:55:59 INFO Get char: 稽
Sun, 24 Sep 2017 13:55:59 INFO Get char: 稿
Sun, 24 Sep 2017 13:56:00 INFO Get char: 穄
Sun, 24 Sep 2017 13:56:01 INFO Get char: 穆
Sun, 24 Sep 2017 13:56:01 INFO Get char: 穑
Sun, 24 Sep 2017 13:56:02 INFO Get char: 穗
Sun, 24 Sep 2017 13:56:03 INFO -- username: 夏儿穗, id: 1967030745
Sun, 24 Sep 2017 13:56:03 INFO -- username: 夏儿穗, id: 1967030745
Sun, 24 Sep 2017 13:56:03 INFO Get char: 穙
Sun, 24 Sep 2017 13:56:04 INFO Get char: 穜
Sun, 24 Sep 2017 13:56:05 INFO Get char: 穟
Sun, 24 Sep 2017 13:56:06 INFO Get char: 穰
Sun, 24 Sep 2017 13:56:07 INFO Get char: 穴
Sun, 24 Sep 2017 13:56:07 INFO Get char: 究
Sun, 24 Sep 2017 13:56:09 INFO -- username: 回忆最美终究是殇, id: 6026187693
Sun, 24 Sep 2017 13:56:09 INFO -- username: 回忆最美终究是殇, id: 6026187693
Sun, 24 Sep 2017 13:56:09 INFO Get char: 穷
Sun, 24 Sep 2017 13:56:10 INFO Get char: 穸
Sun, 24 Sep 2017 13:56:10 INFO Get char: 穹
Sun, 24 Sep 2017 13:56:11 INFO Get char: 空
Sun, 24 Sep 2017 13:56:14 INFO -- username: 天空那朵云05, id: 5627660095
Sun, 24 Sep 2017 13:56:14 INFO -- username: 天空之城般宁静, id: 5290464262
Sun, 24 Sep 2017 13:56:14 INFO -- username: 夜空中最亮的星0319, id: 2698845123
Sun, 24 Sep 2017 13:56:14 INFO -- username: 一设空计, id: 5409144279
Sun, 24 Sep 2017 13:56:14 INFO -- username: 创恋空间--caitin, id: 2313702500
Sun, 24 Sep 2017 13:56:14 INFO -- username: 铭阳星空, id: 1312790773
Sun, 24 Sep 2017 13:56:14 INFO -- username: 仰望星空IL99, id: 1208405861
Sun, 24 Sep 2017 13:56:14 INFO -- username: 侃空003, id: 6085509237
Sun, 24 Sep 2017 13:56:14 INFO -- username: 仰望星空IL99, id: 1208405861
Sun, 24 Sep 2017 13:56:14 INFO -- username: 仰望星空IL99, id: 1208405861
Sun, 24 Sep 2017 13:56:14 INFO Get char: 穿
Sun, 24 Sep 2017 13:56:16 INFO -- username: 穿着平底鞋走自己的路, id: 6337612560
Sun, 24 Sep 2017 13:56:16 INFO -- username: 穿鞋小能手, id: 1994356454
Sun, 24 Sep 2017 13:56:16 INFO -- username: 穿着平底鞋走自己的路, id: 6337612560
Sun, 24 Sep 2017 13:56:16 INFO -- username: 穿着平底鞋走自己的路, id: 6337612560
Sun, 24 Sep 2017 13:56:16 INFO Get char: 窀
Sun, 24 Sep 2017 13:56:17 INFO Get char: 突
Sun, 24 Sep 2017 13:56:17 INFO Get char: 窃
Sun, 24 Sep 2017 13:56:18 INFO Get char: 窄
Sun, 24 Sep 2017 13:56:19 INFO Get char: 窅
Sun, 24 Sep 2017 13:56:19 INFO Get char: 窈
Sun, 24 Sep 2017 13:56:20 INFO Get char: 窊
Sun, 24 Sep 2017 13:56:21 INFO Get char: 窍
Sun, 24 Sep 2017 13:56:21 INFO Get char: 窎
Sun, 24 Sep 2017 13:56:22 INFO Get char: 窑
Sun, 24 Sep 2017 13:56:23 INFO Get char: 窒
Sun, 24 Sep 2017 13:56:24 INFO Get char: 窕
Sun, 24 Sep 2017 13:56:25 INFO Get char: 窖
Sun, 24 Sep 2017 13:56:26 INFO -- username: 瑞恩妈妈的私藏酒窖, id: 2934607491
Sun, 24 Sep 2017 13:56:26 INFO -- username: 瑞恩妈妈的私藏酒窖, id: 2934607491
Sun, 24 Sep 2017 13:56:26 INFO Get char: 窗
Sun, 24 Sep 2017 13:56:27 INFO Get char: 窘
Sun, 24 Sep 2017 13:56:28 INFO Get char: 窜
Sun, 24 Sep 2017 13:56:28 INFO Get char: 窝
Sun, 24 Sep 2017 13:56:29 INFO -- username: 妮宝宝的小窝, id: 3222584634
Sun, 24 Sep 2017 13:56:29 INFO -- username: 妮宝宝的小窝, id: 3222584634
Sun, 24 Sep 2017 13:56:29 INFO Get char: 窟
Sun, 24 Sep 2017 13:56:30 INFO Get char: 窠
Sun, 24 Sep 2017 13:56:31 INFO Get char: 窣
Sun, 24 Sep 2017 13:56:32 INFO Get char: 窥
Sun, 24 Sep 2017 13:56:32 INFO Get char: 窦
Sun, 24 Sep 2017 13:56:33 INFO Get char: 窨
Sun, 24 Sep 2017 13:56:34 INFO Get char: 窬
Sun, 24 Sep 2017 13:56:34 INFO Get char: 窭
Sun, 24 Sep 2017 13:56:35 INFO Get char: 窳
Sun, 24 Sep 2017 13:56:36 INFO Get char: 窸
Sun, 24 Sep 2017 13:56:37 INFO Get char: 窿
Sun, 24 Sep 2017 13:56:38 INFO Get char: 立
Sun, 24 Sep 2017 13:56:38 INFO Get char: 竑
Sun, 24 Sep 2017 13:56:39 INFO Get char: 竖
Sun, 24 Sep 2017 13:56:41 INFO -- username: 一横一竖加五撇, id: 2038612333
Sun, 24 Sep 2017 13:56:41 INFO -- username: 一横一竖加五撇, id: 2038612333
Sun, 24 Sep 2017 13:56:41 INFO Get char: 竘
Sun, 24 Sep 2017 13:56:41 INFO Get char: 站
Sun, 24 Sep 2017 13:56:42 INFO Get char: 竞
Sun, 24 Sep 2017 13:56:42 INFO Get char: 竟
Sun, 24 Sep 2017 13:56:43 INFO Get char: 章
Sun, 24 Sep 2017 13:56:44 INFO Get char: 竣
Sun, 24 Sep 2017 13:56:46 INFO -- username: 韦竣然, id: 1133688281
Sun, 24 Sep 2017 13:56:46 INFO -- username: 严竣琦Jimky, id: 5470184733
Sun, 24 Sep 2017 13:56:46 INFO -- username: 严竣琦Jimky, id: 5470184733
Sun, 24 Sep 2017 13:56:46 INFO Get char: 童
Sun, 24 Sep 2017 13:56:48 INFO -- username: 童神Jori, id: 1295682497
Sun, 24 Sep 2017 13:56:48 INFO -- username: reverie_程童鞋, id: 2259104487
Sun, 24 Sep 2017 13:56:48 INFO -- username: 峻男童童, id: 5074534531
Sun, 24 Sep 2017 13:56:48 INFO -- username: reverie_程童鞋, id: 2259104487
Sun, 24 Sep 2017 13:56:48 INFO -- username: reverie_程童鞋, id: 2259104487
Sun, 24 Sep 2017 13:56:48 INFO Get char: 竦
Sun, 24 Sep 2017 13:56:48 INFO Get char: 竫
Sun, 24 Sep 2017 13:56:49 INFO Get char: 竭
Sun, 24 Sep 2017 13:56:49 INFO Get char: 端
Sun, 24 Sep 2017 13:56:52 INFO -- username: 云端之上恋歌732016, id: 6371939569
Sun, 24 Sep 2017 13:56:52 INFO -- username: 遛狗云端, id: 5514643509
Sun, 24 Sep 2017 13:56:52 INFO -- username: suny高端有机护肤馆, id: 2506483081
Sun, 24 Sep 2017 13:56:52 INFO -- username: 才女漫步云端-55, id: 6240450961
Sun, 24 Sep 2017 13:56:52 INFO -- username: suny高端有机护肤馆, id: 2506483081
Sun, 24 Sep 2017 13:56:52 INFO -- username: suny高端有机护肤馆, id: 2506483081
Sun, 24 Sep 2017 13:56:52 INFO Get char: 竹
Sun, 24 Sep 2017 13:56:53 INFO -- username: 水竹sadhu, id: 1796622291
Sun, 24 Sep 2017 13:56:53 INFO -- username: da竹zhi, id: 5175681373
Sun, 24 Sep 2017 13:56:53 INFO -- username: da竹zhi, id: 5175681373
Sun, 24 Sep 2017 13:56:53 INFO Get char: 竺
Sun, 24 Sep 2017 13:56:54 INFO Get char: 竽
Sun, 24 Sep 2017 13:56:56 INFO Get char: 竿
Sun, 24 Sep 2017 13:56:56 INFO Get char: 笃
Sun, 24 Sep 2017 13:56:57 INFO Get char: 笄
Sun, 24 Sep 2017 13:56:58 INFO Get char: 笆
Sun, 24 Sep 2017 13:56:58 INFO Get char: 笈
Sun, 24 Sep 2017 13:56:59 INFO Get char: 笊
Sun, 24 Sep 2017 13:57:00 INFO Get char: 笋
Sun, 24 Sep 2017 13:57:00 INFO Get char: 笏
Sun, 24 Sep 2017 13:57:01 INFO Get char: 笑
Sun, 24 Sep 2017 13:57:03 INFO -- username: 微笑fighting每一天, id: 5319095414
Sun, 24 Sep 2017 13:57:03 INFO -- username: smile笑笑的围脖, id: 2804356262
Sun, 24 Sep 2017 13:57:03 INFO -- username: smile笑笑的围脖, id: 2804356262
Sun, 24 Sep 2017 13:57:03 INFO Get char: 笔
Sun, 24 Sep 2017 13:57:04 INFO -- username: 蜡笔小新他妈Mi, id: 5303640545
Sun, 24 Sep 2017 13:57:04 INFO -- username: 蜡笔小新他妈Mi, id: 5303640545
Sun, 24 Sep 2017 13:57:04 INFO Get char: 笕
Sun, 24 Sep 2017 13:57:05 INFO Get char: 笙
Sun, 24 Sep 2017 13:57:06 INFO -- username: 琴笙歌笙乐笙笙, id: 2565940722
Sun, 24 Sep 2017 13:57:06 INFO -- username: 夙美凭笙, id: 2419833790
Sun, 24 Sep 2017 13:57:06 INFO -- username: 夙美凭笙, id: 2419833790
Sun, 24 Sep 2017 13:57:06 INFO Get char: 笛
Sun, 24 Sep 2017 13:57:07 INFO Get char: 笞
Sun, 24 Sep 2017 13:57:08 INFO Get char: 笠
Sun, 24 Sep 2017 13:57:09 INFO Get char: 笤
Sun, 24 Sep 2017 13:57:09 INFO Get char: 笥
Sun, 24 Sep 2017 13:57:10 INFO Get char: 符
Sun, 24 Sep 2017 13:57:11 INFO Get char: 笨
Sun, 24 Sep 2017 13:57:12 INFO -- username: 基本笨蛋, id: 1864089977
Sun, 24 Sep 2017 13:57:12 INFO -- username: 基本笨蛋, id: 1864089977
Sun, 24 Sep 2017 13:57:12 INFO Get char: 笪
Sun, 24 Sep 2017 13:57:13 INFO Get char: 笫
Sun, 24 Sep 2017 13:57:13 INFO Get char: 第
Sun, 24 Sep 2017 13:57:14 INFO Get char: 笮
Sun, 24 Sep 2017 13:57:15 INFO Get char: 笯
Sun, 24 Sep 2017 13:57:16 INFO Get char: 笱
Sun, 24 Sep 2017 13:57:16 INFO Get char: 笳
Sun, 24 Sep 2017 13:57:17 INFO Get char: 笸
Sun, 24 Sep 2017 13:57:17 INFO Get char: 笺
Sun, 24 Sep 2017 13:57:18 INFO Get char: 笼
Sun, 24 Sep 2017 13:57:19 INFO Get char: 笾
Sun, 24 Sep 2017 13:57:21 INFO Get char: 筀
Sun, 24 Sep 2017 13:57:22 INFO Get char: 筅
Sun, 24 Sep 2017 13:57:22 INFO Get char: 筇
Sun, 24 Sep 2017 13:57:23 INFO Get char: 等
Sun, 24 Sep 2017 13:57:24 INFO -- username: 等待苏醒的沉默, id: 3758913673
Sun, 24 Sep 2017 13:57:24 INFO -- username: z等风飞, id: 5115405668
Sun, 24 Sep 2017 13:57:24 INFO -- username: o等闲变却故人心, id: 5299236224
Sun, 24 Sep 2017 13:57:24 INFO -- username: 爱不会等待00396, id: 6039910384
Sun, 24 Sep 2017 13:57:24 INFO -- username: 爱不会等待00396, id: 6039910384
Sun, 24 Sep 2017 13:57:24 INFO Get char: 筋
Sun, 24 Sep 2017 13:57:24 INFO Get char: 筌
Sun, 24 Sep 2017 13:57:25 INFO Get char: 筏
Sun, 24 Sep 2017 13:57:26 INFO Get char: 筐
Sun, 24 Sep 2017 13:57:27 INFO Get char: 筑
Sun, 24 Sep 2017 13:57:27 INFO Get char: 筒
Sun, 24 Sep 2017 13:57:28 INFO Get char: 答
Sun, 24 Sep 2017 13:57:29 INFO Get char: 策
Sun, 24 Sep 2017 13:57:29 INFO Get char: 筘
Sun, 24 Sep 2017 13:57:30 INFO Get char: 筚
Sun, 24 Sep 2017 13:57:30 INFO Get char: 筛
Sun, 24 Sep 2017 13:57:31 INFO Get char: 筜
Sun, 24 Sep 2017 13:57:32 INFO Get char: 筝
Sun, 24 Sep 2017 13:57:33 INFO Get char: 筠
Sun, 24 Sep 2017 13:57:34 INFO Get char: 筢
Sun, 24 Sep 2017 13:57:34 INFO Get char: 筤
Sun, 24 Sep 2017 13:57:35 INFO Get char: 筥
Sun, 24 Sep 2017 13:57:36 INFO Get char: 筦
Sun, 24 Sep 2017 13:57:36 INFO Get char: 筮
Sun, 24 Sep 2017 13:57:37 INFO Get char: 筱
Sun, 24 Sep 2017 13:57:39 INFO -- username: 蘑筱菇茨哒哒哒哒, id: 1829755052
Sun, 24 Sep 2017 13:57:39 INFO -- username: 蘑筱菇茨哒哒哒哒, id: 1829755052
Sun, 24 Sep 2017 13:57:39 INFO Get char: 筲
Sun, 24 Sep 2017 13:57:40 INFO Get char: 筵
Sun, 24 Sep 2017 13:57:40 INFO Get char: 筶
Sun, 24 Sep 2017 13:57:41 INFO Get char: 筷
Sun, 24 Sep 2017 13:57:42 INFO Get char: 筹
Sun, 24 Sep 2017 13:57:42 INFO Get char: 筻
Sun, 24 Sep 2017 13:57:44 INFO Get char: 筼
Sun, 24 Sep 2017 13:57:44 INFO Get char: 签
Sun, 24 Sep 2017 13:57:45 INFO Get char: 简
Sun, 24 Sep 2017 13:57:47 INFO -- username: 爱情多简单, id: 5143078005
Sun, 24 Sep 2017 13:57:47 INFO -- username: 爱情多简单, id: 5143078005
Sun, 24 Sep 2017 13:57:47 INFO Get char: 箅
Sun, 24 Sep 2017 13:57:48 INFO Get char: 箍
Sun, 24 Sep 2017 13:57:48 INFO Get char: 箐
Sun, 24 Sep 2017 13:57:49 INFO Get char: 箓
Sun, 24 Sep 2017 13:57:50 INFO Get char: 箔
Sun, 24 Sep 2017 13:57:51 INFO Get char: 箕
Sun, 24 Sep 2017 13:57:51 INFO Get char: 箖
Sun, 24 Sep 2017 13:57:52 INFO Get char: 算
Sun, 24 Sep 2017 13:57:53 INFO Get char: 箜
Sun, 24 Sep 2017 13:57:53 INFO Get char: 管
Sun, 24 Sep 2017 13:57:54 INFO Get char: 箢
Sun, 24 Sep 2017 13:57:55 INFO Get char: 箦
Sun, 24 Sep 2017 13:57:57 INFO Get char: 箧
Sun, 24 Sep 2017 13:57:57 INFO Get char: 箨
Sun, 24 Sep 2017 13:57:58 INFO Get char: 箩
Sun, 24 Sep 2017 13:57:59 INFO Get char: 箪
Sun, 24 Sep 2017 13:58:00 INFO Get char: 箫
Sun, 24 Sep 2017 13:58:01 INFO Get char: 箬
Sun, 24 Sep 2017 13:58:01 INFO Get char: 箭
Sun, 24 Sep 2017 13:58:03 INFO Get char: 箱
Sun, 24 Sep 2017 13:58:03 INFO Get char: 箴
Sun, 24 Sep 2017 13:58:04 INFO Get char: 箸
Sun, 24 Sep 2017 13:58:05 INFO Get char: 篁
Sun, 24 Sep 2017 13:58:06 INFO Get char: 篆
Sun, 24 Sep 2017 13:58:06 INFO Get char: 篇
Sun, 24 Sep 2017 13:58:07 INFO Get char: 篌
Sun, 24 Sep 2017 13:58:08 INFO Get char: 篑
Sun, 24 Sep 2017 13:58:08 INFO Get char: 篓
Sun, 24 Sep 2017 13:58:09 INFO Get char: 篙
Sun, 24 Sep 2017 13:58:10 INFO Get char: 篚
Sun, 24 Sep 2017 13:58:10 INFO Get char: 篝
Sun, 24 Sep 2017 13:58:11 INFO Get char: 篡
Sun, 24 Sep 2017 13:58:12 INFO Get char: 篥
Sun, 24 Sep 2017 13:58:13 INFO Get char: 篦
Sun, 24 Sep 2017 13:58:13 INFO Get char: 篪
Sun, 24 Sep 2017 13:58:14 INFO Get char: 篮
Sun, 24 Sep 2017 13:58:15 INFO Get char: 篯
Sun, 24 Sep 2017 13:58:16 INFO Get char: 篱
Sun, 24 Sep 2017 13:58:16 INFO Get char: 篷
Sun, 24 Sep 2017 13:58:17 INFO Get char: 篼
Sun, 24 Sep 2017 13:58:18 INFO Get char: 篾
Sun, 24 Sep 2017 13:58:18 INFO Get char: 簃
Sun, 24 Sep 2017 13:58:20 INFO Get char: 簇
Sun, 24 Sep 2017 13:58:20 INFO Get char: 簉
Sun, 24 Sep 2017 13:58:21 INFO Get char: 簋
Sun, 24 Sep 2017 13:58:22 INFO Get char: 簌
Sun, 24 Sep 2017 13:58:22 INFO Get char: 簏
Sun, 24 Sep 2017 13:58:23 INFO Get char: 簕
Sun, 24 Sep 2017 13:58:24 INFO Get char: 簖
Sun, 24 Sep 2017 13:58:24 INFO Get char: 簝
Sun, 24 Sep 2017 13:58:25 INFO Get char: 簟
Sun, 24 Sep 2017 13:58:25 INFO Get char: 簠
Sun, 24 Sep 2017 13:58:26 INFO Get char: 簧
Sun, 24 Sep 2017 13:58:27 INFO Get char: 簪
Sun, 24 Sep 2017 13:58:28 INFO Get char: 簰
Sun, 24 Sep 2017 13:58:28 INFO Get char: 簸
Sun, 24 Sep 2017 13:58:29 INFO Get char: 簿
Sun, 24 Sep 2017 13:58:30 INFO Get char: 籀
Sun, 24 Sep 2017 13:58:31 INFO Get char: 籁
Sun, 24 Sep 2017 13:58:32 INFO Get char: 籍
Sun, 24 Sep 2017 13:58:33 INFO Get char: 籥
Sun, 24 Sep 2017 13:58:34 INFO Get char: 米
Sun, 24 Sep 2017 13:58:36 INFO -- username: 米素MISSU, id: 3867217508
Sun, 24 Sep 2017 13:58:36 INFO -- username: 小米坊, id: 1418983042
Sun, 24 Sep 2017 13:58:36 INFO -- username: 土豆米饭大白菜, id: 5321451712
Sun, 24 Sep 2017 13:58:36 INFO -- username: oTina米苏, id: 3140652713
Sun, 24 Sep 2017 13:58:36 INFO -- username: hyunmin哈米, id: 2400717805
Sun, 24 Sep 2017 13:58:36 INFO -- username: hyunmin哈米, id: 2400717805
Sun, 24 Sep 2017 13:58:36 INFO Get char: 籴
Sun, 24 Sep 2017 13:58:36 INFO Get char: 类
Sun, 24 Sep 2017 13:58:38 INFO -- username: 个别另类, id: 5371518872
Sun, 24 Sep 2017 13:58:38 INFO -- username: 个别另类, id: 5371518872
Sun, 24 Sep 2017 13:58:38 INFO Get char: 籼
Sun, 24 Sep 2017 13:58:38 INFO Get char: 籽
Sun, 24 Sep 2017 13:58:42 INFO -- username: 小李籽-, id: 1906363637
Sun, 24 Sep 2017 13:58:42 INFO -- username: 小李籽-, id: 1906363637
Sun, 24 Sep 2017 13:58:42 INFO Get char: 粉
Sun, 24 Sep 2017 13:58:42 INFO Get char: 粑
Sun, 24 Sep 2017 13:58:43 INFO Get char: 粒
Sun, 24 Sep 2017 13:58:45 INFO -- username: 小粒粒福, id: 5628092410
Sun, 24 Sep 2017 13:58:45 INFO -- username: 小粒粒福, id: 5628092410
Sun, 24 Sep 2017 13:58:45 INFO Get char: 粕
Sun, 24 Sep 2017 13:58:45 INFO Get char: 粗
Sun, 24 Sep 2017 13:58:46 INFO Get char: 粘
Sun, 24 Sep 2017 13:58:47 INFO Get char: 粜
Sun, 24 Sep 2017 13:58:48 INFO Get char: 粝
Sun, 24 Sep 2017 13:58:48 INFO Get char: 粞
Sun, 24 Sep 2017 13:58:49 INFO Get char: 粟
Sun, 24 Sep 2017 13:58:50 INFO Get char: 粢
Sun, 24 Sep 2017 13:58:51 INFO Get char: 粤
Sun, 24 Sep 2017 13:58:51 INFO Get char: 粥
Sun, 24 Sep 2017 13:58:52 INFO Get char: 粪
Sun, 24 Sep 2017 13:58:53 INFO Get char: 粮
Sun, 24 Sep 2017 13:58:54 INFO Get char: 粱
Sun, 24 Sep 2017 13:58:54 INFO Get char: 粲
Sun, 24 Sep 2017 13:58:55 INFO Get char: 粳
Sun, 24 Sep 2017 13:58:56 INFO Get char: 粹
Sun, 24 Sep 2017 13:58:57 INFO Get char: 粼
Sun, 24 Sep 2017 13:58:57 INFO Get char: 粽
Sun, 24 Sep 2017 13:58:58 INFO Get char: 精
Sun, 24 Sep 2017 13:58:59 INFO -- username: 精彩赛Sir, id: 2007476867
Sun, 24 Sep 2017 13:58:59 INFO -- username: 妖精zw, id: 1806693674
Sun, 24 Sep 2017 13:58:59 INFO -- username: 妖精zw, id: 1806693674
Sun, 24 Sep 2017 13:58:59 INFO Get char: 粿
Sun, 24 Sep 2017 13:59:00 INFO Get char: 糁
Sun, 24 Sep 2017 13:59:00 INFO Get char: 糅
Sun, 24 Sep 2017 13:59:01 INFO Get char: 糇
Sun, 24 Sep 2017 13:59:01 INFO Get char: 糈
Sun, 24 Sep 2017 13:59:02 INFO Get char: 糊
Sun, 24 Sep 2017 13:59:03 INFO -- username: 小迷糊蛋--牛牛, id: 2462216825
Sun, 24 Sep 2017 13:59:03 INFO -- username: 小迷糊蛋--牛牛, id: 2462216825
Sun, 24 Sep 2017 13:59:03 INFO Get char: 糌
Sun, 24 Sep 2017 13:59:04 INFO Get char: 糍
Sun, 24 Sep 2017 13:59:05 INFO Get char: 糒
Sun, 24 Sep 2017 13:59:06 INFO Get char: 糕
Sun, 24 Sep 2017 13:59:07 INFO -- username: 玛拉糕的, id: 5395023671
Sun, 24 Sep 2017 13:59:07 INFO -- username: 玛拉糕的, id: 5395023671
Sun, 24 Sep 2017 13:59:07 INFO Get char: 糖
Sun, 24 Sep 2017 13:59:09 INFO -- username: 糖丫头儿, id: 5018793947
Sun, 24 Sep 2017 13:59:09 INFO -- username: 苦糖lai, id: 3649307574
Sun, 24 Sep 2017 13:59:09 INFO -- username: -糖果也都吃完了, id: 2023598827
Sun, 24 Sep 2017 13:59:09 INFO -- username: 唐小糖豆豆, id: 2136478173
Sun, 24 Sep 2017 13:59:09 INFO -- username: coco喜糖, id: 2822966411
Sun, 24 Sep 2017 13:59:09 INFO -- username: kiko的糖果盒子, id: 1778828592
Sun, 24 Sep 2017 13:59:09 INFO -- username: 如果有一天糖果的梦想会实现, id: 3204500792
Sun, 24 Sep 2017 13:59:09 INFO -- username: 如果有一天糖果的梦想会实现, id: 3204500792
Sun, 24 Sep 2017 13:59:09 INFO Get char: 糗
Sun, 24 Sep 2017 13:59:09 INFO Get char: 糙
Sun, 24 Sep 2017 13:59:10 INFO Get char: 糜
Sun, 24 Sep 2017 13:59:11 INFO Get char: 糟
Sun, 24 Sep 2017 13:59:12 INFO Get char: 糠
Sun, 24 Sep 2017 13:59:12 INFO Get char: 糨
Sun, 24 Sep 2017 13:59:13 INFO Get char: 糯
Sun, 24 Sep 2017 13:59:13 INFO Get char: 糵
Sun, 24 Sep 2017 13:59:14 INFO Get char: 系
Sun, 24 Sep 2017 13:59:15 INFO -- username: 系or提, id: 1957212575
Sun, 24 Sep 2017 13:59:15 INFO -- username: 系or提, id: 1957212575
Sun, 24 Sep 2017 13:59:15 INFO Get char: 紊
Sun, 24 Sep 2017 13:59:16 INFO Get char: 素
Sun, 24 Sep 2017 13:59:18 INFO -- username: 米素MISSU, id: 3867217508
Sun, 24 Sep 2017 13:59:18 INFO -- username: 米素MISSU, id: 3867217508
Sun, 24 Sep 2017 13:59:18 INFO Get char: 索
Sun, 24 Sep 2017 13:59:18 INFO Get char: 紧
Sun, 24 Sep 2017 13:59:19 INFO Get char: 紫
Sun, 24 Sep 2017 13:59:20 INFO -- username: 紫馨蕙蓝, id: 5614277008
Sun, 24 Sep 2017 13:59:20 INFO -- username: 紫妞sunshine, id: 3991731415
Sun, 24 Sep 2017 13:59:20 INFO -- username: 慕紫幽, id: 2618316691
Sun, 24 Sep 2017 13:59:20 INFO -- username: 猫酱紫via, id: 5982228440
Sun, 24 Sep 2017 13:59:20 INFO -- username: YANG杨紫妍, id: 5417688712
Sun, 24 Sep 2017 13:59:20 INFO -- username: YANG杨紫妍, id: 5417688712
Sun, 24 Sep 2017 13:59:20 INFO Get char: 累
Sun, 24 Sep 2017 13:59:21 INFO Get char: 絜
Sun, 24 Sep 2017 13:59:23 INFO -- username: H小洁妙龄少女, id: 6283158283
Sun, 24 Sep 2017 13:59:23 INFO -- username: 梦大小洁, id: 3925675812
Sun, 24 Sep 2017 13:59:23 INFO -- username: 梦大小洁, id: 3925675812
Sun, 24 Sep 2017 13:59:23 INFO Get char: 絮
Sun, 24 Sep 2017 13:59:26 INFO -- username: 举头三尺有九絮, id: 5607203474
Sun, 24 Sep 2017 13:59:26 INFO -- username: 举头三尺有九絮, id: 5607203474
Sun, 24 Sep 2017 13:59:26 INFO Get char: 絷
Sun, 24 Sep 2017 13:59:27 INFO Get char: 綦
Sun, 24 Sep 2017 13:59:27 INFO Get char: 綮
Sun, 24 Sep 2017 13:59:28 INFO Get char: 縠
Sun, 24 Sep 2017 13:59:29 INFO Get char: 縢
Sun, 24 Sep 2017 13:59:30 INFO Get char: 縻
Sun, 24 Sep 2017 13:59:31 INFO Get char: 繁
Sun, 24 Sep 2017 13:59:33 INFO -- username: 烟花繁--红尘碾, id: 3701749421
Sun, 24 Sep 2017 13:59:33 INFO -- username: 烟花繁--红尘碾, id: 3701749421
Sun, 24 Sep 2017 13:59:33 INFO Get char: 繄
Sun, 24 Sep 2017 13:59:34 INFO Get char: 繇
Sun, 24 Sep 2017 13:59:34 INFO Get char: 纂
Sun, 24 Sep 2017 13:59:35 INFO Get char: 纛
Sun, 24 Sep 2017 13:59:35 INFO Get char: 纠
Sun, 24 Sep 2017 13:59:36 INFO Get char: 纡
Sun, 24 Sep 2017 13:59:37 INFO Get char: 红
Sun, 24 Sep 2017 13:59:39 INFO -- username: 烟花繁--红尘碾, id: 3701749421
Sun, 24 Sep 2017 13:59:39 INFO -- username: 红儿218, id: 5252102689
Sun, 24 Sep 2017 13:59:39 INFO -- username: 红橘青衫, id: 5686713191
Sun, 24 Sep 2017 13:59:39 INFO -- username: 红叶漫山伴烟雨, id: 2832885150
Sun, 24 Sep 2017 13:59:39 INFO -- username: 萌妹纸吕红华, id: 6369478451
Sun, 24 Sep 2017 13:59:39 INFO -- username: 烟花繁--红尘碾, id: 3701749421
Sun, 24 Sep 2017 13:59:39 INFO -- username: 烟花繁--红尘碾, id: 3701749421
Sun, 24 Sep 2017 13:59:39 INFO Get char: 纣
Sun, 24 Sep 2017 13:59:40 INFO Get char: 纤
Sun, 24 Sep 2017 13:59:41 INFO Get char: 纥
Sun, 24 Sep 2017 13:59:42 INFO Get char: 约
Sun, 24 Sep 2017 13:59:43 INFO Get char: 级
Sun, 24 Sep 2017 13:59:45 INFO -- username: 超级可爱的伊, id: 2659162033
Sun, 24 Sep 2017 13:59:45 INFO -- username: 超级可爱的伊, id: 2659162033
Sun, 24 Sep 2017 13:59:45 INFO Get char: 纨
Sun, 24 Sep 2017 13:59:46 INFO Get char: 纩
Sun, 24 Sep 2017 13:59:47 INFO Get char: 纪
Sun, 24 Sep 2017 13:59:48 INFO -- username: 世界纪录52, id: 5357011000
Sun, 24 Sep 2017 13:59:48 INFO -- username: 世界纪录52, id: 5357011000
Sun, 24 Sep 2017 13:59:48 INFO Get char: 纫
Sun, 24 Sep 2017 13:59:49 INFO Get char: 纬
Sun, 24 Sep 2017 13:59:49 INFO Get char: 纭
Sun, 24 Sep 2017 13:59:50 INFO Get char: 纮
Sun, 24 Sep 2017 13:59:51 INFO Get char: 纯
Sun, 24 Sep 2017 13:59:52 INFO -- username: 纯真感动的瞳孔, id: 3857951422
Sun, 24 Sep 2017 13:59:52 INFO -- username: 冰纯灵初西柚, id: 6162952196
Sun, 24 Sep 2017 13:59:52 INFO -- username: 饰青纯, id: 5652343784
Sun, 24 Sep 2017 13:59:52 INFO -- username: 饰青纯, id: 5652343784
Sun, 24 Sep 2017 13:59:52 INFO Get char: 纰
Sun, 24 Sep 2017 13:59:53 INFO Get char: 纱
Sun, 24 Sep 2017 13:59:53 INFO Get char: 纲
Sun, 24 Sep 2017 13:59:54 INFO Get char: 纳
Sun, 24 Sep 2017 13:59:55 INFO -- username: 那只从喀纳斯跑出来的大水怪, id: 1240273315
Sun, 24 Sep 2017 13:59:55 INFO -- username: 那只从喀纳斯跑出来的大水怪, id: 1240273315
Sun, 24 Sep 2017 13:59:55 INFO Get char: 纴
Sun, 24 Sep 2017 13:59:56 INFO Get char: 纵
Sun, 24 Sep 2017 13:59:58 INFO -- username: 纵使短发及肩我还是我, id: 2562909447
Sun, 24 Sep 2017 13:59:58 INFO -- username: 纵使短发及肩我还是我, id: 2562909447
Sun, 24 Sep 2017 13:59:58 INFO Get char: 纶
Sun, 24 Sep 2017 13:59:59 INFO Get char: 纷
Sun, 24 Sep 2017 13:59:59 INFO Get char: 纸
Sun, 24 Sep 2017 14:00:01 INFO -- username: 萌妹纸吕红华, id: 6369478451
Sun, 24 Sep 2017 14:00:01 INFO -- username: 失翼的纸飞机, id: 5391863013
Sun, 24 Sep 2017 14:00:01 INFO -- username: 失翼的纸飞机, id: 5391863013
Sun, 24 Sep 2017 14:00:01 INFO Get char: 纹
Sun, 24 Sep 2017 14:00:01 INFO Get char: 纺
Sun, 24 Sep 2017 14:00:02 INFO Get char: 纻
Sun, 24 Sep 2017 14:00:03 INFO Get char: 纼
Sun, 24 Sep 2017 14:00:03 INFO Get char: 纽
Sun, 24 Sep 2017 14:00:04 INFO Get char: 纾
Sun, 24 Sep 2017 14:00:05 INFO Get char: 线
Sun, 24 Sep 2017 14:00:06 INFO -- username: ly线小衣, id: 2356022382
Sun, 24 Sep 2017 14:00:06 INFO -- username: ly线小衣, id: 2356022382
Sun, 24 Sep 2017 14:00:06 INFO Get char: 绀
Sun, 24 Sep 2017 14:00:07 INFO Get char: 绁
Sun, 24 Sep 2017 14:00:08 INFO Get char: 绂
Sun, 24 Sep 2017 14:00:09 INFO Get char: 练
Sun, 24 Sep 2017 14:00:10 INFO Get char: 组
Sun, 24 Sep 2017 14:00:10 INFO Get char: 绅
Sun, 24 Sep 2017 14:00:12 INFO Get char: 细
Sun, 24 Sep 2017 14:00:14 INFO -- username: 轻雾微尘细雨, id: 3227162210
Sun, 24 Sep 2017 14:00:14 INFO -- username: 轻雾微尘细雨, id: 3227162210
Sun, 24 Sep 2017 14:00:14 INFO Get char: 织
Sun, 24 Sep 2017 14:00:15 INFO -- username: 春綕, id: 5574786412
Sun, 24 Sep 2017 14:00:15 INFO -- username: 春綕, id: 5574786412
Sun, 24 Sep 2017 14:00:15 INFO Get char: 终
Sun, 24 Sep 2017 14:00:16 INFO -- username: 回忆最美终究是殇, id: 6026187693
Sun, 24 Sep 2017 14:00:16 INFO -- username: 回忆最美终究是殇, id: 6026187693
Sun, 24 Sep 2017 14:00:16 INFO Get char: 绉
Sun, 24 Sep 2017 14:00:17 INFO Get char: 绊
Sun, 24 Sep 2017 14:00:18 INFO Get char: 绋
Sun, 24 Sep 2017 14:00:19 INFO Get char: 绌
Sun, 24 Sep 2017 14:00:19 INFO Get char: 绍
Sun, 24 Sep 2017 14:00:21 INFO Get char: 绎
Sun, 24 Sep 2017 14:00:22 INFO Get char: 经
Sun, 24 Sep 2017 14:00:23 INFO -- username: 0曾经的曾经0, id: 1719847527
Sun, 24 Sep 2017 14:00:23 INFO -- username: 0曾经的曾经0, id: 1719847527
Sun, 24 Sep 2017 14:00:23 INFO Get char: 绐
Sun, 24 Sep 2017 14:00:24 INFO Get char: 绑
Sun, 24 Sep 2017 14:00:24 INFO Get char: 绒
Sun, 24 Sep 2017 14:00:25 INFO Get char: 结
Sun, 24 Sep 2017 14:00:26 INFO -- username: 不好好学习是要回家结婚的, id: 6089418819
Sun, 24 Sep 2017 14:00:26 INFO -- username: 不好好学习是要回家结婚的, id: 6089418819
Sun, 24 Sep 2017 14:00:26 INFO Get char: 绔
Sun, 24 Sep 2017 14:00:27 INFO Get char: 绕
Sun, 24 Sep 2017 14:00:28 INFO Get char: 绖
Sun, 24 Sep 2017 14:00:28 INFO Get char: 绗
Sun, 24 Sep 2017 14:00:29 INFO Get char: 绘
Sun, 24 Sep 2017 14:00:30 INFO Get char: 给
Sun, 24 Sep 2017 14:00:31 INFO Get char: 绚
Sun, 24 Sep 2017 14:00:33 INFO Get char: 绛
Sun, 24 Sep 2017 14:00:34 INFO Get char: 络
Sun, 24 Sep 2017 14:00:35 INFO Get char: 绝
Sun, 24 Sep 2017 14:00:36 INFO Get char: 绞
Sun, 24 Sep 2017 14:00:36 INFO Get char: 统
Sun, 24 Sep 2017 14:00:37 INFO Get char: 绠
Sun, 24 Sep 2017 14:00:38 INFO Get char: 绡
Sun, 24 Sep 2017 14:00:39 INFO Get char: 绢
Sun, 24 Sep 2017 14:00:39 INFO Get char: 绣
Sun, 24 Sep 2017 14:00:40 INFO Get char: 绤
Sun, 24 Sep 2017 14:00:40 INFO Get char: 绥
Sun, 24 Sep 2017 14:00:41 INFO Get char: 绦
Sun, 24 Sep 2017 14:00:42 INFO Get char: 继
Sun, 24 Sep 2017 14:00:43 INFO Get char: 绨
Sun, 24 Sep 2017 14:00:43 INFO Get char: 绩
Sun, 24 Sep 2017 14:00:44 INFO Get char: 绪
Sun, 24 Sep 2017 14:00:46 INFO -- username: 她的小情绪反反复复在作怪, id: 6189873031
Sun, 24 Sep 2017 14:00:46 INFO -- username: 她的小情绪反反复复在作怪, id: 6189873031
Sun, 24 Sep 2017 14:00:46 INFO Get char: 绫
Sun, 24 Sep 2017 14:00:47 INFO Get char: 续
Sun, 24 Sep 2017 14:00:48 INFO Get char: 绮
Sun, 24 Sep 2017 14:00:49 INFO Get char: 绯
Sun, 24 Sep 2017 14:00:49 INFO Get char: 绰
Sun, 24 Sep 2017 14:00:50 INFO Get char: 绱
Sun, 24 Sep 2017 14:00:51 INFO Get char: 绲
Sun, 24 Sep 2017 14:00:51 INFO Get char: 绳
Sun, 24 Sep 2017 14:00:52 INFO Get char: 维
Sun, 24 Sep 2017 14:00:53 INFO -- username: 3维o_O喇3, id: 1788437791
Sun, 24 Sep 2017 14:00:53 INFO -- username: 3维o_O喇3, id: 1788437791
Sun, 24 Sep 2017 14:00:53 INFO Get char: 绵
Sun, 24 Sep 2017 14:00:55 INFO -- username: 小绵云, id: 5977230981
Sun, 24 Sep 2017 14:00:55 INFO -- username: 方海绵, id: 1997273834
Sun, 24 Sep 2017 14:00:55 INFO -- username: 方海绵, id: 1997273834
Sun, 24 Sep 2017 14:00:55 INFO Get char: 绶
Sun, 24 Sep 2017 14:00:56 INFO Get char: 绷
Sun, 24 Sep 2017 14:00:57 INFO Get char: 绸
Sun, 24 Sep 2017 14:00:57 INFO Get char: 绹
Sun, 24 Sep 2017 14:00:58 INFO Get char: 绺
Sun, 24 Sep 2017 14:00:58 INFO Get char: 绻
Sun, 24 Sep 2017 14:00:59 INFO Get char: 综
Sun, 24 Sep 2017 14:01:00 INFO Get char: 绽
Sun, 24 Sep 2017 14:01:00 INFO Get char: 绾
Sun, 24 Sep 2017 14:01:01 INFO Get char: 绿
Sun, 24 Sep 2017 14:01:03 INFO -- username: 黑铁时代的绿毛水怪, id: 1756734277
Sun, 24 Sep 2017 14:01:03 INFO -- username: 黑铁时代的绿毛水怪, id: 1756734277
Sun, 24 Sep 2017 14:01:03 INFO Get char: 缀
Sun, 24 Sep 2017 14:01:03 INFO Get char: 缁
Sun, 24 Sep 2017 14:01:04 INFO Get char: 缂
Sun, 24 Sep 2017 14:01:04 INFO Get char: 缃
Sun, 24 Sep 2017 14:01:05 INFO Get char: 缄
Sun, 24 Sep 2017 14:01:06 INFO Get char: 缅
Sun, 24 Sep 2017 14:01:06 INFO Get char: 缆
Sun, 24 Sep 2017 14:01:07 INFO Get char: 缇
Sun, 24 Sep 2017 14:01:08 INFO Get char: 缈
Sun, 24 Sep 2017 14:01:09 INFO Get char: 缉
Sun, 24 Sep 2017 14:01:09 INFO Get char: 缊
Sun, 24 Sep 2017 14:01:10 INFO Get char: 缌
Sun, 24 Sep 2017 14:01:11 INFO Get char: 缎
Sun, 24 Sep 2017 14:01:12 INFO Get char: 缐
Sun, 24 Sep 2017 14:01:13 INFO Get char: 缑
Sun, 24 Sep 2017 14:01:13 INFO Get char: 缒
Sun, 24 Sep 2017 14:01:14 INFO Get char: 缓
Sun, 24 Sep 2017 14:01:15 INFO Get char: 缔
Sun, 24 Sep 2017 14:01:15 INFO Get char: 缕
Sun, 24 Sep 2017 14:01:16 INFO Get char: 编
Sun, 24 Sep 2017 14:01:17 INFO -- username: 我偏偏就不编辑昵称咋地, id: 2110979701
Sun, 24 Sep 2017 14:01:17 INFO -- username: 我偏偏就不编辑昵称咋地, id: 2110979701
Sun, 24 Sep 2017 14:01:17 INFO Get char: 缗
Sun, 24 Sep 2017 14:01:18 INFO Get char: 缘
Sun, 24 Sep 2017 14:01:19 INFO -- username: 无缘无故1002, id: 1846745157
Sun, 24 Sep 2017 14:01:19 INFO -- username: 无缘无故1002, id: 1846745157
Sun, 24 Sep 2017 14:01:19 INFO Get char: 缙
Sun, 24 Sep 2017 14:01:20 INFO Get char: 缚
Sun, 24 Sep 2017 14:01:21 INFO Get char: 缛
Sun, 24 Sep 2017 14:01:22 INFO Get char: 缜
Sun, 24 Sep 2017 14:01:23 INFO Get char: 缝
Sun, 24 Sep 2017 14:01:23 INFO Get char: 缞
Sun, 24 Sep 2017 14:01:24 INFO Get char: 缟
Sun, 24 Sep 2017 14:01:25 INFO Get char: 缠
Sun, 24 Sep 2017 14:01:26 INFO Get char: 缡
Sun, 24 Sep 2017 14:01:27 INFO Get char: 缢
Sun, 24 Sep 2017 14:01:27 INFO Get char: 缣
Sun, 24 Sep 2017 14:01:28 INFO Get char: 缤
Sun, 24 Sep 2017 14:01:29 INFO Get char: 缥
Sun, 24 Sep 2017 14:01:30 INFO Get char: 缦
Sun, 24 Sep 2017 14:01:31 INFO Get char: 缧
Sun, 24 Sep 2017 14:01:33 INFO Get char: 缨
Sun, 24 Sep 2017 14:01:33 INFO Get char: 缩
Sun, 24 Sep 2017 14:01:34 INFO Get char: 缪
Sun, 24 Sep 2017 14:01:35 INFO Get char: 缫
Sun, 24 Sep 2017 14:01:35 INFO Get char: 缬
Sun, 24 Sep 2017 14:01:36 INFO Get char: 缭
Sun, 24 Sep 2017 14:01:37 INFO Get char: 缮
Sun, 24 Sep 2017 14:01:38 INFO Get char: 缯
Sun, 24 Sep 2017 14:01:39 INFO Get char: 缰
Sun, 24 Sep 2017 14:01:40 INFO Get char: 缱
Sun, 24 Sep 2017 14:01:41 INFO Get char: 缲
Sun, 24 Sep 2017 14:01:41 INFO Get char: 缳
Sun, 24 Sep 2017 14:01:42 INFO Get char: 缴
Sun, 24 Sep 2017 14:01:43 INFO Get char: 缵
Sun, 24 Sep 2017 14:01:43 INFO Get char: 缶
Sun, 24 Sep 2017 14:01:45 INFO Get char: 缸
Sun, 24 Sep 2017 14:01:45 INFO Get char: 缺
Sun, 24 Sep 2017 14:01:46 INFO Get char: 罂
Sun, 24 Sep 2017 14:01:46 INFO Get char: 罄
Sun, 24 Sep 2017 14:01:47 INFO Get char: 罅
Sun, 24 Sep 2017 14:01:48 INFO Get char: 罍
Sun, 24 Sep 2017 14:01:49 INFO Get char: 罐
Sun, 24 Sep 2017 14:01:50 INFO -- username: 来一罐蓝牛, id: 5230977744
Sun, 24 Sep 2017 14:01:50 INFO -- username: 来一罐蓝牛, id: 5230977744
Sun, 24 Sep 2017 14:01:50 INFO Get char: 网
Sun, 24 Sep 2017 14:01:51 INFO -- username: 请检查网名, id: 3201105450
Sun, 24 Sep 2017 14:01:51 INFO -- username: 请检查网名, id: 3201105450
Sun, 24 Sep 2017 14:01:51 INFO Get char: 罔
Sun, 24 Sep 2017 14:01:52 INFO Get char: 罕
Sun, 24 Sep 2017 14:01:52 INFO Get char: 罗
Sun, 24 Sep 2017 14:01:53 INFO Get char: 罘
Sun, 24 Sep 2017 14:01:54 INFO Get char: 罚
Sun, 24 Sep 2017 14:01:54 INFO Get char: 罟
Sun, 24 Sep 2017 14:01:55 INFO Get char: 罡
Sun, 24 Sep 2017 14:01:56 INFO -- username: 高罡会发guang, id: 5227787903
Sun, 24 Sep 2017 14:01:56 INFO -- username: 高罡会发guang, id: 5227787903
Sun, 24 Sep 2017 14:01:56 INFO Get char: 罢
Sun, 24 Sep 2017 14:01:57 INFO Get char: 罨
Sun, 24 Sep 2017 14:01:58 INFO Get char: 罩
Sun, 24 Sep 2017 14:01:58 INFO Get char: 罪
Sun, 24 Sep 2017 14:02:00 INFO -- username: -罪行-, id: 6236063051
Sun, 24 Sep 2017 14:02:00 INFO -- username: -罪行-, id: 6236063051
Sun, 24 Sep 2017 14:02:00 INFO Get char: 置
Sun, 24 Sep 2017 14:02:01 INFO Get char: 罱
Sun, 24 Sep 2017 14:02:02 INFO Get char: 署
Sun, 24 Sep 2017 14:02:03 INFO Get char: 罴
Sun, 24 Sep 2017 14:02:03 INFO Get char: 罶
Sun, 24 Sep 2017 14:02:04 INFO Get char: 罹
Sun, 24 Sep 2017 14:02:04 INFO Get char: 罽
Sun, 24 Sep 2017 14:02:05 INFO Get char: 罾
Sun, 24 Sep 2017 14:02:06 INFO Get char: 羁
Sun, 24 Sep 2017 14:02:08 INFO Get char: 羊
Sun, 24 Sep 2017 14:02:09 INFO -- username: 杨羊阳77, id: 2418013775
Sun, 24 Sep 2017 14:02:09 INFO -- username: 杨羊阳77, id: 2418013775
Sun, 24 Sep 2017 14:02:09 INFO Get char: 羌
Sun, 24 Sep 2017 14:02:09 INFO Get char: 美
Sun, 24 Sep 2017 14:02:12 INFO -- username: 美丽的日子07, id: 1765350664
Sun, 24 Sep 2017 14:02:12 INFO -- username: 美女孙小彩22, id: 6193325977
Sun, 24 Sep 2017 14:02:12 INFO -- username: 夙美凭笙, id: 2419833790
Sun, 24 Sep 2017 14:02:12 INFO -- username: 挺宝在美, id: 1738271351
Sun, 24 Sep 2017 14:02:12 INFO -- username: 一朵朵美颜, id: 2717793211
Sun, 24 Sep 2017 14:02:12 INFO -- username: 回忆最美终究是殇, id: 6026187693
Sun, 24 Sep 2017 14:02:12 INFO -- username: 沐子小小美, id: 6339587167
Sun, 24 Sep 2017 14:02:12 INFO -- username: 拥抱每个美好的已, id: 3163792633
Sun, 24 Sep 2017 14:02:12 INFO -- username: Dream美娜子, id: 5821099756
Sun, 24 Sep 2017 14:02:12 INFO -- username: 我就是安静的美女子, id: 6028784917
Sun, 24 Sep 2017 14:02:12 INFO -- username: YOMILLY悦美励女神范胸器, id: 2315453222
Sun, 24 Sep 2017 14:02:12 INFO -- username: XIAOBEIaBEI韩妆欧美代购, id: 5087607010
Sun, 24 Sep 2017 14:02:12 INFO -- username: XIAOBEIaBEI韩妆欧美代购, id: 5087607010
Sun, 24 Sep 2017 14:02:12 INFO Get char: 羑
Sun, 24 Sep 2017 14:02:13 INFO Get char: 羓
Sun, 24 Sep 2017 14:02:15 INFO Get char: 羔
Sun, 24 Sep 2017 14:02:15 INFO Get char: 羕
Sun, 24 Sep 2017 14:02:16 INFO Get char: 羖
Sun, 24 Sep 2017 14:02:17 INFO Get char: 羚
Sun, 24 Sep 2017 14:02:18 INFO Get char: 羝
Sun, 24 Sep 2017 14:02:18 INFO Get char: 羞
Sun, 24 Sep 2017 14:02:19 INFO Get char: 羟
Sun, 24 Sep 2017 14:02:20 INFO Get char: 羡
Sun, 24 Sep 2017 14:02:21 INFO Get char: 群
Sun, 24 Sep 2017 14:02:23 INFO -- username: 犀牛群岛, id: 5355879534
Sun, 24 Sep 2017 14:02:23 INFO -- username: 犀牛群岛, id: 5355879534
Sun, 24 Sep 2017 14:02:23 INFO Get char: 羧
Sun, 24 Sep 2017 14:02:24 INFO Get char: 羯
Sun, 24 Sep 2017 14:02:25 INFO Get char: 羰
Sun, 24 Sep 2017 14:02:26 INFO Get char: 羱
Sun, 24 Sep 2017 14:02:27 INFO Get char: 羲
Sun, 24 Sep 2017 14:02:29 INFO Get char: 羸
Sun, 24 Sep 2017 14:02:30 INFO Get char: 羹
Sun, 24 Sep 2017 14:02:30 INFO Get char: 羼
Sun, 24 Sep 2017 14:02:31 INFO Get char: 羽
Sun, 24 Sep 2017 14:02:33 INFO -- username: 天羽20132013, id: 3188176572
Sun, 24 Sep 2017 14:02:33 INFO -- username: 神灵羽芒, id: 5034255844
Sun, 24 Sep 2017 14:02:33 INFO -- username: 神灵羽芒, id: 5034255844
Sun, 24 Sep 2017 14:02:33 INFO Get char: 羿
Sun, 24 Sep 2017 14:02:34 INFO Get char: 翀
Sun, 24 Sep 2017 14:02:34 INFO Get char: 翁
Sun, 24 Sep 2017 14:02:35 INFO Get char: 翂
Sun, 24 Sep 2017 14:02:36 INFO Get char: 翃
Sun, 24 Sep 2017 14:02:37 INFO Get char: 翅
Sun, 24 Sep 2017 14:02:38 INFO Get char: 翈
Sun, 24 Sep 2017 14:02:38 INFO Get char: 翊
Sun, 24 Sep 2017 14:02:39 INFO Get char: 翌
Sun, 24 Sep 2017 14:02:40 INFO Get char: 翎
Sun, 24 Sep 2017 14:02:41 INFO Get char: 翔
Sun, 24 Sep 2017 14:02:42 INFO -- username: wolf_瞻翔, id: 2733034210
Sun, 24 Sep 2017 14:02:42 INFO -- username: wolf_瞻翔, id: 2733034210
Sun, 24 Sep 2017 14:02:42 INFO Get char: 翕
Sun, 24 Sep 2017 14:02:43 INFO Get char: 翘
Sun, 24 Sep 2017 14:02:44 INFO Get char: 翙
Sun, 24 Sep 2017 14:02:44 INFO Get char: 翚
Sun, 24 Sep 2017 14:02:45 INFO Get char: 翛
Sun, 24 Sep 2017 14:02:45 INFO Get char: 翟
Sun, 24 Sep 2017 14:02:47 INFO -- username: 翟家小胖妞, id: 3059894255
Sun, 24 Sep 2017 14:02:47 INFO -- username: 翟家小胖妞, id: 3059894255
Sun, 24 Sep 2017 14:02:47 INFO Get char: 翠
Sun, 24 Sep 2017 14:02:47 INFO Get char: 翡
Sun, 24 Sep 2017 14:02:48 INFO Get char: 翥
Sun, 24 Sep 2017 14:02:49 INFO Get char: 翦
Sun, 24 Sep 2017 14:02:49 INFO Get char: 翩
Sun, 24 Sep 2017 14:02:50 INFO Get char: 翮
Sun, 24 Sep 2017 14:02:51 INFO Get char: 翯
Sun, 24 Sep 2017 14:02:51 INFO Get char: 翰
Sun, 24 Sep 2017 14:02:52 INFO Get char: 翱
Sun, 24 Sep 2017 14:02:53 INFO Get char: 翳
Sun, 24 Sep 2017 14:02:53 INFO Get char: 翷
Sun, 24 Sep 2017 14:02:54 INFO Get char: 翻
Sun, 24 Sep 2017 14:02:55 INFO Get char: 翼
Sun, 24 Sep 2017 14:02:57 INFO -- username: 失翼的纸飞机, id: 5391863013
Sun, 24 Sep 2017 14:02:57 INFO -- username: 失翼的纸飞机, id: 5391863013
Sun, 24 Sep 2017 14:02:57 INFO Get char: 翾
Sun, 24 Sep 2017 14:02:58 INFO Get char: 耀
