Sun, 24 Sep 2017 14:29:17 INFO Get char: 谁
Sun, 24 Sep 2017 14:29:18 INFO Get char: 谂
Sun, 24 Sep 2017 14:29:19 INFO Get char: 调
Sun, 24 Sep 2017 14:29:20 INFO -- username: 低调后嚣张, id: 2129327353
Sun, 24 Sep 2017 14:29:20 INFO -- username: 低调的小草莓002, id: 5969718630
Sun, 24 Sep 2017 14:29:20 INFO -- username: 橘子色调, id: 5501663426
Sun, 24 Sep 2017 14:29:20 INFO -- username: 橘子色调, id: 5501663426
Sun, 24 Sep 2017 14:29:20 INFO Get char: 谄
Sun, 24 Sep 2017 14:29:21 INFO Get char: 谅
Sun, 24 Sep 2017 14:29:22 INFO Get char: 谆
Sun, 24 Sep 2017 14:29:22 INFO Get char: 谇
Sun, 24 Sep 2017 14:29:23 INFO Get char: 谈
Sun, 24 Sep 2017 14:29:24 INFO Get char: 谊
Sun, 24 Sep 2017 14:29:24 INFO Get char: 谋
Sun, 24 Sep 2017 14:29:25 INFO Get char: 谌
Sun, 24 Sep 2017 14:29:26 INFO Get char: 谍
Sun, 24 Sep 2017 14:29:26 INFO Get char: 谎
Sun, 24 Sep 2017 14:29:28 INFO Get char: 谏
Sun, 24 Sep 2017 14:29:28 INFO Get char: 谐
Sun, 24 Sep 2017 14:29:29 INFO Get char: 谑
Sun, 24 Sep 2017 14:29:30 INFO Get char: 谒
Sun, 24 Sep 2017 14:29:31 INFO Get char: 谓
Sun, 24 Sep 2017 14:29:31 INFO Get char: 谔
Sun, 24 Sep 2017 14:29:32 INFO Get char: 谕
Sun, 24 Sep 2017 14:29:33 INFO Get char: 谖
Sun, 24 Sep 2017 14:29:35 INFO Get char: 谗
Sun, 24 Sep 2017 14:29:36 INFO Get char: 谙
Sun, 24 Sep 2017 14:29:37 INFO Get char: 谚
Sun, 24 Sep 2017 14:29:38 INFO Get char: 谛
Sun, 24 Sep 2017 14:29:38 INFO Get char: 谜
Sun, 24 Sep 2017 14:29:39 INFO Get char: 谝
Sun, 24 Sep 2017 14:29:40 INFO Get char: 谞
Sun, 24 Sep 2017 14:29:40 INFO Get char: 谟
Sun, 24 Sep 2017 14:29:41 INFO Get char: 谠
Sun, 24 Sep 2017 14:29:42 INFO Get char: 谡
Sun, 24 Sep 2017 14:29:43 INFO Get char: 谢
Sun, 24 Sep 2017 14:29:43 INFO Get char: 谣
Sun, 24 Sep 2017 14:29:44 INFO Get char: 谤
Sun, 24 Sep 2017 14:29:45 INFO Get char: 谥
Sun, 24 Sep 2017 14:29:46 INFO Get char: 谦
Sun, 24 Sep 2017 14:29:47 INFO -- username: 薛之谦的小迷妹Hero, id: 5386802625
Sun, 24 Sep 2017 14:29:47 INFO -- username: 唯晨与谦, id: 2778125873
Sun, 24 Sep 2017 14:29:47 INFO -- username: 唯晨与谦, id: 2778125873
Sun, 24 Sep 2017 14:29:47 INFO Get char: 谧
Sun, 24 Sep 2017 14:29:49 INFO -- username: 黑色静谧杭, id: 6193265787
Sun, 24 Sep 2017 14:29:49 INFO -- username: 黑色静谧杭, id: 6193265787
Sun, 24 Sep 2017 14:29:49 INFO Get char: 谨
Sun, 24 Sep 2017 14:29:50 INFO Get char: 谩
Sun, 24 Sep 2017 14:29:51 INFO Get char: 谪
Sun, 24 Sep 2017 14:29:52 INFO Get char: 谫
Sun, 24 Sep 2017 14:29:52 INFO Get char: 谬
Sun, 24 Sep 2017 14:29:53 INFO Get char: 谭
Sun, 24 Sep 2017 14:29:54 INFO -- username: 谭冉哼唧, id: 2003800465
Sun, 24 Sep 2017 14:29:54 INFO -- username: 谭冉哼唧, id: 2003800465
Sun, 24 Sep 2017 14:29:54 INFO Get char: 谮
Sun, 24 Sep 2017 14:29:55 INFO Get char: 谯
Sun, 24 Sep 2017 14:29:55 INFO Get char: 谰
Sun, 24 Sep 2017 14:29:57 INFO Get char: 谱
Sun, 24 Sep 2017 14:29:57 INFO Get char: 谲
Sun, 24 Sep 2017 14:29:58 INFO Get char: 谳
Sun, 24 Sep 2017 14:29:59 INFO Get char: 谴
Sun, 24 Sep 2017 14:30:00 INFO Get char: 谵
Sun, 24 Sep 2017 14:30:00 INFO Get char: 谶
Sun, 24 Sep 2017 14:30:01 INFO Get char: 谷
Sun, 24 Sep 2017 14:30:03 INFO -- username: 谷梦晗-, id: 5677362654
Sun, 24 Sep 2017 14:30:03 INFO -- username: 谷梦晗-, id: 5677362654
Sun, 24 Sep 2017 14:30:03 INFO Get char: 谼
Sun, 24 Sep 2017 14:30:04 INFO Get char: 谿
Sun, 24 Sep 2017 14:30:04 INFO Get char: 豁
Sun, 24 Sep 2017 14:30:05 INFO Get char: 豆
Sun, 24 Sep 2017 14:30:07 INFO -- username: 土豆在一起, id: 3846234168
Sun, 24 Sep 2017 14:30:07 INFO -- username: 土豆米饭大白菜, id: 5321451712
Sun, 24 Sep 2017 14:30:07 INFO -- username: 唐小糖豆豆, id: 2136478173
Sun, 24 Sep 2017 14:30:07 INFO -- username: 唐小糖豆豆, id: 2136478173
Sun, 24 Sep 2017 14:30:07 INFO Get char: 豇
Sun, 24 Sep 2017 14:30:07 INFO Get char: 豉
Sun, 24 Sep 2017 14:30:08 INFO Get char: 豌
Sun, 24 Sep 2017 14:30:09 INFO Get char: 豕
Sun, 24 Sep 2017 14:30:10 INFO Get char: 豚
Sun, 24 Sep 2017 14:30:11 INFO Get char: 象
Sun, 24 Sep 2017 14:30:12 INFO Get char: 豢
Sun, 24 Sep 2017 14:30:12 INFO Get char: 豨
Sun, 24 Sep 2017 14:30:13 INFO Get char: 豪
Sun, 24 Sep 2017 14:30:14 INFO -- username: 王小豪大大, id: 3258018912
Sun, 24 Sep 2017 14:30:14 INFO -- username: 王小豪大大, id: 3258018912
Sun, 24 Sep 2017 14:30:14 INFO Get char: 豫
Sun, 24 Sep 2017 14:30:15 INFO Get char: 豮
Sun, 24 Sep 2017 14:30:16 INFO Get char: 豳
Sun, 24 Sep 2017 14:30:17 INFO Get char: 豸
Sun, 24 Sep 2017 14:30:18 INFO Get char: 豹
Sun, 24 Sep 2017 14:30:19 INFO Get char: 豺
Sun, 24 Sep 2017 14:30:20 INFO Get char: 貂
Sun, 24 Sep 2017 14:30:20 INFO Get char: 貅
Sun, 24 Sep 2017 14:30:21 INFO Get char: 貆
Sun, 24 Sep 2017 14:30:21 INFO Get char: 貉
Sun, 24 Sep 2017 14:30:22 INFO Get char: 貊
Sun, 24 Sep 2017 14:30:22 INFO Get char: 貌
Sun, 24 Sep 2017 14:30:23 INFO Get char: 貔
Sun, 24 Sep 2017 14:30:23 INFO Get char: 貘
Sun, 24 Sep 2017 14:30:25 INFO Get char: 贝
Sun, 24 Sep 2017 14:30:26 INFO -- username: BlairLee李蓓贝, id: 1931652493
Sun, 24 Sep 2017 14:30:26 INFO -- username: BlairLee李蓓贝, id: 1931652493
Sun, 24 Sep 2017 14:30:26 INFO Get char: 贞
Sun, 24 Sep 2017 14:30:27 INFO Get char: 负
Sun, 24 Sep 2017 14:30:28 INFO Get char: 贡
Sun, 24 Sep 2017 14:30:28 INFO Get char: 财
Sun, 24 Sep 2017 14:30:29 INFO Get char: 责
Sun, 24 Sep 2017 14:30:29 INFO Get char: 贤
Sun, 24 Sep 2017 14:30:30 INFO -- username: 灿烈是火伯贤是光, id: 3971949538
Sun, 24 Sep 2017 14:30:30 INFO -- username: 灿烈是火伯贤是光, id: 3971949538
Sun, 24 Sep 2017 14:30:30 INFO Get char: 败
Sun, 24 Sep 2017 14:30:31 INFO Get char: 账
Sun, 24 Sep 2017 14:30:32 INFO Get char: 货
Sun, 24 Sep 2017 14:30:33 INFO -- username: 千金是吃货, id: 2920653545
Sun, 24 Sep 2017 14:30:33 INFO -- username: 存活在土澳的小吃货, id: 2384882024
Sun, 24 Sep 2017 14:30:33 INFO -- username: 存活在土澳的小吃货, id: 2384882024
Sun, 24 Sep 2017 14:30:33 INFO Get char: 质
Sun, 24 Sep 2017 14:30:34 INFO Get char: 贩
Sun, 24 Sep 2017 14:30:35 INFO Get char: 贪
Sun, 24 Sep 2017 14:30:36 INFO -- username: 贪婪成瘾的懒鼠, id: 5465326320
Sun, 24 Sep 2017 14:30:36 INFO -- username: 贪婪成瘾的懒鼠, id: 5465326320
Sun, 24 Sep 2017 14:30:36 INFO Get char: 贫
Sun, 24 Sep 2017 14:30:37 INFO Get char: 贬
Sun, 24 Sep 2017 14:30:37 INFO Get char: 购
Sun, 24 Sep 2017 14:30:39 INFO -- username: 大影海外购, id: 2759118927
Sun, 24 Sep 2017 14:30:39 INFO -- username: XIAOBEIaBEI韩妆欧美代购, id: 5087607010
Sun, 24 Sep 2017 14:30:39 INFO -- username: XIAOBEIaBEI韩妆欧美代购, id: 5087607010
Sun, 24 Sep 2017 14:30:39 INFO Get char: 贮
Sun, 24 Sep 2017 14:30:40 INFO Get char: 贯
Sun, 24 Sep 2017 14:30:40 INFO Get char: 贰
Sun, 24 Sep 2017 14:30:41 INFO -- username: 王贰拾-, id: 2793258507
Sun, 24 Sep 2017 14:30:41 INFO -- username: 王贰拾-, id: 2793258507
Sun, 24 Sep 2017 14:30:41 INFO Get char: 贱
Sun, 24 Sep 2017 14:30:42 INFO Get char: 贲
Sun, 24 Sep 2017 14:30:42 INFO Get char: 贳
Sun, 24 Sep 2017 14:30:43 INFO Get char: 贴
Sun, 24 Sep 2017 14:30:43 INFO Get char: 贵
Sun, 24 Sep 2017 14:30:45 INFO -- username: 贵气小曼, id: 6332266267
Sun, 24 Sep 2017 14:30:45 INFO -- username: 贵气小曼, id: 6332266267
Sun, 24 Sep 2017 14:30:45 INFO Get char: 贶
Sun, 24 Sep 2017 14:30:45 INFO Get char: 贷
Sun, 24 Sep 2017 14:30:46 INFO Get char: 贸
Sun, 24 Sep 2017 14:30:47 INFO Get char: 费
Sun, 24 Sep 2017 14:30:48 INFO -- username: 费星更-nl, id: 6113102608
Sun, 24 Sep 2017 14:30:48 INFO -- username: Juzi免费招衣服代理女装代理, id: 1007779192
Sun, 24 Sep 2017 14:30:48 INFO -- username: Juzi免费招衣服代理女装代理, id: 1007779192
Sun, 24 Sep 2017 14:30:48 INFO Get char: 贺
Sun, 24 Sep 2017 14:30:49 INFO -- username: -G贺大玲也疯狂, id: 1781550043
Sun, 24 Sep 2017 14:30:49 INFO -- username: -G贺大玲也疯狂, id: 1781550043
Sun, 24 Sep 2017 14:30:49 INFO Get char: 贻
Sun, 24 Sep 2017 14:30:49 INFO Get char: 贼
Sun, 24 Sep 2017 14:30:50 INFO Get char: 贽
Sun, 24 Sep 2017 14:30:51 INFO Get char: 贾
Sun, 24 Sep 2017 14:30:51 INFO Get char: 贿
Sun, 24 Sep 2017 14:30:52 INFO Get char: 赀
Sun, 24 Sep 2017 14:30:52 INFO Get char: 赁
Sun, 24 Sep 2017 14:30:53 INFO Get char: 赂
Sun, 24 Sep 2017 14:30:53 INFO Get char: 赃
Sun, 24 Sep 2017 14:30:53 INFO Get char: 资
Sun, 24 Sep 2017 14:30:54 INFO Get char: 赅
Sun, 24 Sep 2017 14:30:54 INFO Get char: 赆
Sun, 24 Sep 2017 14:30:55 INFO Get char: 赇
Sun, 24 Sep 2017 14:30:55 INFO Get char: 赈
Sun, 24 Sep 2017 14:30:56 INFO Get char: 赉
Sun, 24 Sep 2017 14:30:56 INFO Get char: 赊
Sun, 24 Sep 2017 14:30:57 INFO Get char: 赋
Sun, 24 Sep 2017 14:30:57 INFO Get char: 赌
Sun, 24 Sep 2017 14:30:58 INFO Get char: 赍
Sun, 24 Sep 2017 14:30:58 INFO Get char: 赎
Sun, 24 Sep 2017 14:30:59 INFO Get char: 赏
Sun, 24 Sep 2017 14:30:59 INFO Get char: 赐
Sun, 24 Sep 2017 14:31:00 INFO Get char: 赑
Sun, 24 Sep 2017 14:31:00 INFO Get char: 赒
Sun, 24 Sep 2017 14:31:01 INFO Get char: 赓
Sun, 24 Sep 2017 14:31:01 INFO Get char: 赔
Sun, 24 Sep 2017 14:31:02 INFO Get char: 赕
Sun, 24 Sep 2017 14:31:02 INFO Get char: 赖
Sun, 24 Sep 2017 14:31:03 INFO Get char: 赗
Sun, 24 Sep 2017 14:31:03 INFO Get char: 赘
Sun, 24 Sep 2017 14:31:04 INFO Get char: 赙
Sun, 24 Sep 2017 14:31:04 INFO Get char: 赚
Sun, 24 Sep 2017 14:31:05 INFO Get char: 赛
Sun, 24 Sep 2017 14:31:05 INFO -- username: 精彩赛Sir, id: 2007476867
Sun, 24 Sep 2017 14:31:05 INFO -- username: 精彩赛Sir, id: 2007476867
Sun, 24 Sep 2017 14:31:05 INFO Get char: 赜
Sun, 24 Sep 2017 14:31:06 INFO Get char: 赝
Sun, 24 Sep 2017 14:31:07 INFO Get char: 赞
Sun, 24 Sep 2017 14:31:08 INFO Get char: 赟
Sun, 24 Sep 2017 14:31:09 INFO -- username: DY的赟赟, id: 2638746762
Sun, 24 Sep 2017 14:31:09 INFO -- username: DY的赟赟, id: 2638746762
Sun, 24 Sep 2017 14:31:09 INFO Get char: 赠
Sun, 24 Sep 2017 14:31:09 INFO Get char: 赡
Sun, 24 Sep 2017 14:31:10 INFO Get char: 赢
Sun, 24 Sep 2017 14:31:11 INFO Get char: 赣
Sun, 24 Sep 2017 14:31:12 INFO Get char: 赤
Sun, 24 Sep 2017 14:31:12 INFO Get char: 赦
Sun, 24 Sep 2017 14:31:13 INFO Get char: 赧
Sun, 24 Sep 2017 14:31:13 INFO Get char: 赪
Sun, 24 Sep 2017 14:31:14 INFO Get char: 赫
Sun, 24 Sep 2017 14:31:14 INFO Get char: 赭
Sun, 24 Sep 2017 14:31:15 INFO Get char: 走
Sun, 24 Sep 2017 14:31:16 INFO -- username: 走的不夠專注, id: 1752781724
Sun, 24 Sep 2017 14:31:16 INFO -- username: 敢不敢让我走运, id: 3286733534
Sun, 24 Sep 2017 14:31:16 INFO -- username: 穿着平底鞋走自己的路, id: 6337612560
Sun, 24 Sep 2017 14:31:16 INFO -- username: 穿着平底鞋走自己的路, id: 6337612560
Sun, 24 Sep 2017 14:31:16 INFO Get char: 赳
Sun, 24 Sep 2017 14:31:16 INFO Get char: 赴
Sun, 24 Sep 2017 14:31:17 INFO Get char: 赵
Sun, 24 Sep 2017 14:31:18 INFO -- username: 赵二宝的麻麻, id: 3935077052
Sun, 24 Sep 2017 14:31:18 INFO -- username: 赵二宝的麻麻, id: 3935077052
Sun, 24 Sep 2017 14:31:18 INFO Get char: 赶
Sun, 24 Sep 2017 14:31:18 INFO Get char: 起
Sun, 24 Sep 2017 14:31:20 INFO -- username: 自然起源叶之韵IDo董事Eve磨砂, id: 5226301703
Sun, 24 Sep 2017 14:31:20 INFO -- username: 土豆在一起, id: 3846234168
Sun, 24 Sep 2017 14:31:20 INFO -- username: 想了很久也不知道起什么名字, id: 3196776493
Sun, 24 Sep 2017 14:31:20 INFO -- username: 想了很久也不知道起什么名字, id: 3196776493
Sun, 24 Sep 2017 14:31:20 INFO Get char: 趁
Sun, 24 Sep 2017 14:31:20 INFO Get char: 趄
Sun, 24 Sep 2017 14:31:21 INFO Get char: 超
Sun, 24 Sep 2017 14:31:22 INFO -- username: 超级可爱的伊, id: 2659162033
Sun, 24 Sep 2017 14:31:22 INFO -- username: 惯我小超人2009, id: 5623694924
Sun, 24 Sep 2017 14:31:22 INFO -- username: 惯我小超人2009, id: 5623694924
Sun, 24 Sep 2017 14:31:22 INFO Get char: 越
Sun, 24 Sep 2017 14:31:24 INFO -- username: 越吃越瘦的小V, id: 1764693064
Sun, 24 Sep 2017 14:31:24 INFO -- username: 刘小越shining越, id: 2466537844
Sun, 24 Sep 2017 14:31:24 INFO -- username: 刘小越shining越, id: 2466537844
Sun, 24 Sep 2017 14:31:24 INFO Get char: 趋
Sun, 24 Sep 2017 14:31:24 INFO Get char: 趑
Sun, 24 Sep 2017 14:31:25 INFO Get char: 趔
Sun, 24 Sep 2017 14:31:25 INFO Get char: 趟
Sun, 24 Sep 2017 14:31:26 INFO Get char: 趣
Sun, 24 Sep 2017 14:31:26 INFO Get char: 趯
Sun, 24 Sep 2017 14:31:27 INFO Get char: 趱
Sun, 24 Sep 2017 14:31:27 INFO Get char: 足
Sun, 24 Sep 2017 14:31:28 INFO Get char: 趴
Sun, 24 Sep 2017 14:31:28 INFO Get char: 趵
Sun, 24 Sep 2017 14:31:29 INFO Get char: 趸
Sun, 24 Sep 2017 14:31:29 INFO Get char: 趺
Sun, 24 Sep 2017 14:31:30 INFO Get char: 趼
Sun, 24 Sep 2017 14:31:31 INFO Get char: 趾
Sun, 24 Sep 2017 14:31:31 INFO Get char: 趿
Sun, 24 Sep 2017 14:31:32 INFO Get char: 跂
Sun, 24 Sep 2017 14:31:32 INFO Get char: 跃
Sun, 24 Sep 2017 14:31:33 INFO -- username: 跃东瀛日本留学, id: 5473323820
Sun, 24 Sep 2017 14:31:33 INFO -- username: 跃东瀛日本留学, id: 5473323820
Sun, 24 Sep 2017 14:31:33 INFO Get char: 跄
Sun, 24 Sep 2017 14:31:34 INFO Get char: 跆
Sun, 24 Sep 2017 14:31:35 INFO Get char: 跋
Sun, 24 Sep 2017 14:31:35 INFO Get char: 跌
Sun, 24 Sep 2017 14:31:36 INFO Get char: 跎
Sun, 24 Sep 2017 14:31:36 INFO Get char: 跏
Sun, 24 Sep 2017 14:31:37 INFO Get char: 跐
Sun, 24 Sep 2017 14:31:38 INFO Get char: 跑
Sun, 24 Sep 2017 14:31:39 INFO -- username: 那只从喀纳斯跑出来的大水怪, id: 1240273315
Sun, 24 Sep 2017 14:31:39 INFO -- username: 那只从喀纳斯跑出来的大水怪, id: 1240273315
Sun, 24 Sep 2017 14:31:39 INFO Get char: 跖
Sun, 24 Sep 2017 14:31:40 INFO Get char: 跗
Sun, 24 Sep 2017 14:31:42 INFO Get char: 跚
Sun, 24 Sep 2017 14:31:42 INFO Get char: 跛
Sun, 24 Sep 2017 14:31:43 INFO Get char: 距
Sun, 24 Sep 2017 14:31:45 INFO -- username: 距ZMR离, id: 5869823131
Sun, 24 Sep 2017 14:31:45 INFO -- username: 距ZMR离, id: 5869823131
Sun, 24 Sep 2017 14:31:45 INFO Get char: 跞
Sun, 24 Sep 2017 14:31:45 INFO Get char: 跟
Sun, 24 Sep 2017 14:31:46 INFO Get char: 跣
Sun, 24 Sep 2017 14:31:46 INFO Get char: 跤
Sun, 24 Sep 2017 14:31:47 INFO Get char: 跨
Sun, 24 Sep 2017 14:31:47 INFO Get char: 跪
Sun, 24 Sep 2017 14:31:48 INFO Get char: 跬
Sun, 24 Sep 2017 14:31:48 INFO Get char: 路
Sun, 24 Sep 2017 14:31:49 INFO -- username: 穿着平底鞋走自己的路, id: 6337612560
Sun, 24 Sep 2017 14:31:49 INFO -- username: 路天--, id: 2513625720
Sun, 24 Sep 2017 14:31:49 INFO -- username: 路人z的名单, id: 6257996523
Sun, 24 Sep 2017 14:31:49 INFO -- username: 陌路离殇的故事, id: 5422272901
Sun, 24 Sep 2017 14:31:49 INFO -- username: 农村太路也很深, id: 6160568326
Sun, 24 Sep 2017 14:31:49 INFO -- username: 往事不堪回味--只能一路向前, id: 2014772044
Sun, 24 Sep 2017 14:31:49 INFO -- username: 往事不堪回味--只能一路向前, id: 2014772044
Sun, 24 Sep 2017 14:31:49 INFO Get char: 跱
Sun, 24 Sep 2017 14:31:50 INFO Get char: 跳
Sun, 24 Sep 2017 14:31:51 INFO Get char: 践
Sun, 24 Sep 2017 14:31:51 INFO Get char: 跶
Sun, 24 Sep 2017 14:31:52 INFO Get char: 跷
Sun, 24 Sep 2017 14:31:52 INFO Get char: 跸
Sun, 24 Sep 2017 14:31:53 INFO Get char: 跹
Sun, 24 Sep 2017 14:31:53 INFO Get char: 跺
Sun, 24 Sep 2017 14:31:54 INFO Get char: 跻
Sun, 24 Sep 2017 14:31:54 INFO Get char: 跽
Sun, 24 Sep 2017 14:31:55 INFO Get char: 踅
Sun, 24 Sep 2017 14:31:56 INFO Get char: 踉
Sun, 24 Sep 2017 14:31:56 INFO Get char: 踊
Sun, 24 Sep 2017 14:31:57 INFO Get char: 踌
Sun, 24 Sep 2017 14:31:57 INFO Get char: 踏
Sun, 24 Sep 2017 14:31:58 INFO Get char: 踒
Sun, 24 Sep 2017 14:31:58 INFO Get char: 踔
Sun, 24 Sep 2017 14:31:59 INFO Get char: 踝
Sun, 24 Sep 2017 14:31:59 INFO Get char: 踞
Sun, 24 Sep 2017 14:32:00 INFO Get char: 踟
Sun, 24 Sep 2017 14:32:00 INFO Get char: 踢
Sun, 24 Sep 2017 14:32:01 INFO Get char: 踣
Sun, 24 Sep 2017 14:32:01 INFO Get char: 踦
Sun, 24 Sep 2017 14:32:02 INFO Get char: 踩
Sun, 24 Sep 2017 14:32:02 INFO Get char: 踪
Sun, 24 Sep 2017 14:32:03 INFO Get char: 踬
Sun, 24 Sep 2017 14:32:03 INFO Get char: 踮
Sun, 24 Sep 2017 14:32:04 INFO Get char: 踯
Sun, 24 Sep 2017 14:32:04 INFO Get char: 踱
Sun, 24 Sep 2017 14:32:05 INFO Get char: 踵
Sun, 24 Sep 2017 14:32:06 INFO Get char: 踶
Sun, 24 Sep 2017 14:32:07 INFO Get char: 踹
Sun, 24 Sep 2017 14:32:07 INFO Get char: 踺
Sun, 24 Sep 2017 14:32:08 INFO Get char: 踽
Sun, 24 Sep 2017 14:32:09 INFO Get char: 蹀
Sun, 24 Sep 2017 14:32:10 INFO Get char: 蹁
Sun, 24 Sep 2017 14:32:11 INFO Get char: 蹂
Sun, 24 Sep 2017 14:32:12 INFO Get char: 蹄
Sun, 24 Sep 2017 14:32:12 INFO Get char: 蹅
Sun, 24 Sep 2017 14:32:13 INFO Get char: 蹇
Sun, 24 Sep 2017 14:32:13 INFO Get char: 蹈
Sun, 24 Sep 2017 14:32:14 INFO Get char: 蹉
Sun, 24 Sep 2017 14:32:14 INFO Get char: 蹊
Sun, 24 Sep 2017 14:32:15 INFO Get char: 蹋
Sun, 24 Sep 2017 14:32:16 INFO Get char: 蹐
Sun, 24 Sep 2017 14:32:16 INFO Get char: 蹑
Sun, 24 Sep 2017 14:32:17 INFO Get char: 蹒
Sun, 24 Sep 2017 14:32:17 INFO Get char: 蹙
Sun, 24 Sep 2017 14:32:18 INFO Get char: 蹚
Sun, 24 Sep 2017 14:32:19 INFO Get char: 蹜
Sun, 24 Sep 2017 14:32:19 INFO Get char: 蹢
Sun, 24 Sep 2017 14:32:20 INFO Get char: 蹦
Sun, 24 Sep 2017 14:32:20 INFO Get char: 蹩
Sun, 24 Sep 2017 14:32:21 INFO Get char: 蹬
Sun, 24 Sep 2017 14:32:21 INFO Get char: 蹭
Sun, 24 Sep 2017 14:32:22 INFO Get char: 蹯
Sun, 24 Sep 2017 14:32:22 INFO Get char: 蹰
Sun, 24 Sep 2017 14:32:23 INFO Get char: 蹲
Sun, 24 Sep 2017 14:32:24 INFO Get char: 蹴
Sun, 24 Sep 2017 14:32:24 INFO Get char: 蹶
Sun, 24 Sep 2017 14:32:25 INFO Get char: 蹼
Sun, 24 Sep 2017 14:32:26 INFO Get char: 蹽
Sun, 24 Sep 2017 14:32:26 INFO Get char: 蹾
Sun, 24 Sep 2017 14:32:27 INFO Get char: 蹿
Sun, 24 Sep 2017 14:32:27 INFO Get char: 躁
Sun, 24 Sep 2017 14:32:28 INFO Get char: 躅
Sun, 24 Sep 2017 14:32:29 INFO Get char: 躇
Sun, 24 Sep 2017 14:32:30 INFO Get char: 躏
Sun, 24 Sep 2017 14:32:30 INFO Get char: 躐
Sun, 24 Sep 2017 14:32:31 INFO Get char: 躔
Sun, 24 Sep 2017 14:32:31 INFO Get char: 躜
Sun, 24 Sep 2017 14:32:32 INFO Get char: 躞
Sun, 24 Sep 2017 14:32:32 INFO Get char: 身
Sun, 24 Sep 2017 14:32:33 INFO Get char: 躬
Sun, 24 Sep 2017 14:32:33 INFO Get char: 躯
Sun, 24 Sep 2017 14:32:34 INFO Get char: 躲
Sun, 24 Sep 2017 14:32:35 INFO -- username: 晴朗为何还躲猫猫, id: 5357649140
Sun, 24 Sep 2017 14:32:35 INFO -- username: 晴朗为何还躲猫猫, id: 5357649140
Sun, 24 Sep 2017 14:32:35 INFO Get char: 躺
Sun, 24 Sep 2017 14:32:36 INFO Get char: 车
Sun, 24 Sep 2017 14:32:37 INFO -- username: 都市马车夫, id: 3291340041
Sun, 24 Sep 2017 14:32:37 INFO -- username: 南瓜马车车车, id: 2994654522
Sun, 24 Sep 2017 14:32:37 INFO -- username: 南瓜马车车车, id: 2994654522
Sun, 24 Sep 2017 14:32:37 INFO Get char: 轧
Sun, 24 Sep 2017 14:32:37 INFO Get char: 轨
Sun, 24 Sep 2017 14:32:38 INFO Get char: 轩
Sun, 24 Sep 2017 14:32:39 INFO -- username: 瀔水轩主, id: 1641207351
Sun, 24 Sep 2017 14:32:39 INFO -- username: 瀔水轩主, id: 1641207351
Sun, 24 Sep 2017 14:32:39 INFO Get char: 轪
Sun, 24 Sep 2017 14:32:40 INFO Get char: 轫
Sun, 24 Sep 2017 14:32:41 INFO Get char: 转
Sun, 24 Sep 2017 14:32:41 INFO -- username: 或者说你倩儿爷现在正在转运, id: 2691652767
Sun, 24 Sep 2017 14:32:41 INFO -- username: 或者说你倩儿爷现在正在转运, id: 2691652767
Sun, 24 Sep 2017 14:32:41 INFO Get char: 轭
Sun, 24 Sep 2017 14:32:42 INFO Get char: 轮
Sun, 24 Sep 2017 14:32:42 INFO Get char: 软
Sun, 24 Sep 2017 14:32:43 INFO Get char: 轰
Sun, 24 Sep 2017 14:32:44 INFO -- username: 77嘛哩嘛哩轰, id: 3389309112
Sun, 24 Sep 2017 14:32:44 INFO -- username: 77嘛哩嘛哩轰, id: 3389309112
Sun, 24 Sep 2017 14:32:44 INFO Get char: 轱
Sun, 24 Sep 2017 14:32:45 INFO Get char: 轲
Sun, 24 Sep 2017 14:32:45 INFO Get char: 轳
Sun, 24 Sep 2017 14:32:46 INFO Get char: 轴
Sun, 24 Sep 2017 14:32:46 INFO Get char: 轵
Sun, 24 Sep 2017 14:32:47 INFO Get char: 轶
Sun, 24 Sep 2017 14:32:49 INFO -- username: 姚轶柔, id: 3813120775
Sun, 24 Sep 2017 14:32:49 INFO -- username: 姚轶柔, id: 3813120775
Sun, 24 Sep 2017 14:32:49 INFO Get char: 轷
Sun, 24 Sep 2017 14:32:49 INFO Get char: 轸
Sun, 24 Sep 2017 14:32:50 INFO Get char: 轹
Sun, 24 Sep 2017 14:32:50 INFO Get char: 轺
Sun, 24 Sep 2017 14:32:51 INFO Get char: 轻
Sun, 24 Sep 2017 14:32:52 INFO -- username: 轻雾微尘细雨, id: 3227162210
Sun, 24 Sep 2017 14:32:52 INFO -- username: 轻雾微尘细雨, id: 3227162210
Sun, 24 Sep 2017 14:32:52 INFO Get char: 轼
Sun, 24 Sep 2017 14:32:52 INFO Get char: 载
Sun, 24 Sep 2017 14:32:53 INFO Get char: 轾
Sun, 24 Sep 2017 14:32:54 INFO Get char: 轿
Sun, 24 Sep 2017 14:32:54 INFO Get char: 辀
Sun, 24 Sep 2017 14:32:55 INFO Get char: 辁
Sun, 24 Sep 2017 14:32:55 INFO Get char: 辂
Sun, 24 Sep 2017 14:32:56 INFO Get char: 较
Sun, 24 Sep 2017 14:32:56 INFO Get char: 辄
Sun, 24 Sep 2017 14:32:57 INFO Get char: 辅
Sun, 24 Sep 2017 14:32:57 INFO Get char: 辆
Sun, 24 Sep 2017 14:32:58 INFO Get char: 辇
Sun, 24 Sep 2017 14:32:59 INFO Get char: 辈
Sun, 24 Sep 2017 14:32:59 INFO Get char: 辉
Sun, 24 Sep 2017 14:33:00 INFO Get char: 辊
Sun, 24 Sep 2017 14:33:00 INFO Get char: 辋
Sun, 24 Sep 2017 14:33:01 INFO Get char: 辌
Sun, 24 Sep 2017 14:33:01 INFO Get char: 辍
Sun, 24 Sep 2017 14:33:02 INFO Get char: 辎
Sun, 24 Sep 2017 14:33:03 INFO Get char: 辏
Sun, 24 Sep 2017 14:33:05 INFO Get char: 辐
Sun, 24 Sep 2017 14:33:05 INFO Get char: 辑
Sun, 24 Sep 2017 14:33:06 INFO -- username: 我偏偏就不编辑昵称咋地, id: 2110979701
Sun, 24 Sep 2017 14:33:06 INFO -- username: 我偏偏就不编辑昵称咋地, id: 2110979701
Sun, 24 Sep 2017 14:33:06 INFO Get char: 辒
Sun, 24 Sep 2017 14:33:07 INFO Get char: 输
Sun, 24 Sep 2017 14:33:08 INFO Get char: 辔
Sun, 24 Sep 2017 14:33:08 INFO Get char: 辕
Sun, 24 Sep 2017 14:33:09 INFO Get char: 辖
Sun, 24 Sep 2017 14:33:09 INFO Get char: 辗
Sun, 24 Sep 2017 14:33:10 INFO Get char: 辘
Sun, 24 Sep 2017 14:33:11 INFO Get char: 辙
Sun, 24 Sep 2017 14:33:11 INFO Get char: 辚
Sun, 24 Sep 2017 14:33:12 INFO Get char: 辛
Sun, 24 Sep 2017 14:33:13 INFO Get char: 辜
Sun, 24 Sep 2017 14:33:13 INFO Get char: 辞
Sun, 24 Sep 2017 14:33:14 INFO Get char: 辟
Sun, 24 Sep 2017 14:33:15 INFO Get char: 辣
Sun, 24 Sep 2017 14:33:16 INFO -- username: 酸菜不太辣, id: 5776345101
Sun, 24 Sep 2017 14:33:16 INFO -- username: 酸菜不太辣, id: 5776345101
Sun, 24 Sep 2017 14:33:16 INFO Get char: 辨
Sun, 24 Sep 2017 14:33:17 INFO Get char: 辩
Sun, 24 Sep 2017 14:33:17 INFO Get char: 辫
Sun, 24 Sep 2017 14:33:18 INFO Get char: 辰
Sun, 24 Sep 2017 14:33:19 INFO Get char: 辱
Sun, 24 Sep 2017 14:33:19 INFO Get char: 边
Sun, 24 Sep 2017 14:33:21 INFO -- username: 边际风, id: 5463152587
Sun, 24 Sep 2017 14:33:21 INFO -- username: 边际风, id: 5463152587
Sun, 24 Sep 2017 14:33:21 INFO Get char: 辽
Sun, 24 Sep 2017 14:33:22 INFO Get char: 达
Sun, 24 Sep 2017 14:33:22 INFO Get char: 辿
Sun, 24 Sep 2017 14:33:24 INFO Get char: 迁
Sun, 24 Sep 2017 14:33:24 INFO Get char: 迂
Sun, 24 Sep 2017 14:33:25 INFO Get char: 迄
Sun, 24 Sep 2017 14:33:25 INFO Get char: 迅
Sun, 24 Sep 2017 14:33:26 INFO Get char: 过
Sun, 24 Sep 2017 14:33:27 INFO -- username: 过分善良是件坏事儿, id: 2270507497
Sun, 24 Sep 2017 14:33:27 INFO -- username: 海风掠过了北极光, id: 5902192164
Sun, 24 Sep 2017 14:33:27 INFO -- username: 海风掠过了北极光, id: 5902192164
Sun, 24 Sep 2017 14:33:27 INFO Get char: 迈
Sun, 24 Sep 2017 14:33:27 INFO Get char: 迎
Sun, 24 Sep 2017 14:33:28 INFO Get char: 运
Sun, 24 Sep 2017 14:33:29 INFO -- username: 敢不敢让我走运, id: 3286733534
Sun, 24 Sep 2017 14:33:29 INFO -- username: 或者说你倩儿爷现在正在转运, id: 2691652767
Sun, 24 Sep 2017 14:33:29 INFO -- username: 或者说你倩儿爷现在正在转运, id: 2691652767
Sun, 24 Sep 2017 14:33:29 INFO Get char: 近
Sun, 24 Sep 2017 14:33:30 INFO Get char: 迓
Sun, 24 Sep 2017 14:33:30 INFO Get char: 返
Sun, 24 Sep 2017 14:33:31 INFO Get char: 迕
Sun, 24 Sep 2017 14:33:32 INFO Get char: 还
Sun, 24 Sep 2017 14:33:33 INFO -- username: 晴朗为何还躲猫猫, id: 5357649140
Sun, 24 Sep 2017 14:33:33 INFO -- username: xynia蕗還狠苌, id: 2624991534
Sun, 24 Sep 2017 14:33:33 INFO -- username: 纵使短发及肩我还是我, id: 2562909447
Sun, 24 Sep 2017 14:33:33 INFO -- username: 纵使短发及肩我还是我, id: 2562909447
Sun, 24 Sep 2017 14:33:33 INFO Get char: 这
Sun, 24 Sep 2017 14:33:34 INFO -- username: 我想就这样被你收入囊中, id: 5041433380
Sun, 24 Sep 2017 14:33:34 INFO -- username: 名字都被注册这, id: 2949254580
Sun, 24 Sep 2017 14:33:34 INFO -- username: 名字都被注册这, id: 2949254580
Sun, 24 Sep 2017 14:33:34 INFO Get char: 进
Sun, 24 Sep 2017 14:33:35 INFO -- username: 向我的想梦前进, id: 5374124261
Sun, 24 Sep 2017 14:33:35 INFO -- username: 向我的想梦前进, id: 5374124261
Sun, 24 Sep 2017 14:33:35 INFO Get char: 远
Sun, 24 Sep 2017 14:33:37 INFO -- username: 永远爱你的俊v, id: 5629931466
Sun, 24 Sep 2017 14:33:37 INFO -- username: 田志远1980, id: 6339073648
Sun, 24 Sep 2017 14:33:37 INFO -- username: 淼淼永远是正版, id: 5886405045
Sun, 24 Sep 2017 14:33:37 INFO -- username: BR想要的东西永远买不完, id: 1761772620
Sun, 24 Sep 2017 14:33:37 INFO -- username: BR想要的东西永远买不完, id: 1761772620
Sun, 24 Sep 2017 14:33:37 INFO Get char: 违
Sun, 24 Sep 2017 14:33:37 INFO Get char: 连
Sun, 24 Sep 2017 14:33:38 INFO -- username: 大连金石滩洛可可假日公寓, id: 6021540485
Sun, 24 Sep 2017 14:33:38 INFO -- username: 房勇连_肥兔, id: 2608658172
Sun, 24 Sep 2017 14:33:38 INFO -- username: 我担心动物园开连锁店, id: 6003922155
Sun, 24 Sep 2017 14:33:38 INFO -- username: 我担心动物园开连锁店, id: 6003922155
Sun, 24 Sep 2017 14:33:38 INFO Get char: 迟
Sun, 24 Sep 2017 14:33:39 INFO Get char: 迢
Sun, 24 Sep 2017 14:33:39 INFO Get char: 迤
Sun, 24 Sep 2017 14:33:40 INFO Get char: 迥
Sun, 24 Sep 2017 14:33:41 INFO Get char: 迦
Sun, 24 Sep 2017 14:33:41 INFO Get char: 迨
Sun, 24 Sep 2017 14:33:42 INFO Get char: 迩
Sun, 24 Sep 2017 14:33:44 INFO -- username: 喝醉了迩背我, id: 2117089995
Sun, 24 Sep 2017 14:33:44 INFO -- username: 浅唱属于迩的小情歌, id: 2071558781
Sun, 24 Sep 2017 14:33:44 INFO -- username: 浅唱属于迩的小情歌, id: 2071558781
Sun, 24 Sep 2017 14:33:44 INFO Get char: 迪
Sun, 24 Sep 2017 14:33:44 INFO Get char: 迫
Sun, 24 Sep 2017 14:33:45 INFO Get char: 迭
Sun, 24 Sep 2017 14:33:47 INFO -- username: 迷迭佐岸, id: 5017976378
Sun, 24 Sep 2017 14:33:47 INFO -- username: 迷迭佐岸, id: 5017976378
Sun, 24 Sep 2017 14:33:47 INFO Get char: 迮
Sun, 24 Sep 2017 14:33:48 INFO Get char: 述
Sun, 24 Sep 2017 14:33:49 INFO Get char: 迳
Sun, 24 Sep 2017 14:33:50 INFO Get char: 迷
Sun, 24 Sep 2017 14:33:52 INFO -- username: 迷迭佐岸, id: 5017976378
Sun, 24 Sep 2017 14:33:52 INFO -- username: 薛之谦的小迷妹Hero, id: 5386802625
Sun, 24 Sep 2017 14:33:52 INFO -- username: 迷鹿w, id: 6053484701
Sun, 24 Sep 2017 14:33:52 INFO -- username: 小迷糊蛋--牛牛, id: 2462216825
Sun, 24 Sep 2017 14:33:52 INFO -- username: 晨曦__扑朔迷离, id: 5066313067
Sun, 24 Sep 2017 14:33:52 INFO -- username: 晨曦__扑朔迷离, id: 5066313067
Sun, 24 Sep 2017 14:33:52 INFO Get char: 迸
Sun, 24 Sep 2017 14:33:52 INFO Get char: 迹
Sun, 24 Sep 2017 14:33:53 INFO Get char: 迺
Sun, 24 Sep 2017 14:33:54 INFO Get char: 追
Sun, 24 Sep 2017 14:33:55 INFO Get char: 退
Sun, 24 Sep 2017 14:33:55 INFO Get char: 送
Sun, 24 Sep 2017 14:33:56 INFO Get char: 适
Sun, 24 Sep 2017 14:33:57 INFO Get char: 逃
Sun, 24 Sep 2017 14:33:57 INFO Get char: 逄
Sun, 24 Sep 2017 14:33:58 INFO Get char: 逅
Sun, 24 Sep 2017 14:33:59 INFO Get char: 逆
Sun, 24 Sep 2017 14:34:01 INFO -- username: 逆暖6058251315, id: 6058251315
Sun, 24 Sep 2017 14:34:01 INFO -- username: 逆暖6058251315, id: 6058251315
Sun, 24 Sep 2017 14:34:01 INFO Get char: 选
Sun, 24 Sep 2017 14:34:02 INFO Get char: 逊
Sun, 24 Sep 2017 14:34:02 INFO Get char: 逋
Sun, 24 Sep 2017 14:34:03 INFO Get char: 逍
Sun, 24 Sep 2017 14:34:04 INFO -- username: 逍遥宫主爱凡凡, id: 3493157013
Sun, 24 Sep 2017 14:34:04 INFO -- username: 逍遥宫主爱凡凡, id: 3493157013
Sun, 24 Sep 2017 14:34:04 INFO Get char: 透
Sun, 24 Sep 2017 14:34:05 INFO -- username: 就不愿意透露姓名的曼联名宿, id: 3090633737
Sun, 24 Sep 2017 14:34:05 INFO -- username: 就不愿意透露姓名的曼联名宿, id: 3090633737
Sun, 24 Sep 2017 14:34:05 INFO Get char: 逐
Sun, 24 Sep 2017 14:34:06 INFO Get char: 逑
Sun, 24 Sep 2017 14:34:07 INFO Get char: 递
Sun, 24 Sep 2017 14:34:07 INFO Get char: 途
Sun, 24 Sep 2017 14:34:08 INFO Get char: 逖
Sun, 24 Sep 2017 14:34:09 INFO Get char: 逗
Sun, 24 Sep 2017 14:34:10 INFO -- username: 呆逗逗小丸子, id: 3905158465
Sun, 24 Sep 2017 14:34:10 INFO -- username: doy逗之无敌, id: 5481299034
Sun, 24 Sep 2017 14:34:10 INFO -- username: Garden阿逗, id: 1916762291
Sun, 24 Sep 2017 14:34:10 INFO -- username: Garden阿逗, id: 1916762291
Sun, 24 Sep 2017 14:34:10 INFO Get char: 通
Sun, 24 Sep 2017 14:34:11 INFO Get char: 逛
Sun, 24 Sep 2017 14:34:11 INFO Get char: 逝
Sun, 24 Sep 2017 14:34:13 INFO -- username: 流年-飘逝, id: 2413116557
Sun, 24 Sep 2017 14:34:13 INFO -- username: 流年-飘逝, id: 2413116557
Sun, 24 Sep 2017 14:34:13 INFO Get char: 逞
Sun, 24 Sep 2017 14:34:14 INFO Get char: 速
Sun, 24 Sep 2017 14:34:14 INFO Get char: 造
Sun, 24 Sep 2017 14:34:15 INFO Get char: 逡
Sun, 24 Sep 2017 14:34:16 INFO Get char: 逢
Sun, 24 Sep 2017 14:34:17 INFO Get char: 逦
Sun, 24 Sep 2017 14:34:18 INFO Get char: 逭
Sun, 24 Sep 2017 14:34:18 INFO Get char: 逮
Sun, 24 Sep 2017 14:34:19 INFO Get char: 逯
Sun, 24 Sep 2017 14:34:20 INFO Get char: 逴
Sun, 24 Sep 2017 14:34:21 INFO Get char: 逵
Sun, 24 Sep 2017 14:34:22 INFO Get char: 逶
Sun, 24 Sep 2017 14:34:23 INFO Get char: 逸
Sun, 24 Sep 2017 14:34:24 INFO Get char: 逻
Sun, 24 Sep 2017 14:34:24 INFO Get char: 逼
Sun, 24 Sep 2017 14:34:26 INFO -- username: 装逼遭金雷劈, id: 2212690024
Sun, 24 Sep 2017 14:34:26 INFO -- username: 装逼遭金雷劈, id: 2212690024
Sun, 24 Sep 2017 14:34:26 INFO Get char: 逾
Sun, 24 Sep 2017 14:34:27 INFO Get char: 遁
Sun, 24 Sep 2017 14:34:28 INFO Get char: 遂
Sun, 24 Sep 2017 14:34:28 INFO Get char: 遄
Sun, 24 Sep 2017 14:34:29 INFO Get char: 遆
Sun, 24 Sep 2017 14:34:30 INFO Get char: 遇
Sun, 24 Sep 2017 14:34:31 INFO -- username: 遇见爱情2010, id: 1869403812
Sun, 24 Sep 2017 14:34:31 INFO -- username: M-yu遇见相遇预见, id: 2107537500
Sun, 24 Sep 2017 14:34:31 INFO -- username: M-yu遇见相遇预见, id: 2107537500
Sun, 24 Sep 2017 14:34:31 INFO Get char: 遍
Sun, 24 Sep 2017 14:34:31 INFO Get char: 遏
Sun, 24 Sep 2017 14:34:32 INFO Get char: 遐
Sun, 24 Sep 2017 14:34:32 INFO Get char: 遑
Sun, 24 Sep 2017 14:34:33 INFO Get char: 遒
Sun, 24 Sep 2017 14:34:34 INFO -- username: 飞驰方遒, id: 6155790791
Sun, 24 Sep 2017 14:34:34 INFO -- username: 飞驰方遒, id: 6155790791
Sun, 24 Sep 2017 14:34:34 INFO Get char: 道
Sun, 24 Sep 2017 14:34:36 INFO -- username: 想了很久也不知道起什么名字, id: 3196776493
Sun, 24 Sep 2017 14:34:36 INFO -- username: 讲道理的尚大仁, id: 2000353385
Sun, 24 Sep 2017 14:34:36 INFO -- username: 裴知道, id: 2855391997
Sun, 24 Sep 2017 14:34:36 INFO -- username: 想了很久也不知道起什么名字, id: 3196776493
Sun, 24 Sep 2017 14:34:36 INFO -- username: 想了很久也不知道起什么名字, id: 3196776493
Sun, 24 Sep 2017 14:34:36 INFO Get char: 遗
Sun, 24 Sep 2017 14:34:37 INFO -- username: 遗失的茜宝, id: 2851905292
Sun, 24 Sep 2017 14:34:37 INFO -- username: 遗失的茜宝, id: 2851905292
Sun, 24 Sep 2017 14:34:37 INFO Get char: 遘
Sun, 24 Sep 2017 14:34:38 INFO Get char: 遛
Sun, 24 Sep 2017 14:34:39 INFO -- username: 遛狗云端, id: 5514643509
Sun, 24 Sep 2017 14:34:39 INFO -- username: 遛狗云端, id: 5514643509
Sun, 24 Sep 2017 14:34:39 INFO Get char: 遢
Sun, 24 Sep 2017 14:34:39 INFO Get char: 遣
Sun, 24 Sep 2017 14:34:40 INFO Get char: 遥
Sun, 24 Sep 2017 14:34:41 INFO -- username: 逍遥宫主爱凡凡, id: 3493157013
Sun, 24 Sep 2017 14:34:41 INFO -- username: 逍遥宫主爱凡凡, id: 3493157013
Sun, 24 Sep 2017 14:34:41 INFO Get char: 遨
Sun, 24 Sep 2017 14:34:42 INFO Get char: 遭
Sun, 24 Sep 2017 14:34:43 INFO -- username: 装逼遭金雷劈, id: 2212690024
Sun, 24 Sep 2017 14:34:43 INFO -- username: 装逼遭金雷劈, id: 2212690024
Sun, 24 Sep 2017 14:34:43 INFO Get char: 遮
Sun, 24 Sep 2017 14:34:44 INFO Get char: 遴
Sun, 24 Sep 2017 14:34:45 INFO Get char: 遵
Sun, 24 Sep 2017 14:34:45 INFO Get char: 遹
Sun, 24 Sep 2017 14:34:46 INFO Get char: 遽
Sun, 24 Sep 2017 14:34:46 INFO Get char: 避
Sun, 24 Sep 2017 14:34:47 INFO Get char: 邀
Sun, 24 Sep 2017 14:34:48 INFO Get char: 邂
Sun, 24 Sep 2017 14:34:49 INFO Get char: 邃
Sun, 24 Sep 2017 14:34:49 INFO Get char: 邈
Sun, 24 Sep 2017 14:34:50 INFO Get char: 邋
Sun, 24 Sep 2017 14:34:51 INFO Get char: 邑
Sun, 24 Sep 2017 14:34:51 INFO Get char: 邓
Sun, 24 Sep 2017 14:34:52 INFO Get char: 邕
Sun, 24 Sep 2017 14:34:52 INFO Get char: 邗
Sun, 24 Sep 2017 14:34:53 INFO Get char: 邘
Sun, 24 Sep 2017 14:34:53 INFO Get char: 邙
Sun, 24 Sep 2017 14:34:54 INFO Get char: 邛
Sun, 24 Sep 2017 14:34:54 INFO Get char: 邝
Sun, 24 Sep 2017 14:34:55 INFO -- username: 邝小榕, id: 2566549852
Sun, 24 Sep 2017 14:34:55 INFO -- username: 邝小榕, id: 2566549852
Sun, 24 Sep 2017 14:34:55 INFO Get char: 邠
Sun, 24 Sep 2017 14:34:56 INFO Get char: 邡
Sun, 24 Sep 2017 14:34:57 INFO Get char: 邢
Sun, 24 Sep 2017 14:34:57 INFO Get char: 那
Sun, 24 Sep 2017 14:34:58 INFO -- username: 那只从喀纳斯跑出来的大水怪, id: 1240273315
Sun, 24 Sep 2017 14:34:58 INFO -- username: 那个蓝鲸, id: 5320899821
Sun, 24 Sep 2017 14:34:58 INFO -- username: 那姓-张啥的, id: 3984057438
Sun, 24 Sep 2017 14:34:58 INFO -- username: 天空那朵云05, id: 5627660095
Sun, 24 Sep 2017 14:34:58 INFO -- username: 明明那么幸福, id: 5177101567
Sun, 24 Sep 2017 14:34:58 INFO -- username: 明明那么幸福, id: 5177101567
Sun, 24 Sep 2017 14:34:58 INFO Get char: 邦
Sun, 24 Sep 2017 14:34:59 INFO Get char: 邨
Sun, 24 Sep 2017 14:35:00 INFO Get char: 邪
Sun, 24 Sep 2017 14:35:00 INFO Get char: 邬
Sun, 24 Sep 2017 14:35:01 INFO Get char: 邮
Sun, 24 Sep 2017 14:35:02 INFO Get char: 邯
Sun, 24 Sep 2017 14:35:02 INFO Get char: 邰
Sun, 24 Sep 2017 14:35:03 INFO Get char: 邱
Sun, 24 Sep 2017 14:35:03 INFO Get char: 邲
Sun, 24 Sep 2017 14:35:04 INFO Get char: 邳
Sun, 24 Sep 2017 14:35:04 INFO Get char: 邴
Sun, 24 Sep 2017 14:35:05 INFO Get char: 邵
Sun, 24 Sep 2017 14:35:06 INFO Get char: 邶
Sun, 24 Sep 2017 14:35:06 INFO Get char: 邸
Sun, 24 Sep 2017 14:35:07 INFO Get char: 邹
Sun, 24 Sep 2017 14:35:07 INFO Get char: 邺
Sun, 24 Sep 2017 14:35:08 INFO Get char: 邻
Sun, 24 Sep 2017 14:35:08 INFO Get char: 邽
Sun, 24 Sep 2017 14:35:09 INFO Get char: 邾
Sun, 24 Sep 2017 14:35:10 INFO Get char: 邿
Sun, 24 Sep 2017 14:35:10 INFO Get char: 郁
Sun, 24 Sep 2017 14:35:11 INFO Get char: 郃
Sun, 24 Sep 2017 14:35:12 INFO -- username: 知行合一丨苏瑞, id: 2975997964
Sun, 24 Sep 2017 14:35:12 INFO -- username: 香水百合guang, id: 2909334401
Sun, 24 Sep 2017 14:35:12 INFO -- username: 玫瑰玫瑰我是百合, id: 2502663977
Sun, 24 Sep 2017 14:35:12 INFO -- username: 玫瑰玫瑰我是百合, id: 2502663977
Sun, 24 Sep 2017 14:35:12 INFO Get char: 郄
Sun, 24 Sep 2017 14:35:12 INFO Get char: 郅
Sun, 24 Sep 2017 14:35:13 INFO Get char: 郇
Sun, 24 Sep 2017 14:35:13 INFO Get char: 郈
Sun, 24 Sep 2017 14:35:14 INFO Get char: 郊
Sun, 24 Sep 2017 14:35:14 INFO Get char: 郎
Sun, 24 Sep 2017 14:35:15 INFO Get char: 郏
Sun, 24 Sep 2017 14:35:15 INFO Get char: 郐
Sun, 24 Sep 2017 14:35:16 INFO Get char: 郑
Sun, 24 Sep 2017 14:35:17 INFO -- username: Baixiaoz郑小白, id: 1107546795
Sun, 24 Sep 2017 14:35:17 INFO -- username: Baixiaoz郑小白, id: 1107546795
Sun, 24 Sep 2017 14:35:17 INFO Get char: 郓
Sun, 24 Sep 2017 14:35:18 INFO Get char: 郗
Sun, 24 Sep 2017 14:35:18 INFO Get char: 郚
Sun, 24 Sep 2017 14:35:19 INFO Get char: 郛
Sun, 24 Sep 2017 14:35:20 INFO Get char: 郜
Sun, 24 Sep 2017 14:35:21 INFO Get char: 郝
Sun, 24 Sep 2017 14:35:21 INFO Get char: 郡
Sun, 24 Sep 2017 14:35:22 INFO Get char: 郢
Sun, 24 Sep 2017 14:35:22 INFO Get char: 郤
Sun, 24 Sep 2017 14:35:23 INFO Get char: 郦
Sun, 24 Sep 2017 14:35:23 INFO Get char: 郧
Sun, 24 Sep 2017 14:35:24 INFO Get char: 部
Sun, 24 Sep 2017 14:35:25 INFO -- username: 鑫玺招商部总监丁静, id: 5487347072
Sun, 24 Sep 2017 14:35:25 INFO -- username: 湖南农业大学新媒体中心栏目部, id: 5628341018
Sun, 24 Sep 2017 14:35:25 INFO -- username: 湖南农业大学新媒体中心栏目部, id: 5628341018
Sun, 24 Sep 2017 14:35:25 INFO Get char: 郪
Sun, 24 Sep 2017 14:35:26 INFO Get char: 郫
Sun, 24 Sep 2017 14:35:26 INFO Get char: 郭
Sun, 24 Sep 2017 14:35:26 INFO Get char: 郯
Sun, 24 Sep 2017 14:35:27 INFO Get char: 郴
Sun, 24 Sep 2017 14:35:28 INFO Get char: 郸
Sun, 24 Sep 2017 14:35:28 INFO Get char: 都
Sun, 24 Sep 2017 14:35:29 INFO -- username: 都市马车夫, id: 3291340041
Sun, 24 Sep 2017 14:35:29 INFO -- username: 名字都被注册这, id: 2949254580
Sun, 24 Sep 2017 14:35:29 INFO -- username: 名都被占用我没得叫啦, id: 5124885045
Sun, 24 Sep 2017 14:35:29 INFO -- username: 其实都没有k_, id: 3850502610
Sun, 24 Sep 2017 14:35:29 INFO -- username: -糖果也都吃完了, id: 2023598827
Sun, 24 Sep 2017 14:35:29 INFO -- username: -糖果也都吃完了, id: 2023598827
Sun, 24 Sep 2017 14:35:29 INFO Get char: 郾
Sun, 24 Sep 2017 14:35:30 INFO Get char: 郿
Sun, 24 Sep 2017 14:35:31 INFO Get char: 鄀
Sun, 24 Sep 2017 14:35:31 INFO Get char: 鄂
Sun, 24 Sep 2017 14:35:32 INFO Get char: 鄃
Sun, 24 Sep 2017 14:35:33 INFO Get char: 鄄
Sun, 24 Sep 2017 14:35:33 INFO Get char: 鄅
Sun, 24 Sep 2017 14:35:34 INFO Get char: 鄌
Sun, 24 Sep 2017 14:35:35 INFO Get char: 鄑
Sun, 24 Sep 2017 14:35:37 INFO Get char: 鄗
Sun, 24 Sep 2017 14:35:38 INFO Get char: 鄘
Sun, 24 Sep 2017 14:35:38 INFO Get char: 鄙
Sun, 24 Sep 2017 14:35:39 INFO Get char: 鄚
Sun, 24 Sep 2017 14:35:40 INFO Get char: 鄜
Sun, 24 Sep 2017 14:35:40 INFO Get char: 鄞
Sun, 24 Sep 2017 14:35:41 INFO Get char: 鄠
Sun, 24 Sep 2017 14:35:42 INFO Get char: 鄢
Sun, 24 Sep 2017 14:35:43 INFO Get char: 鄣
Sun, 24 Sep 2017 14:35:43 INFO Get char: 鄫
Sun, 24 Sep 2017 14:35:44 INFO Get char: 鄯
Sun, 24 Sep 2017 14:35:44 INFO Get char: 鄱
Sun, 24 Sep 2017 14:35:45 INFO Get char: 鄹
Sun, 24 Sep 2017 14:35:45 INFO Get char: 酂
Sun, 24 Sep 2017 14:35:46 INFO Get char: 酃
Sun, 24 Sep 2017 14:35:46 INFO Get char: 酅
Sun, 24 Sep 2017 14:35:47 INFO Get char: 酆
Sun, 24 Sep 2017 14:35:47 INFO Get char: 酉
Sun, 24 Sep 2017 14:35:49 INFO -- username: 酉星之, id: 5190564133
Sun, 24 Sep 2017 14:35:49 INFO -- username: 酉星之, id: 5190564133
Sun, 24 Sep 2017 14:35:49 INFO Get char: 酊
Sun, 24 Sep 2017 14:35:50 INFO Get char: 酋
Sun, 24 Sep 2017 14:35:50 INFO Get char: 酌
Sun, 24 Sep 2017 14:35:51 INFO Get char: 配
Sun, 24 Sep 2017 14:35:51 INFO Get char: 酎
Sun, 24 Sep 2017 14:35:52 INFO Get char: 酏
Sun, 24 Sep 2017 14:35:52 INFO Get char: 酐
Sun, 24 Sep 2017 14:35:53 INFO Get char: 酒
Sun, 24 Sep 2017 14:35:55 INFO -- username: 不爱啤酒爱雪碧炸鸡, id: 3625466047
Sun, 24 Sep 2017 14:35:55 INFO -- username: 芥末鸡尾酒, id: 1368320663
Sun, 24 Sep 2017 14:35:55 INFO -- username: 瑞恩妈妈的私藏酒窖, id: 2934607491
Sun, 24 Sep 2017 14:35:55 INFO -- username: 瑞恩妈妈的私藏酒窖, id: 2934607491
Sun, 24 Sep 2017 14:35:55 INFO Get char: 酗
Sun, 24 Sep 2017 14:35:55 INFO Get char: 酚
Sun, 24 Sep 2017 14:35:56 INFO Get char: 酝
Sun, 24 Sep 2017 14:35:57 INFO Get char: 酞
Sun, 24 Sep 2017 14:35:57 INFO Get char: 酡
Sun, 24 Sep 2017 14:35:58 INFO Get char: 酢
Sun, 24 Sep 2017 14:35:58 INFO Get char: 酣
Sun, 24 Sep 2017 14:35:59 INFO Get char: 酤
Sun, 24 Sep 2017 14:35:59 INFO Get char: 酥
Sun, 24 Sep 2017 14:36:00 INFO Get char: 酦
Sun, 24 Sep 2017 14:36:00 INFO Get char: 酩
Sun, 24 Sep 2017 14:36:01 INFO Get char: 酪
Sun, 24 Sep 2017 14:36:01 INFO Get char: 酬
Sun, 24 Sep 2017 14:36:02 INFO Get char: 酮
Sun, 24 Sep 2017 14:36:03 INFO Get char: 酯
Sun, 24 Sep 2017 14:36:03 INFO Get char: 酰
Sun, 24 Sep 2017 14:36:04 INFO Get char: 酱
Sun, 24 Sep 2017 14:36:06 INFO -- username: 果酱cwz, id: 1881734464
Sun, 24 Sep 2017 14:36:06 INFO -- username: 猫酱紫via, id: 5982228440
Sun, 24 Sep 2017 14:36:06 INFO -- username: 阿酱的减肥日记, id: 6032387365
Sun, 24 Sep 2017 14:36:06 INFO -- username: 大大酱牛肉面, id: 6337509979
Sun, 24 Sep 2017 14:36:06 INFO -- username: 橙子柚酱, id: 1844168961
Sun, 24 Sep 2017 14:36:06 INFO -- username: 橙子柚酱, id: 1844168961
Sun, 24 Sep 2017 14:36:06 INFO Get char: 酲
Sun, 24 Sep 2017 14:36:07 INFO Get char: 酴
Sun, 24 Sep 2017 14:36:07 INFO Get char: 酵
Sun, 24 Sep 2017 14:36:08 INFO Get char: 酶
Sun, 24 Sep 2017 14:36:08 INFO Get char: 酷
Sun, 24 Sep 2017 14:36:09 INFO Get char: 酸
Sun, 24 Sep 2017 14:36:11 INFO -- username: 酸菜不太辣, id: 5776345101
Sun, 24 Sep 2017 14:36:11 INFO -- username: 酸奶味志龙-, id: 5747030599
Sun, 24 Sep 2017 14:36:11 INFO -- username: 芒果很甜长得酸, id: 5351754275
Sun, 24 Sep 2017 14:36:11 INFO -- username: 芒果很甜长得酸, id: 5351754275
Sun, 24 Sep 2017 14:36:11 INFO Get char: 酹
Sun, 24 Sep 2017 14:36:11 INFO Get char: 酺
Sun, 24 Sep 2017 14:36:12 INFO Get char: 酽
Sun, 24 Sep 2017 14:36:12 INFO Get char: 酾
Sun, 24 Sep 2017 14:36:13 INFO Get char: 酿
Sun, 24 Sep 2017 14:36:13 INFO Get char: 醅
Sun, 24 Sep 2017 14:36:14 INFO Get char: 醇
Sun, 24 Sep 2017 14:36:15 INFO Get char: 醉
Sun, 24 Sep 2017 14:36:16 INFO -- username: 喝醉了迩背我, id: 2117089995
Sun, 24 Sep 2017 14:36:16 INFO -- username: 喝醉了迩背我, id: 2117089995
Sun, 24 Sep 2017 14:36:16 INFO Get char: 醋
Sun, 24 Sep 2017 14:36:17 INFO Get char: 醌
Sun, 24 Sep 2017 14:36:17 INFO Get char: 醍
Sun, 24 Sep 2017 14:36:18 INFO Get char: 醐
Sun, 24 Sep 2017 14:36:18 INFO Get char: 醑
Sun, 24 Sep 2017 14:36:19 INFO Get char: 醒
Sun, 24 Sep 2017 14:36:21 INFO -- username: 等待苏醒的沉默, id: 3758913673
Sun, 24 Sep 2017 14:36:21 INFO -- username: 等待苏醒的沉默, id: 3758913673
Sun, 24 Sep 2017 14:36:21 INFO Get char: 醚
Sun, 24 Sep 2017 14:36:21 INFO Get char: 醛
Sun, 24 Sep 2017 14:36:22 INFO Get char: 醢
Sun, 24 Sep 2017 14:36:22 INFO Get char: 醨
Sun, 24 Sep 2017 14:36:23 INFO Get char: 醪
Sun, 24 Sep 2017 14:36:24 INFO Get char: 醭
Sun, 24 Sep 2017 14:36:25 INFO Get char: 醮
Sun, 24 Sep 2017 14:36:25 INFO Get char: 醯
Sun, 24 Sep 2017 14:36:26 INFO Get char: 醴
Sun, 24 Sep 2017 14:36:26 INFO Get char: 醵
Sun, 24 Sep 2017 14:36:27 INFO Get char: 醺
Sun, 24 Sep 2017 14:36:27 INFO Get char: 醾
Sun, 24 Sep 2017 14:36:28 INFO Get char: 采
Sun, 24 Sep 2017 14:36:28 INFO Get char: 釉
Sun, 24 Sep 2017 14:36:29 INFO Get char: 释
Sun, 24 Sep 2017 14:36:29 INFO Get char: 里
Sun, 24 Sep 2017 14:36:31 INFO -- username: 睡在泡沫里, id: 2126302342
Sun, 24 Sep 2017 14:36:31 INFO -- username: 睡在泡沫里, id: 2126302342
Sun, 24 Sep 2017 14:36:31 INFO Get char: 重
Sun, 24 Sep 2017 14:36:32 INFO -- username: 重口味肥狒狒, id: 6140433165
Sun, 24 Sep 2017 14:36:32 INFO -- username: 三重推荐, id: 2317817012
Sun, 24 Sep 2017 14:36:32 INFO -- username: 加菲猫之荒岛重生, id: 3046243015
Sun, 24 Sep 2017 14:36:32 INFO -- username: 加菲猫之荒岛重生, id: 3046243015
Sun, 24 Sep 2017 14:36:32 INFO Get char: 野
Sun, 24 Sep 2017 14:36:33 INFO -- username: 月野兔打dota, id: 5750236203
Sun, 24 Sep 2017 14:36:33 INFO -- username: 月野兔兔兔Two, id: 1913339672
Sun, 24 Sep 2017 14:36:33 INFO -- username: 月野兔兔兔Two, id: 1913339672
Sun, 24 Sep 2017 14:36:33 INFO Get char: 量
Sun, 24 Sep 2017 14:36:34 INFO Get char: 釐
Sun, 24 Sep 2017 14:36:34 INFO Get char: 金
Sun, 24 Sep 2017 14:36:36 INFO -- username: 大连金石滩洛可可假日公寓, id: 6021540485
Sun, 24 Sep 2017 14:36:36 INFO -- username: 装逼遭金雷劈, id: 2212690024
Sun, 24 Sep 2017 14:36:36 INFO -- username: 千金是吃货, id: 2920653545
Sun, 24 Sep 2017 14:36:36 INFO -- username: 小金鱼小公举, id: 1784804592
Sun, 24 Sep 2017 14:36:36 INFO -- username: 九金金金金金, id: 2530787427
Sun, 24 Sep 2017 14:36:36 INFO -- username: 莲妹千金, id: 6004977548
Sun, 24 Sep 2017 14:36:36 INFO -- username: 左手小金牙, id: 1770112717
Sun, 24 Sep 2017 14:36:36 INFO -- username: NaNa小金鱼, id: 5105526559
Sun, 24 Sep 2017 14:36:36 INFO -- username: NaNa小金鱼, id: 5105526559
Sun, 24 Sep 2017 14:36:36 INFO Get char: 釜
Sun, 24 Sep 2017 14:36:36 INFO Get char: 鉴
Sun, 24 Sep 2017 14:36:37 INFO Get char: 銎
Sun, 24 Sep 2017 14:36:37 INFO Get char: 銮
Sun, 24 Sep 2017 14:36:38 INFO Get char: 鋆
Sun, 24 Sep 2017 14:36:39 INFO Get char: 鋈
Sun, 24 Sep 2017 14:36:39 INFO Get char: 錾
Sun, 24 Sep 2017 14:36:39 INFO Get char: 鍪
Sun, 24 Sep 2017 14:36:41 INFO Get char: 鎏
Sun, 24 Sep 2017 14:36:42 INFO Get char: 鏊
Sun, 24 Sep 2017 14:36:42 INFO Get char: 鏖
Sun, 24 Sep 2017 14:36:43 INFO Get char: 鐾
Sun, 24 Sep 2017 14:36:44 INFO Get char: 鑫
Sun, 24 Sep 2017 14:36:45 INFO -- username: 鑫玺招商部总监丁静, id: 5487347072
Sun, 24 Sep 2017 14:36:45 INFO -- username: 徕鑫传媒, id: 5328431945
Sun, 24 Sep 2017 14:36:45 INFO -- username: 东北大汉董鑫, id: 3956927732
Sun, 24 Sep 2017 14:36:45 INFO -- username: 东北大汉董鑫, id: 3956927732
Sun, 24 Sep 2017 14:36:45 INFO Get char: 钆
Sun, 24 Sep 2017 14:36:45 INFO Get char: 钇
Sun, 24 Sep 2017 14:36:46 INFO Get char: 针
Sun, 24 Sep 2017 14:36:46 INFO Get char: 钉
Sun, 24 Sep 2017 14:36:47 INFO Get char: 钊
Sun, 24 Sep 2017 14:36:47 INFO Get char: 钋
Sun, 24 Sep 2017 14:36:48 INFO Get char: 钌
Sun, 24 Sep 2017 14:36:48 INFO Get char: 钍
Sun, 24 Sep 2017 14:36:49 INFO Get char: 钎
Sun, 24 Sep 2017 14:36:50 INFO Get char: 钏
Sun, 24 Sep 2017 14:36:50 INFO Get char: 钐
Sun, 24 Sep 2017 14:36:51 INFO Get char: 钒
Sun, 24 Sep 2017 14:36:51 INFO Get char: 钓
Sun, 24 Sep 2017 14:36:52 INFO Get char: 钔
Sun, 24 Sep 2017 14:36:52 INFO Get char: 钕
Sun, 24 Sep 2017 14:36:53 INFO Get char: 钖
Sun, 24 Sep 2017 14:36:53 INFO Get char: 钗
Sun, 24 Sep 2017 14:36:54 INFO Get char: 钘
Sun, 24 Sep 2017 14:36:55 INFO Get char: 钙
Sun, 24 Sep 2017 14:36:57 INFO -- username: M钙奶王, id: 2771653102
Sun, 24 Sep 2017 14:36:57 INFO -- username: M钙奶王, id: 2771653102
Sun, 24 Sep 2017 14:36:57 INFO Get char: 钚
Sun, 24 Sep 2017 14:36:57 INFO Get char: 钛
Sun, 24 Sep 2017 14:36:58 INFO Get char: 钜
Sun, 24 Sep 2017 14:36:58 INFO Get char: 钝
Sun, 24 Sep 2017 14:36:59 INFO Get char: 钞
Sun, 24 Sep 2017 14:37:00 INFO Get char: 钟
Sun, 24 Sep 2017 14:37:00 INFO Get char: 钠
Sun, 24 Sep 2017 14:37:01 INFO Get char: 钡
Sun, 24 Sep 2017 14:37:01 INFO Get char: 钢
Sun, 24 Sep 2017 14:37:03 INFO Get char: 钣
Sun, 24 Sep 2017 14:37:03 INFO Get char: 钤
Sun, 24 Sep 2017 14:37:04 INFO Get char: 钥
Sun, 24 Sep 2017 14:37:04 INFO Get char: 钦
Sun, 24 Sep 2017 14:37:05 INFO Get char: 钧
Sun, 24 Sep 2017 14:37:06 INFO Get char: 钨
Sun, 24 Sep 2017 14:37:06 INFO Get char: 钩
Sun, 24 Sep 2017 14:37:07 INFO Get char: 钪
Sun, 24 Sep 2017 14:37:07 INFO Get char: 钫
Sun, 24 Sep 2017 14:37:08 INFO Get char: 钬
Sun, 24 Sep 2017 14:37:08 INFO Get char: 钭
Sun, 24 Sep 2017 14:37:09 INFO Get char: 钮
Sun, 24 Sep 2017 14:37:10 INFO Get char: 钯
Sun, 24 Sep 2017 14:37:10 INFO Get char: 钰
Sun, 24 Sep 2017 14:37:12 INFO -- username: 严钰非常可爱, id: 5824468033
Sun, 24 Sep 2017 14:37:12 INFO -- username: 严钰非常可爱, id: 5824468033
Sun, 24 Sep 2017 14:37:12 INFO Get char: 钱
Sun, 24 Sep 2017 14:37:14 INFO Get char: 钲
Sun, 24 Sep 2017 14:37:15 INFO Get char: 钳
Sun, 24 Sep 2017 14:37:16 INFO Get char: 钴
Sun, 24 Sep 2017 14:37:16 INFO Get char: 钵
Sun, 24 Sep 2017 14:37:17 INFO Get char: 钷
Sun, 24 Sep 2017 14:37:18 INFO Get char: 钹
Sun, 24 Sep 2017 14:37:19 INFO Get char: 钺
Sun, 24 Sep 2017 14:37:19 INFO Get char: 钻
Sun, 24 Sep 2017 14:37:20 INFO Get char: 钼
Sun, 24 Sep 2017 14:37:20 INFO Get char: 钽
Sun, 24 Sep 2017 14:37:21 INFO Get char: 钾
Sun, 24 Sep 2017 14:37:22 INFO Get char: 钿
Sun, 24 Sep 2017 14:37:22 INFO Get char: 铀
Sun, 24 Sep 2017 14:37:23 INFO Get char: 铁
Sun, 24 Sep 2017 14:37:24 INFO -- username: 黑铁时代的绿毛水怪, id: 1756734277
Sun, 24 Sep 2017 14:37:24 INFO -- username: 黑铁时代的绿毛水怪, id: 1756734277
Sun, 24 Sep 2017 14:37:24 INFO Get char: 铂
Sun, 24 Sep 2017 14:37:25 INFO Get char: 铃
Sun, 24 Sep 2017 14:37:25 INFO Get char: 铄
Sun, 24 Sep 2017 14:37:26 INFO Get char: 铅
Sun, 24 Sep 2017 14:37:26 INFO Get char: 铆
Sun, 24 Sep 2017 14:37:27 INFO Get char: 铈
Sun, 24 Sep 2017 14:37:28 INFO Get char: 铉
Sun, 24 Sep 2017 14:37:30 INFO Get char: 铊
Sun, 24 Sep 2017 14:37:30 INFO Get char: 铋
Sun, 24 Sep 2017 14:37:31 INFO Get char: 铌
Sun, 24 Sep 2017 14:37:32 INFO Get char: 铍
Sun, 24 Sep 2017 14:37:33 INFO Get char: 铎
Sun, 24 Sep 2017 14:37:34 INFO Get char: 铏
Sun, 24 Sep 2017 14:37:35 INFO Get char: 铐
Sun, 24 Sep 2017 14:37:35 INFO Get char: 铑
Sun, 24 Sep 2017 14:37:36 INFO Get char: 铒
Sun, 24 Sep 2017 14:37:37 INFO Get char: 铕
Sun, 24 Sep 2017 14:37:38 INFO Get char: 铖
Sun, 24 Sep 2017 14:37:39 INFO Get char: 铗
Sun, 24 Sep 2017 14:37:39 INFO Get char: 铘
Sun, 24 Sep 2017 14:37:41 INFO Get char: 铙
Sun, 24 Sep 2017 14:37:41 INFO Get char: 铚
Sun, 24 Sep 2017 14:37:42 INFO Get char: 铛
Sun, 24 Sep 2017 14:37:43 INFO Get char: 铜
Sun, 24 Sep 2017 14:37:44 INFO Get char: 铝
Sun, 24 Sep 2017 14:37:45 INFO Get char: 铞
Sun, 24 Sep 2017 14:37:46 INFO Get char: 铟
Sun, 24 Sep 2017 14:37:46 INFO Get char: 铠
Sun, 24 Sep 2017 14:37:47 INFO Get char: 铡
Sun, 24 Sep 2017 14:37:49 INFO Get char: 铢
Sun, 24 Sep 2017 14:37:51 INFO Get char: 铣
Sun, 24 Sep 2017 14:37:52 INFO Get char: 铤
Sun, 24 Sep 2017 14:37:52 INFO Get char: 铥
Sun, 24 Sep 2017 14:37:53 INFO Get char: 铧
Sun, 24 Sep 2017 14:37:54 INFO Get char: 铨
Sun, 24 Sep 2017 14:37:56 INFO Get char: 铩
Sun, 24 Sep 2017 14:37:57 INFO Get char: 铪
Sun, 24 Sep 2017 14:37:57 INFO Get char: 铫
Sun, 24 Sep 2017 14:37:59 INFO Get char: 铬
Sun, 24 Sep 2017 14:38:00 INFO Get char: 铭
Sun, 24 Sep 2017 14:38:01 INFO -- username: 铭阳星空, id: 1312790773
Sun, 24 Sep 2017 14:38:01 INFO -- username: 铭阳星空, id: 1312790773
Sun, 24 Sep 2017 14:38:01 INFO Get char: 铮
Sun, 24 Sep 2017 14:38:02 INFO Get char: 铯
Sun, 24 Sep 2017 14:38:03 INFO Get char: 铰
Sun, 24 Sep 2017 14:38:05 INFO Get char: 铱
Sun, 24 Sep 2017 14:38:06 INFO Get char: 铲
Sun, 24 Sep 2017 14:38:07 INFO Get char: 铳
Sun, 24 Sep 2017 14:38:07 INFO Get char: 铴
Sun, 24 Sep 2017 14:38:08 INFO Get char: 铵
Sun, 24 Sep 2017 14:38:09 INFO Get char: 银
Sun, 24 Sep 2017 14:38:10 INFO -- username: 乐银花, id: 5292801557
Sun, 24 Sep 2017 14:38:10 INFO -- username: 乐银花, id: 5292801557
Sun, 24 Sep 2017 14:38:10 INFO Get char: 铷
Sun, 24 Sep 2017 14:38:11 INFO Get char: 铸
Sun, 24 Sep 2017 14:38:12 INFO Get char: 铹
Sun, 24 Sep 2017 14:38:13 INFO Get char: 铺
Sun, 24 Sep 2017 14:38:16 INFO Get char: 铻
Sun, 24 Sep 2017 14:38:17 INFO Get char: 铼
Sun, 24 Sep 2017 14:38:18 INFO Get char: 铽
Sun, 24 Sep 2017 14:38:18 INFO Get char: 链
Sun, 24 Sep 2017 14:38:20 INFO Get char: 铿
Sun, 24 Sep 2017 14:38:21 INFO Get char: 销
Sun, 24 Sep 2017 14:38:22 INFO Get char: 锁
Sun, 24 Sep 2017 14:38:23 INFO -- username: 我担心动物园开连锁店, id: 6003922155
Sun, 24 Sep 2017 14:38:23 INFO -- username: 我担心动物园开连锁店, id: 6003922155
Sun, 24 Sep 2017 14:38:23 INFO Get char: 锂
Sun, 24 Sep 2017 14:38:24 INFO Get char: 锃
Sun, 24 Sep 2017 14:38:25 INFO Get char: 锄
Sun, 24 Sep 2017 14:38:25 INFO Get char: 锅
Sun, 24 Sep 2017 14:38:26 INFO Get char: 锆
Sun, 24 Sep 2017 14:38:27 INFO Get char: 锇
Sun, 24 Sep 2017 14:38:27 INFO Get char: 锈
Sun, 24 Sep 2017 14:38:28 INFO Get char: 锉
Sun, 24 Sep 2017 14:38:28 INFO Get char: 锊
Sun, 24 Sep 2017 14:38:30 INFO Get char: 锋
Sun, 24 Sep 2017 14:38:30 INFO Get char: 锌
Sun, 24 Sep 2017 14:38:31 INFO Get char: 锍
Sun, 24 Sep 2017 14:38:32 INFO Get char: 锎
Sun, 24 Sep 2017 14:38:33 INFO Get char: 锏
Sun, 24 Sep 2017 14:38:34 INFO Get char: 锐
Sun, 24 Sep 2017 14:38:34 INFO Get char: 锑
Sun, 24 Sep 2017 14:38:35 INFO Get char: 锒
Sun, 24 Sep 2017 14:38:36 INFO Get char: 锓
Sun, 24 Sep 2017 14:38:36 INFO Get char: 锔
Sun, 24 Sep 2017 14:38:37 INFO Get char: 锕
Sun, 24 Sep 2017 14:38:38 INFO Get char: 锖
Sun, 24 Sep 2017 14:38:39 INFO Get char: 锗
Sun, 24 Sep 2017 14:38:40 INFO Get char: 锘
Sun, 24 Sep 2017 14:38:40 INFO Get char: 错
Sun, 24 Sep 2017 14:38:41 INFO Get char: 锚
Sun, 24 Sep 2017 14:38:42 INFO Get char: 锛
Sun, 24 Sep 2017 14:38:42 INFO Get char: 锜
Sun, 24 Sep 2017 14:38:43 INFO Get char: 锝
Sun, 24 Sep 2017 14:38:43 INFO Get char: 锞
Sun, 24 Sep 2017 14:38:44 INFO Get char: 锟
Sun, 24 Sep 2017 14:38:45 INFO Get char: 锡
Sun, 24 Sep 2017 14:38:46 INFO Get char: 锢
Sun, 24 Sep 2017 14:38:46 INFO Get char: 锣
Sun, 24 Sep 2017 14:38:47 INFO Get char: 锤
Sun, 24 Sep 2017 14:38:48 INFO Get char: 锥
Sun, 24 Sep 2017 14:38:49 INFO Get char: 锦
Sun, 24 Sep 2017 14:38:49 INFO Get char: 锧
Sun, 24 Sep 2017 14:38:51 INFO Get char: 锨
Sun, 24 Sep 2017 14:38:51 INFO Get char: 锩
Sun, 24 Sep 2017 14:38:52 INFO Get char: 锪
Sun, 24 Sep 2017 14:38:53 INFO Get char: 锫
Sun, 24 Sep 2017 14:38:54 INFO Get char: 锬
Sun, 24 Sep 2017 14:38:54 INFO Get char: 锭
Sun, 24 Sep 2017 14:38:55 INFO Get char: 键
Sun, 24 Sep 2017 14:38:56 INFO Get char: 锯
Sun, 24 Sep 2017 14:38:56 INFO Get char: 锰
Sun, 24 Sep 2017 14:38:57 INFO Get char: 锱
Sun, 24 Sep 2017 14:38:58 INFO Get char: 锲
Sun, 24 Sep 2017 14:38:59 INFO Get char: 锳
Sun, 24 Sep 2017 14:39:00 INFO Get char: 锴
Sun, 24 Sep 2017 14:39:00 INFO Get char: 锵
Sun, 24 Sep 2017 14:39:01 INFO Get char: 锶
Sun, 24 Sep 2017 14:39:03 INFO Get char: 锷
Sun, 24 Sep 2017 14:39:03 INFO Get char: 锸
Sun, 24 Sep 2017 14:39:04 INFO Get char: 锹
Sun, 24 Sep 2017 14:39:05 INFO Get char: 锺
Sun, 24 Sep 2017 14:39:06 INFO Get char: 锻
Sun, 24 Sep 2017 14:39:07 INFO Get char: 锼
Sun, 24 Sep 2017 14:39:08 INFO Get char: 锽
Sun, 24 Sep 2017 14:39:09 INFO Get char: 锾
Sun, 24 Sep 2017 14:39:09 INFO Get char: 锿
Sun, 24 Sep 2017 14:39:10 INFO Get char: 镀
Sun, 24 Sep 2017 14:39:11 INFO Get char: 镁
Sun, 24 Sep 2017 14:39:11 INFO Get char: 镂
Sun, 24 Sep 2017 14:39:12 INFO Get char: 镃
Sun, 24 Sep 2017 14:39:13 INFO Get char: 镄
Sun, 24 Sep 2017 14:39:14 INFO Get char: 镅
Sun, 24 Sep 2017 14:39:15 INFO Get char: 镆
Sun, 24 Sep 2017 14:39:15 INFO Get char: 镇
Sun, 24 Sep 2017 14:39:16 INFO Get char: 镈
Sun, 24 Sep 2017 14:39:17 INFO Get char: 镉
Sun, 24 Sep 2017 14:39:17 INFO Get char: 镊
Sun, 24 Sep 2017 14:39:18 INFO Get char: 镋
Sun, 24 Sep 2017 14:39:19 INFO Get char: 镌
Sun, 24 Sep 2017 14:39:20 INFO Get char: 镍
Sun, 24 Sep 2017 14:39:20 INFO Get char: 镎
Sun, 24 Sep 2017 14:39:22 INFO Get char: 镏
Sun, 24 Sep 2017 14:39:22 INFO Get char: 镐
Sun, 24 Sep 2017 14:39:23 INFO Get char: 镑
Sun, 24 Sep 2017 14:39:24 INFO Get char: 镒
Sun, 24 Sep 2017 14:39:25 INFO Get char: 镓
Sun, 24 Sep 2017 14:39:26 INFO Get char: 镔
Sun, 24 Sep 2017 14:39:27 INFO Get char: 镕
Sun, 24 Sep 2017 14:39:27 INFO Get char: 镖
Sun, 24 Sep 2017 14:39:28 INFO Get char: 镗
Sun, 24 Sep 2017 14:39:29 INFO Get char: 镘
Sun, 24 Sep 2017 14:39:29 INFO Get char: 镚
Sun, 24 Sep 2017 14:39:30 INFO Get char: 镛
Sun, 24 Sep 2017 14:39:31 INFO Get char: 镜
Sun, 24 Sep 2017 14:39:32 INFO Get char: 镝
Sun, 24 Sep 2017 14:39:33 INFO Get char: 镞
Sun, 24 Sep 2017 14:39:33 INFO Get char: 镠
Sun, 24 Sep 2017 14:39:34 INFO Get char: 镡
Sun, 24 Sep 2017 14:39:35 INFO Get char: 镢
Sun, 24 Sep 2017 14:39:36 INFO Get char: 镣
Sun, 24 Sep 2017 14:39:36 INFO Get char: 镤
Sun, 24 Sep 2017 14:39:38 INFO Get char: 镥
Sun, 24 Sep 2017 14:39:38 INFO Get char: 镦
Sun, 24 Sep 2017 14:39:39 INFO Get char: 镧
Sun, 24 Sep 2017 14:39:40 INFO Get char: 镨
Sun, 24 Sep 2017 14:39:41 INFO Get char: 镩
Sun, 24 Sep 2017 14:39:41 INFO Get char: 镪
Sun, 24 Sep 2017 14:39:42 INFO Get char: 镫
Sun, 24 Sep 2017 14:39:43 INFO Get char: 镬
Sun, 24 Sep 2017 14:39:44 INFO Get char: 镭
Sun, 24 Sep 2017 14:39:44 INFO Get char: 镮
Sun, 24 Sep 2017 14:39:45 INFO Get char: 镯
Sun, 24 Sep 2017 14:39:46 INFO Get char: 镰
Sun, 24 Sep 2017 14:39:46 INFO Get char: 镱
Sun, 24 Sep 2017 14:39:47 INFO Get char: 镲
Sun, 24 Sep 2017 14:39:47 INFO Get char: 镳
Sun, 24 Sep 2017 14:39:48 INFO Get char: 镴
Sun, 24 Sep 2017 14:39:50 INFO Get char: 镵
Sun, 24 Sep 2017 14:39:51 INFO Get char: 镶
Sun, 24 Sep 2017 14:39:51 INFO Get char: 长
Sun, 24 Sep 2017 14:39:53 INFO -- username: 长鼻子大灰, id: 1898852607
Sun, 24 Sep 2017 14:39:53 INFO -- username: 芒果很甜长得酸, id: 5351754275
Sun, 24 Sep 2017 14:39:53 INFO -- username: 小陈子的成长日记, id: 1609100545
Sun, 24 Sep 2017 14:39:53 INFO -- username: 小陈子的成长日记, id: 1609100545
Sun, 24 Sep 2017 14:39:53 INFO Get char: 门
Sun, 24 Sep 2017 14:39:54 INFO -- username: 搞设计的门门, id: 5736411527
Sun, 24 Sep 2017 14:39:54 INFO -- username: 搞设计的门门, id: 5736411527
Sun, 24 Sep 2017 14:39:54 INFO Get char: 闩
Sun, 24 Sep 2017 14:39:55 INFO Get char: 闪
Sun, 24 Sep 2017 14:39:56 INFO Get char: 闫
Sun, 24 Sep 2017 14:39:57 INFO -- username: 闫味儿, id: 1925482151
Sun, 24 Sep 2017 14:39:57 INFO -- username: 闫味儿, id: 1925482151
Sun, 24 Sep 2017 14:39:57 INFO Get char: 闭
Sun, 24 Sep 2017 14:39:58 INFO Get char: 问
Sun, 24 Sep 2017 14:39:58 INFO Get char: 闯
Sun, 24 Sep 2017 14:39:59 INFO Get char: 闰
Sun, 24 Sep 2017 14:39:59 INFO Get char: 闱
Sun, 24 Sep 2017 14:40:00 INFO Get char: 闲
Sun, 24 Sep 2017 14:40:02 INFO -- username: o等闲变却故人心, id: 5299236224
Sun, 24 Sep 2017 14:40:02 INFO -- username: o等闲变却故人心, id: 5299236224
Sun, 24 Sep 2017 14:40:02 INFO Get char: 闳
Sun, 24 Sep 2017 14:40:02 INFO Get char: 间
Sun, 24 Sep 2017 14:40:04 INFO -- username: 创恋空间--caitin, id: 2313702500
Sun, 24 Sep 2017 14:40:04 INFO -- username: 创恋空间--caitin, id: 2313702500
Sun, 24 Sep 2017 14:40:04 INFO Get char: 闵
Sun, 24 Sep 2017 14:40:05 INFO Get char: 闶
Sun, 24 Sep 2017 14:40:06 INFO Get char: 闷
Sun, 24 Sep 2017 14:40:06 INFO Get char: 闸
Sun, 24 Sep 2017 14:40:07 INFO Get char: 闹
Sun, 24 Sep 2017 14:40:08 INFO -- username: 喧闹_90758, id: 3288023832
Sun, 24 Sep 2017 14:40:08 INFO -- username: i玩i闹, id: 1082466467
Sun, 24 Sep 2017 14:40:08 INFO -- username: i玩i闹, id: 1082466467
Sun, 24 Sep 2017 14:40:08 INFO Get char: 闺
Sun, 24 Sep 2017 14:40:10 INFO -- username: 我闺蜜今年84啦, id: 3188566013
Sun, 24 Sep 2017 14:40:10 INFO -- username: 我闺蜜今年84啦, id: 3188566013
Sun, 24 Sep 2017 14:40:10 INFO Get char: 闻
Sun, 24 Sep 2017 14:40:11 INFO Get char: 闼
Sun, 24 Sep 2017 14:40:12 INFO Get char: 闽
Sun, 24 Sep 2017 14:40:13 INFO Get char: 闾
Sun, 24 Sep 2017 14:40:13 INFO Get char: 闿
Sun, 24 Sep 2017 14:40:14 INFO Get char: 阀
Sun, 24 Sep 2017 14:40:15 INFO Get char: 阁
Sun, 24 Sep 2017 14:40:16 INFO Get char: 阂
Sun, 24 Sep 2017 14:40:17 INFO Get char: 阃
Sun, 24 Sep 2017 14:40:17 INFO Get char: 阄
Sun, 24 Sep 2017 14:40:18 INFO Get char: 阅
Sun, 24 Sep 2017 14:40:18 INFO Get char: 阆
Sun, 24 Sep 2017 14:40:19 INFO Get char: 阇
Sun, 24 Sep 2017 14:40:20 INFO Get char: 阈
Sun, 24 Sep 2017 14:40:20 INFO Get char: 阉
Sun, 24 Sep 2017 14:40:21 INFO Get char: 阊
Sun, 24 Sep 2017 14:40:23 INFO Get char: 阋
Sun, 24 Sep 2017 14:40:23 INFO Get char: 阌
Sun, 24 Sep 2017 14:40:24 INFO Get char: 阍
Sun, 24 Sep 2017 14:40:25 INFO Get char: 阎
Sun, 24 Sep 2017 14:40:26 INFO Get char: 阏
Sun, 24 Sep 2017 14:40:26 INFO Get char: 阐
Sun, 24 Sep 2017 14:40:27 INFO Get char: 阑
Sun, 24 Sep 2017 14:40:28 INFO Get char: 阒
Sun, 24 Sep 2017 14:40:29 INFO Get char: 阔
Sun, 24 Sep 2017 14:40:30 INFO Get char: 阕
Sun, 24 Sep 2017 14:40:30 INFO Get char: 阖
Sun, 24 Sep 2017 14:40:31 INFO Get char: 阗
Sun, 24 Sep 2017 14:40:32 INFO Get char: 阘
Sun, 24 Sep 2017 14:40:33 INFO Get char: 阙
Sun, 24 Sep 2017 14:40:34 INFO Get char: 阚
Sun, 24 Sep 2017 14:40:35 INFO Get char: 阜
Sun, 24 Sep 2017 14:40:35 INFO Get char: 队
Sun, 24 Sep 2017 14:40:36 INFO Get char: 阡
Sun, 24 Sep 2017 14:40:37 INFO Get char: 阪
Sun, 24 Sep 2017 14:40:38 INFO Get char: 阮
Sun, 24 Sep 2017 14:40:39 INFO Get char: 阱
Sun, 24 Sep 2017 14:40:39 INFO Get char: 防
Sun, 24 Sep 2017 14:40:40 INFO Get char: 阳
Sun, 24 Sep 2017 14:40:42 INFO -- username: 铭阳星空, id: 1312790773
Sun, 24 Sep 2017 14:40:42 INFO -- username: 太阳-Su, id: 5651152080
Sun, 24 Sep 2017 14:40:42 INFO -- username: 欧阳凯任, id: 5264998507
Sun, 24 Sep 2017 14:40:42 INFO -- username: 太阳3134254570, id: 3134254570
Sun, 24 Sep 2017 14:40:42 INFO -- username: 杨羊阳77, id: 2418013775
Sun, 24 Sep 2017 14:40:42 INFO -- username: 一个蜗阿牛李阳, id: 3624755112
Sun, 24 Sep 2017 14:40:42 INFO -- username: 努力的-小小的太阳, id: 2463656535
Sun, 24 Sep 2017 14:40:42 INFO -- username: 努力的-小小的太阳, id: 2463656535
Sun, 24 Sep 2017 14:40:42 INFO Get char: 阴
Sun, 24 Sep 2017 14:40:43 INFO Get char: 阵
Sun, 24 Sep 2017 14:40:43 INFO Get char: 阶
Sun, 24 Sep 2017 14:40:44 INFO Get char: 阻
Sun, 24 Sep 2017 14:40:45 INFO Get char: 阼
Sun, 24 Sep 2017 14:40:45 INFO Get char: 阽
Sun, 24 Sep 2017 14:40:46 INFO Get char: 阿
Sun, 24 Sep 2017 14:40:47 INFO -- username: 一个蜗阿牛李阳, id: 3624755112
Sun, 24 Sep 2017 14:40:47 INFO -- username: 阿U-i, id: 5671419868
Sun, 24 Sep 2017 14:40:47 INFO -- username: 阿雷ss, id: 5174018190
Sun, 24 Sep 2017 14:40:47 INFO -- username: 阿三小卷卷, id: 1784856103
Sun, 24 Sep 2017 14:40:47 INFO -- username: 阿清要坚强, id: 6193150984
Sun, 24 Sep 2017 14:40:47 INFO -- username: 阿酱的减肥日记, id: 6032387365
Sun, 24 Sep 2017 14:40:47 INFO -- username: 阿狸雪梨kobe24, id: 5980250425
Sun, 24 Sep 2017 14:40:47 INFO -- username: 阿秋阿秋打了个喷嚏, id: 3174357323
Sun, 24 Sep 2017 14:40:47 INFO -- username: 程阿楽, id: 5344848411
Sun, 24 Sep 2017 14:40:47 INFO -- username: 宅阿五, id: 5867479394
Sun, 24 Sep 2017 14:40:47 INFO -- username: 木阿木_, id: 1943570162
Sun, 24 Sep 2017 14:40:47 INFO -- username: Judy任阿娇, id: 1785392914
Sun, 24 Sep 2017 14:40:47 INFO -- username: 三十好几的阿男, id: 3182967211
Sun, 24 Sep 2017 14:40:47 INFO -- username: Garden阿逗, id: 1916762291
Sun, 24 Sep 2017 14:40:47 INFO -- username: Garden阿逗, id: 1916762291
Sun, 24 Sep 2017 14:40:47 INFO Get char: 陀
Sun, 24 Sep 2017 14:40:48 INFO Get char: 陂
Sun, 24 Sep 2017 14:40:49 INFO Get char: 附
Sun, 24 Sep 2017 14:40:50 INFO Get char: 际
Sun, 24 Sep 2017 14:40:51 INFO -- username: 边际风, id: 5463152587
Sun, 24 Sep 2017 14:40:51 INFO -- username: 边际风, id: 5463152587
Sun, 24 Sep 2017 14:40:51 INFO Get char: 陆
Sun, 24 Sep 2017 14:40:52 INFO Get char: 陇
Sun, 24 Sep 2017 14:40:53 INFO Get char: 陈
Sun, 24 Sep 2017 14:40:56 INFO -- username: 小陈子的成长日记, id: 1609100545
Sun, 24 Sep 2017 14:40:56 INFO -- username: 陈慕亦恩, id: 6334199023
Sun, 24 Sep 2017 14:40:56 INFO -- username: 陈浩V2016, id: 5905882110
Sun, 24 Sep 2017 14:40:56 INFO -- username: _陳小氣, id: 1868227622
Sun, 24 Sep 2017 14:40:56 INFO -- username: 他们叫我陈先生200, id: 6053314477
Sun, 24 Sep 2017 14:40:56 INFO -- username: 你找找找不到的陈涛涛, id: 3844954377
Sun, 24 Sep 2017 14:40:56 INFO -- username: 陈士华001, id: 1893098347
Sun, 24 Sep 2017 14:40:56 INFO -- username: 你找找找不到的陈涛涛, id: 3844954377
Sun, 24 Sep 2017 14:40:56 INFO -- username: 你找找找不到的陈涛涛, id: 3844954377
Sun, 24 Sep 2017 14:40:56 INFO Get char: 陉
Sun, 24 Sep 2017 14:40:56 INFO Get char: 陋
Sun, 24 Sep 2017 14:40:58 INFO Get char: 陌
Sun, 24 Sep 2017 14:40:59 INFO -- username: 陌路离殇的故事, id: 5422272901
Sun, 24 Sep 2017 14:40:59 INFO -- username: 陌路离殇的故事, id: 5422272901
Sun, 24 Sep 2017 14:40:59 INFO Get char: 降
Sun, 24 Sep 2017 14:41:00 INFO Get char: 陎
Sun, 24 Sep 2017 14:41:01 INFO Get char: 限
Sun, 24 Sep 2017 14:41:01 INFO Get char: 陑
Sun, 24 Sep 2017 14:41:02 INFO Get char: 陔
Sun, 24 Sep 2017 14:41:03 INFO Get char: 陕
Sun, 24 Sep 2017 14:41:03 INFO Get char: 陛
Sun, 24 Sep 2017 14:41:04 INFO Get char: 陞
Sun, 24 Sep 2017 14:41:06 INFO -- username: 海外升学指导, id: 1841440065
Sun, 24 Sep 2017 14:41:06 INFO -- username: 海外升学指导, id: 1841440065
Sun, 24 Sep 2017 14:41:06 INFO Get char: 陟
Sun, 24 Sep 2017 14:41:07 INFO Get char: 陡
Sun, 24 Sep 2017 14:41:07 INFO Get char: 院
Sun, 24 Sep 2017 14:41:09 INFO -- username: 你们的医院, id: 5393280180
Sun, 24 Sep 2017 14:41:09 INFO -- username: 你们的医院, id: 5393280180
Sun, 24 Sep 2017 14:41:09 INFO Get char: 除
Sun, 24 Sep 2017 14:41:10 INFO Get char: 陧
Sun, 24 Sep 2017 14:41:11 INFO Get char: 陨
Sun, 24 Sep 2017 14:41:12 INFO Get char: 险
Sun, 24 Sep 2017 14:41:14 INFO Get char: 陪
Sun, 24 Sep 2017 14:41:14 INFO Get char: 陬
Sun, 24 Sep 2017 14:41:15 INFO Get char: 陲
Sun, 24 Sep 2017 14:41:16 INFO Get char: 陴
Sun, 24 Sep 2017 14:41:17 INFO Get char: 陵
Sun, 24 Sep 2017 14:41:17 INFO Get char: 陶
Sun, 24 Sep 2017 14:41:18 INFO Get char: 陷
Sun, 24 Sep 2017 14:41:19 INFO Get char: 隃
Sun, 24 Sep 2017 14:41:20 INFO Get char: 隅
Sun, 24 Sep 2017 14:41:20 INFO Get char: 隆
Sun, 24 Sep 2017 14:41:21 INFO Get char: 隈
Sun, 24 Sep 2017 14:41:22 INFO Get char: 隋
Sun, 24 Sep 2017 14:41:22 INFO Get char: 隍
Sun, 24 Sep 2017 14:41:23 INFO Get char: 随
Sun, 24 Sep 2017 14:41:24 INFO -- username: 如颕随行75217, id: 6238456908
Sun, 24 Sep 2017 14:41:24 INFO -- username: 如颕随行75217, id: 6238456908
Sun, 24 Sep 2017 14:41:24 INFO Get char: 隐
Sun, 24 Sep 2017 14:41:25 INFO Get char: 隔
Sun, 24 Sep 2017 14:41:26 INFO Get char: 隗
Sun, 24 Sep 2017 14:41:27 INFO Get char: 隘
Sun, 24 Sep 2017 14:41:28 INFO Get char: 隙
Sun, 24 Sep 2017 14:41:29 INFO Get char: 障
Sun, 24 Sep 2017 14:41:29 INFO Get char: 隧
Sun, 24 Sep 2017 14:41:30 INFO Get char: 隩
Sun, 24 Sep 2017 14:41:30 INFO Get char: 隰
Sun, 24 Sep 2017 14:41:31 INFO Get char: 隳
Sun, 24 Sep 2017 14:41:32 INFO Get char: 隶
Sun, 24 Sep 2017 14:41:32 INFO Get char: 隹
Sun, 24 Sep 2017 14:41:33 INFO Get char: 隺
Sun, 24 Sep 2017 14:41:34 INFO Get char: 隼
Sun, 24 Sep 2017 14:41:34 INFO Get char: 隽
Sun, 24 Sep 2017 14:41:36 INFO -- username: 隽隽201707, id: 6300697797
Sun, 24 Sep 2017 14:41:36 INFO -- username: 隽隽201707, id: 6300697797
Sun, 24 Sep 2017 14:41:36 INFO Get char: 难
Sun, 24 Sep 2017 14:41:37 INFO Get char: 雀
Sun, 24 Sep 2017 14:41:38 INFO Get char: 雁
Sun, 24 Sep 2017 14:41:39 INFO Get char: 雄
Sun, 24 Sep 2017 14:41:39 INFO Get char: 雅
Sun, 24 Sep 2017 14:41:41 INFO -- username: 雅雯Babyface, id: 3802229836
Sun, 24 Sep 2017 14:41:41 INFO -- username: 刘雅琦lyq, id: 5032000384
Sun, 24 Sep 2017 14:41:41 INFO -- username: 天亮说晚安____张雅舒, id: 2646559151
Sun, 24 Sep 2017 14:41:41 INFO -- username: 天亮说晚安____张雅舒, id: 2646559151
Sun, 24 Sep 2017 14:41:41 INFO Get char: 集
Sun, 24 Sep 2017 14:41:43 INFO -- username: 知性漫画集, id: 5403405296
Sun, 24 Sep 2017 14:41:43 INFO -- username: 知性漫画集, id: 5403405296
Sun, 24 Sep 2017 14:41:43 INFO Get char: 雇
Sun, 24 Sep 2017 14:41:43 INFO Get char: 雉
Sun, 24 Sep 2017 14:41:44 INFO Get char: 雊
Sun, 24 Sep 2017 14:41:44 INFO Get char: 雌
Sun, 24 Sep 2017 14:41:45 INFO Get char: 雍
Sun, 24 Sep 2017 14:41:46 INFO Get char: 雎
Sun, 24 Sep 2017 14:41:47 INFO Get char: 雏
Sun, 24 Sep 2017 14:41:48 INFO Get char: 雒
Sun, 24 Sep 2017 14:41:49 INFO Get char: 雕
Sun, 24 Sep 2017 14:41:49 INFO Get char: 雠
Sun, 24 Sep 2017 14:41:50 INFO Get char: 雨
Sun, 24 Sep 2017 14:41:52 INFO -- username: 泪雨中忧伤, id: 5335474284
Sun, 24 Sep 2017 14:41:52 INFO -- username: 烟雨匆匆Y云燕Y, id: 1642300071
Sun, 24 Sep 2017 14:41:52 INFO -- username: 山岚雨海---, id: 3423869482
Sun, 24 Sep 2017 14:41:52 INFO -- username: 晴耕雨读2014, id: 6097095424
Sun, 24 Sep 2017 14:41:52 INFO -- username: 轻雾微尘细雨, id: 3227162210
Sun, 24 Sep 2017 14:41:52 INFO -- username: 红叶漫山伴烟雨, id: 2832885150
Sun, 24 Sep 2017 14:41:52 INFO -- username: 啦啦啦啦啦啦落雨大, id: 2512964280
Sun, 24 Sep 2017 14:41:52 INFO -- username: 雨夜曼彻斯特_-, id: 3030946775
Sun, 24 Sep 2017 14:41:52 INFO -- username: 啦啦啦啦啦啦落雨大, id: 2512964280
Sun, 24 Sep 2017 14:41:52 INFO -- username: 啦啦啦啦啦啦落雨大, id: 2512964280
Sun, 24 Sep 2017 14:41:52 INFO Get char: 雩
Sun, 24 Sep 2017 14:41:53 INFO Get char: 雪
Sun, 24 Sep 2017 14:41:55 INFO -- username: 阿狸雪梨kobe24, id: 5980250425
Sun, 24 Sep 2017 14:41:55 INFO -- username: 白雪儿Cheryl, id: 6255648227
Sun, 24 Sep 2017 14:41:55 INFO -- username: 开心雪梨s, id: 1770990897
Sun, 24 Sep 2017 14:41:55 INFO -- username: 玛利亚雪儿, id: 5336226140
Sun, 24 Sep 2017 14:41:55 INFO -- username: 流萤飞雪lbx, id: 6268170785
Sun, 24 Sep 2017 14:41:55 INFO -- username: 一傾風雪一流年-琴師小萱, id: 2612176945
Sun, 24 Sep 2017 14:41:55 INFO -- username: 不爱啤酒爱雪碧炸鸡, id: 3625466047
Sun, 24 Sep 2017 14:41:55 INFO -- username: 雪諾相依, id: 1774563044
Sun, 24 Sep 2017 14:41:55 INFO -- username: 不爱啤酒爱雪碧炸鸡, id: 3625466047
Sun, 24 Sep 2017 14:41:55 INFO -- username: 不爱啤酒爱雪碧炸鸡, id: 3625466047
Sun, 24 Sep 2017 14:41:55 INFO Get char: 雯
Sun, 24 Sep 2017 14:41:57 INFO -- username: 雅雯Babyface, id: 3802229836
Sun, 24 Sep 2017 14:41:57 INFO -- username: 雅雯Babyface, id: 3802229836
Sun, 24 Sep 2017 14:41:57 INFO Get char: 雱
Sun, 24 Sep 2017 14:41:58 INFO Get char: 雳
Sun, 24 Sep 2017 14:41:59 INFO -- username: 霹雳馋鼠, id: 2345440853
Sun, 24 Sep 2017 14:41:59 INFO -- username: 霹雳馋鼠, id: 2345440853
Sun, 24 Sep 2017 14:41:59 INFO Get char: 零
Sun, 24 Sep 2017 14:42:00 INFO Get char: 雷
Sun, 24 Sep 2017 14:42:01 INFO -- username: 阿雷ss, id: 5174018190
Sun, 24 Sep 2017 14:42:01 INFO -- username: 装逼遭金雷劈, id: 2212690024
Sun, 24 Sep 2017 14:42:01 INFO -- username: 装逼遭金雷劈, id: 2212690024
Sun, 24 Sep 2017 14:42:01 INFO Get char: 雹
Sun, 24 Sep 2017 14:42:02 INFO Get char: 雾
Sun, 24 Sep 2017 14:42:04 INFO -- username: 轻雾微尘细雨, id: 3227162210
Sun, 24 Sep 2017 14:42:04 INFO -- username: 轻雾微尘细雨, id: 3227162210
Sun, 24 Sep 2017 14:42:04 INFO Get char: 需
Sun, 24 Sep 2017 14:42:05 INFO Get char: 霁
Sun, 24 Sep 2017 14:42:06 INFO Get char: 霄
Sun, 24 Sep 2017 14:42:07 INFO Get char: 霅
Sun, 24 Sep 2017 14:42:08 INFO Get char: 霆
Sun, 24 Sep 2017 14:42:09 INFO Get char: 震
Sun, 24 Sep 2017 14:42:10 INFO Get char: 霈
Sun, 24 Sep 2017 14:42:10 INFO Get char: 霉
Sun, 24 Sep 2017 14:42:11 INFO Get char: 霍
Sun, 24 Sep 2017 14:42:12 INFO Get char: 霎
Sun, 24 Sep 2017 14:42:13 INFO Get char: 霏
Sun, 24 Sep 2017 14:42:13 INFO Get char: 霓
Sun, 24 Sep 2017 14:42:14 INFO Get char: 霖
Sun, 24 Sep 2017 14:42:16 INFO -- username: Detective_霖, id: 3215458622
Sun, 24 Sep 2017 14:42:16 INFO -- username: Detective_霖, id: 3215458622
Sun, 24 Sep 2017 14:42:16 INFO Get char: 霜
Sun, 24 Sep 2017 14:42:18 INFO -- username: 付霜年, id: 5199709730
Sun, 24 Sep 2017 14:42:18 INFO -- username: 付霜年, id: 5199709730
Sun, 24 Sep 2017 14:42:18 INFO Get char: 霞
Sun, 24 Sep 2017 14:42:19 INFO -- username: 清晰柠檬霞霞, id: 5653678039
Sun, 24 Sep 2017 14:42:19 INFO -- username: 清晰柠檬霞霞, id: 5653678039
Sun, 24 Sep 2017 14:42:19 INFO Get char: 霨
Sun, 24 Sep 2017 14:42:20 INFO Get char: 霪
Sun, 24 Sep 2017 14:42:20 INFO Get char: 霭
Sun, 24 Sep 2017 14:42:21 INFO Get char: 霰
Sun, 24 Sep 2017 14:42:22 INFO Get char: 露
Sun, 24 Sep 2017 14:42:24 INFO -- username: 剧好看露露啊, id: 3854783660
Sun, 24 Sep 2017 14:42:24 INFO -- username: 就不愿意透露姓名的曼联名宿, id: 3090633737
Sun, 24 Sep 2017 14:42:24 INFO -- username: 就不愿意透露姓名的曼联名宿, id: 3090633737
Sun, 24 Sep 2017 14:42:24 INFO Get char: 霸
Sun, 24 Sep 2017 14:42:25 INFO Get char: 霹
Sun, 24 Sep 2017 14:42:27 INFO -- username: 霹雳馋鼠, id: 2345440853
Sun, 24 Sep 2017 14:42:27 INFO -- username: 霹雳馋鼠, id: 2345440853
Sun, 24 Sep 2017 14:42:27 INFO Get char: 霾
Sun, 24 Sep 2017 14:42:27 INFO Get char: 青
Sun, 24 Sep 2017 14:42:29 INFO -- username: 青禾cup, id: 5173636880
Sun, 24 Sep 2017 14:42:29 INFO -- username: 饰青纯, id: 5652343784
Sun, 24 Sep 2017 14:42:29 INFO -- username: 夏青的微博818, id: 2129682971
Sun, 24 Sep 2017 14:42:29 INFO -- username: 红橘青衫, id: 5686713191
Sun, 24 Sep 2017 14:42:29 INFO -- username: 芒果味的青菜, id: 5632844603
Sun, 24 Sep 2017 14:42:29 INFO -- username: 丘刺了山的青, id: 1835577507
Sun, 24 Sep 2017 14:42:29 INFO -- username: 青08079, id: 2141894650
Sun, 24 Sep 2017 14:42:29 INFO -- username: 丘刺了山的青, id: 1835577507
Sun, 24 Sep 2017 14:42:29 INFO -- username: 丘刺了山的青, id: 1835577507
Sun, 24 Sep 2017 14:42:29 INFO Get char: 靓
Sun, 24 Sep 2017 14:42:31 INFO -- username: 靓咩J, id: 1868787832
Sun, 24 Sep 2017 14:42:31 INFO -- username: 靓咩J, id: 1868787832
Sun, 24 Sep 2017 14:42:31 INFO Get char: 靖
Sun, 24 Sep 2017 14:42:31 INFO Get char: 静
Sun, 24 Sep 2017 14:42:33 INFO -- username: 静坐1993, id: 2519386124
Sun, 24 Sep 2017 14:42:33 INFO -- username: 黑色静谧杭, id: 6193265787
Sun, 24 Sep 2017 14:42:33 INFO -- username: 双鱼啊静88-88, id: 5289597640
Sun, 24 Sep 2017 14:42:33 INFO -- username: Love静SJ, id: 3131703137
Sun, 24 Sep 2017 14:42:33 INFO -- username: 我就是安静的美女子, id: 6028784917
Sun, 24 Sep 2017 14:42:33 INFO -- username: 天空之城般宁静, id: 5290464262
Sun, 24 Sep 2017 14:42:33 INFO -- username: 西瓜味Yang静, id: 6351823798
Sun, 24 Sep 2017 14:42:33 INFO -- username: 鑫玺招商部总监丁静, id: 5487347072
Sun, 24 Sep 2017 14:42:33 INFO -- username: 鑫玺招商部总监丁静, id: 5487347072
Sun, 24 Sep 2017 14:42:33 INFO Get char: 靛
Sun, 24 Sep 2017 14:42:34 INFO Get char: 非
Sun, 24 Sep 2017 14:42:35 INFO -- username: 非要改名的zzl, id: 2806095815
Sun, 24 Sep 2017 14:42:35 INFO -- username: 严钰非常可爱, id: 5824468033
Sun, 24 Sep 2017 14:42:35 INFO -- username: 严钰非常可爱, id: 5824468033
Sun, 24 Sep 2017 14:42:35 INFO Get char: 靠
Sun, 24 Sep 2017 14:42:37 INFO -- username: 十三不靠-单单, id: 1411644214
Sun, 24 Sep 2017 14:42:37 INFO -- username: 十三不靠-单单, id: 1411644214
Sun, 24 Sep 2017 14:42:37 INFO Get char: 靡
Sun, 24 Sep 2017 14:42:37 INFO Get char: 面
Sun, 24 Sep 2017 14:42:39 INFO -- username: 面条不是喵, id: 3380018812
Sun, 24 Sep 2017 14:42:39 INFO -- username: 风往北吹面包, id: 1223038505
Sun, 24 Sep 2017 14:42:39 INFO -- username: 大大酱牛肉面, id: 6337509979
Sun, 24 Sep 2017 14:42:39 INFO -- username: 大大酱牛肉面, id: 6337509979
Sun, 24 Sep 2017 14:42:39 INFO Get char: 靥
Sun, 24 Sep 2017 14:42:39 INFO Get char: 革
Sun, 24 Sep 2017 14:42:40 INFO Get char: 靬
Sun, 24 Sep 2017 14:42:40 INFO Get char: 靰
Sun, 24 Sep 2017 14:42:41 INFO Get char: 靳
Sun, 24 Sep 2017 14:42:42 INFO Get char: 靴
Sun, 24 Sep 2017 14:42:43 INFO Get char: 靶
Sun, 24 Sep 2017 14:42:43 INFO Get char: 靸
Sun, 24 Sep 2017 14:42:45 INFO Get char: 靺
Sun, 24 Sep 2017 14:42:47 INFO Get char: 靼
Sun, 24 Sep 2017 14:42:47 INFO Get char: 靽
Sun, 24 Sep 2017 14:42:48 INFO Get char: 靿
Sun, 24 Sep 2017 14:42:49 INFO Get char: 鞁
Sun, 24 Sep 2017 14:42:50 INFO Get char: 鞅
Sun, 24 Sep 2017 14:42:51 INFO Get char: 鞋
Sun, 24 Sep 2017 14:42:54 INFO -- username: 穿鞋小能手, id: 1994356454
Sun, 24 Sep 2017 14:42:54 INFO -- username: 穿着平底鞋走自己的路, id: 6337612560
Sun, 24 Sep 2017 14:42:54 INFO -- username: reverie_程童鞋, id: 2259104487
Sun, 24 Sep 2017 14:42:54 INFO -- username: reverie_程童鞋, id: 2259104487
Sun, 24 Sep 2017 14:42:54 INFO Get char: 鞍
Sun, 24 Sep 2017 14:42:55 INFO Get char: 鞑
Sun, 24 Sep 2017 14:42:55 INFO Get char: 鞒
Sun, 24 Sep 2017 14:42:56 INFO Get char: 鞔
Sun, 24 Sep 2017 14:42:57 INFO Get char: 鞘
Sun, 24 Sep 2017 14:42:58 INFO Get char: 鞠
Sun, 24 Sep 2017 14:42:58 INFO Get char: 鞡
Sun, 24 Sep 2017 14:42:59 INFO Get char: 鞣
Sun, 24 Sep 2017 14:43:00 INFO Get char: 鞧
Sun, 24 Sep 2017 14:43:01 INFO Get char: 鞨
Sun, 24 Sep 2017 14:43:01 INFO Get char: 鞫
Sun, 24 Sep 2017 14:43:02 INFO Get char: 鞬
Sun, 24 Sep 2017 14:43:04 INFO Get char: 鞭
Sun, 24 Sep 2017 14:43:04 INFO Get char: 鞮
Sun, 24 Sep 2017 14:43:07 INFO Get char: 鞯
Sun, 24 Sep 2017 14:43:08 INFO Get char: 鞲
Sun, 24 Sep 2017 14:43:09 INFO Get char: 鞳
Sun, 24 Sep 2017 14:43:10 INFO Get char: 鞴
Sun, 24 Sep 2017 14:43:11 INFO Get char: 韂
Sun, 24 Sep 2017 14:43:11 INFO Get char: 韦
Sun, 24 Sep 2017 14:43:13 INFO -- username: 韦竣然, id: 1133688281
Sun, 24 Sep 2017 14:43:13 INFO -- username: 韦小七aj, id: 2706728331
Sun, 24 Sep 2017 14:43:13 INFO -- username: 韦小七aj, id: 2706728331
Sun, 24 Sep 2017 14:43:13 INFO Get char: 韧
Sun, 24 Sep 2017 14:43:14 INFO Get char: 韨
Sun, 24 Sep 2017 14:43:14 INFO Get char: 韩
Sun, 24 Sep 2017 14:43:17 INFO -- username: 我是骄傲的韩某某, id: 3059783511
Sun, 24 Sep 2017 14:43:17 INFO -- username: XIAOBEIaBEI韩妆欧美代购, id: 5087607010
Sun, 24 Sep 2017 14:43:17 INFO -- username: XIAOBEIaBEI韩妆欧美代购, id: 5087607010
Sun, 24 Sep 2017 14:43:17 INFO Get char: 韪
Sun, 24 Sep 2017 14:43:18 INFO Get char: 韫
Sun, 24 Sep 2017 14:43:19 INFO Get char: 韬
Sun, 24 Sep 2017 14:43:20 INFO Get char: 韭
Sun, 24 Sep 2017 14:43:21 INFO -- username: 楼下卖韭菜饼的流氓, id: 2009244881
Sun, 24 Sep 2017 14:43:21 INFO -- username: 楼下卖韭菜饼的流氓, id: 2009244881
Sun, 24 Sep 2017 14:43:21 INFO Get char: 音
Sun, 24 Sep 2017 14:43:23 INFO -- username: 享受电影和音乐的宅男, id: 1401506380
Sun, 24 Sep 2017 14:43:23 INFO -- username: 享受电影和音乐的宅男, id: 1401506380
Sun, 24 Sep 2017 14:43:23 INFO Get char: 韵
Sun, 24 Sep 2017 14:43:25 INFO -- username: 古韵留香lll, id: 2085811983
Sun, 24 Sep 2017 14:43:25 INFO -- username: 自然起源叶之韵IDo董事Eve磨砂, id: 5226301703
Sun, 24 Sep 2017 14:43:25 INFO -- username: 自然起源叶之韵IDo董事Eve磨砂, id: 5226301703
Sun, 24 Sep 2017 14:43:25 INFO Get char: 韶
Sun, 24 Sep 2017 14:43:26 INFO Get char: 页
Sun, 24 Sep 2017 14:43:28 INFO -- username: 苗禾页, id: 5994966461
Sun, 24 Sep 2017 14:43:28 INFO -- username: 苗禾页, id: 5994966461
Sun, 24 Sep 2017 14:43:28 INFO Get char: 顶
Sun, 24 Sep 2017 14:43:30 INFO -- username: 头顶小草, id: 2289088942
Sun, 24 Sep 2017 14:43:30 INFO -- username: 头顶小草, id: 2289088942
Sun, 24 Sep 2017 14:43:30 INFO Get char: 顷
Sun, 24 Sep 2017 14:43:32 INFO Get char: 顸
Sun, 24 Sep 2017 14:43:32 INFO Get char: 项
Sun, 24 Sep 2017 14:43:34 INFO -- username: 项记, id: 1748176667
Sun, 24 Sep 2017 14:43:34 INFO -- username: 项记, id: 1748176667
Sun, 24 Sep 2017 14:43:34 INFO Get char: 顺
Sun, 24 Sep 2017 14:43:37 INFO -- username: 顺和本草, id: 5931339398
Sun, 24 Sep 2017 14:43:37 INFO -- username: 顺和本草, id: 5931339398
Sun, 24 Sep 2017 14:43:37 INFO Get char: 须
Sun, 24 Sep 2017 14:43:37 INFO Get char: 顼
Sun, 24 Sep 2017 14:43:38 INFO Get char: 顽
Sun, 24 Sep 2017 14:43:39 INFO Get char: 顾
Sun, 24 Sep 2017 14:43:40 INFO Get char: 顿
Sun, 24 Sep 2017 14:43:40 INFO Get char: 颀
Sun, 24 Sep 2017 14:43:41 INFO Get char: 颁
Sun, 24 Sep 2017 14:43:41 INFO Get char: 颂
Sun, 24 Sep 2017 14:43:42 INFO Get char: 颃
Sun, 24 Sep 2017 14:43:43 INFO Get char: 预
Sun, 24 Sep 2017 14:43:44 INFO -- username: M-yu遇见相遇预见, id: 2107537500
Sun, 24 Sep 2017 14:43:44 INFO -- username: M-yu遇见相遇预见, id: 2107537500
Sun, 24 Sep 2017 14:43:44 INFO Get char: 颅
Sun, 24 Sep 2017 14:43:45 INFO Get char: 领
Sun, 24 Sep 2017 14:43:45 INFO Get char: 颇
Sun, 24 Sep 2017 14:43:46 INFO Get char: 颈
Sun, 24 Sep 2017 14:43:46 INFO Get char: 颉
Sun, 24 Sep 2017 14:43:47 INFO Get char: 颊
Sun, 24 Sep 2017 14:43:48 INFO Get char: 颋
Sun, 24 Sep 2017 14:43:48 INFO Get char: 颌
Sun, 24 Sep 2017 14:43:49 INFO Get char: 颍
Sun, 24 Sep 2017 14:43:49 INFO Get char: 颎
Sun, 24 Sep 2017 14:43:50 INFO Get char: 颏
Sun, 24 Sep 2017 14:43:50 INFO Get char: 颐
Sun, 24 Sep 2017 14:43:52 INFO -- username: 婉颐敲敲, id: 5398375278
Sun, 24 Sep 2017 14:43:52 INFO -- username: 婉颐敲敲, id: 5398375278
Sun, 24 Sep 2017 14:43:52 INFO Get char: 频
Sun, 24 Sep 2017 14:43:52 INFO Get char: 颓
Sun, 24 Sep 2017 14:43:53 INFO Get char: 颔
Sun, 24 Sep 2017 14:43:53 INFO Get char: 颖
Sun, 24 Sep 2017 14:43:55 INFO -- username: BeBe-颖, id: 1743128881
Sun, 24 Sep 2017 14:43:55 INFO -- username: BeBe-颖, id: 1743128881
Sun, 24 Sep 2017 14:43:55 INFO Get char: 颗
Sun, 24 Sep 2017 14:43:55 INFO Get char: 题
Sun, 24 Sep 2017 14:43:56 INFO -- username: 看看题看看, id: 1572675480
Sun, 24 Sep 2017 14:43:56 INFO -- username: 看看题看看, id: 1572675480
Sun, 24 Sep 2017 14:43:56 INFO Get char: 颙
Sun, 24 Sep 2017 14:43:57 INFO Get char: 颚
Sun, 24 Sep 2017 14:43:57 INFO Get char: 颛
Sun, 24 Sep 2017 14:43:58 INFO Get char: 颜
Sun, 24 Sep 2017 14:43:59 INFO -- username: 颜小沫沫520, id: 5453076579
Sun, 24 Sep 2017 14:43:59 INFO -- username: 颜小旭desind, id: 5494455824
Sun, 24 Sep 2017 14:43:59 INFO -- username: 颜喵喵YANlujie, id: 6063348228
Sun, 24 Sep 2017 14:43:59 INFO -- username: 干杯颜颜-1994, id: 6186237284
Sun, 24 Sep 2017 14:43:59 INFO -- username: 一朵朵美颜, id: 2717793211
Sun, 24 Sep 2017 14:43:59 INFO -- username: 一朵朵美颜, id: 2717793211
Sun, 24 Sep 2017 14:43:59 INFO Get char: 额
Sun, 24 Sep 2017 14:44:00 INFO Get char: 颞
Sun, 24 Sep 2017 14:44:01 INFO Get char: 颟
Sun, 24 Sep 2017 14:44:01 INFO Get char: 颠
Sun, 24 Sep 2017 14:44:02 INFO Get char: 颡
Sun, 24 Sep 2017 14:44:03 INFO Get char: 颢
Sun, 24 Sep 2017 14:44:03 INFO Get char: 颤
Sun, 24 Sep 2017 14:44:04 INFO Get char: 颥
Sun, 24 Sep 2017 14:44:04 INFO Get char: 颦
Sun, 24 Sep 2017 14:44:05 INFO Get char: 颧
Sun, 24 Sep 2017 14:44:05 INFO Get char: 风
Sun, 24 Sep 2017 14:44:07 INFO -- username: 风萧萧兮zj, id: 5932756564
Sun, 24 Sep 2017 14:44:07 INFO -- username: 风往北吹面包, id: 1223038505
Sun, 24 Sep 2017 14:44:07 INFO -- username: 风吹裤衩屁g凉, id: 3088993372
Sun, 24 Sep 2017 14:44:07 INFO -- username: 风风2066410163, id: 2066410163
Sun, 24 Sep 2017 14:44:07 INFO -- username: 西风破川, id: 5744184623
Sun, 24 Sep 2017 14:44:07 INFO -- username: 海风掠过了北极光, id: 5902192164
Sun, 24 Sep 2017 14:44:07 INFO -- username: 边际风, id: 5463152587
Sun, 24 Sep 2017 14:44:07 INFO -- username: z等风飞, id: 5115405668
Sun, 24 Sep 2017 14:44:07 INFO -- username: 一傾風雪一流年-琴師小萱, id: 2612176945
Sun, 24 Sep 2017 14:44:07 INFO -- username: 一傾風雪一流年-琴師小萱, id: 2612176945
Sun, 24 Sep 2017 14:44:07 INFO Get char: 飏
Sun, 24 Sep 2017 14:44:08 INFO Get char: 飐
Sun, 24 Sep 2017 14:44:08 INFO Get char: 飑
Sun, 24 Sep 2017 14:44:09 INFO Get char: 飒
Sun, 24 Sep 2017 14:44:09 INFO Get char: 飓
Sun, 24 Sep 2017 14:44:10 INFO Get char: 飔
Sun, 24 Sep 2017 14:44:11 INFO Get char: 飕
Sun, 24 Sep 2017 14:44:11 INFO Get char: 飗
Sun, 24 Sep 2017 14:44:12 INFO Get char: 飘
Sun, 24 Sep 2017 14:44:13 INFO -- username: 飘香的夏梦, id: 5768135082
Sun, 24 Sep 2017 14:44:13 INFO -- username: 流年-飘逝, id: 2413116557
Sun, 24 Sep 2017 14:44:13 INFO -- username: 唐僧洗头爱飘柔啊哈, id: 5499899825
Sun, 24 Sep 2017 14:44:13 INFO -- username: 唐僧洗头爱飘柔啊哈, id: 5499899825
Sun, 24 Sep 2017 14:44:13 INFO Get char: 飙
Sun, 24 Sep 2017 14:44:13 INFO Get char: 飞
Sun, 24 Sep 2017 14:44:15 INFO -- username: z等风飞, id: 5115405668
Sun, 24 Sep 2017 14:44:15 INFO -- username: 飞驰方遒, id: 6155790791
Sun, 24 Sep 2017 14:44:15 INFO -- username: 飞舞的黑发丝, id: 5394843424
Sun, 24 Sep 2017 14:44:15 INFO -- username: 英飞43244, id: 5446886280
Sun, 24 Sep 2017 14:44:15 INFO -- username: 流萤飞雪lbx, id: 6268170785
Sun, 24 Sep 2017 14:44:15 INFO -- username: 失翼的纸飞机, id: 5391863013
Sun, 24 Sep 2017 14:44:15 INFO -- username: 失翼的纸飞机, id: 5391863013
Sun, 24 Sep 2017 14:44:15 INFO Get char: 食
Sun, 24 Sep 2017 14:44:15 INFO Get char: 飧
Sun, 24 Sep 2017 14:44:16 INFO Get char: 飨
Sun, 24 Sep 2017 14:44:16 INFO Get char: 餍
Sun, 24 Sep 2017 14:44:17 INFO Get char: 餐
Sun, 24 Sep 2017 14:44:17 INFO Get char: 餮
Sun, 24 Sep 2017 14:44:18 INFO Get char: 饔
Sun, 24 Sep 2017 14:44:19 INFO Get char: 饕
Sun, 24 Sep 2017 14:44:19 INFO Get char: 饥
Sun, 24 Sep 2017 14:44:19 INFO Get char: 饧
Sun, 24 Sep 2017 14:44:20 INFO Get char: 饨
Sun, 24 Sep 2017 14:44:20 INFO Get char: 饩
Sun, 24 Sep 2017 14:44:21 INFO Get char: 饪
Sun, 24 Sep 2017 14:44:21 INFO Get char: 饫
Sun, 24 Sep 2017 14:44:22 INFO Get char: 饬
Sun, 24 Sep 2017 14:44:23 INFO Get char: 饭
Sun, 24 Sep 2017 14:44:24 INFO -- username: 土豆米饭大白菜, id: 5321451712
Sun, 24 Sep 2017 14:44:24 INFO -- username: 土豆米饭大白菜, id: 5321451712
Sun, 24 Sep 2017 14:44:24 INFO Get char: 饮
Sun, 24 Sep 2017 14:44:25 INFO Get char: 饯
Sun, 24 Sep 2017 14:44:25 INFO Get char: 饰
Sun, 24 Sep 2017 14:44:27 INFO -- username: 饰青纯, id: 5652343784
Sun, 24 Sep 2017 14:44:27 INFO -- username: 饰青纯, id: 5652343784
Sun, 24 Sep 2017 14:44:27 INFO Get char: 饱
Sun, 24 Sep 2017 14:44:27 INFO Get char: 饲
Sun, 24 Sep 2017 14:44:28 INFO Get char: 饳
Sun, 24 Sep 2017 14:44:29 INFO Get char: 饴
Sun, 24 Sep 2017 14:44:30 INFO Get char: 饵
Sun, 24 Sep 2017 14:44:30 INFO Get char: 饶
Sun, 24 Sep 2017 14:44:30 INFO Get char: 饷
Sun, 24 Sep 2017 14:44:31 INFO Get char: 饸
Sun, 24 Sep 2017 14:44:31 INFO Get char: 饹
Sun, 24 Sep 2017 14:44:32 INFO Get char: 饺
Sun, 24 Sep 2017 14:44:32 INFO Get char: 饻
Sun, 24 Sep 2017 14:44:33 INFO Get char: 饼
Sun, 24 Sep 2017 14:44:36 INFO -- username: 楼下卖韭菜饼的流氓, id: 2009244881
Sun, 24 Sep 2017 14:44:36 INFO -- username: 饼子嗷的一声就炸了, id: 1834339057
Sun, 24 Sep 2017 14:44:36 INFO -- username: 楼下卖韭菜饼的流氓, id: 2009244881
Sun, 24 Sep 2017 14:44:36 INFO -- username: 楼下卖韭菜饼的流氓, id: 2009244881
Sun, 24 Sep 2017 14:44:36 INFO Get char: 饽
Sun, 24 Sep 2017 14:44:36 INFO Get char: 饿
Sun, 24 Sep 2017 14:44:37 INFO Get char: 馁
Sun, 24 Sep 2017 14:44:38 INFO Get char: 馃
Sun, 24 Sep 2017 14:44:39 INFO Get char: 馄
Sun, 24 Sep 2017 14:44:39 INFO Get char: 馅
Sun, 24 Sep 2017 14:44:40 INFO Get char: 馆
Sun, 24 Sep 2017 14:44:41 INFO -- username: 宠儿的头像馆, id: 6144612330
Sun, 24 Sep 2017 14:44:41 INFO -- username: suny高端有机护肤馆, id: 2506483081
Sun, 24 Sep 2017 14:44:41 INFO -- username: suny高端有机护肤馆, id: 2506483081
Sun, 24 Sep 2017 14:44:41 INFO Get char: 馇
Sun, 24 Sep 2017 14:44:42 INFO Get char: 馈
Sun, 24 Sep 2017 14:44:43 INFO Get char: 馉
Sun, 24 Sep 2017 14:44:43 INFO Get char: 馊
Sun, 24 Sep 2017 14:44:44 INFO Get char: 馋
Sun, 24 Sep 2017 14:44:45 INFO -- username: 霹雳馋鼠, id: 2345440853
Sun, 24 Sep 2017 14:44:45 INFO -- username: 霹雳馋鼠, id: 2345440853
Sun, 24 Sep 2017 14:44:45 INFO Get char: 馌
Sun, 24 Sep 2017 14:44:46 INFO Get char: 馍
Sun, 24 Sep 2017 14:44:47 INFO Get char: 馏
Sun, 24 Sep 2017 14:44:48 INFO Get char: 馐
Sun, 24 Sep 2017 14:44:48 INFO Get char: 馑
Sun, 24 Sep 2017 14:44:50 INFO Get char: 馒
Sun, 24 Sep 2017 14:44:51 INFO Get char: 馓
Sun, 24 Sep 2017 14:44:51 INFO Get char: 馔
Sun, 24 Sep 2017 14:44:52 INFO Get char: 馕
Sun, 24 Sep 2017 14:44:52 INFO Get char: 首
Sun, 24 Sep 2017 14:44:53 INFO Get char: 馗
Sun, 24 Sep 2017 14:44:54 INFO Get char: 馘
Sun, 24 Sep 2017 14:44:55 INFO Get char: 香
Sun, 24 Sep 2017 14:44:56 INFO -- username: 古韵留香lll, id: 2085811983
Sun, 24 Sep 2017 14:44:56 INFO -- username: 香水百合guang, id: 2909334401
Sun, 24 Sep 2017 14:44:56 INFO -- username: 飘香的夏梦, id: 5768135082
Sun, 24 Sep 2017 14:44:56 INFO -- username: yu余香居, id: 5510405906
Sun, 24 Sep 2017 14:44:56 INFO -- username: 祖国的鱼香鸡丝, id: 2363428873
Sun, 24 Sep 2017 14:44:56 INFO -- username: 祖国的鱼香鸡丝, id: 2363428873
Sun, 24 Sep 2017 14:44:56 INFO Get char: 馝
Sun, 24 Sep 2017 14:44:57 INFO Get char: 馞
Sun, 24 Sep 2017 14:44:58 INFO Get char: 馥
Sun, 24 Sep 2017 14:44:59 INFO Get char: 馧
Sun, 24 Sep 2017 14:45:00 INFO Get char: 馨
Sun, 24 Sep 2017 14:45:02 INFO -- username: 玉馨1116, id: 5717879850
Sun, 24 Sep 2017 14:45:02 INFO -- username: 紫馨蕙蓝, id: 5614277008
Sun, 24 Sep 2017 14:45:02 INFO -- username: 意馨丶Lostree, id: 1932073112
Sun, 24 Sep 2017 14:45:02 INFO -- username: 我我我我我庆馨儿, id: 1101814317
Sun, 24 Sep 2017 14:45:02 INFO -- username: 我我我我我庆馨儿, id: 1101814317
Sun, 24 Sep 2017 14:45:02 INFO Get char: 马
Sun, 24 Sep 2017 14:45:08 INFO -- username: 马大哈再不能哈哈哈, id: 2386278391
Sun, 24 Sep 2017 14:45:08 INFO -- username: 斑马教育-王永乐, id: 1561701355
Sun, 24 Sep 2017 14:45:08 INFO -- username: 都市马车夫, id: 3291340041
Sun, 24 Sep 2017 14:45:08 INFO -- username: 南瓜马车车车, id: 2994654522
Sun, 24 Sep 2017 14:45:08 INFO -- username: 三王三马1314, id: 6372981708
Sun, 24 Sep 2017 14:45:08 INFO -- username: qwer马甲1711, id: 5648511900
Sun, 24 Sep 2017 14:45:08 INFO -- username: qwer马甲1711, id: 5648511900
Sun, 24 Sep 2017 14:45:08 INFO Get char: 驭
Sun, 24 Sep 2017 14:45:09 INFO Get char: 驮
Sun, 24 Sep 2017 14:45:09 INFO Get char: 驯
Sun, 24 Sep 2017 14:45:11 INFO -- username: 温柔的驯兽师花园, id: 5810375609
Sun, 24 Sep 2017 14:45:11 INFO -- username: 温柔的驯兽师花园, id: 5810375609
Sun, 24 Sep 2017 14:45:11 INFO Get char: 驰
Sun, 24 Sep 2017 14:45:12 INFO -- username: 飞驰方遒, id: 6155790791
Sun, 24 Sep 2017 14:45:12 INFO -- username: 飞驰方遒, id: 6155790791
Sun, 24 Sep 2017 14:45:12 INFO Get char: 驱
Sun, 24 Sep 2017 14:45:13 INFO Get char: 驲
Sun, 24 Sep 2017 14:45:13 INFO Get char: 驳
Sun, 24 Sep 2017 14:45:15 INFO Get char: 驴
Sun, 24 Sep 2017 14:45:17 INFO Get char: 驵
Sun, 24 Sep 2017 14:45:17 INFO Get char: 驶
Sun, 24 Sep 2017 14:45:18 INFO Get char: 驷
Sun, 24 Sep 2017 14:45:19 INFO Get char: 驸
Sun, 24 Sep 2017 14:45:19 INFO Get char: 驹
Sun, 24 Sep 2017 14:45:20 INFO Get char: 驺
Sun, 24 Sep 2017 14:45:21 INFO Get char: 驻
Sun, 24 Sep 2017 14:45:22 INFO Get char: 驼
Sun, 24 Sep 2017 14:45:22 INFO Get char: 驽
Sun, 24 Sep 2017 14:45:23 INFO Get char: 驾
Sun, 24 Sep 2017 14:45:24 INFO Get char: 驿
Sun, 24 Sep 2017 14:45:25 INFO Get char: 骀
Sun, 24 Sep 2017 14:45:26 INFO Get char: 骁
Sun, 24 Sep 2017 14:45:27 INFO Get char: 骂
Sun, 24 Sep 2017 14:45:27 INFO Get char: 骃
Sun, 24 Sep 2017 14:45:28 INFO Get char: 骄
Sun, 24 Sep 2017 14:45:30 INFO -- username: 我是骄傲的韩某某, id: 3059783511
Sun, 24 Sep 2017 14:45:30 INFO -- username: 我是骄傲的韩某某, id: 3059783511
Sun, 24 Sep 2017 14:45:30 INFO Get char: 骅
Sun, 24 Sep 2017 14:45:31 INFO Get char: 骆
Sun, 24 Sep 2017 14:45:32 INFO Get char: 骇
Sun, 24 Sep 2017 14:45:33 INFO Get char: 骈
Sun, 24 Sep 2017 14:45:34 INFO Get char: 骉
Sun, 24 Sep 2017 14:45:35 INFO Get char: 骊
Sun, 24 Sep 2017 14:45:35 INFO Get char: 骋
Sun, 24 Sep 2017 14:45:36 INFO Get char: 验
Sun, 24 Sep 2017 14:45:38 INFO -- username: 珂兰淮南南体验店-希希, id: 6074190405
Sun, 24 Sep 2017 14:45:38 INFO -- username: 珂兰淮南南体验店-希希, id: 6074190405
Sun, 24 Sep 2017 14:45:38 INFO Get char: 骍
Sun, 24 Sep 2017 14:45:39 INFO Get char: 骎
Sun, 24 Sep 2017 14:45:40 INFO Get char: 骏
Sun, 24 Sep 2017 14:45:40 INFO Get char: 骐
Sun, 24 Sep 2017 14:45:41 INFO Get char: 骑
Sun, 24 Sep 2017 14:45:43 INFO Get char: 骒
Sun, 24 Sep 2017 14:45:43 INFO Get char: 骓
Sun, 24 Sep 2017 14:45:44 INFO Get char: 骕
Sun, 24 Sep 2017 14:45:45 INFO Get char: 骖
Sun, 24 Sep 2017 14:45:45 INFO Get char: 骗
Sun, 24 Sep 2017 14:45:46 INFO Get char: 骘
Sun, 24 Sep 2017 14:45:47 INFO Get char: 骙
Sun, 24 Sep 2017 14:45:47 INFO Get char: 骚
Sun, 24 Sep 2017 14:45:48 INFO Get char: 骛
Sun, 24 Sep 2017 14:45:49 INFO Get char: 骜
Sun, 24 Sep 2017 14:45:50 INFO Get char: 骝
Sun, 24 Sep 2017 14:45:50 INFO Get char: 骞
Sun, 24 Sep 2017 14:45:51 INFO Get char: 骟
Sun, 24 Sep 2017 14:45:52 INFO Get char: 骠
Sun, 24 Sep 2017 14:45:52 INFO Get char: 骡
Sun, 24 Sep 2017 14:45:54 INFO Get char: 骢
Sun, 24 Sep 2017 14:45:54 INFO Get char: 骣
Sun, 24 Sep 2017 14:45:55 INFO Get char: 骤
Sun, 24 Sep 2017 14:45:56 INFO Get char: 骥
Sun, 24 Sep 2017 14:45:56 INFO Get char: 骦
Sun, 24 Sep 2017 14:45:57 INFO Get char: 骧
Sun, 24 Sep 2017 14:45:58 INFO Get char: 骨
Sun, 24 Sep 2017 14:45:59 INFO Get char: 骰
Sun, 24 Sep 2017 14:45:59 INFO Get char: 骱
Sun, 24 Sep 2017 14:46:00 INFO Get char: 骶
Sun, 24 Sep 2017 14:46:01 INFO Get char: 骷
Sun, 24 Sep 2017 14:46:01 INFO Get char: 骸
Sun, 24 Sep 2017 14:46:03 INFO Get char: 骺
Sun, 24 Sep 2017 14:46:03 INFO Get char: 骼
Sun, 24 Sep 2017 14:46:05 INFO Get char: 髀
Sun, 24 Sep 2017 14:46:06 INFO Get char: 髁
Sun, 24 Sep 2017 14:46:07 INFO Get char: 髂
Sun, 24 Sep 2017 14:46:07 INFO Get char: 髃
Sun, 24 Sep 2017 14:46:09 INFO Get char: 髅
Sun, 24 Sep 2017 14:46:09 INFO Get char: 髋
Sun, 24 Sep 2017 14:46:10 INFO Get char: 髌
Sun, 24 Sep 2017 14:46:10 INFO Get char: 髎
Sun, 24 Sep 2017 14:46:12 INFO Get char: 髑
Sun, 24 Sep 2017 14:46:13 INFO Get char: 髓
Sun, 24 Sep 2017 14:46:14 INFO Get char: 高
Sun, 24 Sep 2017 14:46:17 INFO -- username: suny高端有机护肤馆, id: 2506483081
Sun, 24 Sep 2017 14:46:17 INFO -- username: 高罡会发guang, id: 5227787903
Sun, 24 Sep 2017 14:46:17 INFO -- username: 一个高冷的板凳w, id: 5276645694
Sun, 24 Sep 2017 14:46:17 INFO -- username: 我爱高数233, id: 5393399269
Sun, 24 Sep 2017 14:46:17 INFO -- username: suny高端有机护肤馆, id: 2506483081
Sun, 24 Sep 2017 14:46:17 INFO -- username: suny高端有机护肤馆, id: 2506483081
Sun, 24 Sep 2017 14:46:17 INFO Get char: 髡
Sun, 24 Sep 2017 14:46:18 INFO Get char: 髢
Sun, 24 Sep 2017 14:46:20 INFO Get char: 髦
Sun, 24 Sep 2017 14:46:20 INFO Get char: 髫
Sun, 24 Sep 2017 14:46:21 INFO Get char: 髭
Sun, 24 Sep 2017 14:46:23 INFO Get char: 髯
Sun, 24 Sep 2017 14:46:24 INFO Get char: 髹
Sun, 24 Sep 2017 14:46:25 INFO Get char: 髻
Sun, 24 Sep 2017 14:46:25 INFO Get char: 髽
Sun, 24 Sep 2017 14:46:26 INFO Get char: 鬃
Sun, 24 Sep 2017 14:46:27 INFO Get char: 鬈
Sun, 24 Sep 2017 14:46:28 INFO Get char: 鬏
Sun, 24 Sep 2017 14:46:29 INFO Get char: 鬒
Sun, 24 Sep 2017 14:46:30 INFO Get char: 鬓
Sun, 24 Sep 2017 14:46:30 INFO Get char: 鬘
Sun, 24 Sep 2017 14:46:31 INFO Get char: 鬟
Sun, 24 Sep 2017 14:46:32 INFO Get char: 鬣
Sun, 24 Sep 2017 14:46:33 INFO Get char: 鬯
Sun, 24 Sep 2017 14:46:34 INFO Get char: 鬲
Sun, 24 Sep 2017 14:46:35 INFO Get char: 鬶
Sun, 24 Sep 2017 14:46:35 INFO Get char: 鬷
Sun, 24 Sep 2017 14:46:36 INFO Get char: 鬻
Sun, 24 Sep 2017 14:46:37 INFO Get char: 鬼
Sun, 24 Sep 2017 14:46:39 INFO -- username: 小鬼哇哇哇, id: 6148142999
Sun, 24 Sep 2017 14:46:39 INFO -- username: 尘世丿鬼鬼, id: 3849812783
Sun, 24 Sep 2017 14:46:39 INFO -- username: 尘世丿鬼鬼, id: 3849812783
Sun, 24 Sep 2017 14:46:39 INFO Get char: 魁
Sun, 24 Sep 2017 14:46:40 INFO Get char: 魂
Sun, 24 Sep 2017 14:46:42 INFO -- username: 世界尽头的灵魂歌手Z, id: 6137669367
Sun, 24 Sep 2017 14:46:42 INFO -- username: 世界尽头的灵魂歌手Z, id: 6137669367
Sun, 24 Sep 2017 14:46:42 INFO Get char: 魃
Sun, 24 Sep 2017 14:46:42 INFO Get char: 魄
Sun, 24 Sep 2017 14:46:43 INFO Get char: 魅
Sun, 24 Sep 2017 14:46:44 INFO Get char: 魆
Sun, 24 Sep 2017 14:46:46 INFO Get char: 魇
Sun, 24 Sep 2017 14:46:48 INFO -- username: 梦魇之GYT男盆友, id: 5180407860
Sun, 24 Sep 2017 14:46:48 INFO -- username: 梦魇之GYT男盆友, id: 5180407860
Sun, 24 Sep 2017 14:46:48 INFO Get char: 魈
Sun, 24 Sep 2017 14:46:49 INFO Get char: 魉
Sun, 24 Sep 2017 14:46:52 INFO Get char: 魋
Sun, 24 Sep 2017 14:46:52 INFO Get char: 魍
Sun, 24 Sep 2017 14:46:53 INFO Get char: 魏
Sun, 24 Sep 2017 14:46:55 INFO -- username: 少女小魏魏, id: 1850529653
Sun, 24 Sep 2017 14:46:55 INFO -- username: Myra魏晓乐, id: 1679579535
Sun, 24 Sep 2017 14:46:55 INFO -- username: Myra魏晓乐, id: 1679579535
Sun, 24 Sep 2017 14:46:55 INFO Get char: 魑
Sun, 24 Sep 2017 14:46:56 INFO Get char: 魔
Sun, 24 Sep 2017 14:46:57 INFO -- username: 混世魔王wuil, id: 6031480163
Sun, 24 Sep 2017 14:46:57 INFO -- username: 混世魔王wuil, id: 6031480163
Sun, 24 Sep 2017 14:46:57 INFO Get char: 鱼
Sun, 24 Sep 2017 14:46:59 INFO -- username: 双鱼啊静88-88, id: 5289597640
Sun, 24 Sep 2017 14:46:59 INFO -- username: 祖国的鱼香鸡丝, id: 2363428873
Sun, 24 Sep 2017 14:46:59 INFO -- username: 鱼宝宝宝宝宝宝宝宝宝, id: 5308649124
Sun, 24 Sep 2017 14:46:59 INFO -- username: 春鱼叶暖, id: 3051271563
Sun, 24 Sep 2017 14:46:59 INFO -- username: 小金鱼小公举, id: 1784804592
Sun, 24 Sep 2017 14:46:59 INFO -- username: 油炸小鱼小虾, id: 6014994255
Sun, 24 Sep 2017 14:46:59 INFO -- username: NaNa小金鱼, id: 5105526559
Sun, 24 Sep 2017 14:46:59 INFO -- username: NaNa小金鱼, id: 5105526559
Sun, 24 Sep 2017 14:46:59 INFO Get char: 鱽
Sun, 24 Sep 2017 14:46:59 INFO Get char: 鱾
Sun, 24 Sep 2017 14:47:00 INFO Get char: 鱿
Sun, 24 Sep 2017 14:47:01 INFO Get char: 鲀
Sun, 24 Sep 2017 14:47:02 INFO Get char: 鲁
Sun, 24 Sep 2017 14:47:03 INFO Get char: 鲂
Sun, 24 Sep 2017 14:47:04 INFO Get char: 鲃
Sun, 24 Sep 2017 14:47:05 INFO Get char: 鲅
Sun, 24 Sep 2017 14:47:05 INFO Get char: 鲆
Sun, 24 Sep 2017 14:47:06 INFO Get char: 鲇
Sun, 24 Sep 2017 14:47:07 INFO Get char: 鲈
Sun, 24 Sep 2017 14:47:08 INFO Get char: 鲉
Sun, 24 Sep 2017 14:47:08 INFO Get char: 鲊
Sun, 24 Sep 2017 14:47:09 INFO Get char: 鲋
Sun, 24 Sep 2017 14:47:10 INFO Get char: 鲌
Sun, 24 Sep 2017 14:47:12 INFO Get char: 鲍
Sun, 24 Sep 2017 14:47:12 INFO Get char: 鲎
Sun, 24 Sep 2017 14:47:13 INFO Get char: 鲏
Sun, 24 Sep 2017 14:47:13 INFO Get char: 鲐
Sun, 24 Sep 2017 14:47:14 INFO Get char: 鲑
Sun, 24 Sep 2017 14:47:15 INFO Get char: 鲒
Sun, 24 Sep 2017 14:47:16 INFO Get char: 鲔
Sun, 24 Sep 2017 14:47:16 INFO Get char: 鲕
Sun, 24 Sep 2017 14:47:17 INFO Get char: 鲖
Sun, 24 Sep 2017 14:47:18 INFO Get char: 鲗
Sun, 24 Sep 2017 14:47:18 INFO Get char: 鲘
Sun, 24 Sep 2017 14:47:19 INFO Get char: 鲙
Sun, 24 Sep 2017 14:47:20 INFO Get char: 鲚
Sun, 24 Sep 2017 14:47:20 INFO Get char: 鲛
Sun, 24 Sep 2017 14:47:21 INFO Get char: 鲜
Sun, 24 Sep 2017 14:47:22 INFO Get char: 鲝
Sun, 24 Sep 2017 14:47:24 INFO Get char: 鲞
Sun, 24 Sep 2017 14:47:25 INFO Get char: 鲟
Sun, 24 Sep 2017 14:47:25 INFO Get char: 鲠
Sun, 24 Sep 2017 14:47:26 INFO Get char: 鲡
Sun, 24 Sep 2017 14:47:27 INFO Get char: 鲢
Sun, 24 Sep 2017 14:47:28 INFO Get char: 鲣
Sun, 24 Sep 2017 14:47:29 INFO Get char: 鲤
Sun, 24 Sep 2017 14:47:30 INFO Get char: 鲥
Sun, 24 Sep 2017 14:47:30 INFO Get char: 鲦
Sun, 24 Sep 2017 14:47:31 INFO Get char: 鲧
Sun, 24 Sep 2017 14:47:31 INFO Get char: 鲨
Sun, 24 Sep 2017 14:47:32 INFO Get char: 鲩
Sun, 24 Sep 2017 14:47:33 INFO Get char: 鲪
Sun, 24 Sep 2017 14:47:34 INFO Get char: 鲫
Sun, 24 Sep 2017 14:47:34 INFO Get char: 鲬
Sun, 24 Sep 2017 14:47:35 INFO Get char: 鲭
Sun, 24 Sep 2017 14:47:35 INFO Get char: 鲮
Sun, 24 Sep 2017 14:47:36 INFO Get char: 鲯
Sun, 24 Sep 2017 14:47:37 INFO Get char: 鲰
Sun, 24 Sep 2017 14:47:37 INFO Get char: 鲱
Sun, 24 Sep 2017 14:47:38 INFO Get char: 鲲
Sun, 24 Sep 2017 14:47:38 INFO Get char: 鲳
Sun, 24 Sep 2017 14:47:39 INFO Get char: 鲴
Sun, 24 Sep 2017 14:47:40 INFO Get char: 鲵
Sun, 24 Sep 2017 14:47:41 INFO Get char: 鲷
Sun, 24 Sep 2017 14:47:41 INFO Get char: 鲸
Sun, 24 Sep 2017 14:47:47 INFO -- username: 那个蓝鲸, id: 5320899821
Sun, 24 Sep 2017 14:47:47 INFO -- username: 那个蓝鲸, id: 5320899821
Sun, 24 Sep 2017 14:47:47 INFO Get char: 鲹
Sun, 24 Sep 2017 14:47:48 INFO Get char: 鲺
Sun, 24 Sep 2017 14:47:49 INFO Get char: 鲻
Sun, 24 Sep 2017 14:47:49 INFO Get char: 鲼
Sun, 24 Sep 2017 14:47:50 INFO Get char: 鲽
Sun, 24 Sep 2017 14:47:51 INFO Get char: 鲾
Sun, 24 Sep 2017 14:47:51 INFO Get char: 鲿
Sun, 24 Sep 2017 14:47:52 INFO Get char: 鳀
Sun, 24 Sep 2017 14:47:52 INFO Get char: 鳁
Sun, 24 Sep 2017 14:47:53 INFO Get char: 鳂
Sun, 24 Sep 2017 14:47:53 INFO Get char: 鳃
Sun, 24 Sep 2017 14:47:53 INFO Get char: 鳄
Sun, 24 Sep 2017 14:47:54 INFO Get char: 鳅
Sun, 24 Sep 2017 14:47:54 INFO Get char: 鳇
Sun, 24 Sep 2017 14:47:55 INFO Get char: 鳈
Sun, 24 Sep 2017 14:47:56 INFO Get char: 鳉
Sun, 24 Sep 2017 14:47:56 INFO Get char: 鳊
Sun, 24 Sep 2017 14:47:57 INFO Get char: 鳌
Sun, 24 Sep 2017 14:47:58 INFO Get char: 鳍
Sun, 24 Sep 2017 14:47:58 INFO Get char: 鳎
Sun, 24 Sep 2017 14:47:59 INFO Get char: 鳏
Sun, 24 Sep 2017 14:47:59 INFO Get char: 鳐
Sun, 24 Sep 2017 14:48:00 INFO Get char: 鳑
Sun, 24 Sep 2017 14:48:00 INFO Get char: 鳒
Sun, 24 Sep 2017 14:48:01 INFO Get char: 鳓
Sun, 24 Sep 2017 14:48:02 INFO Get char: 鳔
Sun, 24 Sep 2017 14:48:02 INFO Get char: 鳕
Sun, 24 Sep 2017 14:48:02 INFO Get char: 鳖
Sun, 24 Sep 2017 14:48:03 INFO Get char: 鳗
Sun, 24 Sep 2017 14:48:03 INFO Get char: 鳘
Sun, 24 Sep 2017 14:48:04 INFO Get char: 鳙
Sun, 24 Sep 2017 14:48:05 INFO Get char: 鳚
Sun, 24 Sep 2017 14:48:05 INFO Get char: 鳛
Sun, 24 Sep 2017 14:48:06 INFO Get char: 鳜
Sun, 24 Sep 2017 14:48:07 INFO Get char: 鳝
Sun, 24 Sep 2017 14:48:08 INFO Get char: 鳞
Sun, 24 Sep 2017 14:48:08 INFO Get char: 鳟
Sun, 24 Sep 2017 14:48:09 INFO Get char: 鳠
Sun, 24 Sep 2017 14:48:09 INFO Get char: 鳡
Sun, 24 Sep 2017 14:48:10 INFO Get char: 鳢
Sun, 24 Sep 2017 14:48:10 INFO Get char: 鳣
Sun, 24 Sep 2017 14:48:11 INFO Get char: 鳤
Sun, 24 Sep 2017 14:48:11 INFO Get char: 鸟
Sun, 24 Sep 2017 14:48:12 INFO Get char: 鸠
Sun, 24 Sep 2017 14:48:13 INFO Get char: 鸡
Sun, 24 Sep 2017 14:48:14 INFO -- username: 芥末鸡尾酒, id: 1368320663
Sun, 24 Sep 2017 14:48:14 INFO -- username: 胖猪猪鸡排联盟, id: 5652450379
Sun, 24 Sep 2017 14:48:14 INFO -- username: 黑暗料理鸡汤婊, id: 1817813385
Sun, 24 Sep 2017 14:48:14 INFO -- username: 祖国的鱼香鸡丝, id: 2363428873
Sun, 24 Sep 2017 14:48:14 INFO -- username: 不爱啤酒爱雪碧炸鸡, id: 3625466047
Sun, 24 Sep 2017 14:48:14 INFO -- username: 不爱啤酒爱雪碧炸鸡, id: 3625466047
Sun, 24 Sep 2017 14:48:14 INFO Get char: 鸢
Sun, 24 Sep 2017 14:48:14 INFO Get char: 鸣
Sun, 24 Sep 2017 14:48:16 INFO Get char: 鸤
Sun, 24 Sep 2017 14:48:16 INFO Get char: 鸥
Sun, 24 Sep 2017 14:48:17 INFO Get char: 鸦
Sun, 24 Sep 2017 14:48:18 INFO Get char: 鸧
Sun, 24 Sep 2017 14:48:18 INFO Get char: 鸨
Sun, 24 Sep 2017 14:48:19 INFO Get char: 鸩
Sun, 24 Sep 2017 14:48:19 INFO Get char: 鸪
Sun, 24 Sep 2017 14:48:20 INFO Get char: 鸫
Sun, 24 Sep 2017 14:48:21 INFO Get char: 鸬
Sun, 24 Sep 2017 14:48:21 INFO Get char: 鸭
Sun, 24 Sep 2017 14:48:21 INFO Get char: 鸮
Sun, 24 Sep 2017 14:48:22 INFO Get char: 鸯
Sun, 24 Sep 2017 14:48:23 INFO Get char: 鸰
Sun, 24 Sep 2017 14:48:24 INFO Get char: 鸱
Sun, 24 Sep 2017 14:48:24 INFO Get char: 鸲
Sun, 24 Sep 2017 14:48:25 INFO Get char: 鸳
Sun, 24 Sep 2017 14:48:25 INFO Get char: 鸵
Sun, 24 Sep 2017 14:48:26 INFO Get char: 鸶
Sun, 24 Sep 2017 14:48:26 INFO Get char: 鸷
Sun, 24 Sep 2017 14:48:27 INFO Get char: 鸸
Sun, 24 Sep 2017 14:48:27 INFO Get char: 鸹
Sun, 24 Sep 2017 14:48:28 INFO Get char: 鸺
Sun, 24 Sep 2017 14:48:29 INFO Get char: 鸻
Sun, 24 Sep 2017 14:48:29 INFO Get char: 鸼
Sun, 24 Sep 2017 14:48:30 INFO Get char: 鸽
Sun, 24 Sep 2017 14:48:30 INFO Get char: 鸾
Sun, 24 Sep 2017 14:48:31 INFO Get char: 鸿
Sun, 24 Sep 2017 14:48:32 INFO -- username: 燕鸿OLin, id: 6045874825
Sun, 24 Sep 2017 14:48:32 INFO -- username: 燕鸿OLin, id: 6045874825
Sun, 24 Sep 2017 14:48:32 INFO Get char: 鹀
Sun, 24 Sep 2017 14:48:33 INFO Get char: 鹁
